                                       
 _____            _____            _   
|   __| _ _  ___ |_   _| ___  ___ | |_ 
|__   || | ||   |  | |  | -_||_ -||  _|
|_____||_  ||_|_|  |_|  |___||___||_|  
       |___|                           

FID-1701122183005-7tUcMCZ8b1BFujjwMDphZw

 Module loaded: 

  - Module: @syntest/init (0.2.2-beta.6)
    - Tools: 
      - init: A tool for initializing SynTest projects.
    - Plugins: []
    - Presets: []
  - Module: crash (0.0.1)
    - Tools: 
      - crash: A tool for javascript crash reproduction.
    - Plugins: 
      - javascript-tree: A JavaScript tree crossover plugin
      - javascript-random: A JavaScript random sampler plugin
      - stackTrace: A stack trace based objective manager
      - SearchMetricListener: A listener that collects statistics about the search process.
      - SearchPerformanceListener: A listener that outputs the performance of the search algorithm.
      - SearchProgressBarListener: A listener that creates and updates a progress bar for the search process.
      - simple: A simple objective manager
      - structural: A structural objective manager
      - structural-uncovered: A structural uncovered objective manager
      - tracking: A tracking objective manager
      - uncovered: An uncovered objective manager
      - least-errors: Secondary objective based on wether the encoding introduces an error
      - smallest-encoding: Secondary objective based on the length of the test case
      - default: A default procreation operator
      - MOSAFamily: Many-Objective Sorting Algorithm
      - NSGAII: NSGAII search algorithm
      - random: Random search algorithm
      - signal: Terminates the search when a signal is received
    - Presets: 
      - DynaMOSA: DynaMOSA preset
      - MOSA: MOSA preset
      - NSGAII: NSGAII preset
      - random: Random preset

Loading Crashes... 
eslint-1

added 145 packages, and audited 146 packages in 6s

12 packages are looking for funding
  run `npm fund` for details

found 0 vulnerabilities

eslint-10

added 145 packages, and audited 146 packages in 722ms

12 packages are looking for funding
  run `npm fund` for details

found 0 vulnerabilities

eslint-11

added 145 packages, and audited 146 packages in 724ms

12 packages are looking for funding
  run `npm fund` for details

found 0 vulnerabilities

eslint-12

added 145 packages, and audited 146 packages in 728ms

12 packages are looking for funding
  run `npm fund` for details

found 0 vulnerabilities

eslint-13

added 145 packages, and audited 146 packages in 738ms

12 packages are looking for funding
  run `npm fund` for details

found 0 vulnerabilities


 GENERAL INFO 


 TARGETS 

  - /local/tmp/oliverphil/4253615.1/syntest-crash-reproduction/benchmark/crashes/bugsjs/eslint/eslint-1/node_modules/eslint/lib/testers/rule-tester.js: rule-tester.js #8
    - object /local/tmp/oliverphil/4253615.1/syntest-crash-reproduction/benchmark/crashes/bugsjs/eslint/eslint-1/node_modules/eslint/lib/testers/rule-tester.js:61:6:::61:41:::2337:2372
    - object /local/tmp/oliverphil/4253615.1/syntest-crash-reproduction/benchmark/crashes/bugsjs/eslint/eslint-1/node_modules/eslint/lib/testers/rule-tester.js:61:30:::61:39:::2361:2370
    - object /local/tmp/oliverphil/4253615.1/syntest-crash-reproduction/benchmark/crashes/bugsjs/eslint/eslint-1/node_modules/eslint/lib/testers/rule-tester.js:62:4:::62:33:::2378:2407
    - object /local/tmp/oliverphil/4253615.1/syntest-crash-reproduction/benchmark/crashes/bugsjs/eslint/eslint-1/node_modules/eslint/lib/testers/rule-tester.js:62:22:::62:31:::2396:2405
    - function /local/tmp/oliverphil/4253615.1/syntest-crash-reproduction/benchmark/crashes/bugsjs/eslint/eslint-1/node_modules/eslint/lib/testers/rule-tester.js:87:0:::105:1:::2907:3340
    - object /local/tmp/oliverphil/4253615.1/syntest-crash-reproduction/benchmark/crashes/bugsjs/eslint/eslint-1/node_modules/eslint/lib/testers/rule-tester.js:93:14:::93:23:::3104:3113
    - function /local/tmp/oliverphil/4253615.1/syntest-crash-reproduction/benchmark/crashes/bugsjs/eslint/eslint-1/node_modules/eslint/lib/testers/rule-tester.js:113:0:::126:1:::3444:3822
    - function /local/tmp/oliverphil/4253615.1/syntest-crash-reproduction/benchmark/crashes/bugsjs/eslint/eslint-1/node_modules/eslint/lib/testers/rule-tester.js:143:0:::145:1:::4345:4417

╔══════════════════════════════════════════════════════════════════════════════════════════════════════════════════════════════════════════════════════════════════════════════════════════════════════════════════════════════════════════════╗
║                                                                                                              SELECTION SETTINGS                                                                                                              ║
╟───────────────────────┬──────────────────────────────────────────────────────────────────────────────────────────────────────────────────────────────────────────────────────────────────────────────────────────────────────────────────────╢
║ Setting               │ Value                                                                                                                                                                                                                ║
╟───────────────────────┼──────────────────────────────────────────────────────────────────────────────────────────────────────────────────────────────────────────────────────────────────────────────────────────────────────────────────────╢
║ Target Root Directory │ benchmark/crashes                                                                                                                                                                                                    ║
╟───────────────────────┼──────────────────────────────────────────────────────────────────────────────────────────────────────────────────────────────────────────────────────────────────────────────────────────────────────────────────────╢
║ Target Include        │ ./benchmark/crashes/bugsjs/eslint/eslint-1/**/lib/testers/rule-tester.js, ./benchmark/crashes/bugsjs/eslint/eslint-1/**/lib/testers/rule-tester.js, ./benchmark/crashes/bugsjs/eslint/eslint-1/**/internal/timers.js ║
╟───────────────────────┼──────────────────────────────────────────────────────────────────────────────────────────────────────────────────────────────────────────────────────────────────────────────────────────────────────────────────────╢
║ Target Exclude        │                                                                                                                                                                                                                      ║
╟───────────────────────┼──────────────────────────────────────────────────────────────────────────────────────────────────────────────────────────────────────────────────────────────────────────────────────────────────────────────────────╢
║ Analysis Include      │                                                                                                                                                                                                                      ║
╟───────────────────────┼──────────────────────────────────────────────────────────────────────────────────────────────────────────────────────────────────────────────────────────────────────────────────────────────────────────────────────╢
║ Analysis Exclude      │                                                                                                                                                                                                                      ║
╚═══════════════════════╧══════════════════════════════════════════════════════════════════════════════════════════════════════════════════════════════════════════════════════════════════════════════════════════════════════════════════════╝

╔═══════════════════════════════════════════════════════════════╗
║                           SETTINGS                            ║
╟───────────────────────────┬───────────────────────────────────╢
║ Setting                   │ Value                             ║
╟───────────────────────────┼───────────────────────────────────╢
║ Preset                    │ DynaMOSA                          ║
╟───────────────────────────┼───────────────────────────────────╢
║ Search Algorithm          │ MOSAFamily                        ║
╟───────────────────────────┼───────────────────────────────────╢
║ Population Size           │ 50                                ║
╟───────────────────────────┼───────────────────────────────────╢
║ Objective Manager         │ structural-uncovered              ║
╟───────────────────────────┼───────────────────────────────────╢
║ Secondary Objectives      │ [least-errors, smallest-encoding] ║
╟───────────────────────────┼───────────────────────────────────╢
║ Procreation Operator      │ default                           ║
╟───────────────────────────┼───────────────────────────────────╢
║ Crossover Operator        │ javascript-tree                   ║
╟───────────────────────────┼───────────────────────────────────╢
║ Sampling Operator         │ javascript-random                 ║
╟───────────────────────────┼───────────────────────────────────╢
║ Termination Triggers      │ [signal]                          ║
╟───────────────────────────┼───────────────────────────────────╢
║ Test Minimization Enabled │ false                             ║
╟───────────────────────────┼───────────────────────────────────╢
║ Seed                      │ 0.2703222717206638                ║
╚═══════════════════════════╧═══════════════════════════════════╝

╔═══════════════════════════════════════════════════╗
║                  BUDGET SETTINGS                  ║
╟────────────────────┬──────────────────────────────╢
║ Setting            │ Value                        ║
╟────────────────────┼──────────────────────────────╢
║ Iteration Budget   │ 20 iterations                ║
╟────────────────────┼──────────────────────────────╢
║ Evaluation Budget  │ 9007199254740991 evaluations ║
╟────────────────────┼──────────────────────────────╢
║ Search Time Budget │ 600 seconds                  ║
╟────────────────────┼──────────────────────────────╢
║ Total Time Budget  │ 600 seconds                  ║
╚════════════════════╧══════════════════════════════╝

╔═══════════════════════════════════════════╗
║             MUTATION SETTINGS             ║
╟───────────────────────────────────┬───────╢
║ Setting                           │ Value ║
╟───────────────────────────────────┼───────╢
║ Delta Mutation Probability        │ 0.8   ║
╟───────────────────────────────────┼───────╢
║ Crossover Probability             │ 0.7   ║
╟───────────────────────────────────┼───────╢
║ Multi-point Crossover Probability │ 0.5   ║
╟───────────────────────────────────┼───────╢
║ Max Depth                         │ 5     ║
╟───────────────────────────────────┼───────╢
║ Max Action Statements             │ 5     ║
╟───────────────────────────────────┼───────╢
║ Explore Illegal Values            │ true  ║
╟───────────────────────────────────┼───────╢
║ Use Constant Pool Values          │ true  ║
╟───────────────────────────────────┼───────╢
║ Use Constant Pool Probability     │ 0.5   ║
╟───────────────────────────────────┼───────╢
║ Use Type Pool Values              │ true  ║
╟───────────────────────────────────┼───────╢
║ Use Type Pool Probability         │ 0.5   ║
╟───────────────────────────────────┼───────╢
║ Use Statement Pool Values         │ true  ║
╟───────────────────────────────────┼───────╢
║ Use Statement Pool Probability    │ 0.8   ║
╚═══════════════════════════════════╧═══════╝

╔══════════════════════════════════════════════════╗
║                  Type SETTINGS                   ║
╟───────────────────────────────────┬──────────────╢
║ Setting                           │ Value        ║
╟───────────────────────────────────┼──────────────╢
║ Type Inference Mode               │ proportional ║
╟───────────────────────────────────┼──────────────╢
║ Incorporate Execution Information │ true         ║
╟───────────────────────────────────┼──────────────╢
║ Random Type Probability           │ 0.1          ║
╚═══════════════════════════════════╧══════════════╝

╔═══════════════════════════════════════════╗
║            DIRECTORY SETTINGS             ║
╟───────────────────────┬───────────────────╢
║ Setting               │ Value             ║
╟───────────────────────┼───────────────────╢
║ Syntest Directory     │ syntest           ║
╟───────────────────────┼───────────────────╢
║ Temporary Directory   │ .syntest          ║
╟───────────────────────┼───────────────────╢
║ Target Root Directory │ benchmark/crashes ║
╚═══════════════════════╧═══════════════════╝

Extracting types
ImplementationError: [Implementation]: Return statement is not inside a function
    at call (/local/tmp/oliverphil/4253615.1/syntest-crash-reproduction/libraries/analysis-javascript/lib/type/discovery/relation/RelationVisitor.ts:77:13)
    at NodePath._call (/local/tmp/oliverphil/4253615.1/syntest-crash-reproduction/libraries/analysis-javascript/node_modules/@babel/traverse/src/path/context.ts:34:20)
    at NodePath.call (/local/tmp/oliverphil/4253615.1/syntest-crash-reproduction/libraries/analysis-javascript/node_modules/@babel/traverse/src/path/context.ts:19:17)
    at NodePath.visit (/local/tmp/oliverphil/4253615.1/syntest-crash-reproduction/libraries/analysis-javascript/node_modules/@babel/traverse/src/path/context.ts:92:31)
    at TraversalContext.visitQueue (/local/tmp/oliverphil/4253615.1/syntest-crash-reproduction/libraries/analysis-javascript/node_modules/@babel/traverse/src/context.ts:144:16)
    at TraversalContext.visitMultiple (/local/tmp/oliverphil/4253615.1/syntest-crash-reproduction/libraries/analysis-javascript/node_modules/@babel/traverse/src/context.ts:98:17)
    at TraversalContext.visit (/local/tmp/oliverphil/4253615.1/syntest-crash-reproduction/libraries/analysis-javascript/node_modules/@babel/traverse/src/context.ts:174:19)
    at traverseNode (/local/tmp/oliverphil/4253615.1/syntest-crash-reproduction/libraries/analysis-javascript/node_modules/@babel/traverse/src/traverse-node.ts:34:17)
    at NodePath.visit (/local/tmp/oliverphil/4253615.1/syntest-crash-reproduction/libraries/analysis-javascript/node_modules/@babel/traverse/src/path/context.ts:99:33)
    at TraversalContext.visitQueue (/local/tmp/oliverphil/4253615.1/syntest-crash-reproduction/libraries/analysis-javascript/node_modules/@babel/traverse/src/context.ts:144:16)
    at TraversalContext.visitSingle (/local/tmp/oliverphil/4253615.1/syntest-crash-reproduction/libraries/analysis-javascript/node_modules/@babel/traverse/src/context.ts:108:19)
    at TraversalContext.visit (/local/tmp/oliverphil/4253615.1/syntest-crash-reproduction/libraries/analysis-javascript/node_modules/@babel/traverse/src/context.ts:176:19)
    at traverseNode (/local/tmp/oliverphil/4253615.1/syntest-crash-reproduction/libraries/analysis-javascript/node_modules/@babel/traverse/src/traverse-node.ts:34:17)
    at NodePath.visit (/local/tmp/oliverphil/4253615.1/syntest-crash-reproduction/libraries/analysis-javascript/node_modules/@babel/traverse/src/path/context.ts:99:33)
    at TraversalContext.visitQueue (/local/tmp/oliverphil/4253615.1/syntest-crash-reproduction/libraries/analysis-javascript/node_modules/@babel/traverse/src/context.ts:144:16)
    at TraversalContext.visitMultiple (/local/tmp/oliverphil/4253615.1/syntest-crash-reproduction/libraries/analysis-javascript/node_modules/@babel/traverse/src/context.ts:98:17)
    at TraversalContext.visit (/local/tmp/oliverphil/4253615.1/syntest-crash-reproduction/libraries/analysis-javascript/node_modules/@babel/traverse/src/context.ts:174:19)
    at traverseNode (/local/tmp/oliverphil/4253615.1/syntest-crash-reproduction/libraries/analysis-javascript/node_modules/@babel/traverse/src/traverse-node.ts:34:17)
    at NodePath.visit (/local/tmp/oliverphil/4253615.1/syntest-crash-reproduction/libraries/analysis-javascript/node_modules/@babel/traverse/src/path/context.ts:99:33)
    at TraversalContext.visitQueue (/local/tmp/oliverphil/4253615.1/syntest-crash-reproduction/libraries/analysis-javascript/node_modules/@babel/traverse/src/context.ts:144:16)
    at TraversalContext.visitSingle (/local/tmp/oliverphil/4253615.1/syntest-crash-reproduction/libraries/analysis-javascript/node_modules/@babel/traverse/src/context.ts:108:19)
    at TraversalContext.visit (/local/tmp/oliverphil/4253615.1/syntest-crash-reproduction/libraries/analysis-javascript/node_modules/@babel/traverse/src/context.ts:176:19)
    at traverseNode (/local/tmp/oliverphil/4253615.1/syntest-crash-reproduction/libraries/analysis-javascript/node_modules/@babel/traverse/src/traverse-node.ts:34:17)
    at traverse (/local/tmp/oliverphil/4253615.1/syntest-crash-reproduction/libraries/analysis-javascript/node_modules/@babel/traverse/src/index.ts:71:15)
    at TypeExtractor.extractRelations (/local/tmp/oliverphil/4253615.1/syntest-crash-reproduction/libraries/analysis-javascript/lib/type/discovery/TypeExtractor.ts:47:13)
    at RootContext.getRelations (/local/tmp/oliverphil/4253615.1/syntest-crash-reproduction/libraries/analysis-javascript/lib/RootContext.ts:285:51)
    at RootContext.getAllRelations (/local/tmp/oliverphil/4253615.1/syntest-crash-reproduction/libraries/analysis-javascript/lib/RootContext.ts:308:29)
    at CrashLauncher.preprocess (/local/tmp/oliverphil/4253615.1/syntest-crash-reproduction/tools/crash-reproduction/lib/CrashLauncher.ts:439:22)
    at processTicksAndRejections (node:internal/process/task_queues:95:5)
    at async CrashLauncher.run (/local/tmp/oliverphil/4253615.1/syntest-crash-reproduction/tools/crash-reproduction/lib/CrashLauncher.ts:1131:9)
    at async CrashLauncher.runCrash (/local/tmp/oliverphil/4253615.1/syntest-crash-reproduction/tools/crash-reproduction/lib/CrashLauncher.ts:1107:5)
    at async /local/tmp/oliverphil/4253615.1/syntest-crash-reproduction/tools/crash-reproduction/lib/commands/test.ts:206:9
    at async Object.Command.handler (/local/tmp/oliverphil/4253615.1/syntest-core/libraries/module/lib/extension/Command.ts:45:7) {
  cause: undefined,
  context: undefined
}

 GENERAL INFO 


 TARGETS 

  - /local/tmp/oliverphil/4253615.1/syntest-crash-reproduction/benchmark/crashes/bugsjs/eslint/eslint-10/node_modules/eslint/lib/testers/rule-tester.js: rule-tester.js #8
    - object /local/tmp/oliverphil/4253615.1/syntest-crash-reproduction/benchmark/crashes/bugsjs/eslint/eslint-10/node_modules/eslint/lib/testers/rule-tester.js:61:6:::61:41:::2337:2372
    - object /local/tmp/oliverphil/4253615.1/syntest-crash-reproduction/benchmark/crashes/bugsjs/eslint/eslint-10/node_modules/eslint/lib/testers/rule-tester.js:61:30:::61:39:::2361:2370
    - object /local/tmp/oliverphil/4253615.1/syntest-crash-reproduction/benchmark/crashes/bugsjs/eslint/eslint-10/node_modules/eslint/lib/testers/rule-tester.js:62:4:::62:33:::2378:2407
    - object /local/tmp/oliverphil/4253615.1/syntest-crash-reproduction/benchmark/crashes/bugsjs/eslint/eslint-10/node_modules/eslint/lib/testers/rule-tester.js:62:22:::62:31:::2396:2405
    - function /local/tmp/oliverphil/4253615.1/syntest-crash-reproduction/benchmark/crashes/bugsjs/eslint/eslint-10/node_modules/eslint/lib/testers/rule-tester.js:87:0:::105:1:::2907:3340
    - object /local/tmp/oliverphil/4253615.1/syntest-crash-reproduction/benchmark/crashes/bugsjs/eslint/eslint-10/node_modules/eslint/lib/testers/rule-tester.js:93:14:::93:23:::3104:3113
    - function /local/tmp/oliverphil/4253615.1/syntest-crash-reproduction/benchmark/crashes/bugsjs/eslint/eslint-10/node_modules/eslint/lib/testers/rule-tester.js:113:0:::126:1:::3444:3822
    - function /local/tmp/oliverphil/4253615.1/syntest-crash-reproduction/benchmark/crashes/bugsjs/eslint/eslint-10/node_modules/eslint/lib/testers/rule-tester.js:143:0:::145:1:::4345:4417

╔═════════════════════════════════════════════════════════════════════════════════════════════════════════════════════════════════════════════════════════════════════════════════════════════════════════════════════════════════════════════════╗
║                                                                                                               SELECTION SETTINGS                                                                                                                ║
╟───────────────────────┬─────────────────────────────────────────────────────────────────────────────────────────────────────────────────────────────────────────────────────────────────────────────────────────────────────────────────────────╢
║ Setting               │ Value                                                                                                                                                                                                                   ║
╟───────────────────────┼─────────────────────────────────────────────────────────────────────────────────────────────────────────────────────────────────────────────────────────────────────────────────────────────────────────────────────────╢
║ Target Root Directory │ benchmark/crashes                                                                                                                                                                                                       ║
╟───────────────────────┼─────────────────────────────────────────────────────────────────────────────────────────────────────────────────────────────────────────────────────────────────────────────────────────────────────────────────────────╢
║ Target Include        │ ./benchmark/crashes/bugsjs/eslint/eslint-10/**/lib/testers/rule-tester.js, ./benchmark/crashes/bugsjs/eslint/eslint-10/**/lib/testers/rule-tester.js, ./benchmark/crashes/bugsjs/eslint/eslint-10/**/internal/timers.js ║
╟───────────────────────┼─────────────────────────────────────────────────────────────────────────────────────────────────────────────────────────────────────────────────────────────────────────────────────────────────────────────────────────╢
║ Target Exclude        │                                                                                                                                                                                                                         ║
╟───────────────────────┼─────────────────────────────────────────────────────────────────────────────────────────────────────────────────────────────────────────────────────────────────────────────────────────────────────────────────────────╢
║ Analysis Include      │                                                                                                                                                                                                                         ║
╟───────────────────────┼─────────────────────────────────────────────────────────────────────────────────────────────────────────────────────────────────────────────────────────────────────────────────────────────────────────────────────────╢
║ Analysis Exclude      │                                                                                                                                                                                                                         ║
╚═══════════════════════╧═════════════════════════════════════════════════════════════════════════════════════════════════════════════════════════════════════════════════════════════════════════════════════════════════════════════════════════╝

╔═══════════════════════════════════════════════════════════════╗
║                           SETTINGS                            ║
╟───────────────────────────┬───────────────────────────────────╢
║ Setting                   │ Value                             ║
╟───────────────────────────┼───────────────────────────────────╢
║ Preset                    │ DynaMOSA                          ║
╟───────────────────────────┼───────────────────────────────────╢
║ Search Algorithm          │ MOSAFamily                        ║
╟───────────────────────────┼───────────────────────────────────╢
║ Population Size           │ 50                                ║
╟───────────────────────────┼───────────────────────────────────╢
║ Objective Manager         │ structural-uncovered              ║
╟───────────────────────────┼───────────────────────────────────╢
║ Secondary Objectives      │ [least-errors, smallest-encoding] ║
╟───────────────────────────┼───────────────────────────────────╢
║ Procreation Operator      │ default                           ║
╟───────────────────────────┼───────────────────────────────────╢
║ Crossover Operator        │ javascript-tree                   ║
╟───────────────────────────┼───────────────────────────────────╢
║ Sampling Operator         │ javascript-random                 ║
╟───────────────────────────┼───────────────────────────────────╢
║ Termination Triggers      │ [signal]                          ║
╟───────────────────────────┼───────────────────────────────────╢
║ Test Minimization Enabled │ false                             ║
╟───────────────────────────┼───────────────────────────────────╢
║ Seed                      │ 0.2703222717206638                ║
╚═══════════════════════════╧═══════════════════════════════════╝

╔═══════════════════════════════════════════════════╗
║                  BUDGET SETTINGS                  ║
╟────────────────────┬──────────────────────────────╢
║ Setting            │ Value                        ║
╟────────────────────┼──────────────────────────────╢
║ Iteration Budget   │ 20 iterations                ║
╟────────────────────┼──────────────────────────────╢
║ Evaluation Budget  │ 9007199254740991 evaluations ║
╟────────────────────┼──────────────────────────────╢
║ Search Time Budget │ 600 seconds                  ║
╟────────────────────┼──────────────────────────────╢
║ Total Time Budget  │ 600 seconds                  ║
╚════════════════════╧══════════════════════════════╝

╔═══════════════════════════════════════════╗
║             MUTATION SETTINGS             ║
╟───────────────────────────────────┬───────╢
║ Setting                           │ Value ║
╟───────────────────────────────────┼───────╢
║ Delta Mutation Probability        │ 0.8   ║
╟───────────────────────────────────┼───────╢
║ Crossover Probability             │ 0.7   ║
╟───────────────────────────────────┼───────╢
║ Multi-point Crossover Probability │ 0.5   ║
╟───────────────────────────────────┼───────╢
║ Max Depth                         │ 5     ║
╟───────────────────────────────────┼───────╢
║ Max Action Statements             │ 5     ║
╟───────────────────────────────────┼───────╢
║ Explore Illegal Values            │ true  ║
╟───────────────────────────────────┼───────╢
║ Use Constant Pool Values          │ true  ║
╟───────────────────────────────────┼───────╢
║ Use Constant Pool Probability     │ 0.5   ║
╟───────────────────────────────────┼───────╢
║ Use Type Pool Values              │ true  ║
╟───────────────────────────────────┼───────╢
║ Use Type Pool Probability         │ 0.5   ║
╟───────────────────────────────────┼───────╢
║ Use Statement Pool Values         │ true  ║
╟───────────────────────────────────┼───────╢
║ Use Statement Pool Probability    │ 0.8   ║
╚═══════════════════════════════════╧═══════╝

╔══════════════════════════════════════════════════╗
║                  Type SETTINGS                   ║
╟───────────────────────────────────┬──────────────╢
║ Setting                           │ Value        ║
╟───────────────────────────────────┼──────────────╢
║ Type Inference Mode               │ proportional ║
╟───────────────────────────────────┼──────────────╢
║ Incorporate Execution Information │ true         ║
╟───────────────────────────────────┼──────────────╢
║ Random Type Probability           │ 0.1          ║
╚═══════════════════════════════════╧══════════════╝

╔═══════════════════════════════════════════╗
║            DIRECTORY SETTINGS             ║
╟───────────────────────┬───────────────────╢
║ Setting               │ Value             ║
╟───────────────────────┼───────────────────╢
║ Syntest Directory     │ syntest           ║
╟───────────────────────┼───────────────────╢
║ Temporary Directory   │ .syntest          ║
╟───────────────────────┼───────────────────╢
║ Target Root Directory │ benchmark/crashes ║
╚═══════════════════════╧═══════════════════╝

Extracting types
ImplementationError: [Implementation]: Return statement is not inside a function
    at call (/local/tmp/oliverphil/4253615.1/syntest-crash-reproduction/libraries/analysis-javascript/lib/type/discovery/relation/RelationVisitor.ts:77:13)
    at NodePath._call (/local/tmp/oliverphil/4253615.1/syntest-crash-reproduction/libraries/analysis-javascript/node_modules/@babel/traverse/src/path/context.ts:34:20)
    at NodePath.call (/local/tmp/oliverphil/4253615.1/syntest-crash-reproduction/libraries/analysis-javascript/node_modules/@babel/traverse/src/path/context.ts:19:17)
    at NodePath.visit (/local/tmp/oliverphil/4253615.1/syntest-crash-reproduction/libraries/analysis-javascript/node_modules/@babel/traverse/src/path/context.ts:92:31)
    at TraversalContext.visitQueue (/local/tmp/oliverphil/4253615.1/syntest-crash-reproduction/libraries/analysis-javascript/node_modules/@babel/traverse/src/context.ts:144:16)
    at TraversalContext.visitMultiple (/local/tmp/oliverphil/4253615.1/syntest-crash-reproduction/libraries/analysis-javascript/node_modules/@babel/traverse/src/context.ts:98:17)
    at TraversalContext.visit (/local/tmp/oliverphil/4253615.1/syntest-crash-reproduction/libraries/analysis-javascript/node_modules/@babel/traverse/src/context.ts:174:19)
    at traverseNode (/local/tmp/oliverphil/4253615.1/syntest-crash-reproduction/libraries/analysis-javascript/node_modules/@babel/traverse/src/traverse-node.ts:34:17)
    at NodePath.visit (/local/tmp/oliverphil/4253615.1/syntest-crash-reproduction/libraries/analysis-javascript/node_modules/@babel/traverse/src/path/context.ts:99:33)
    at TraversalContext.visitQueue (/local/tmp/oliverphil/4253615.1/syntest-crash-reproduction/libraries/analysis-javascript/node_modules/@babel/traverse/src/context.ts:144:16)
    at TraversalContext.visitSingle (/local/tmp/oliverphil/4253615.1/syntest-crash-reproduction/libraries/analysis-javascript/node_modules/@babel/traverse/src/context.ts:108:19)
    at TraversalContext.visit (/local/tmp/oliverphil/4253615.1/syntest-crash-reproduction/libraries/analysis-javascript/node_modules/@babel/traverse/src/context.ts:176:19)
    at traverseNode (/local/tmp/oliverphil/4253615.1/syntest-crash-reproduction/libraries/analysis-javascript/node_modules/@babel/traverse/src/traverse-node.ts:34:17)
    at NodePath.visit (/local/tmp/oliverphil/4253615.1/syntest-crash-reproduction/libraries/analysis-javascript/node_modules/@babel/traverse/src/path/context.ts:99:33)
    at TraversalContext.visitQueue (/local/tmp/oliverphil/4253615.1/syntest-crash-reproduction/libraries/analysis-javascript/node_modules/@babel/traverse/src/context.ts:144:16)
    at TraversalContext.visitMultiple (/local/tmp/oliverphil/4253615.1/syntest-crash-reproduction/libraries/analysis-javascript/node_modules/@babel/traverse/src/context.ts:98:17)
    at TraversalContext.visit (/local/tmp/oliverphil/4253615.1/syntest-crash-reproduction/libraries/analysis-javascript/node_modules/@babel/traverse/src/context.ts:174:19)
    at traverseNode (/local/tmp/oliverphil/4253615.1/syntest-crash-reproduction/libraries/analysis-javascript/node_modules/@babel/traverse/src/traverse-node.ts:34:17)
    at NodePath.visit (/local/tmp/oliverphil/4253615.1/syntest-crash-reproduction/libraries/analysis-javascript/node_modules/@babel/traverse/src/path/context.ts:99:33)
    at TraversalContext.visitQueue (/local/tmp/oliverphil/4253615.1/syntest-crash-reproduction/libraries/analysis-javascript/node_modules/@babel/traverse/src/context.ts:144:16)
    at TraversalContext.visitSingle (/local/tmp/oliverphil/4253615.1/syntest-crash-reproduction/libraries/analysis-javascript/node_modules/@babel/traverse/src/context.ts:108:19)
    at TraversalContext.visit (/local/tmp/oliverphil/4253615.1/syntest-crash-reproduction/libraries/analysis-javascript/node_modules/@babel/traverse/src/context.ts:176:19)
    at traverseNode (/local/tmp/oliverphil/4253615.1/syntest-crash-reproduction/libraries/analysis-javascript/node_modules/@babel/traverse/src/traverse-node.ts:34:17)
    at traverse (/local/tmp/oliverphil/4253615.1/syntest-crash-reproduction/libraries/analysis-javascript/node_modules/@babel/traverse/src/index.ts:71:15)
    at TypeExtractor.extractRelations (/local/tmp/oliverphil/4253615.1/syntest-crash-reproduction/libraries/analysis-javascript/lib/type/discovery/TypeExtractor.ts:47:13)
    at RootContext.getRelations (/local/tmp/oliverphil/4253615.1/syntest-crash-reproduction/libraries/analysis-javascript/lib/RootContext.ts:285:51)
    at RootContext.getAllRelations (/local/tmp/oliverphil/4253615.1/syntest-crash-reproduction/libraries/analysis-javascript/lib/RootContext.ts:308:29)
    at CrashLauncher.preprocess (/local/tmp/oliverphil/4253615.1/syntest-crash-reproduction/tools/crash-reproduction/lib/CrashLauncher.ts:439:22)
    at processTicksAndRejections (node:internal/process/task_queues:95:5)
    at async CrashLauncher.run (/local/tmp/oliverphil/4253615.1/syntest-crash-reproduction/tools/crash-reproduction/lib/CrashLauncher.ts:1131:9)
    at async CrashLauncher.runCrash (/local/tmp/oliverphil/4253615.1/syntest-crash-reproduction/tools/crash-reproduction/lib/CrashLauncher.ts:1107:5)
    at async /local/tmp/oliverphil/4253615.1/syntest-crash-reproduction/tools/crash-reproduction/lib/commands/test.ts:206:9
    at async Object.Command.handler (/local/tmp/oliverphil/4253615.1/syntest-core/libraries/module/lib/extension/Command.ts:45:7) {
  cause: undefined,
  context: undefined
}

 GENERAL INFO 


 TARGETS 

  - /local/tmp/oliverphil/4253615.1/syntest-crash-reproduction/benchmark/crashes/bugsjs/eslint/eslint-11/node_modules/eslint/lib/testers/rule-tester.js: rule-tester.js #8
    - object /local/tmp/oliverphil/4253615.1/syntest-crash-reproduction/benchmark/crashes/bugsjs/eslint/eslint-11/node_modules/eslint/lib/testers/rule-tester.js:61:6:::61:41:::2337:2372
    - object /local/tmp/oliverphil/4253615.1/syntest-crash-reproduction/benchmark/crashes/bugsjs/eslint/eslint-11/node_modules/eslint/lib/testers/rule-tester.js:61:30:::61:39:::2361:2370
    - object /local/tmp/oliverphil/4253615.1/syntest-crash-reproduction/benchmark/crashes/bugsjs/eslint/eslint-11/node_modules/eslint/lib/testers/rule-tester.js:62:4:::62:33:::2378:2407
    - object /local/tmp/oliverphil/4253615.1/syntest-crash-reproduction/benchmark/crashes/bugsjs/eslint/eslint-11/node_modules/eslint/lib/testers/rule-tester.js:62:22:::62:31:::2396:2405
    - function /local/tmp/oliverphil/4253615.1/syntest-crash-reproduction/benchmark/crashes/bugsjs/eslint/eslint-11/node_modules/eslint/lib/testers/rule-tester.js:87:0:::105:1:::2907:3340
    - object /local/tmp/oliverphil/4253615.1/syntest-crash-reproduction/benchmark/crashes/bugsjs/eslint/eslint-11/node_modules/eslint/lib/testers/rule-tester.js:93:14:::93:23:::3104:3113
    - function /local/tmp/oliverphil/4253615.1/syntest-crash-reproduction/benchmark/crashes/bugsjs/eslint/eslint-11/node_modules/eslint/lib/testers/rule-tester.js:113:0:::126:1:::3444:3822
    - function /local/tmp/oliverphil/4253615.1/syntest-crash-reproduction/benchmark/crashes/bugsjs/eslint/eslint-11/node_modules/eslint/lib/testers/rule-tester.js:143:0:::145:1:::4345:4417

╔═════════════════════════════════════════════════════════════════════════════════════════════════════════════════════════════════════════════════════════════════════════════════════════════════════════════════════════════════════════════════╗
║                                                                                                               SELECTION SETTINGS                                                                                                                ║
╟───────────────────────┬─────────────────────────────────────────────────────────────────────────────────────────────────────────────────────────────────────────────────────────────────────────────────────────────────────────────────────────╢
║ Setting               │ Value                                                                                                                                                                                                                   ║
╟───────────────────────┼─────────────────────────────────────────────────────────────────────────────────────────────────────────────────────────────────────────────────────────────────────────────────────────────────────────────────────────╢
║ Target Root Directory │ benchmark/crashes                                                                                                                                                                                                       ║
╟───────────────────────┼─────────────────────────────────────────────────────────────────────────────────────────────────────────────────────────────────────────────────────────────────────────────────────────────────────────────────────────╢
║ Target Include        │ ./benchmark/crashes/bugsjs/eslint/eslint-11/**/lib/testers/rule-tester.js, ./benchmark/crashes/bugsjs/eslint/eslint-11/**/lib/testers/rule-tester.js, ./benchmark/crashes/bugsjs/eslint/eslint-11/**/internal/timers.js ║
╟───────────────────────┼─────────────────────────────────────────────────────────────────────────────────────────────────────────────────────────────────────────────────────────────────────────────────────────────────────────────────────────╢
║ Target Exclude        │                                                                                                                                                                                                                         ║
╟───────────────────────┼─────────────────────────────────────────────────────────────────────────────────────────────────────────────────────────────────────────────────────────────────────────────────────────────────────────────────────────╢
║ Analysis Include      │                                                                                                                                                                                                                         ║
╟───────────────────────┼─────────────────────────────────────────────────────────────────────────────────────────────────────────────────────────────────────────────────────────────────────────────────────────────────────────────────────────╢
║ Analysis Exclude      │                                                                                                                                                                                                                         ║
╚═══════════════════════╧═════════════════════════════════════════════════════════════════════════════════════════════════════════════════════════════════════════════════════════════════════════════════════════════════════════════════════════╝

╔═══════════════════════════════════════════════════════════════╗
║                           SETTINGS                            ║
╟───────────────────────────┬───────────────────────────────────╢
║ Setting                   │ Value                             ║
╟───────────────────────────┼───────────────────────────────────╢
║ Preset                    │ DynaMOSA                          ║
╟───────────────────────────┼───────────────────────────────────╢
║ Search Algorithm          │ MOSAFamily                        ║
╟───────────────────────────┼───────────────────────────────────╢
║ Population Size           │ 50                                ║
╟───────────────────────────┼───────────────────────────────────╢
║ Objective Manager         │ structural-uncovered              ║
╟───────────────────────────┼───────────────────────────────────╢
║ Secondary Objectives      │ [least-errors, smallest-encoding] ║
╟───────────────────────────┼───────────────────────────────────╢
║ Procreation Operator      │ default                           ║
╟───────────────────────────┼───────────────────────────────────╢
║ Crossover Operator        │ javascript-tree                   ║
╟───────────────────────────┼───────────────────────────────────╢
║ Sampling Operator         │ javascript-random                 ║
╟───────────────────────────┼───────────────────────────────────╢
║ Termination Triggers      │ [signal]                          ║
╟───────────────────────────┼───────────────────────────────────╢
║ Test Minimization Enabled │ false                             ║
╟───────────────────────────┼───────────────────────────────────╢
║ Seed                      │ 0.2703222717206638                ║
╚═══════════════════════════╧═══════════════════════════════════╝

╔═══════════════════════════════════════════════════╗
║                  BUDGET SETTINGS                  ║
╟────────────────────┬──────────────────────────────╢
║ Setting            │ Value                        ║
╟────────────────────┼──────────────────────────────╢
║ Iteration Budget   │ 20 iterations                ║
╟────────────────────┼──────────────────────────────╢
║ Evaluation Budget  │ 9007199254740991 evaluations ║
╟────────────────────┼──────────────────────────────╢
║ Search Time Budget │ 600 seconds                  ║
╟────────────────────┼──────────────────────────────╢
║ Total Time Budget  │ 600 seconds                  ║
╚════════════════════╧══════════════════════════════╝

╔═══════════════════════════════════════════╗
║             MUTATION SETTINGS             ║
╟───────────────────────────────────┬───────╢
║ Setting                           │ Value ║
╟───────────────────────────────────┼───────╢
║ Delta Mutation Probability        │ 0.8   ║
╟───────────────────────────────────┼───────╢
║ Crossover Probability             │ 0.7   ║
╟───────────────────────────────────┼───────╢
║ Multi-point Crossover Probability │ 0.5   ║
╟───────────────────────────────────┼───────╢
║ Max Depth                         │ 5     ║
╟───────────────────────────────────┼───────╢
║ Max Action Statements             │ 5     ║
╟───────────────────────────────────┼───────╢
║ Explore Illegal Values            │ true  ║
╟───────────────────────────────────┼───────╢
║ Use Constant Pool Values          │ true  ║
╟───────────────────────────────────┼───────╢
║ Use Constant Pool Probability     │ 0.5   ║
╟───────────────────────────────────┼───────╢
║ Use Type Pool Values              │ true  ║
╟───────────────────────────────────┼───────╢
║ Use Type Pool Probability         │ 0.5   ║
╟───────────────────────────────────┼───────╢
║ Use Statement Pool Values         │ true  ║
╟───────────────────────────────────┼───────╢
║ Use Statement Pool Probability    │ 0.8   ║
╚═══════════════════════════════════╧═══════╝

╔══════════════════════════════════════════════════╗
║                  Type SETTINGS                   ║
╟───────────────────────────────────┬──────────────╢
║ Setting                           │ Value        ║
╟───────────────────────────────────┼──────────────╢
║ Type Inference Mode               │ proportional ║
╟───────────────────────────────────┼──────────────╢
║ Incorporate Execution Information │ true         ║
╟───────────────────────────────────┼──────────────╢
║ Random Type Probability           │ 0.1          ║
╚═══════════════════════════════════╧══════════════╝

╔═══════════════════════════════════════════╗
║            DIRECTORY SETTINGS             ║
╟───────────────────────┬───────────────────╢
║ Setting               │ Value             ║
╟───────────────────────┼───────────────────╢
║ Syntest Directory     │ syntest           ║
╟───────────────────────┼───────────────────╢
║ Temporary Directory   │ .syntest          ║
╟───────────────────────┼───────────────────╢
║ Target Root Directory │ benchmark/crashes ║
╚═══════════════════════╧═══════════════════╝

Extracting types
ImplementationError: [Implementation]: Return statement is not inside a function
    at call (/local/tmp/oliverphil/4253615.1/syntest-crash-reproduction/libraries/analysis-javascript/lib/type/discovery/relation/RelationVisitor.ts:77:13)
    at NodePath._call (/local/tmp/oliverphil/4253615.1/syntest-crash-reproduction/libraries/analysis-javascript/node_modules/@babel/traverse/src/path/context.ts:34:20)
    at NodePath.call (/local/tmp/oliverphil/4253615.1/syntest-crash-reproduction/libraries/analysis-javascript/node_modules/@babel/traverse/src/path/context.ts:19:17)
    at NodePath.visit (/local/tmp/oliverphil/4253615.1/syntest-crash-reproduction/libraries/analysis-javascript/node_modules/@babel/traverse/src/path/context.ts:92:31)
    at TraversalContext.visitQueue (/local/tmp/oliverphil/4253615.1/syntest-crash-reproduction/libraries/analysis-javascript/node_modules/@babel/traverse/src/context.ts:144:16)
    at TraversalContext.visitMultiple (/local/tmp/oliverphil/4253615.1/syntest-crash-reproduction/libraries/analysis-javascript/node_modules/@babel/traverse/src/context.ts:98:17)
    at TraversalContext.visit (/local/tmp/oliverphil/4253615.1/syntest-crash-reproduction/libraries/analysis-javascript/node_modules/@babel/traverse/src/context.ts:174:19)
    at traverseNode (/local/tmp/oliverphil/4253615.1/syntest-crash-reproduction/libraries/analysis-javascript/node_modules/@babel/traverse/src/traverse-node.ts:34:17)
    at NodePath.visit (/local/tmp/oliverphil/4253615.1/syntest-crash-reproduction/libraries/analysis-javascript/node_modules/@babel/traverse/src/path/context.ts:99:33)
    at TraversalContext.visitQueue (/local/tmp/oliverphil/4253615.1/syntest-crash-reproduction/libraries/analysis-javascript/node_modules/@babel/traverse/src/context.ts:144:16)
    at TraversalContext.visitSingle (/local/tmp/oliverphil/4253615.1/syntest-crash-reproduction/libraries/analysis-javascript/node_modules/@babel/traverse/src/context.ts:108:19)
    at TraversalContext.visit (/local/tmp/oliverphil/4253615.1/syntest-crash-reproduction/libraries/analysis-javascript/node_modules/@babel/traverse/src/context.ts:176:19)
    at traverseNode (/local/tmp/oliverphil/4253615.1/syntest-crash-reproduction/libraries/analysis-javascript/node_modules/@babel/traverse/src/traverse-node.ts:34:17)
    at NodePath.visit (/local/tmp/oliverphil/4253615.1/syntest-crash-reproduction/libraries/analysis-javascript/node_modules/@babel/traverse/src/path/context.ts:99:33)
    at TraversalContext.visitQueue (/local/tmp/oliverphil/4253615.1/syntest-crash-reproduction/libraries/analysis-javascript/node_modules/@babel/traverse/src/context.ts:144:16)
    at TraversalContext.visitMultiple (/local/tmp/oliverphil/4253615.1/syntest-crash-reproduction/libraries/analysis-javascript/node_modules/@babel/traverse/src/context.ts:98:17)
    at TraversalContext.visit (/local/tmp/oliverphil/4253615.1/syntest-crash-reproduction/libraries/analysis-javascript/node_modules/@babel/traverse/src/context.ts:174:19)
    at traverseNode (/local/tmp/oliverphil/4253615.1/syntest-crash-reproduction/libraries/analysis-javascript/node_modules/@babel/traverse/src/traverse-node.ts:34:17)
    at NodePath.visit (/local/tmp/oliverphil/4253615.1/syntest-crash-reproduction/libraries/analysis-javascript/node_modules/@babel/traverse/src/path/context.ts:99:33)
    at TraversalContext.visitQueue (/local/tmp/oliverphil/4253615.1/syntest-crash-reproduction/libraries/analysis-javascript/node_modules/@babel/traverse/src/context.ts:144:16)
    at TraversalContext.visitSingle (/local/tmp/oliverphil/4253615.1/syntest-crash-reproduction/libraries/analysis-javascript/node_modules/@babel/traverse/src/context.ts:108:19)
    at TraversalContext.visit (/local/tmp/oliverphil/4253615.1/syntest-crash-reproduction/libraries/analysis-javascript/node_modules/@babel/traverse/src/context.ts:176:19)
    at traverseNode (/local/tmp/oliverphil/4253615.1/syntest-crash-reproduction/libraries/analysis-javascript/node_modules/@babel/traverse/src/traverse-node.ts:34:17)
    at traverse (/local/tmp/oliverphil/4253615.1/syntest-crash-reproduction/libraries/analysis-javascript/node_modules/@babel/traverse/src/index.ts:71:15)
    at TypeExtractor.extractRelations (/local/tmp/oliverphil/4253615.1/syntest-crash-reproduction/libraries/analysis-javascript/lib/type/discovery/TypeExtractor.ts:47:13)
    at RootContext.getRelations (/local/tmp/oliverphil/4253615.1/syntest-crash-reproduction/libraries/analysis-javascript/lib/RootContext.ts:285:51)
    at RootContext.getAllRelations (/local/tmp/oliverphil/4253615.1/syntest-crash-reproduction/libraries/analysis-javascript/lib/RootContext.ts:308:29)
    at CrashLauncher.preprocess (/local/tmp/oliverphil/4253615.1/syntest-crash-reproduction/tools/crash-reproduction/lib/CrashLauncher.ts:439:22)
    at processTicksAndRejections (node:internal/process/task_queues:95:5)
    at async CrashLauncher.run (/local/tmp/oliverphil/4253615.1/syntest-crash-reproduction/tools/crash-reproduction/lib/CrashLauncher.ts:1131:9)
    at async CrashLauncher.runCrash (/local/tmp/oliverphil/4253615.1/syntest-crash-reproduction/tools/crash-reproduction/lib/CrashLauncher.ts:1107:5)
    at async /local/tmp/oliverphil/4253615.1/syntest-crash-reproduction/tools/crash-reproduction/lib/commands/test.ts:206:9
    at async Object.Command.handler (/local/tmp/oliverphil/4253615.1/syntest-core/libraries/module/lib/extension/Command.ts:45:7) {
  cause: undefined,
  context: undefined
}

 GENERAL INFO 


 TARGETS 

  - /local/tmp/oliverphil/4253615.1/syntest-crash-reproduction/benchmark/crashes/bugsjs/eslint/eslint-12/node_modules/eslint/lib/testers/rule-tester.js: rule-tester.js #8
    - object /local/tmp/oliverphil/4253615.1/syntest-crash-reproduction/benchmark/crashes/bugsjs/eslint/eslint-12/node_modules/eslint/lib/testers/rule-tester.js:61:6:::61:41:::2337:2372
    - object /local/tmp/oliverphil/4253615.1/syntest-crash-reproduction/benchmark/crashes/bugsjs/eslint/eslint-12/node_modules/eslint/lib/testers/rule-tester.js:61:30:::61:39:::2361:2370
    - object /local/tmp/oliverphil/4253615.1/syntest-crash-reproduction/benchmark/crashes/bugsjs/eslint/eslint-12/node_modules/eslint/lib/testers/rule-tester.js:62:4:::62:33:::2378:2407
    - object /local/tmp/oliverphil/4253615.1/syntest-crash-reproduction/benchmark/crashes/bugsjs/eslint/eslint-12/node_modules/eslint/lib/testers/rule-tester.js:62:22:::62:31:::2396:2405
    - function /local/tmp/oliverphil/4253615.1/syntest-crash-reproduction/benchmark/crashes/bugsjs/eslint/eslint-12/node_modules/eslint/lib/testers/rule-tester.js:87:0:::105:1:::2907:3340
    - object /local/tmp/oliverphil/4253615.1/syntest-crash-reproduction/benchmark/crashes/bugsjs/eslint/eslint-12/node_modules/eslint/lib/testers/rule-tester.js:93:14:::93:23:::3104:3113
    - function /local/tmp/oliverphil/4253615.1/syntest-crash-reproduction/benchmark/crashes/bugsjs/eslint/eslint-12/node_modules/eslint/lib/testers/rule-tester.js:113:0:::126:1:::3444:3822
    - function /local/tmp/oliverphil/4253615.1/syntest-crash-reproduction/benchmark/crashes/bugsjs/eslint/eslint-12/node_modules/eslint/lib/testers/rule-tester.js:143:0:::145:1:::4345:4417

╔═════════════════════════════════════════════════════════════════════════════════════════════════════════════════════════════════════════════════════════════════════════════════════════════════════════════════════════════════════════════════╗
║                                                                                                               SELECTION SETTINGS                                                                                                                ║
╟───────────────────────┬─────────────────────────────────────────────────────────────────────────────────────────────────────────────────────────────────────────────────────────────────────────────────────────────────────────────────────────╢
║ Setting               │ Value                                                                                                                                                                                                                   ║
╟───────────────────────┼─────────────────────────────────────────────────────────────────────────────────────────────────────────────────────────────────────────────────────────────────────────────────────────────────────────────────────────╢
║ Target Root Directory │ benchmark/crashes                                                                                                                                                                                                       ║
╟───────────────────────┼─────────────────────────────────────────────────────────────────────────────────────────────────────────────────────────────────────────────────────────────────────────────────────────────────────────────────────────╢
║ Target Include        │ ./benchmark/crashes/bugsjs/eslint/eslint-12/**/lib/testers/rule-tester.js, ./benchmark/crashes/bugsjs/eslint/eslint-12/**/lib/testers/rule-tester.js, ./benchmark/crashes/bugsjs/eslint/eslint-12/**/internal/timers.js ║
╟───────────────────────┼─────────────────────────────────────────────────────────────────────────────────────────────────────────────────────────────────────────────────────────────────────────────────────────────────────────────────────────╢
║ Target Exclude        │                                                                                                                                                                                                                         ║
╟───────────────────────┼─────────────────────────────────────────────────────────────────────────────────────────────────────────────────────────────────────────────────────────────────────────────────────────────────────────────────────────╢
║ Analysis Include      │                                                                                                                                                                                                                         ║
╟───────────────────────┼─────────────────────────────────────────────────────────────────────────────────────────────────────────────────────────────────────────────────────────────────────────────────────────────────────────────────────────╢
║ Analysis Exclude      │                                                                                                                                                                                                                         ║
╚═══════════════════════╧═════════════════════════════════════════════════════════════════════════════════════════════════════════════════════════════════════════════════════════════════════════════════════════════════════════════════════════╝

╔═══════════════════════════════════════════════════════════════╗
║                           SETTINGS                            ║
╟───────────────────────────┬───────────────────────────────────╢
║ Setting                   │ Value                             ║
╟───────────────────────────┼───────────────────────────────────╢
║ Preset                    │ DynaMOSA                          ║
╟───────────────────────────┼───────────────────────────────────╢
║ Search Algorithm          │ MOSAFamily                        ║
╟───────────────────────────┼───────────────────────────────────╢
║ Population Size           │ 50                                ║
╟───────────────────────────┼───────────────────────────────────╢
║ Objective Manager         │ structural-uncovered              ║
╟───────────────────────────┼───────────────────────────────────╢
║ Secondary Objectives      │ [least-errors, smallest-encoding] ║
╟───────────────────────────┼───────────────────────────────────╢
║ Procreation Operator      │ default                           ║
╟───────────────────────────┼───────────────────────────────────╢
║ Crossover Operator        │ javascript-tree                   ║
╟───────────────────────────┼───────────────────────────────────╢
║ Sampling Operator         │ javascript-random                 ║
╟───────────────────────────┼───────────────────────────────────╢
║ Termination Triggers      │ [signal]                          ║
╟───────────────────────────┼───────────────────────────────────╢
║ Test Minimization Enabled │ false                             ║
╟───────────────────────────┼───────────────────────────────────╢
║ Seed                      │ 0.2703222717206638                ║
╚═══════════════════════════╧═══════════════════════════════════╝

╔═══════════════════════════════════════════════════╗
║                  BUDGET SETTINGS                  ║
╟────────────────────┬──────────────────────────────╢
║ Setting            │ Value                        ║
╟────────────────────┼──────────────────────────────╢
║ Iteration Budget   │ 20 iterations                ║
╟────────────────────┼──────────────────────────────╢
║ Evaluation Budget  │ 9007199254740991 evaluations ║
╟────────────────────┼──────────────────────────────╢
║ Search Time Budget │ 600 seconds                  ║
╟────────────────────┼──────────────────────────────╢
║ Total Time Budget  │ 600 seconds                  ║
╚════════════════════╧══════════════════════════════╝

╔═══════════════════════════════════════════╗
║             MUTATION SETTINGS             ║
╟───────────────────────────────────┬───────╢
║ Setting                           │ Value ║
╟───────────────────────────────────┼───────╢
║ Delta Mutation Probability        │ 0.8   ║
╟───────────────────────────────────┼───────╢
║ Crossover Probability             │ 0.7   ║
╟───────────────────────────────────┼───────╢
║ Multi-point Crossover Probability │ 0.5   ║
╟───────────────────────────────────┼───────╢
║ Max Depth                         │ 5     ║
╟───────────────────────────────────┼───────╢
║ Max Action Statements             │ 5     ║
╟───────────────────────────────────┼───────╢
║ Explore Illegal Values            │ true  ║
╟───────────────────────────────────┼───────╢
║ Use Constant Pool Values          │ true  ║
╟───────────────────────────────────┼───────╢
║ Use Constant Pool Probability     │ 0.5   ║
╟───────────────────────────────────┼───────╢
║ Use Type Pool Values              │ true  ║
╟───────────────────────────────────┼───────╢
║ Use Type Pool Probability         │ 0.5   ║
╟───────────────────────────────────┼───────╢
║ Use Statement Pool Values         │ true  ║
╟───────────────────────────────────┼───────╢
║ Use Statement Pool Probability    │ 0.8   ║
╚═══════════════════════════════════╧═══════╝

╔══════════════════════════════════════════════════╗
║                  Type SETTINGS                   ║
╟───────────────────────────────────┬──────────────╢
║ Setting                           │ Value        ║
╟───────────────────────────────────┼──────────────╢
║ Type Inference Mode               │ proportional ║
╟───────────────────────────────────┼──────────────╢
║ Incorporate Execution Information │ true         ║
╟───────────────────────────────────┼──────────────╢
║ Random Type Probability           │ 0.1          ║
╚═══════════════════════════════════╧══════════════╝

╔═══════════════════════════════════════════╗
║            DIRECTORY SETTINGS             ║
╟───────────────────────┬───────────────────╢
║ Setting               │ Value             ║
╟───────────────────────┼───────────────────╢
║ Syntest Directory     │ syntest           ║
╟───────────────────────┼───────────────────╢
║ Temporary Directory   │ .syntest          ║
╟───────────────────────┼───────────────────╢
║ Target Root Directory │ benchmark/crashes ║
╚═══════════════════════╧═══════════════════╝

Extracting types
