                                       
 _____            _____            _   
|   __| _ _  ___ |_   _| ___  ___ | |_ 
|__   || | ||   |  | |  | -_||_ -||  _|
|_____||_  ||_|_|  |_|  |___||___||_|  
       |___|                           

FID-1701383239620-99PXzsKu4jMpkAuEnLfD6j

 Module loaded: 

  - Module: @syntest/init (0.2.2-beta.6)
    - Tools: 
      - init: A tool for initializing SynTest projects.
    - Plugins: []
    - Presets: []
  - Module: crash (0.0.1)
    - Tools: 
      - crash: A tool for javascript crash reproduction.
    - Plugins: 
      - javascript-tree: A JavaScript tree crossover plugin
      - javascript-random: A JavaScript random sampler plugin
      - stackTrace: A stack trace based objective manager
      - SearchMetricListener: A listener that collects statistics about the search process.
      - SearchPerformanceListener: A listener that outputs the performance of the search algorithm.
      - SearchProgressBarListener: A listener that creates and updates a progress bar for the search process.
      - simple: A simple objective manager
      - structural: A structural objective manager
      - structural-uncovered: A structural uncovered objective manager
      - tracking: A tracking objective manager
      - uncovered: An uncovered objective manager
      - least-errors: Secondary objective based on wether the encoding introduces an error
      - smallest-encoding: Secondary objective based on the length of the test case
      - default: A default procreation operator
      - MOSAFamily: Many-Objective Sorting Algorithm
      - NSGAII: NSGAII search algorithm
      - random: Random search algorithm
      - signal: Terminates the search when a signal is received
    - Presets: 
      - DynaMOSA: DynaMOSA preset
      - MOSA: MOSA preset
      - NSGAII: NSGAII preset
      - random: Random preset

Loading Crashes... 
eslint-8

added 145 packages, and audited 146 packages in 1s

12 packages are looking for funding
  run `npm fund` for details

found 0 vulnerabilities

eslint-9

added 145 packages, and audited 146 packages in 803ms

12 packages are looking for funding
  run `npm fund` for details

found 0 vulnerabilities


 GENERAL INFO 


 TARGETS 

  - /local/tmp/oliverphil/4254836.1/syntest-crash-reproduction/benchmark/crashes/bugsjs/eslint/eslint-8/node_modules/eslint/lib/testers/rule-tester.js: rule-tester.js #8
    - object /local/tmp/oliverphil/4254836.1/syntest-crash-reproduction/benchmark/crashes/bugsjs/eslint/eslint-8/node_modules/eslint/lib/testers/rule-tester.js:61:6:::61:41:::2337:2372
    - object /local/tmp/oliverphil/4254836.1/syntest-crash-reproduction/benchmark/crashes/bugsjs/eslint/eslint-8/node_modules/eslint/lib/testers/rule-tester.js:61:30:::61:39:::2361:2370
    - object /local/tmp/oliverphil/4254836.1/syntest-crash-reproduction/benchmark/crashes/bugsjs/eslint/eslint-8/node_modules/eslint/lib/testers/rule-tester.js:62:4:::62:33:::2378:2407
    - object /local/tmp/oliverphil/4254836.1/syntest-crash-reproduction/benchmark/crashes/bugsjs/eslint/eslint-8/node_modules/eslint/lib/testers/rule-tester.js:62:22:::62:31:::2396:2405
    - function /local/tmp/oliverphil/4254836.1/syntest-crash-reproduction/benchmark/crashes/bugsjs/eslint/eslint-8/node_modules/eslint/lib/testers/rule-tester.js:87:0:::105:1:::2907:3340
    - object /local/tmp/oliverphil/4254836.1/syntest-crash-reproduction/benchmark/crashes/bugsjs/eslint/eslint-8/node_modules/eslint/lib/testers/rule-tester.js:93:14:::93:23:::3104:3113
    - function /local/tmp/oliverphil/4254836.1/syntest-crash-reproduction/benchmark/crashes/bugsjs/eslint/eslint-8/node_modules/eslint/lib/testers/rule-tester.js:113:0:::126:1:::3444:3822
    - function /local/tmp/oliverphil/4254836.1/syntest-crash-reproduction/benchmark/crashes/bugsjs/eslint/eslint-8/node_modules/eslint/lib/testers/rule-tester.js:143:0:::145:1:::4345:4417

╔══════════════════════════════════════════════════════════════════════════════════════════════════════════════════════════════════════════════════════════════════════════════════════════════════════════════════════════════════════════════╗
║                                                                                                              SELECTION SETTINGS                                                                                                              ║
╟───────────────────────┬──────────────────────────────────────────────────────────────────────────────────────────────────────────────────────────────────────────────────────────────────────────────────────────────────────────────────────╢
║ Setting               │ Value                                                                                                                                                                                                                ║
╟───────────────────────┼──────────────────────────────────────────────────────────────────────────────────────────────────────────────────────────────────────────────────────────────────────────────────────────────────────────────────────╢
║ Target Root Directory │ benchmark/crashes                                                                                                                                                                                                    ║
╟───────────────────────┼──────────────────────────────────────────────────────────────────────────────────────────────────────────────────────────────────────────────────────────────────────────────────────────────────────────────────────╢
║ Target Include        │ ./benchmark/crashes/bugsjs/eslint/eslint-8/**/lib/testers/rule-tester.js, ./benchmark/crashes/bugsjs/eslint/eslint-8/**/lib/testers/rule-tester.js, ./benchmark/crashes/bugsjs/eslint/eslint-8/**/internal/timers.js ║
╟───────────────────────┼──────────────────────────────────────────────────────────────────────────────────────────────────────────────────────────────────────────────────────────────────────────────────────────────────────────────────────╢
║ Target Exclude        │                                                                                                                                                                                                                      ║
╟───────────────────────┼──────────────────────────────────────────────────────────────────────────────────────────────────────────────────────────────────────────────────────────────────────────────────────────────────────────────────────╢
║ Analysis Include      │ ./benchmark/crashes/bugsjs/eslint/eslint-8/**/*.js                                                                                                                                                                   ║
╟───────────────────────┼──────────────────────────────────────────────────────────────────────────────────────────────────────────────────────────────────────────────────────────────────────────────────────────────────────────────────────╢
║ Analysis Exclude      │ **/*.spec.js, ./benchmark/crashes/bugsjs/eslint/eslint-8/**/node_modules/**/*.js                                                                                                                                     ║
╚═══════════════════════╧══════════════════════════════════════════════════════════════════════════════════════════════════════════════════════════════════════════════════════════════════════════════════════════════════════════════════════╝

╔═══════════════════════════════════════════════════════════════╗
║                           SETTINGS                            ║
╟───────────────────────────┬───────────────────────────────────╢
║ Setting                   │ Value                             ║
╟───────────────────────────┼───────────────────────────────────╢
║ Preset                    │ DynaMOSA                          ║
╟───────────────────────────┼───────────────────────────────────╢
║ Search Algorithm          │ MOSAFamily                        ║
╟───────────────────────────┼───────────────────────────────────╢
║ Population Size           │ 50                                ║
╟───────────────────────────┼───────────────────────────────────╢
║ Objective Manager         │ structural-uncovered              ║
╟───────────────────────────┼───────────────────────────────────╢
║ Secondary Objectives      │ [least-errors, smallest-encoding] ║
╟───────────────────────────┼───────────────────────────────────╢
║ Procreation Operator      │ default                           ║
╟───────────────────────────┼───────────────────────────────────╢
║ Crossover Operator        │ javascript-tree                   ║
╟───────────────────────────┼───────────────────────────────────╢
║ Sampling Operator         │ javascript-random                 ║
╟───────────────────────────┼───────────────────────────────────╢
║ Termination Triggers      │ [signal]                          ║
╟───────────────────────────┼───────────────────────────────────╢
║ Test Minimization Enabled │ false                             ║
╟───────────────────────────┼───────────────────────────────────╢
║ Seed                      │ 0.307786362475736                 ║
╚═══════════════════════════╧═══════════════════════════════════╝

╔═══════════════════════════════════════════════════╗
║                  BUDGET SETTINGS                  ║
╟────────────────────┬──────────────────────────────╢
║ Setting            │ Value                        ║
╟────────────────────┼──────────────────────────────╢
║ Iteration Budget   │ 20 iterations                ║
╟────────────────────┼──────────────────────────────╢
║ Evaluation Budget  │ 9007199254740991 evaluations ║
╟────────────────────┼──────────────────────────────╢
║ Search Time Budget │ 600 seconds                  ║
╟────────────────────┼──────────────────────────────╢
║ Total Time Budget  │ 600 seconds                  ║
╚════════════════════╧══════════════════════════════╝

╔═══════════════════════════════════════════╗
║             MUTATION SETTINGS             ║
╟───────────────────────────────────┬───────╢
║ Setting                           │ Value ║
╟───────────────────────────────────┼───────╢
║ Delta Mutation Probability        │ 0.8   ║
╟───────────────────────────────────┼───────╢
║ Crossover Probability             │ 0.7   ║
╟───────────────────────────────────┼───────╢
║ Multi-point Crossover Probability │ 0.5   ║
╟───────────────────────────────────┼───────╢
║ Max Depth                         │ 5     ║
╟───────────────────────────────────┼───────╢
║ Max Action Statements             │ 5     ║
╟───────────────────────────────────┼───────╢
║ Explore Illegal Values            │ true  ║
╟───────────────────────────────────┼───────╢
║ Use Constant Pool Values          │ true  ║
╟───────────────────────────────────┼───────╢
║ Use Constant Pool Probability     │ 0.5   ║
╟───────────────────────────────────┼───────╢
║ Use Type Pool Values              │ true  ║
╟───────────────────────────────────┼───────╢
║ Use Type Pool Probability         │ 0.5   ║
╟───────────────────────────────────┼───────╢
║ Use Statement Pool Values         │ true  ║
╟───────────────────────────────────┼───────╢
║ Use Statement Pool Probability    │ 0.8   ║
╚═══════════════════════════════════╧═══════╝

╔══════════════════════════════════════════════════╗
║                  Type SETTINGS                   ║
╟───────────────────────────────────┬──────────────╢
║ Setting                           │ Value        ║
╟───────────────────────────────────┼──────────────╢
║ Type Inference Mode               │ proportional ║
╟───────────────────────────────────┼──────────────╢
║ Incorporate Execution Information │ true         ║
╟───────────────────────────────────┼──────────────╢
║ Random Type Probability           │ 0.1          ║
╚═══════════════════════════════════╧══════════════╝

╔═══════════════════════════════════════════╗
║            DIRECTORY SETTINGS             ║
╟───────────────────────┬───────────────────╢
║ Setting               │ Value             ║
╟───────────────────────┼───────────────────╢
║ Syntest Directory     │ syntest           ║
╟───────────────────────┼───────────────────╢
║ Temporary Directory   │ .syntest          ║
╟───────────────────────┼───────────────────╢
║ Target Root Directory │ benchmark/crashes ║
╚═══════════════════════╧═══════════════════╝

Extracting types
Resolving Types
╔══════════════════╗
║ Objective Counts ║
╟──────────┬───────╢
║ Type     │ Count ║
╟──────────┼───────╢
║ branch   │ 76    ║
╟──────────┼───────╢
║ path     │ 480   ║
╟──────────┼───────╢
║ function │ 34    ║
╚══════════╧═══════╝


 Postprocessing started 

Splitting done took: 0, went from 0 to 0 test cases
De-Duplication done took: 0, went from 0 to 0 test cases
archive size 0

 GENERAL INFO 


 TARGETS 

  - /local/tmp/oliverphil/4254836.1/syntest-crash-reproduction/benchmark/crashes/bugsjs/eslint/eslint-9/node_modules/eslint/lib/testers/rule-tester.js: rule-tester.js #8
    - object /local/tmp/oliverphil/4254836.1/syntest-crash-reproduction/benchmark/crashes/bugsjs/eslint/eslint-9/node_modules/eslint/lib/testers/rule-tester.js:61:6:::61:41:::2337:2372
    - object /local/tmp/oliverphil/4254836.1/syntest-crash-reproduction/benchmark/crashes/bugsjs/eslint/eslint-9/node_modules/eslint/lib/testers/rule-tester.js:61:30:::61:39:::2361:2370
    - object /local/tmp/oliverphil/4254836.1/syntest-crash-reproduction/benchmark/crashes/bugsjs/eslint/eslint-9/node_modules/eslint/lib/testers/rule-tester.js:62:4:::62:33:::2378:2407
    - object /local/tmp/oliverphil/4254836.1/syntest-crash-reproduction/benchmark/crashes/bugsjs/eslint/eslint-9/node_modules/eslint/lib/testers/rule-tester.js:62:22:::62:31:::2396:2405
    - function /local/tmp/oliverphil/4254836.1/syntest-crash-reproduction/benchmark/crashes/bugsjs/eslint/eslint-9/node_modules/eslint/lib/testers/rule-tester.js:87:0:::105:1:::2907:3340
    - object /local/tmp/oliverphil/4254836.1/syntest-crash-reproduction/benchmark/crashes/bugsjs/eslint/eslint-9/node_modules/eslint/lib/testers/rule-tester.js:93:14:::93:23:::3104:3113
    - function /local/tmp/oliverphil/4254836.1/syntest-crash-reproduction/benchmark/crashes/bugsjs/eslint/eslint-9/node_modules/eslint/lib/testers/rule-tester.js:113:0:::126:1:::3444:3822
    - function /local/tmp/oliverphil/4254836.1/syntest-crash-reproduction/benchmark/crashes/bugsjs/eslint/eslint-9/node_modules/eslint/lib/testers/rule-tester.js:143:0:::145:1:::4345:4417

╔══════════════════════════════════════════════════════════════════════════════════════════════════════════════════════════════════════════════════════════════════════════════════════════════════════════════════════════════════════════════╗
║                                                                                                              SELECTION SETTINGS                                                                                                              ║
╟───────────────────────┬──────────────────────────────────────────────────────────────────────────────────────────────────────────────────────────────────────────────────────────────────────────────────────────────────────────────────────╢
║ Setting               │ Value                                                                                                                                                                                                                ║
╟───────────────────────┼──────────────────────────────────────────────────────────────────────────────────────────────────────────────────────────────────────────────────────────────────────────────────────────────────────────────────────╢
║ Target Root Directory │ benchmark/crashes                                                                                                                                                                                                    ║
╟───────────────────────┼──────────────────────────────────────────────────────────────────────────────────────────────────────────────────────────────────────────────────────────────────────────────────────────────────────────────────────╢
║ Target Include        │ ./benchmark/crashes/bugsjs/eslint/eslint-9/**/lib/testers/rule-tester.js, ./benchmark/crashes/bugsjs/eslint/eslint-9/**/lib/testers/rule-tester.js, ./benchmark/crashes/bugsjs/eslint/eslint-9/**/internal/timers.js ║
╟───────────────────────┼──────────────────────────────────────────────────────────────────────────────────────────────────────────────────────────────────────────────────────────────────────────────────────────────────────────────────────╢
║ Target Exclude        │                                                                                                                                                                                                                      ║
╟───────────────────────┼──────────────────────────────────────────────────────────────────────────────────────────────────────────────────────────────────────────────────────────────────────────────────────────────────────────────────────╢
║ Analysis Include      │ ./benchmark/crashes/bugsjs/eslint/eslint-9/**/*.js                                                                                                                                                                   ║
╟───────────────────────┼──────────────────────────────────────────────────────────────────────────────────────────────────────────────────────────────────────────────────────────────────────────────────────────────────────────────────────╢
║ Analysis Exclude      │ **/*.spec.js, ./benchmark/crashes/bugsjs/eslint/eslint-9/**/node_modules/**/*.js                                                                                                                                     ║
╚═══════════════════════╧══════════════════════════════════════════════════════════════════════════════════════════════════════════════════════════════════════════════════════════════════════════════════════════════════════════════════════╝

╔═══════════════════════════════════════════════════════════════╗
║                           SETTINGS                            ║
╟───────────────────────────┬───────────────────────────────────╢
║ Setting                   │ Value                             ║
╟───────────────────────────┼───────────────────────────────────╢
║ Preset                    │ DynaMOSA                          ║
╟───────────────────────────┼───────────────────────────────────╢
║ Search Algorithm          │ MOSAFamily                        ║
╟───────────────────────────┼───────────────────────────────────╢
║ Population Size           │ 50                                ║
╟───────────────────────────┼───────────────────────────────────╢
║ Objective Manager         │ structural-uncovered              ║
╟───────────────────────────┼───────────────────────────────────╢
║ Secondary Objectives      │ [least-errors, smallest-encoding] ║
╟───────────────────────────┼───────────────────────────────────╢
║ Procreation Operator      │ default                           ║
╟───────────────────────────┼───────────────────────────────────╢
║ Crossover Operator        │ javascript-tree                   ║
╟───────────────────────────┼───────────────────────────────────╢
║ Sampling Operator         │ javascript-random                 ║
╟───────────────────────────┼───────────────────────────────────╢
║ Termination Triggers      │ [signal]                          ║
╟───────────────────────────┼───────────────────────────────────╢
║ Test Minimization Enabled │ false                             ║
╟───────────────────────────┼───────────────────────────────────╢
║ Seed                      │ 0.307786362475736                 ║
╚═══════════════════════════╧═══════════════════════════════════╝

╔═══════════════════════════════════════════════════╗
║                  BUDGET SETTINGS                  ║
╟────────────────────┬──────────────────────────────╢
║ Setting            │ Value                        ║
╟────────────────────┼──────────────────────────────╢
║ Iteration Budget   │ 20 iterations                ║
╟────────────────────┼──────────────────────────────╢
║ Evaluation Budget  │ 9007199254740991 evaluations ║
╟────────────────────┼──────────────────────────────╢
║ Search Time Budget │ 600 seconds                  ║
╟────────────────────┼──────────────────────────────╢
║ Total Time Budget  │ 600 seconds                  ║
╚════════════════════╧══════════════════════════════╝

╔═══════════════════════════════════════════╗
║             MUTATION SETTINGS             ║
╟───────────────────────────────────┬───────╢
║ Setting                           │ Value ║
╟───────────────────────────────────┼───────╢
║ Delta Mutation Probability        │ 0.8   ║
╟───────────────────────────────────┼───────╢
║ Crossover Probability             │ 0.7   ║
╟───────────────────────────────────┼───────╢
║ Multi-point Crossover Probability │ 0.5   ║
╟───────────────────────────────────┼───────╢
║ Max Depth                         │ 5     ║
╟───────────────────────────────────┼───────╢
║ Max Action Statements             │ 5     ║
╟───────────────────────────────────┼───────╢
║ Explore Illegal Values            │ true  ║
╟───────────────────────────────────┼───────╢
║ Use Constant Pool Values          │ true  ║
╟───────────────────────────────────┼───────╢
║ Use Constant Pool Probability     │ 0.5   ║
╟───────────────────────────────────┼───────╢
║ Use Type Pool Values              │ true  ║
╟───────────────────────────────────┼───────╢
║ Use Type Pool Probability         │ 0.5   ║
╟───────────────────────────────────┼───────╢
║ Use Statement Pool Values         │ true  ║
╟───────────────────────────────────┼───────╢
║ Use Statement Pool Probability    │ 0.8   ║
╚═══════════════════════════════════╧═══════╝

╔══════════════════════════════════════════════════╗
║                  Type SETTINGS                   ║
╟───────────────────────────────────┬──────────────╢
║ Setting                           │ Value        ║
╟───────────────────────────────────┼──────────────╢
║ Type Inference Mode               │ proportional ║
╟───────────────────────────────────┼──────────────╢
║ Incorporate Execution Information │ true         ║
╟───────────────────────────────────┼──────────────╢
║ Random Type Probability           │ 0.1          ║
╚═══════════════════════════════════╧══════════════╝

╔═══════════════════════════════════════════╗
║            DIRECTORY SETTINGS             ║
╟───────────────────────┬───────────────────╢
║ Setting               │ Value             ║
╟───────────────────────┼───────────────────╢
║ Syntest Directory     │ syntest           ║
╟───────────────────────┼───────────────────╢
║ Temporary Directory   │ .syntest          ║
╟───────────────────────┼───────────────────╢
║ Target Root Directory │ benchmark/crashes ║
╚═══════════════════════╧═══════════════════╝

Extracting types
Resolving Types
╔══════════════════╗
║ Objective Counts ║
╟──────────┬───────╢
║ Type     │ Count ║
╟──────────┼───────╢
║ branch   │ 76    ║
╟──────────┼───────╢
║ path     │ 480   ║
╟──────────┼───────╢
║ function │ 34    ║
╚══════════╧═══════╝


 Postprocessing started 

Splitting done took: 0, went from 0 to 0 test cases
De-Duplication done took: 0, went from 0 to 0 test cases
archive size 0
