                                       
 _____            _____            _   
|   __| _ _  ___ |_   _| ___  ___ | |_ 
|__   || | ||   |  | |  | -_||_ -||  _|
|_____||_  ||_|_|  |_|  |___||___||_|  
       |___|                           

FID-1701046347242-pwZYqEmXrMV5mfPU8o5jZc

 Module loaded: 

  - Module: @syntest/init (0.2.2-beta.6)
    - Tools: 
      - init: A tool for initializing SynTest projects.
    - Plugins: []
    - Presets: []
  - Module: crash (0.0.1)
    - Tools: 
      - crash: A tool for javascript crash reproduction.
    - Plugins: 
      - javascript-tree: A JavaScript tree crossover plugin
      - javascript-random: A JavaScript random sampler plugin
      - stackTrace: A stack trace based objective manager
      - SearchMetricListener: A listener that collects statistics about the search process.
      - SearchPerformanceListener: A listener that outputs the performance of the search algorithm.
      - SearchProgressBarListener: A listener that creates and updates a progress bar for the search process.
      - simple: A simple objective manager
      - structural: A structural objective manager
      - structural-uncovered: A structural uncovered objective manager
      - tracking: A tracking objective manager
      - uncovered: An uncovered objective manager
      - least-errors: Secondary objective based on wether the encoding introduces an error
      - smallest-encoding: Secondary objective based on the length of the test case
      - default: A default procreation operator
      - MOSAFamily: Many-Objective Sorting Algorithm
      - NSGAII: NSGAII search algorithm
      - random: Random search algorithm
      - signal: Terminates the search when a signal is received
    - Presets: 
      - DynaMOSA: DynaMOSA preset
      - MOSA: MOSA preset
      - NSGAII: NSGAII preset
      - random: Random preset

Loading Crashes... 
node-extend_0.2.0

added 1 package, and audited 2 packages in 1s

1 critical severity vulnerability

Some issues need review, and may require choosing
a different dependency.

Run `npm audit` for details.

node-rules_3.0.0

added 2 packages, and audited 3 packages in 1s

1 critical severity vulnerability

To address all issues (including breaking changes), run:
  npm audit fix --force

Run `npm audit` for details.

node-serialize_0.0.3

added 1 package, and audited 2 packages in 1s

1 critical severity vulnerability

Some issues need review, and may require choosing
a different dependency.

Run `npm audit` for details.

realms-shim_1.1.0

added 1 package, and audited 2 packages in 1s

1 critical severity vulnerability

Some issues need review, and may require choosing
a different dependency.

Run `npm audit` for details.

serialize-to-js_0.5.0

added 16 packages, and audited 17 packages in 1s

1 package is looking for funding
  run `npm fund` for details

1 critical severity vulnerability

To address all issues (including breaking changes), run:
  npm audit fix --force

Run `npm audit` for details.

thenify_3.3.0

added 2 packages, and audited 3 packages in 553ms

1 critical severity vulnerability

To address all issues, run:
  npm audit fix --force

Run `npm audit` for details.

underscore_1.13.0-0

added 1 package, and audited 2 packages in 406ms

found 0 vulnerabilities


 GENERAL INFO 


 TARGETS 

  - /local/tmp/oliverphil/4253371.1/syntest-crash-reproduction/benchmark/crashes/secbench/code-injection/node-extend_0.2.0/node_modules/node-extend/lib/extend.js: extend.js #1
    - function /local/tmp/oliverphil/4253371.1/syntest-crash-reproduction/benchmark/crashes/secbench/code-injection/node-extend_0.2.0/node_modules/node-extend/lib/extend.js:5:0:::48:1:::59:855

╔══════════════════════════════════════════════════════════════════════════════════════════════════════════════════════════════════════════════════════════════════════════════════════════════════════════════════════════════════════════════════════════════════════════════════════════════════════════════════════════════════════════════════════════════════════════════════════════════════════════════════════════════════════════════════════════════════════════════════════════════════════════════════════════════════════════════════════════════════════════════════════════════════════════════════════════════════════════════════════════════════════════════════════════════════════════════════════════════════════╗
║                                                                                                                                                                                                                                                                                                                                                          SELECTION SETTINGS                                                                                                                                                                                                                                                                                                                                                          ║
╟───────────────────────┬──────────────────────────────────────────────────────────────────────────────────────────────────────────────────────────────────────────────────────────────────────────────────────────────────────────────────────────────────────────────────────────────────────────────────────────────────────────────────────────────────────────────────────────────────────────────────────────────────────────────────────────────────────────────────────────────────────────────────────────────────────────────────────────────────────────────────────────────────────────────────────────────────────────────────────────────────────────────────────────────────────────────────────────────────────────────╢
║ Setting               │ Value                                                                                                                                                                                                                                                                                                                                                                                                                                                                                                                                                                                                                                                                                                        ║
╟───────────────────────┼──────────────────────────────────────────────────────────────────────────────────────────────────────────────────────────────────────────────────────────────────────────────────────────────────────────────────────────────────────────────────────────────────────────────────────────────────────────────────────────────────────────────────────────────────────────────────────────────────────────────────────────────────────────────────────────────────────────────────────────────────────────────────────────────────────────────────────────────────────────────────────────────────────────────────────────────────────────────────────────────────────────────────────────────────────────────╢
║ Target Root Directory │ benchmark/crashes                                                                                                                                                                                                                                                                                                                                                                                                                                                                                                                                                                                                                                                                                            ║
╟───────────────────────┼──────────────────────────────────────────────────────────────────────────────────────────────────────────────────────────────────────────────────────────────────────────────────────────────────────────────────────────────────────────────────────────────────────────────────────────────────────────────────────────────────────────────────────────────────────────────────────────────────────────────────────────────────────────────────────────────────────────────────────────────────────────────────────────────────────────────────────────────────────────────────────────────────────────────────────────────────────────────────────────────────────────────────────────────────────────────╢
║ Target Include        │ ./benchmark/crashes/secbench/code-injection/node-extend_0.2.0/**/node-extend/lib/extend.js, ./benchmark/crashes/secbench/code-injection/node-extend_0.2.0/**/node-extend/lib/extend.js, ./benchmark/crashes/secbench/code-injection/node-extend_0.2.0/**//Users/philip/Documents/University.nosync/SecBench.js/code-injection/node-extend_0.2.0/node-extend.test.js, ./benchmark/crashes/secbench/code-injection/node-extend_0.2.0/**/jest-jasmine2/build/jasmineAsyncInstall.js, ./benchmark/crashes/secbench/code-injection/node-extend_0.2.0/**/jest-jasmine2/build/queueRunner.js, ./benchmark/crashes/secbench/code-injection/node-extend_0.2.0/**/code-injection/node-extend_0.2.0/node-extend.test.js ║
╟───────────────────────┼──────────────────────────────────────────────────────────────────────────────────────────────────────────────────────────────────────────────────────────────────────────────────────────────────────────────────────────────────────────────────────────────────────────────────────────────────────────────────────────────────────────────────────────────────────────────────────────────────────────────────────────────────────────────────────────────────────────────────────────────────────────────────────────────────────────────────────────────────────────────────────────────────────────────────────────────────────────────────────────────────────────────────────────────────────────────╢
║ Target Exclude        │                                                                                                                                                                                                                                                                                                                                                                                                                                                                                                                                                                                                                                                                                                              ║
╟───────────────────────┼──────────────────────────────────────────────────────────────────────────────────────────────────────────────────────────────────────────────────────────────────────────────────────────────────────────────────────────────────────────────────────────────────────────────────────────────────────────────────────────────────────────────────────────────────────────────────────────────────────────────────────────────────────────────────────────────────────────────────────────────────────────────────────────────────────────────────────────────────────────────────────────────────────────────────────────────────────────────────────────────────────────────────────────────────────────────╢
║ Analysis Include      │                                                                                                                                                                                                                                                                                                                                                                                                                                                                                                                                                                                                                                                                                                              ║
╟───────────────────────┼──────────────────────────────────────────────────────────────────────────────────────────────────────────────────────────────────────────────────────────────────────────────────────────────────────────────────────────────────────────────────────────────────────────────────────────────────────────────────────────────────────────────────────────────────────────────────────────────────────────────────────────────────────────────────────────────────────────────────────────────────────────────────────────────────────────────────────────────────────────────────────────────────────────────────────────────────────────────────────────────────────────────────────────────────────────────╢
║ Analysis Exclude      │                                                                                                                                                                                                                                                                                                                                                                                                                                                                                                                                                                                                                                                                                                              ║
╚═══════════════════════╧══════════════════════════════════════════════════════════════════════════════════════════════════════════════════════════════════════════════════════════════════════════════════════════════════════════════════════════════════════════════════════════════════════════════════════════════════════════════════════════════════════════════════════════════════════════════════════════════════════════════════════════════════════════════════════════════════════════════════════════════════════════════════════════════════════════════════════════════════════════════════════════════════════════════════════════════════════════════════════════════════════════════════════════════════════════════╝

╔═══════════════════════════════════════════════════════════════╗
║                           SETTINGS                            ║
╟───────────────────────────┬───────────────────────────────────╢
║ Setting                   │ Value                             ║
╟───────────────────────────┼───────────────────────────────────╢
║ Preset                    │ DynaMOSA                          ║
╟───────────────────────────┼───────────────────────────────────╢
║ Search Algorithm          │ MOSAFamily                        ║
╟───────────────────────────┼───────────────────────────────────╢
║ Population Size           │ 50                                ║
╟───────────────────────────┼───────────────────────────────────╢
║ Objective Manager         │ structural-uncovered              ║
╟───────────────────────────┼───────────────────────────────────╢
║ Secondary Objectives      │ [least-errors, smallest-encoding] ║
╟───────────────────────────┼───────────────────────────────────╢
║ Procreation Operator      │ default                           ║
╟───────────────────────────┼───────────────────────────────────╢
║ Crossover Operator        │ javascript-tree                   ║
╟───────────────────────────┼───────────────────────────────────╢
║ Sampling Operator         │ javascript-random                 ║
╟───────────────────────────┼───────────────────────────────────╢
║ Termination Triggers      │ [signal]                          ║
╟───────────────────────────┼───────────────────────────────────╢
║ Test Minimization Enabled │ false                             ║
╟───────────────────────────┼───────────────────────────────────╢
║ Seed                      │ 0.28200965079150603               ║
╚═══════════════════════════╧═══════════════════════════════════╝

╔═══════════════════════════════════════════════════╗
║                  BUDGET SETTINGS                  ║
╟────────────────────┬──────────────────────────────╢
║ Setting            │ Value                        ║
╟────────────────────┼──────────────────────────────╢
║ Iteration Budget   │ 20 iterations                ║
╟────────────────────┼──────────────────────────────╢
║ Evaluation Budget  │ 9007199254740991 evaluations ║
╟────────────────────┼──────────────────────────────╢
║ Search Time Budget │ 600 seconds                  ║
╟────────────────────┼──────────────────────────────╢
║ Total Time Budget  │ 600 seconds                  ║
╚════════════════════╧══════════════════════════════╝

╔═══════════════════════════════════════════╗
║             MUTATION SETTINGS             ║
╟───────────────────────────────────┬───────╢
║ Setting                           │ Value ║
╟───────────────────────────────────┼───────╢
║ Delta Mutation Probability        │ 0.8   ║
╟───────────────────────────────────┼───────╢
║ Crossover Probability             │ 0.7   ║
╟───────────────────────────────────┼───────╢
║ Multi-point Crossover Probability │ 0.5   ║
╟───────────────────────────────────┼───────╢
║ Max Depth                         │ 5     ║
╟───────────────────────────────────┼───────╢
║ Max Action Statements             │ 5     ║
╟───────────────────────────────────┼───────╢
║ Explore Illegal Values            │ true  ║
╟───────────────────────────────────┼───────╢
║ Use Constant Pool Values          │ true  ║
╟───────────────────────────────────┼───────╢
║ Use Constant Pool Probability     │ 0.5   ║
╟───────────────────────────────────┼───────╢
║ Use Type Pool Values              │ true  ║
╟───────────────────────────────────┼───────╢
║ Use Type Pool Probability         │ 0.5   ║
╟───────────────────────────────────┼───────╢
║ Use Statement Pool Values         │ true  ║
╟───────────────────────────────────┼───────╢
║ Use Statement Pool Probability    │ 0.8   ║
╚═══════════════════════════════════╧═══════╝

╔══════════════════════════════════════════════════╗
║                  Type SETTINGS                   ║
╟───────────────────────────────────┬──────────────╢
║ Setting                           │ Value        ║
╟───────────────────────────────────┼──────────────╢
║ Type Inference Mode               │ proportional ║
╟───────────────────────────────────┼──────────────╢
║ Incorporate Execution Information │ true         ║
╟───────────────────────────────────┼──────────────╢
║ Random Type Probability           │ 0.1          ║
╚═══════════════════════════════════╧══════════════╝

╔═══════════════════════════════════════════╗
║            DIRECTORY SETTINGS             ║
╟───────────────────────┬───────────────────╢
║ Setting               │ Value             ║
╟───────────────────────┼───────────────────╢
║ Syntest Directory     │ syntest           ║
╟───────────────────────┼───────────────────╢
║ Temporary Directory   │ .syntest          ║
╟───────────────────────┼───────────────────╢
║ Target Root Directory │ benchmark/crashes ║
╚═══════════════════════╧═══════════════════╝

Extracting types
Resolving Types
╔══════════════════╗
║ Objective Counts ║
╟──────────┬───────╢
║ Type     │ Count ║
╟──────────┼───────╢
║ branch   │ 14    ║
╟──────────┼───────╢
║ path     │ 49    ║
╟──────────┼───────╢
║ function │ 1     ║
╚══════════╧═══════╝


 Postprocessing started 

Splitting done took: 0, went from 0 to 0 test cases
De-Duplication done took: 0, went from 0 to 0 test cases
archive size 0

 GENERAL INFO 


 TARGETS 

  - /local/tmp/oliverphil/4253371.1/syntest-crash-reproduction/benchmark/crashes/secbench/code-injection/node-rules_3.0.0/node_modules/node-rules/lib/node-rules.js: node-rules.js #27
    - function /local/tmp/oliverphil/4253371.1/syntest-crash-reproduction/benchmark/crashes/secbench/code-injection/node-rules_3.0.0/node_modules/node-rules/lib/node-rules.js:1:1:::255:1:::1:5305
    - class /local/tmp/oliverphil/4253371.1/syntest-crash-reproduction/benchmark/crashes/secbench/code-injection/node-rules_3.0.0/node_modules/node-rules/lib/node-rules.js:8:4:::18:5:::105:272
    - method /local/tmp/oliverphil/4253371.1/syntest-crash-reproduction/benchmark/crashes/secbench/code-injection/node-rules_3.0.0/node_modules/node-rules/lib/node-rules.js:20:4:::20:29:::278:303
    - method /local/tmp/oliverphil/4253371.1/syntest-crash-reproduction/benchmark/crashes/secbench/code-injection/node-rules_3.0.0/node_modules/node-rules/lib/node-rules.js:27:4:::27:33:::394:423
    - method /local/tmp/oliverphil/4253371.1/syntest-crash-reproduction/benchmark/crashes/secbench/code-injection/node-rules_3.0.0/node_modules/node-rules/lib/node-rules.js:45:4:::45:29:::701:726
    - function /local/tmp/oliverphil/4253371.1/syntest-crash-reproduction/benchmark/crashes/secbench/code-injection/node-rules_3.0.0/node_modules/node-rules/lib/node-rules.js:47:45:::57:9:::796:995
    - function /local/tmp/oliverphil/4253371.1/syntest-crash-reproduction/benchmark/crashes/secbench/code-injection/node-rules_3.0.0/node_modules/node-rules/lib/node-rules.js:59:30:::67:9:::1029:1221
    - method /local/tmp/oliverphil/4253371.1/syntest-crash-reproduction/benchmark/crashes/secbench/code-injection/node-rules_3.0.0/node_modules/node-rules/lib/node-rules.js:72:4:::72:32:::1238:1266
    - function /local/tmp/oliverphil/4253371.1/syntest-crash-reproduction/benchmark/crashes/secbench/code-injection/node-rules_3.0.0/node_modules/node-rules/lib/node-rules.js:84:9:::155:9:::1610:3304
    - object /local/tmp/oliverphil/4253371.1/syntest-crash-reproduction/benchmark/crashes/secbench/code-injection/node-rules_3.0.0/node_modules/node-rules/lib/node-rules.js:87:16:::140:13:::1653:2978
    - object-function /local/tmp/oliverphil/4253371.1/syntest-crash-reproduction/benchmark/crashes/secbench/code-injection/node-rules_3.0.0/node_modules/node-rules/lib/node-rules.js:89:16:::106:17:::1678:2183
    - function /local/tmp/oliverphil/4253371.1/syntest-crash-reproduction/benchmark/crashes/secbench/code-injection/node-rules_3.0.0/node_modules/node-rules/lib/node-rules.js:94:41:::96:25:::1867:1970
    - function /local/tmp/oliverphil/4253371.1/syntest-crash-reproduction/benchmark/crashes/secbench/code-injection/node-rules_3.0.0/node_modules/node-rules/lib/node-rules.js:100:41:::102:25:::2045:2122
    - object-function /local/tmp/oliverphil/4253371.1/syntest-crash-reproduction/benchmark/crashes/secbench/code-injection/node-rules_3.0.0/node_modules/node-rules/lib/node-rules.js:108:16:::112:17:::2202:2288
    - object-function /local/tmp/oliverphil/4253371.1/syntest-crash-reproduction/benchmark/crashes/secbench/code-injection/node-rules_3.0.0/node_modules/node-rules/lib/node-rules.js:114:16:::119:17:::2307:2427
    - object-function /local/tmp/oliverphil/4253371.1/syntest-crash-reproduction/benchmark/crashes/secbench/code-injection/node-rules_3.0.0/node_modules/node-rules/lib/node-rules.js:121:16:::138:17:::2446:2963
    - function /local/tmp/oliverphil/4253371.1/syntest-crash-reproduction/benchmark/crashes/secbench/code-injection/node-rules_3.0.0/node_modules/node-rules/lib/node-rules.js:126:41:::128:25:::2627:2707
    - function /local/tmp/oliverphil/4253371.1/syntest-crash-reproduction/benchmark/crashes/secbench/code-injection/node-rules_3.0.0/node_modules/node-rules/lib/node-rules.js:132:41:::134:25:::2806:2895
    - function /local/tmp/oliverphil/4253371.1/syntest-crash-reproduction/benchmark/crashes/secbench/code-injection/node-rules_3.0.0/node_modules/node-rules/lib/node-rules.js:149:33:::151:17:::3189:3264
    - method /local/tmp/oliverphil/4253371.1/syntest-crash-reproduction/benchmark/crashes/secbench/code-injection/node-rules_3.0.0/node_modules/node-rules/lib/node-rules.js:158:4:::158:34:::3322:3352
    - method /local/tmp/oliverphil/4253371.1/syntest-crash-reproduction/benchmark/crashes/secbench/code-injection/node-rules_3.0.0/node_modules/node-rules/lib/node-rules.js:165:4:::165:29:::3468:3493
    - method /local/tmp/oliverphil/4253371.1/syntest-crash-reproduction/benchmark/crashes/secbench/code-injection/node-rules_3.0.0/node_modules/node-rules/lib/node-rules.js:182:4:::182:35:::3763:3794
    - method /local/tmp/oliverphil/4253371.1/syntest-crash-reproduction/benchmark/crashes/secbench/code-injection/node-rules_3.0.0/node_modules/node-rules/lib/node-rules.js:197:4:::197:31:::4049:4076
    - function /local/tmp/oliverphil/4253371.1/syntest-crash-reproduction/benchmark/crashes/secbench/code-injection/node-rules_3.0.0/node_modules/node-rules/lib/node-rules.js:203:30:::209:13:::4194:4378
    - method /local/tmp/oliverphil/4253371.1/syntest-crash-reproduction/benchmark/crashes/secbench/code-injection/node-rules_3.0.0/node_modules/node-rules/lib/node-rules.js:8:4:::18:5:::105:272
    - method /local/tmp/oliverphil/4253371.1/syntest-crash-reproduction/benchmark/crashes/secbench/code-injection/node-rules_3.0.0/node_modules/node-rules/lib/node-rules.js:222:4:::222:33:::4600:4629
    - function /local/tmp/oliverphil/4253371.1/syntest-crash-reproduction/benchmark/crashes/secbench/code-injection/node-rules_3.0.0/node_modules/node-rules/lib/node-rules.js:234:30:::240:13:::4833:5023

╔════════════════════════════════════════════════════════════════════════════════════════════════════════════════════════════════════════════════════════════════════════════════════════════════════════════════════════════════════════════════════════════════════════════════════════════════════════════════════════════════════════════════════════════════════════════════════════════════════════════════════════════════════════════════════════════════════════════════════════════════════════════════════════════════════════════════════════════════════════════════════════════════════════════════════════════════════╗
║                                                                                                                                                                                                                                                                                                         SELECTION SETTINGS                                                                                                                                                                                                                                                                                                         ║
╟───────────────────────┬────────────────────────────────────────────────────────────────────────────────────────────────────────────────────────────────────────────────────────────────────────────────────────────────────────────────────────────────────────────────────────────────────────────────────────────────────────────────────────────────────────────────────────────────────────────────────────────────────────────────────────────────────────────────────────────────────────────────────────────────────────────────────────────────────────────────────────────────────────────────────────────────────────────╢
║ Setting               │ Value                                                                                                                                                                                                                                                                                                                                                                                                                                                                                                                                                                                                      ║
╟───────────────────────┼────────────────────────────────────────────────────────────────────────────────────────────────────────────────────────────────────────────────────────────────────────────────────────────────────────────────────────────────────────────────────────────────────────────────────────────────────────────────────────────────────────────────────────────────────────────────────────────────────────────────────────────────────────────────────────────────────────────────────────────────────────────────────────────────────────────────────────────────────────────────────────────────────────────╢
║ Target Root Directory │ benchmark/crashes                                                                                                                                                                                                                                                                                                                                                                                                                                                                                                                                                                                          ║
╟───────────────────────┼────────────────────────────────────────────────────────────────────────────────────────────────────────────────────────────────────────────────────────────────────────────────────────────────────────────────────────────────────────────────────────────────────────────────────────────────────────────────────────────────────────────────────────────────────────────────────────────────────────────────────────────────────────────────────────────────────────────────────────────────────────────────────────────────────────────────────────────────────────────────────────────────────────────╢
║ Target Include        │ ./benchmark/crashes/secbench/code-injection/node-rules_3.0.0/**/node-rules/lib/node-rules.js, ./benchmark/crashes/secbench/code-injection/node-rules_3.0.0/**//Users/philip/Documents/University.nosync/SecBench.js/code-injection/node-rules_3.0.0/node-rules.test.js, ./benchmark/crashes/secbench/code-injection/node-rules_3.0.0/**/jest-jasmine2/build/jasmineAsyncInstall.js, ./benchmark/crashes/secbench/code-injection/node-rules_3.0.0/**/jest-jasmine2/build/queueRunner.js, ./benchmark/crashes/secbench/code-injection/node-rules_3.0.0/**/code-injection/node-rules_3.0.0/node-rules.test.js ║
╟───────────────────────┼────────────────────────────────────────────────────────────────────────────────────────────────────────────────────────────────────────────────────────────────────────────────────────────────────────────────────────────────────────────────────────────────────────────────────────────────────────────────────────────────────────────────────────────────────────────────────────────────────────────────────────────────────────────────────────────────────────────────────────────────────────────────────────────────────────────────────────────────────────────────────────────────────────────╢
║ Target Exclude        │                                                                                                                                                                                                                                                                                                                                                                                                                                                                                                                                                                                                            ║
╟───────────────────────┼────────────────────────────────────────────────────────────────────────────────────────────────────────────────────────────────────────────────────────────────────────────────────────────────────────────────────────────────────────────────────────────────────────────────────────────────────────────────────────────────────────────────────────────────────────────────────────────────────────────────────────────────────────────────────────────────────────────────────────────────────────────────────────────────────────────────────────────────────────────────────────────────────────────╢
║ Analysis Include      │                                                                                                                                                                                                                                                                                                                                                                                                                                                                                                                                                                                                            ║
╟───────────────────────┼────────────────────────────────────────────────────────────────────────────────────────────────────────────────────────────────────────────────────────────────────────────────────────────────────────────────────────────────────────────────────────────────────────────────────────────────────────────────────────────────────────────────────────────────────────────────────────────────────────────────────────────────────────────────────────────────────────────────────────────────────────────────────────────────────────────────────────────────────────────────────────────────────────────╢
║ Analysis Exclude      │                                                                                                                                                                                                                                                                                                                                                                                                                                                                                                                                                                                                            ║
╚═══════════════════════╧════════════════════════════════════════════════════════════════════════════════════════════════════════════════════════════════════════════════════════════════════════════════════════════════════════════════════════════════════════════════════════════════════════════════════════════════════════════════════════════════════════════════════════════════════════════════════════════════════════════════════════════════════════════════════════════════════════════════════════════════════════════════════════════════════════════════════════════════════════════════════════════════════════════╝

╔═══════════════════════════════════════════════════════════════╗
║                           SETTINGS                            ║
╟───────────────────────────┬───────────────────────────────────╢
║ Setting                   │ Value                             ║
╟───────────────────────────┼───────────────────────────────────╢
║ Preset                    │ DynaMOSA                          ║
╟───────────────────────────┼───────────────────────────────────╢
║ Search Algorithm          │ MOSAFamily                        ║
╟───────────────────────────┼───────────────────────────────────╢
║ Population Size           │ 50                                ║
╟───────────────────────────┼───────────────────────────────────╢
║ Objective Manager         │ structural-uncovered              ║
╟───────────────────────────┼───────────────────────────────────╢
║ Secondary Objectives      │ [least-errors, smallest-encoding] ║
╟───────────────────────────┼───────────────────────────────────╢
║ Procreation Operator      │ default                           ║
╟───────────────────────────┼───────────────────────────────────╢
║ Crossover Operator        │ javascript-tree                   ║
╟───────────────────────────┼───────────────────────────────────╢
║ Sampling Operator         │ javascript-random                 ║
╟───────────────────────────┼───────────────────────────────────╢
║ Termination Triggers      │ [signal]                          ║
╟───────────────────────────┼───────────────────────────────────╢
║ Test Minimization Enabled │ false                             ║
╟───────────────────────────┼───────────────────────────────────╢
║ Seed                      │ 0.28200965079150603               ║
╚═══════════════════════════╧═══════════════════════════════════╝

╔═══════════════════════════════════════════════════╗
║                  BUDGET SETTINGS                  ║
╟────────────────────┬──────────────────────────────╢
║ Setting            │ Value                        ║
╟────────────────────┼──────────────────────────────╢
║ Iteration Budget   │ 20 iterations                ║
╟────────────────────┼──────────────────────────────╢
║ Evaluation Budget  │ 9007199254740991 evaluations ║
╟────────────────────┼──────────────────────────────╢
║ Search Time Budget │ 600 seconds                  ║
╟────────────────────┼──────────────────────────────╢
║ Total Time Budget  │ 600 seconds                  ║
╚════════════════════╧══════════════════════════════╝

╔═══════════════════════════════════════════╗
║             MUTATION SETTINGS             ║
╟───────────────────────────────────┬───────╢
║ Setting                           │ Value ║
╟───────────────────────────────────┼───────╢
║ Delta Mutation Probability        │ 0.8   ║
╟───────────────────────────────────┼───────╢
║ Crossover Probability             │ 0.7   ║
╟───────────────────────────────────┼───────╢
║ Multi-point Crossover Probability │ 0.5   ║
╟───────────────────────────────────┼───────╢
║ Max Depth                         │ 5     ║
╟───────────────────────────────────┼───────╢
║ Max Action Statements             │ 5     ║
╟───────────────────────────────────┼───────╢
║ Explore Illegal Values            │ true  ║
╟───────────────────────────────────┼───────╢
║ Use Constant Pool Values          │ true  ║
╟───────────────────────────────────┼───────╢
║ Use Constant Pool Probability     │ 0.5   ║
╟───────────────────────────────────┼───────╢
║ Use Type Pool Values              │ true  ║
╟───────────────────────────────────┼───────╢
║ Use Type Pool Probability         │ 0.5   ║
╟───────────────────────────────────┼───────╢
║ Use Statement Pool Values         │ true  ║
╟───────────────────────────────────┼───────╢
║ Use Statement Pool Probability    │ 0.8   ║
╚═══════════════════════════════════╧═══════╝

╔══════════════════════════════════════════════════╗
║                  Type SETTINGS                   ║
╟───────────────────────────────────┬──────────────╢
║ Setting                           │ Value        ║
╟───────────────────────────────────┼──────────────╢
║ Type Inference Mode               │ proportional ║
╟───────────────────────────────────┼──────────────╢
║ Incorporate Execution Information │ true         ║
╟───────────────────────────────────┼──────────────╢
║ Random Type Probability           │ 0.1          ║
╚═══════════════════════════════════╧══════════════╝

╔═══════════════════════════════════════════╗
║            DIRECTORY SETTINGS             ║
╟───────────────────────┬───────────────────╢
║ Setting               │ Value             ║
╟───────────────────────┼───────────────────╢
║ Syntest Directory     │ syntest           ║
╟───────────────────────┼───────────────────╢
║ Temporary Directory   │ .syntest          ║
╟───────────────────────┼───────────────────╢
║ Target Root Directory │ benchmark/crashes ║
╚═══════════════════════╧═══════════════════╝

Extracting types
Resolving Types
╔══════════════════╗
║ Objective Counts ║
╟──────────┬───────╢
║ Type     │ Count ║
╟──────────┼───────╢
║ branch   │ 34    ║
╟──────────┼───────╢
║ path     │ 46    ║
╟──────────┼───────╢
║ function │ 25    ║
╚══════════╧═══════╝


 Postprocessing started 

Splitting done took: 0, went from 0 to 0 test cases
De-Duplication done took: 0, went from 0 to 0 test cases
archive size 0

 GENERAL INFO 


 TARGETS 

  - /local/tmp/oliverphil/4253371.1/syntest-crash-reproduction/benchmark/crashes/secbench/code-injection/node-serialize_0.0.3/node_modules/node-serialize/lib/serialize.js: serialize.js #5
    - function /local/tmp/oliverphil/4253371.1/syntest-crash-reproduction/benchmark/crashes/secbench/code-injection/node-serialize_0.0.3/node_modules/node-serialize/lib/serialize.js:6:4:::15:1:::180:399
    - function /local/tmp/oliverphil/4253371.1/syntest-crash-reproduction/benchmark/crashes/secbench/code-injection/node-serialize_0.0.3/node_modules/node-serialize/lib/serialize.js:9:15:::13:3:::293:374
    - function /local/tmp/oliverphil/4253371.1/syntest-crash-reproduction/benchmark/crashes/secbench/code-injection/node-serialize_0.0.3/node_modules/node-serialize/lib/serialize.js:17:20:::57:1:::422:1771
    - function /local/tmp/oliverphil/4253371.1/syntest-crash-reproduction/benchmark/crashes/secbench/code-injection/node-serialize_0.0.3/node_modules/node-serialize/lib/serialize.js:59:22:::90:1:::1796:2677
    - function /local/tmp/oliverphil/4253371.1/syntest-crash-reproduction/benchmark/crashes/secbench/code-injection/node-serialize_0.0.3/node_modules/node-serialize/lib/serialize.js:85:26:::87:5:::2563:2655

╔═════════════════════════════════════════════════════════════════════════════════════════════════════════════════════════════════════════════════════════════════════════════════════════════════════════════════════════════════════════════════════════════════════════════════════════════════════════════════════════════════════════════════════════════════════════════════════════════════════════════════════════════════════════════════════════════════════════════════════════════════════════════════════════════════════════════════════════════════════════════════════════════════════════════════════════════════════════════════════════════════════════════════════════════════════════════════════════════════════════════════════════════════════════════════════════════════════════════════════════════════════════════════════════════════════════════════════╗
║                                                                                                                                                                                                                                                                                                                                                                                                                                 SELECTION SETTINGS                                                                                                                                                                                                                                                                                                                                                                                                                                  ║
╟───────────────────────┬─────────────────────────────────────────────────────────────────────────────────────────────────────────────────────────────────────────────────────────────────────────────────────────────────────────────────────────────────────────────────────────────────────────────────────────────────────────────────────────────────────────────────────────────────────────────────────────────────────────────────────────────────────────────────────────────────────────────────────────────────────────────────────────────────────────────────────────────────────────────────────────────────────────────────────────────────────────────────────────────────────────────────────────────────────────────────────────────────────────────────────────────────────────────────────────────────────────────────────────────────────────────────────────────╢
║ Setting               │ Value                                                                                                                                                                                                                                                                                                                                                                                                                                                                                                                                                                                                                                                                                                                                                                                                                                                       ║
╟───────────────────────┼─────────────────────────────────────────────────────────────────────────────────────────────────────────────────────────────────────────────────────────────────────────────────────────────────────────────────────────────────────────────────────────────────────────────────────────────────────────────────────────────────────────────────────────────────────────────────────────────────────────────────────────────────────────────────────────────────────────────────────────────────────────────────────────────────────────────────────────────────────────────────────────────────────────────────────────────────────────────────────────────────────────────────────────────────────────────────────────────────────────────────────────────────────────────────────────────────────────────────────────────────────────────────────────────╢
║ Target Root Directory │ benchmark/crashes                                                                                                                                                                                                                                                                                                                                                                                                                                                                                                                                                                                                                                                                                                                                                                                                                                           ║
╟───────────────────────┼─────────────────────────────────────────────────────────────────────────────────────────────────────────────────────────────────────────────────────────────────────────────────────────────────────────────────────────────────────────────────────────────────────────────────────────────────────────────────────────────────────────────────────────────────────────────────────────────────────────────────────────────────────────────────────────────────────────────────────────────────────────────────────────────────────────────────────────────────────────────────────────────────────────────────────────────────────────────────────────────────────────────────────────────────────────────────────────────────────────────────────────────────────────────────────────────────────────────────────────────────────────────────────────────╢
║ Target Include        │ ./benchmark/crashes/secbench/code-injection/node-serialize_0.0.3/**/node-serialize/lib/serialize.js, ./benchmark/crashes/secbench/code-injection/node-serialize_0.0.3/**/node-serialize/lib/serialize.js, ./benchmark/crashes/secbench/code-injection/node-serialize_0.0.3/**/node-serialize/lib/serialize.js, ./benchmark/crashes/secbench/code-injection/node-serialize_0.0.3/**//Users/philip/Documents/University.nosync/SecBench.js/code-injection/node-serialize_0.0.3/node-serialize.test.js, ./benchmark/crashes/secbench/code-injection/node-serialize_0.0.3/**/jest-jasmine2/build/jasmineAsyncInstall.js, ./benchmark/crashes/secbench/code-injection/node-serialize_0.0.3/**/jest-jasmine2/build/queueRunner.js, ./benchmark/crashes/secbench/code-injection/node-serialize_0.0.3/**/code-injection/node-serialize_0.0.3/node-serialize.test.js ║
╟───────────────────────┼─────────────────────────────────────────────────────────────────────────────────────────────────────────────────────────────────────────────────────────────────────────────────────────────────────────────────────────────────────────────────────────────────────────────────────────────────────────────────────────────────────────────────────────────────────────────────────────────────────────────────────────────────────────────────────────────────────────────────────────────────────────────────────────────────────────────────────────────────────────────────────────────────────────────────────────────────────────────────────────────────────────────────────────────────────────────────────────────────────────────────────────────────────────────────────────────────────────────────────────────────────────────────────────────╢
║ Target Exclude        │                                                                                                                                                                                                                                                                                                                                                                                                                                                                                                                                                                                                                                                                                                                                                                                                                                                             ║
╟───────────────────────┼─────────────────────────────────────────────────────────────────────────────────────────────────────────────────────────────────────────────────────────────────────────────────────────────────────────────────────────────────────────────────────────────────────────────────────────────────────────────────────────────────────────────────────────────────────────────────────────────────────────────────────────────────────────────────────────────────────────────────────────────────────────────────────────────────────────────────────────────────────────────────────────────────────────────────────────────────────────────────────────────────────────────────────────────────────────────────────────────────────────────────────────────────────────────────────────────────────────────────────────────────────────────────────────────╢
║ Analysis Include      │                                                                                                                                                                                                                                                                                                                                                                                                                                                                                                                                                                                                                                                                                                                                                                                                                                                             ║
╟───────────────────────┼─────────────────────────────────────────────────────────────────────────────────────────────────────────────────────────────────────────────────────────────────────────────────────────────────────────────────────────────────────────────────────────────────────────────────────────────────────────────────────────────────────────────────────────────────────────────────────────────────────────────────────────────────────────────────────────────────────────────────────────────────────────────────────────────────────────────────────────────────────────────────────────────────────────────────────────────────────────────────────────────────────────────────────────────────────────────────────────────────────────────────────────────────────────────────────────────────────────────────────────────────────────────────────────────╢
║ Analysis Exclude      │                                                                                                                                                                                                                                                                                                                                                                                                                                                                                                                                                                                                                                                                                                                                                                                                                                                             ║
╚═══════════════════════╧═════════════════════════════════════════════════════════════════════════════════════════════════════════════════════════════════════════════════════════════════════════════════════════════════════════════════════════════════════════════════════════════════════════════════════════════════════════════════════════════════════════════════════════════════════════════════════════════════════════════════════════════════════════════════════════════════════════════════════════════════════════════════════════════════════════════════════════════════════════════════════════════════════════════════════════════════════════════════════════════════════════════════════════════════════════════════════════════════════════════════════════════════════════════════════════════════════════════════════════════════════════════════════════════╝

╔═══════════════════════════════════════════════════════════════╗
║                           SETTINGS                            ║
╟───────────────────────────┬───────────────────────────────────╢
║ Setting                   │ Value                             ║
╟───────────────────────────┼───────────────────────────────────╢
║ Preset                    │ DynaMOSA                          ║
╟───────────────────────────┼───────────────────────────────────╢
║ Search Algorithm          │ MOSAFamily                        ║
╟───────────────────────────┼───────────────────────────────────╢
║ Population Size           │ 50                                ║
╟───────────────────────────┼───────────────────────────────────╢
║ Objective Manager         │ structural-uncovered              ║
╟───────────────────────────┼───────────────────────────────────╢
║ Secondary Objectives      │ [least-errors, smallest-encoding] ║
╟───────────────────────────┼───────────────────────────────────╢
║ Procreation Operator      │ default                           ║
╟───────────────────────────┼───────────────────────────────────╢
║ Crossover Operator        │ javascript-tree                   ║
╟───────────────────────────┼───────────────────────────────────╢
║ Sampling Operator         │ javascript-random                 ║
╟───────────────────────────┼───────────────────────────────────╢
║ Termination Triggers      │ [signal]                          ║
╟───────────────────────────┼───────────────────────────────────╢
║ Test Minimization Enabled │ false                             ║
╟───────────────────────────┼───────────────────────────────────╢
║ Seed                      │ 0.28200965079150603               ║
╚═══════════════════════════╧═══════════════════════════════════╝

╔═══════════════════════════════════════════════════╗
║                  BUDGET SETTINGS                  ║
╟────────────────────┬──────────────────────────────╢
║ Setting            │ Value                        ║
╟────────────────────┼──────────────────────────────╢
║ Iteration Budget   │ 20 iterations                ║
╟────────────────────┼──────────────────────────────╢
║ Evaluation Budget  │ 9007199254740991 evaluations ║
╟────────────────────┼──────────────────────────────╢
║ Search Time Budget │ 600 seconds                  ║
╟────────────────────┼──────────────────────────────╢
║ Total Time Budget  │ 600 seconds                  ║
╚════════════════════╧══════════════════════════════╝

╔═══════════════════════════════════════════╗
║             MUTATION SETTINGS             ║
╟───────────────────────────────────┬───────╢
║ Setting                           │ Value ║
╟───────────────────────────────────┼───────╢
║ Delta Mutation Probability        │ 0.8   ║
╟───────────────────────────────────┼───────╢
║ Crossover Probability             │ 0.7   ║
╟───────────────────────────────────┼───────╢
║ Multi-point Crossover Probability │ 0.5   ║
╟───────────────────────────────────┼───────╢
║ Max Depth                         │ 5     ║
╟───────────────────────────────────┼───────╢
║ Max Action Statements             │ 5     ║
╟───────────────────────────────────┼───────╢
║ Explore Illegal Values            │ true  ║
╟───────────────────────────────────┼───────╢
║ Use Constant Pool Values          │ true  ║
╟───────────────────────────────────┼───────╢
║ Use Constant Pool Probability     │ 0.5   ║
╟───────────────────────────────────┼───────╢
║ Use Type Pool Values              │ true  ║
╟───────────────────────────────────┼───────╢
║ Use Type Pool Probability         │ 0.5   ║
╟───────────────────────────────────┼───────╢
║ Use Statement Pool Values         │ true  ║
╟───────────────────────────────────┼───────╢
║ Use Statement Pool Probability    │ 0.8   ║
╚═══════════════════════════════════╧═══════╝

╔══════════════════════════════════════════════════╗
║                  Type SETTINGS                   ║
╟───────────────────────────────────┬──────────────╢
║ Setting                           │ Value        ║
╟───────────────────────────────────┼──────────────╢
║ Type Inference Mode               │ proportional ║
╟───────────────────────────────────┼──────────────╢
║ Incorporate Execution Information │ true         ║
╟───────────────────────────────────┼──────────────╢
║ Random Type Probability           │ 0.1          ║
╚═══════════════════════════════════╧══════════════╝

╔═══════════════════════════════════════════╗
║            DIRECTORY SETTINGS             ║
╟───────────────────────┬───────────────────╢
║ Setting               │ Value             ║
╟───────────────────────┼───────────────────╢
║ Syntest Directory     │ syntest           ║
╟───────────────────────┼───────────────────╢
║ Temporary Directory   │ .syntest          ║
╟───────────────────────┼───────────────────╢
║ Target Root Directory │ benchmark/crashes ║
╚═══════════════════════╧═══════════════════╝

Extracting types
Resolving Types
╔══════════════════╗
║ Objective Counts ║
╟──────────┬───────╢
║ Type     │ Count ║
╟──────────┼───────╢
║ branch   │ 40    ║
╟──────────┼───────╢
║ path     │ 17    ║
╟──────────┼───────╢
║ function │ 5     ║
╚══════════╧═══════╝


 Postprocessing started 

Splitting done took: 0, went from 0 to 0 test cases
De-Duplication done took: 0, went from 0 to 0 test cases
archive size 0

 GENERAL INFO 

No targets were selected! Try changing the 'target-include' parameter
