                                       
 _____            _____            _   
|   __| _ _  ___ |_   _| ___  ___ | |_ 
|__   || | ||   |  | |  | -_||_ -||  _|
|_____||_  ||_|_|  |_|  |___||___||_|  
       |___|                           

FID-1701983554942-nttgNazQ2HLjVjqcihbT3s

 Module loaded: 

  - Module: @syntest/init (0.2.2-beta.6)
    - Tools: 
      - init: A tool for initializing SynTest projects.
    - Plugins: []
    - Presets: []
  - Module: crash (0.0.1)
    - Tools: 
      - crash: A tool for javascript crash reproduction.
    - Plugins: 
      - javascript-tree: A JavaScript tree crossover plugin
      - javascript-random: A JavaScript random sampler plugin
      - stackTrace: A stack trace based objective manager
      - SearchMetricListener: A listener that collects statistics about the search process.
      - SearchPerformanceListener: A listener that outputs the performance of the search algorithm.
      - SearchProgressBarListener: A listener that creates and updates a progress bar for the search process.
      - simple: A simple objective manager
      - structural: A structural objective manager
      - structural-uncovered: A structural uncovered objective manager
      - tracking: A tracking objective manager
      - uncovered: An uncovered objective manager
      - least-errors: Secondary objective based on wether the encoding introduces an error
      - smallest-encoding: Secondary objective based on the length of the test case
      - default: A default procreation operator
      - MOSAFamily: Many-Objective Sorting Algorithm
      - NSGAII: NSGAII search algorithm
      - random: Random search algorithm
      - signal: Terminates the search when a signal is received
    - Presets: 
      - DynaMOSA: DynaMOSA preset
      - MOSA: MOSA preset
      - NSGAII: NSGAII preset
      - random: Random preset

Loading Crashes... 
Error: Command failed: wget -O ./benchmark/crashes/github/node/node-38058/node-v16.0.0-v8-canary202104037284782541.tar.gz https://nodejs.org/dist/v16.0.0-v8-canary202104037284782541/node-v16.0.0-v8-canary202104037284782541.tar.gz > /dev/null 2>&1
    at checkExecSyncError (node:child_process:890:11)
    at execSync (node:child_process:962:15)
    at /local/tmp/oliverphil/4256680.1/syntest-crash-reproduction/libraries/crash-reproduction-setup/lib/setup/EnvironmentGenerator.ts:174:19
    at Array.map (<anonymous>)
    at EnvironmentGenerator.loadAssets (/local/tmp/oliverphil/4256680.1/syntest-crash-reproduction/libraries/crash-reproduction-setup/lib/setup/EnvironmentGenerator.ts:147:99)
    at /local/tmp/oliverphil/4256680.1/syntest-crash-reproduction/tools/crash-reproduction/lib/commands/test.ts:171:51
    at Object.Command.handler (/local/tmp/oliverphil/4256680.1/syntest-core/libraries/module/lib/extension/Command.ts:45:13)
    at /local/tmp/oliverphil/4256680.1/syntest-core/node_modules/yargs/build/index.cjs:1:8993
    at /local/tmp/oliverphil/4256680.1/syntest-core/node_modules/yargs/build/index.cjs:1:4949 {
  status: 8,
  signal: null,
  output: [ null, <Buffer >, <Buffer > ],
  pid: 2168323,
  stdout: <Buffer >,
  stderr: <Buffer >
}
node-37430

up to date, audited 1 package in 105ms

found 0 vulnerabilities

node-37612

added 1 package, and audited 2 packages in 659ms

found 0 vulnerabilities

node-37705

up to date, audited 1 package in 104ms

found 0 vulnerabilities

node-37731

up to date, audited 1 package in 104ms

found 0 vulnerabilities

node-37972

added 1 package, and audited 2 packages in 486ms

found 0 vulnerabilities

node-38053

up to date, audited 1 package in 105ms

found 0 vulnerabilities

node-38058

added 31 packages, and audited 32 packages in 6s

1 package is looking for funding
  run `npm fund` for details

1 high severity vulnerability

Some issues need review, and may require choosing
a different dependency.

Run `npm audit` for details.

node-38580

added 1 package, and audited 2 packages in 499ms

found 0 vulnerabilities

node-38649

up to date, audited 1 package in 104ms

found 0 vulnerabilities

node-38721

up to date, audited 1 package in 103ms

found 0 vulnerabilities


 GENERAL INFO 

No targets were selected! Try changing the 'target-include' parameter
