[33mwarn[39m:    Overriding option with key: "objectiveManager" based on preset DynaMOSA
[33mwarn[39m:    Overriding option with key: "secondaryObjectives" based on preset DynaMOSA

--2023-11-29 13:00:51--  https://github.com/atom/atom/archive/refs/tags/v1.57.0.tar.gz
Loaded CA certificate '/etc/ssl/certs/ca-certificates.crt'
Resolving github.com (github.com)... 20.248.137.48
Connecting to github.com (github.com)|20.248.137.48|:443... connected.
HTTP request sent, awaiting response... 302 Found
Location: https://codeload.github.com/atom/atom/tar.gz/refs/tags/v1.57.0 [following]
--2023-11-29 13:00:51--  https://codeload.github.com/atom/atom/tar.gz/refs/tags/v1.57.0
Resolving codeload.github.com (codeload.github.com)... 20.248.137.55
Connecting to codeload.github.com (codeload.github.com)|20.248.137.55|:443... connected.
HTTP request sent, awaiting response... 200 OK
Length: unspecified [application/x-gzip]
Saving to: ‘./benchmark/crashes/github//atom/atom-22562/atom-1.57.0.tar.gz’

     0K .......... .......... .......... .......... ..........  661K
    50K .......... .......... .......... .......... .......... 1.29M
   100K .......... .......... .......... .......... .......... 1.27M
   150K .......... .......... .......... .......... .......... 1.28M
   200K .......... .......... .......... .......... .......... 1.30M
   250K .......... .......... .......... .......... .......... 42.7M
   300K .......... .......... .......... .......... .......... 50.2M
   350K .......... .......... .......... .......... .......... 51.9M
   400K .......... .......... .......... .......... .......... 1.40M
   450K .......... .......... .......... .......... .......... 38.7M
   500K .......... .......... .......... .......... .......... 47.8M
   550K .......... .......... .......... .......... .......... 50.5M
   600K .......... .......... .......... .......... ..........  691K
   650K .......... .......... .......... .......... .......... 43.1M
   700K .......... .......... .......... .......... .......... 82.9M
   750K .......... .......... .......... .......... .......... 93.3M
   800K .......... .......... .......... .......... .......... 87.4M
   850K .......... .......... .......... .......... .......... 99.0M
   900K .......... .......... .......... .......... ..........  108M
   950K .......... .......... .......... .......... ..........  103M
  1000K .......... .......... .......... .......... .......... 2.47M
  1050K .......... .......... .......... .......... .......... 3.40M
  1100K .......... .......... .......... .......... .......... 67.6M
  1150K .......... .......... .......... .......... .......... 83.6M
  1200K .......... .......... .......... .......... .......... 74.4M
  1250K .......... .......... .......... .......... .......... 99.2M
  1300K .......... .......... .......... .......... .......... 94.4M
  1350K .......... .......... .......... .......... .......... 83.9M
  1400K .......... .......... .......... .......... ..........  116M
  1450K .......... .......... .......... .......... ..........  126M
  1500K .......... .......... .......... .......... ..........  228M
  1550K .......... .......... .......... .......... ..........  519M
  1600K .......... .......... .......... .......... ..........  876K
  1650K .......... .......... .......... .......... ..........  245M
  1700K .......... .......... .......... .......... ..........  255M
  1750K .......... .......... .......... .......... ..........  258M
  1800K .......... .......... .......... .......... ..........  250M
  1850K .......... .......... .......... .......... ..........  284M
  1900K .......... .......... .......... .......... ..........  260M
  1950K .......... .......... .......... .......... ..........  257M
  2000K .......... .......... .......... .......... ..........  256M
  2050K .......... .......... .......... .......... ..........  277M
  2100K .......... .......... .......... .......... ..........  244M
  2150K .......... .......... .......... .......... ..........  256M
  2200K .......... .......... .......... .......... ..........  249M
  2250K .......... .......... .......... .......... ..........  211M
  2300K .......... .......... .......... .......... ..........  214M
  2350K .......... .......... .......... .......... ..........  307M
  2400K .......... .......... .......... .......... .......... 4.15M
  2450K .......... .......... .......... .......... .......... 25.1M
  2500K .......... .......... .......... .......... .......... 92.1M
  2550K .......... .......... .......... .......... .......... 88.4M
  2600K .......... .......... .......... .......... .......... 79.4M
  2650K .......... .......... .......... .......... .......... 85.5M
  2700K .......... .......... .......... .......... ..........  130M
  2750K .......... .......... .......... .......... .......... 1.43M
  2800K .......... .......... .......... .......... .......... 70.4M
  2850K .......... .......... .......... .......... .......... 67.6M
  2900K .......... .......... .......... .......... .......... 76.7M
  2950K .......... .......... .......... .......... .......... 78.8M
  3000K .......... .......... .......... .......... ..........  101M
  3050K .......... .......... .......... .......... .......... 89.7M
  3100K .......... .......... .......... .......... .......... 1.45M
  3150K .......... .......... .......... .......... .......... 70.3M
  3200K .......... .......... .......... .......... .......... 37.4M
  3250K .......... .......... .......... .......... .......... 67.7M
  3300K .......... .......... .......... .......... .......... 83.3M
  3350K .......... .......... .......... .......... .......... 93.6M
  3400K .......... .......... .......... .......... ..........  128M
  3450K .......... .......... .......... .......... .......... 1.45M
  3500K .......... .......... .......... .......... .......... 80.4M
  3550K .......... .......... .......... .......... .......... 44.4M
  3600K .......... .......... .......... .......... .......... 90.6M
  3650K .......... .......... .......... .......... .......... 81.6M
  3700K .......... .......... .......... .......... .......... 81.9M
  3750K .......... .......... .......... .......... ..........  108M
  3800K .......... .......... .......... .......... .......... 1.46M
  3850K .......... .......... .......... .......... .......... 71.5M
  3900K .......... .......... .......... .......... .......... 44.1M
  3950K .......... .......... .......... .......... .......... 82.0M
  4000K .......... .......... .......... .......... .......... 79.3M
  4050K .......... .......... .......... .......... .......... 92.5M
  4100K .......... .......... .......... .......... .......... 94.8M
  4150K .......... .......... .......... .......... .......... 1.44M
  4200K .......... .......... .......... .......... .......... 99.8M
  4250K .......... .......... .......... .......... .......... 53.8M
  4300K .......... .......... .......... .......... .......... 81.1M
  4350K .......... .......... .......... .......... .......... 73.5M
  4400K .......... .......... .......... .......... .......... 97.2M
  4450K .......... .......... .......... .......... .......... 98.0M
  4500K .......... .......... .......... .......... .......... 1.43M
  4550K .......... .......... .......... .......... .......... 78.2M
  4600K .......... .......... .......... .......... ..........  100M
  4650K .......... .......... .......... .......... .......... 71.2M
  4700K .......... .......... .......... .......... .......... 85.4M
  4750K .......... .......... .......... .......... .......... 82.1M
  4800K .......... .......... .......... .......... .......... 98.8M
  4850K .......... .......... .......... .......... .......... 1.43M
  4900K .......... .......... .......... .......... .......... 64.5M
  4950K .......... .......... .......... .......... .......... 80.0M
  5000K .......... .......... .......... .......... .......... 90.0M
  5050K .......... .......... .......... .......... .......... 83.0M
  5100K .......... .......... .......... .......... .......... 77.6M
  5150K .......... .......... .......... .......... ..........  107M
  5200K .......... .......... .......... .......... .......... 1.42M
  5250K .......... .......... .......... .......... .......... 68.0M
  5300K .......... .......... .......... .......... .......... 83.0M
  5350K .......... .......... .......... .......... .......... 74.7M
  5400K .......... .......... .......... .......... .......... 85.3M
  5450K .......... .......... .......... .......... .......... 87.0M
  5500K .......... .......... .......... .......... ..........  116M
  5550K .......... .......... .......... .......... .......... 2.47M
  5600K .......... .......... .......... .......... .......... 3.26M
  5650K .......... .......... .......... .......... ..........  106M
  5700K .......... .......... .......... .......... .......... 99.7M
  5750K .......... .......... .......... .......... ..........  104M
  5800K .......... .......... .......... .......... ..........  120M
  5850K .......... .......... .......... .......... ..........  111M
  5900K .......... .......... .......... .......... .......... 38.2M
  5950K .......... .......... .......... .......... .......... 1.42M
  6000K .......... .......... .......... .......... ..........  125M
  6050K .......... .......... .......... .......... ..........  102M
  6100K .......... .......... .......... .......... ..........  106M
  6150K .......... .......... .......... .......... ..........  114M
  6200K .......... .......... .......... .......... ..........  115M
  6250K .......... .......... .......... .......... .......... 74.1M
  6300K .......... .......... .......... .......... .......... 1.41M
  6350K .......... .......... .......... .......... ..........  108M
  6400K .......... .......... .......... .......... ..........  117M
  6450K .......... .......... .......... .......... ..........  101M
  6500K .......... .......... .......... .......... ..........  110M
  6550K .......... .......... .......... .......... ..........  114M
  6600K .......... .......... .......... .......... ..........  102M
  6650K .......... .......... .......... .......... .......... 1.40M
  6700K .......... .......... .......... .......... .......... 92.1M
  6750K .......... .......... .......... .......... ..........  129M
  6800K .......... .......... .......... .......... .......... 97.5M
  6850K .......... .......... .......... .......... ..........  103M
  6900K .......... .......... .......... .......... ..........  161M
  6950K .......... .......... .......... .......... .......... 95.0M
  7000K .......... .......... .......... .......... .......... 56.2M
  7050K .......... .......... .......... .......... .......... 1.41M
  7100K .......... .......... .......... .......... .......... 99.1M
  7150K .......... .......... .......... .......... .......... 97.4M
  7200K .......... .......... .......... .......... ..........  138M
  7250K .......... .......... .......... .......... ..........  107M
  7300K .......... .......... .......... .......... ..........  111M
  7350K .......... .......... .......... .......... ..........  120M
  7400K .......... .......... .......... .......... .......... 2.39M
  7450K .......... .......... .......... .......... .......... 3.25M
  7500K .......... .......... .......... .......... ..........  108M
  7550K .......... .......... .......... .......... ..........  121M
  7600K .......... .......... .......... .......... ..........  105M
  7650K .......... .......... .......... .......... .......... 99.5M
  7700K .......... .......... .......... .......... ..........  108M
  7750K .......... .......... .......... .......... ..........  113M
  7800K .......... .......... .......... .......... .......... 1.40M
  7850K .......... .......... .......... .......... ..........  105M
  7900K .......... .......... .......... .......... ..........  101M
  7950K .......... .......... .......... .......... ..........  122M
  8000K .......... .......... .......... .......... ..........  112M
  8050K .......... .......... .......... .......... ..........  103M
  8100K .......... .......... .......... .......... ..........  101M
  8150K .......... .......... .......... .......... .......... 1.40M
  8200K .......... .......... .......... .......... .......... 88.6M
  8250K .......... .......... .......... .......... ..........  117M
  8300K .......... .......... .......... .......... ..........  109M
  8350K .......... .......... .......... .......... ..........  121M
  8400K .......... .......... .......... .......... ..........  106M
  8450K .......... .......... .......... .......... ..........  108M
  8500K .......... .......... .......... .......... .......... 95.9M
  8550K .......... .......... .......... .......... .......... 1.40M
  8600K .......... .......... .......... .......... ..........  103M
  8650K .......... .......... .......... .......... ..........  107M
  8700K .......... .......... .......... .......... .......... 99.7M
  8750K .......... .......... .......... .......... ..........  124M
  8800K .......... .......... .......... .......... ..........  100M
  8850K .......... .......... .......... .......... ..........  112M
  8900K .......... .......... .......... .......... .......... 1.40M
  8950K .......... .......... .......... .......... ..........  103M
  9000K .......... .......... .......... .......... ..........  102M
  9050K .......... .......... .......... .......... ..........  111M
  9100K .......... .......... .......... .......... ..........  111M
  9150K .......... .......... .......... .......... ..........  114M
  9200K .......... .......... .......... .......... .......... 98.4M
  9250K .......... .......... .......... .......... ..........  113M
  9300K .......... .......... .......... .......... .......... 1.40M
  9350K .......... .......... .......... .......... ..........  123M
  9400K .......... .......... .......... .......... ..........  101M
  9450K .......... .......... .......... .......... ..........  106M
  9500K .......... .......... .......... .......... ..........  107M
  9550K .......... .......... .......... .......... ..........  105M
  9600K .......... .......... .......... .......... .......... 93.5M
  9650K .......... .......... .......... .......... .......... 2.57M
  9700K .......... .......... .......... .......... .......... 2.98M
  9750K .......... .......... .......... .......... ..........  128M
  9800K .......... .......... .......... .......... .......... 95.4M
  9850K .......... .......... .......... .......... ..........  112M
  9900K .......... .......... .......... .......... ..........  106M
  9950K .......... .......... .......... .......... ..........  125M
 10000K .......... .......... .......... .......... ..........  105M
 10050K .......... .......... .......... .......... .......... 1.39M
 10100K .......... .......... .......... .......... ..........  100M
 10150K .......... .......... .......... .......... ..........  122M
 10200K .......... .......... .......... .......... ..........  100M
 10250K .......... .......... .......... .......... ..........  107M
 10300K .......... .......... .......... .......... ..........  105M
 10350K .......... .......... .......... .......... ..........  117M
 10400K .......... .......... .......... .......... ..........  107M
 10450K .......... .......... .......... .......... .......... 1.39M
 10500K .......... .......... .......... .......... ..........  107M
 10550K .......... .......... .......... .......... ..........  120M
 10600K .......... .......... .......... .......... .......... 98.4M
 10650K .......... .......... .......... .......... .......... 93.3M
 10700K .......... .......... .......... .......... ..........  110M
 10750K .......... .......... .......... .......... ..........  124M
 10800K .......... .......... .......... .......... .......... 1.40M
 10850K .......... .......... .......... .......... .......... 82.9M
 10900K .......... .......... .......... .......... ..........  102M
 10950K .......... .......... .......... .......... ..........  126M
 11000K .......... .......... .......... .......... .......... 97.5M
 11050K .......... .......... .......... .......... ..........  110M
 11100K .......... .......... .......... .......... ..........  123M
 11150K .......... .......... .......... .......... ..........  103M
 11200K .......... .......... .......... .......... .......... 1.41M
 11250K .......... .......... .......... .......... ..........  104M
 11300K .......... .......... .......... .......... ..........  137M
 11350K .......... .......... .......... .......... .......... 95.5M
 11400K .......... .......... .......... .......... ..........  101M
 11450K .......... .......... .......... .......... ..........  138M
 11500K .......... .......... .......... .......... .......... 91.0M
 11550K .......... .......... .......... .......... .......... 1.39M
 11600K .......... .......... .......... .......... ..........  115M
 11650K .......... .......... .......... .......... ..........  112M
 11700K .......... .......... .......... .......... .......... 93.5M
 11750K .......... .......... .......... .......... ..........  124M
 11800K .......... .......... .......... .......... ......      106M=1.4s

2023-11-29 13:00:53 (8.23 MB/s) - ‘./benchmark/crashes/github//atom/atom-22562/atom-1.57.0.tar.gz’ saved [12130888]


--2023-11-29 13:00:55--  https://github.com/atom/atom/archive/refs/tags/v1.57.0.tar.gz
Loaded CA certificate '/etc/ssl/certs/ca-certificates.crt'
Resolving github.com (github.com)... 20.248.137.48
Connecting to github.com (github.com)|20.248.137.48|:443... connected.
HTTP request sent, awaiting response... 302 Found
Location: https://codeload.github.com/atom/atom/tar.gz/refs/tags/v1.57.0 [following]
--2023-11-29 13:00:56--  https://codeload.github.com/atom/atom/tar.gz/refs/tags/v1.57.0
Resolving codeload.github.com (codeload.github.com)... 20.248.137.55
Connecting to codeload.github.com (codeload.github.com)|20.248.137.55|:443... connected.
HTTP request sent, awaiting response... 200 OK
Length: unspecified [application/x-gzip]
Saving to: ‘./benchmark/crashes/github//atom/atom-22622/atom-1.57.0.tar.gz’

     0K .......... .......... .......... .......... ..........  652K
    50K .......... .......... .......... .......... .......... 1.29M
   100K .......... .......... .......... .......... .......... 1.26M
   150K .......... .......... .......... .......... .......... 1.27M
   200K .......... .......... .......... .......... .......... 1.28M
   250K .......... .......... .......... .......... .......... 45.7M
   300K .......... .......... .......... .......... .......... 43.9M
   350K .......... .......... .......... .......... .......... 1.42M
   400K .......... .......... .......... .......... ..........  144M
   450K .......... .......... .......... .......... .......... 97.2M
   500K .......... .......... .......... .......... ..........  102M
   550K .......... .......... .......... .......... ..........  139M
   600K .......... .......... .......... .......... ..........  662K
   650K .......... .......... .......... .......... .......... 29.1M
   700K .......... .......... .......... .......... .......... 85.1M
   750K .......... .......... .......... .......... .......... 97.1M
   800K .......... .......... .......... .......... .......... 94.5M
   850K .......... .......... .......... .......... ..........  110M
   900K .......... .......... .......... .......... .......... 89.1M
   950K .......... .......... .......... .......... ..........  107M
  1000K .......... .......... .......... .......... .......... 3.06M
  1050K .......... .......... .......... .......... .......... 99.8M
  1100K .......... .......... .......... .......... ..........  107M
  1150K .......... .......... .......... .......... ..........  106M
  1200K .......... .......... .......... .......... ..........  101M
  1250K .......... .......... .......... .......... ..........  117M
  1300K .......... .......... .......... .......... ..........  112M
  1350K .......... .......... .......... .......... ..........  110M
  1400K .......... .......... .......... .......... ..........  106M
  1450K .......... .......... .......... .......... ..........  128M
  1500K .......... .......... .......... .......... .......... 34.4M
  1550K .......... .......... .......... .......... .......... 82.5M
  1600K .......... .......... .......... .......... .......... 3.88M
  1650K .......... .......... .......... .......... .......... 36.6M
  1700K .......... .......... .......... .......... .......... 72.8M
  1750K .......... .......... .......... .......... .......... 52.0M
  1800K .......... .......... .......... .......... .......... 3.01M
  1850K .......... .......... .......... .......... .......... 87.3M
  1900K .......... .......... .......... .......... ..........  106M
  1950K .......... .......... .......... .......... .......... 10.1M
  2000K .......... .......... .......... .......... ..........  105M
  2050K .......... .......... .......... .......... .......... 4.01M
  2100K .......... .......... .......... .......... .......... 28.4M
  2150K .......... .......... .......... .......... .......... 65.9M
  2200K .......... .......... .......... .......... .......... 85.5M
  2250K .......... .......... .......... .......... .......... 87.3M
  2300K .......... .......... .......... .......... .......... 2.96M
  2350K .......... .......... .......... .......... ..........  105M
  2400K .......... .......... .......... .......... .......... 10.4M
  2450K .......... .......... .......... .......... .......... 95.9M
  2500K .......... .......... .......... .......... .......... 4.09M
  2550K .......... .......... .......... .......... .......... 69.8M
  2600K .......... .......... .......... .......... .......... 26.9M
  2650K .......... .......... .......... .......... ..........  101M
  2700K .......... .......... .......... .......... .......... 71.2M
  2750K .......... .......... .......... .......... .......... 2.90M
  2800K .......... .......... .......... .......... .......... 95.9M
  2850K .......... .......... .......... .......... .......... 12.2M
  2900K .......... .......... .......... .......... .......... 62.5M
  2950K .......... .......... .......... .......... .......... 4.17M
  3000K .......... .......... .......... .......... .......... 40.6M
  3050K .......... .......... .......... .......... .......... 32.7M
  3100K .......... .......... .......... .......... .......... 81.0M
  3150K .......... .......... .......... .......... .......... 73.8M
  3200K .......... .......... .......... .......... .......... 2.87M
  3250K .......... .......... .......... .......... .......... 93.2M
  3300K .......... .......... .......... .......... .......... 12.6M
  3350K .......... .......... .......... .......... .......... 65.9M
  3400K .......... .......... .......... .......... .......... 4.17M
  3450K .......... .......... .......... .......... .......... 37.3M
  3500K .......... .......... .......... .......... .......... 39.0M
  3550K .......... .......... .......... .......... .......... 79.3M
  3600K .......... .......... .......... .......... .......... 93.5M
  3650K .......... .......... .......... .......... .......... 2.86M
  3700K .......... .......... .......... .......... .......... 67.3M
  3750K .......... .......... .......... .......... ..........  108M
  3800K .......... .......... .......... .......... .......... 12.2M
  3850K .......... .......... .......... .......... .......... 4.07M
  3900K .......... .......... .......... .......... .......... 46.7M
  3950K .......... .......... .......... .......... .......... 37.0M
  4000K .......... .......... .......... .......... .......... 88.6M
  4050K .......... .......... .......... .......... .......... 74.8M
  4100K .......... .......... .......... .......... .......... 87.6M
  4150K .......... .......... .......... .......... .......... 2.86M
  4200K .......... .......... .......... .......... .......... 75.4M
  4250K .......... .......... .......... .......... .......... 14.5M
  4300K .......... .......... .......... .......... .......... 56.7M
  4350K .......... .......... .......... .......... .......... 3.93M
  4400K .......... .......... .......... .......... .......... 71.9M
  4450K .......... .......... .......... .......... .......... 36.4M
  4500K .......... .......... .......... .......... ..........  104M
  4550K .......... .......... .......... .......... .......... 83.9M
  4600K .......... .......... .......... .......... .......... 79.5M
  4650K .......... .......... .......... .......... .......... 2.85M
  4700K .......... .......... .......... .......... .......... 87.3M
  4750K .......... .......... .......... .......... .......... 14.0M
  4800K .......... .......... .......... .......... .......... 82.9M
  4850K .......... .......... .......... .......... .......... 3.82M
  4900K .......... .......... .......... .......... .......... 90.2M
  4950K .......... .......... .......... .......... .......... 32.4M
  5000K .......... .......... .......... .......... .......... 70.1M
  5050K .......... .......... .......... .......... .......... 83.3M
  5100K .......... .......... .......... .......... .......... 2.86M
  5150K .......... .......... .......... .......... .......... 80.4M
  5200K .......... .......... .......... .......... ..........  111M
  5250K .......... .......... .......... .......... .......... 13.6M
  5300K .......... .......... .......... .......... .......... 3.87M
  5350K .......... .......... .......... .......... .......... 74.4M
  5400K .......... .......... .......... .......... .......... 40.2M
  5450K .......... .......... .......... .......... .......... 82.8M
  5500K .......... .......... .......... .......... .......... 85.8M
  5550K .......... .......... .......... .......... .......... 75.7M
  5600K .......... .......... .......... .......... .......... 2.83M
  5650K .......... .......... .......... .......... .......... 86.5M
  5700K .......... .......... .......... .......... .......... 14.5M
  5750K .......... .......... .......... .......... .......... 55.9M
  5800K .......... .......... .......... .......... .......... 3.93M
  5850K .......... .......... .......... .......... .......... 84.1M
  5900K .......... .......... .......... .......... .......... 29.9M
  5950K .......... .......... .......... .......... .......... 82.2M
  6000K .......... .......... .......... .......... ..........  103M
  6050K .......... .......... .......... .......... .......... 2.85M
  6100K .......... .......... .......... .......... .......... 62.1M
  6150K .......... .......... .......... .......... ..........  102M
  6200K .......... .......... .......... .......... .......... 15.1M
  6250K .......... .......... .......... .......... .......... 3.77M
  6300K .......... .......... .......... .......... .......... 73.9M
  6350K .......... .......... .......... .......... .......... 39.6M
  6400K .......... .......... .......... .......... .......... 77.0M
  6450K .......... .......... .......... .......... .......... 85.4M
  6500K .......... .......... .......... .......... .......... 99.6M
  6550K .......... .......... .......... .......... .......... 2.72M
  6600K .......... .......... .......... .......... ..........  116M
  6650K .......... .......... .......... .......... .......... 21.0M
  6700K .......... .......... .......... .......... .......... 59.1M
  6750K .......... .......... .......... .......... .......... 3.73M
  6800K .......... .......... .......... .......... .......... 99.6M
  6850K .......... .......... .......... .......... .......... 42.3M
  6900K .......... .......... .......... .......... .......... 76.9M
  6950K .......... .......... .......... .......... .......... 72.1M
  7000K .......... .......... .......... .......... ..........  122M
  7050K .......... .......... .......... .......... .......... 2.66M
  7100K .......... .......... .......... .......... ..........  108M
  7150K .......... .......... .......... .......... .......... 21.2M
  7200K .......... .......... .......... .......... .......... 31.9M
  7250K .......... .......... .......... .......... .......... 4.05M
  7300K .......... .......... .......... .......... .......... 85.8M
  7350K .......... .......... .......... .......... .......... 45.5M
  7400K .......... .......... .......... .......... .......... 91.4M
  7450K .......... .......... .......... .......... .......... 86.9M
  7500K .......... .......... .......... .......... .......... 2.64M
  7550K .......... .......... .......... .......... .......... 66.6M
  7600K .......... .......... .......... .......... ..........  125M
  7650K .......... .......... .......... .......... .......... 24.1M
  7700K .......... .......... .......... .......... .......... 3.60M
  7750K .......... .......... .......... .......... .......... 73.5M
  7800K .......... .......... .......... .......... ..........  122M
  7850K .......... .......... .......... .......... .......... 76.9M
  7900K .......... .......... .......... .......... .......... 72.3M
  7950K .......... .......... .......... .......... .......... 85.4M
  8000K .......... .......... .......... .......... .......... 2.67M
  8050K .......... .......... .......... .......... .......... 65.1M
  8100K .......... .......... .......... .......... .......... 96.0M
  8150K .......... .......... .......... .......... .......... 21.4M
  8200K .......... .......... .......... .......... .......... 3.68M
  8250K .......... .......... .......... .......... .......... 64.0M
  8300K .......... .......... .......... .......... .......... 82.7M
  8350K .......... .......... .......... .......... .......... 94.5M
  8400K .......... .......... .......... .......... .......... 67.8M
  8450K .......... .......... .......... .......... ..........  101M
  8500K .......... .......... .......... .......... .......... 60.5M
  8550K .......... .......... .......... .......... .......... 2.68M
  8600K .......... .......... .......... .......... .......... 69.4M
  8650K .......... .......... .......... .......... .......... 27.6M
  8700K .......... .......... .......... .......... .......... 3.60M
  8750K .......... .......... .......... .......... .......... 67.9M
  8800K .......... .......... .......... .......... ..........  120M
  8850K .......... .......... .......... .......... .......... 70.2M
  8900K .......... .......... .......... .......... .......... 80.1M
  8950K .......... .......... .......... .......... .......... 91.9M
  9000K .......... .......... .......... .......... .......... 38.9M
  9050K .......... .......... .......... .......... .......... 2.71M
  9100K .......... .......... .......... .......... .......... 88.6M
  9150K .......... .......... .......... .......... .......... 34.6M
  9200K .......... .......... .......... .......... .......... 3.51M
  9250K .......... .......... .......... .......... .......... 66.6M
  9300K .......... .......... .......... .......... .......... 88.0M
  9350K .......... .......... .......... .......... .......... 95.0M
  9400K .......... .......... .......... .......... .......... 70.3M
  9450K .......... .......... .......... .......... .......... 98.0M
  9500K .......... .......... .......... .......... .......... 2.59M
  9550K .......... .......... .......... .......... .......... 80.8M
  9600K .......... .......... .......... .......... ..........  106M
  9650K .......... .......... .......... .......... .......... 44.2M
  9700K .......... .......... .......... .......... .......... 3.44M
  9750K .......... .......... .......... .......... .......... 84.8M
  9800K .......... .......... .......... .......... .......... 78.6M
  9850K .......... .......... .......... .......... .......... 77.0M
  9900K .......... .......... .......... .......... .......... 93.5M
  9950K .......... .......... .......... .......... ..........  103M
 10000K .......... .......... .......... .......... .......... 97.5M
 10050K .......... .......... .......... .......... .......... 2.62M
 10100K .......... .......... .......... .......... .......... 87.9M
 10150K .......... .......... .......... .......... .......... 44.6M
 10200K .......... .......... .......... .......... .......... 30.7M
 10250K .......... .......... .......... .......... .......... 3.69M
 10300K .......... .......... .......... .......... .......... 83.1M
 10350K .......... .......... .......... .......... .......... 98.4M
 10400K .......... .......... .......... .......... .......... 75.8M
 10450K .......... .......... .......... .......... .......... 87.6M
 10500K .......... .......... .......... .......... .......... 98.6M
 10550K .......... .......... .......... .......... .......... 2.67M
 10600K .......... .......... .......... .......... .......... 73.5M
 10650K .......... .......... .......... .......... .......... 34.6M
 10700K .......... .......... .......... .......... .......... 32.0M
 10750K .......... .......... .......... .......... .......... 3.63M
 10800K .......... .......... .......... .......... .......... 79.0M
 10850K .......... .......... .......... .......... .......... 72.3M
 10900K .......... .......... .......... .......... .......... 86.5M
 10950K .......... .......... .......... .......... ..........  105M
 11000K .......... .......... .......... .......... ..........  106M
 11050K .......... .......... .......... .......... .......... 2.66M
 11100K .......... .......... .......... .......... .......... 84.8M
 11150K .......... .......... .......... .......... .......... 50.0M
 11200K .......... .......... .......... .......... .......... 25.5M
 11250K .......... .......... .......... .......... .......... 3.62M
 11300K .......... .......... .......... .......... .......... 81.2M
 11350K .......... .......... .......... .......... .......... 90.8M
 11400K .......... .......... .......... .......... .......... 86.5M
 11450K .......... .......... .......... .......... .......... 89.5M
 11500K .......... .......... .......... .......... ..........  104M
 11550K .......... .......... .......... .......... .......... 2.66M
 11600K .......... .......... .......... .......... .......... 82.8M
 11650K .......... .......... .......... .......... .......... 52.1M
 11700K .......... .......... .......... .......... .......... 24.2M
 11750K .......... .......... .......... .......... .......... 3.67M
 11800K .......... .......... .......... .......... ......      104M=1.2s

2023-11-29 13:00:57 (9.79 MB/s) - ‘./benchmark/crashes/github//atom/atom-22622/atom-1.57.0.tar.gz’ saved [12130888]


--2023-11-29 13:00:59--  https://github.com/atom/atom/archive/refs/tags/v1.57.0.tar.gz
Loaded CA certificate '/etc/ssl/certs/ca-certificates.crt'
Resolving github.com (github.com)... 20.248.137.48
Connecting to github.com (github.com)|20.248.137.48|:443... connected.
HTTP request sent, awaiting response... 302 Found
Location: https://codeload.github.com/atom/atom/tar.gz/refs/tags/v1.57.0 [following]
--2023-11-29 13:01:00--  https://codeload.github.com/atom/atom/tar.gz/refs/tags/v1.57.0
Resolving codeload.github.com (codeload.github.com)... 20.248.137.55
Connecting to codeload.github.com (codeload.github.com)|20.248.137.55|:443... connected.
HTTP request sent, awaiting response... 200 OK
Length: 12130888 (12M) [application/x-gzip]
Saving to: ‘./benchmark/crashes/github//atom/atom-22699/atom-1.57.0.tar.gz’

     0K .......... .......... .......... .......... ..........  0%  684K 17s
    50K .......... .......... .......... .......... ..........  0% 1.32M 13s
   100K .......... .......... .......... .......... ..........  1% 1.31M 11s
   150K .......... .......... .......... .......... ..........  1% 1.34M 11s
   200K .......... .......... .......... .......... ..........  2% 1.35M 10s
   250K .......... .......... .......... .......... ..........  2%  111M 8s
   300K .......... .......... .......... .......... ..........  2%  104M 7s
   350K .......... .......... .......... .......... ..........  3%  694K 8s
   400K .......... .......... .......... .......... ..........  3% 86.6M 7s
   450K .......... .......... .......... .......... ..........  4%  125M 7s
   500K .......... .......... .......... .......... ..........  4%  110M 6s
   550K .......... .......... .......... .......... ..........  5%  106M 6s
   600K .......... .......... .......... .......... ..........  5%  104M 5s
   650K .......... .......... .......... .......... ..........  5% 2.17M 5s
   700K .......... .......... .......... .......... ..........  6% 3.91M 5s
   750K .......... .......... .......... .......... ..........  6%  114M 5s
   800K .......... .......... .......... .......... ..........  7%  123M 4s
   850K .......... .......... .......... .......... ..........  7% 30.0M 4s
   900K .......... .......... .......... .......... ..........  8% 2.21M 4s
   950K .......... .......... .......... .......... ..........  8%  108M 4s
  1000K .......... .......... .......... .......... ..........  8%  128M 4s
  1050K .......... .......... .......... .......... ..........  9% 4.03M 4s
  1100K .......... .......... .......... .......... ..........  9% 32.6M 3s
  1150K .......... .......... .......... .......... .......... 10% 2.22M 3s
  1200K .......... .......... .......... .......... .......... 10% 84.3M 3s
  1250K .......... .......... .......... .......... .......... 10% 99.5M 3s
  1300K .......... .......... .......... .......... .......... 11% 4.77M 3s
  1350K .......... .......... .......... .......... .......... 11% 24.0M 3s
  1400K .......... .......... .......... .......... .......... 12% 2.10M 3s
  1450K .......... .......... .......... .......... .......... 12%  137M 3s
  1500K .......... .......... .......... .......... .......... 13%  107M 3s
  1550K .......... .......... .......... .......... .......... 13% 4.73M 3s
  1600K .......... .......... .......... .......... .......... 13% 21.9M 3s
  1650K .......... .......... .......... .......... .......... 14% 35.6M 3s
  1700K .......... .......... .......... .......... .......... 14% 2.19M 3s
  1750K .......... .......... .......... .......... .......... 15%  105M 3s
  1800K .......... .......... .......... .......... .......... 15%  123M 3s
  1850K .......... .......... .......... .......... .......... 16% 4.15M 2s
  1900K .......... .......... .......... .......... .......... 16% 32.3M 2s
  1950K .......... .......... .......... .......... .......... 16% 2.19M 2s
  2000K .......... .......... .......... .......... .......... 17%  123M 2s
  2050K .......... .......... .......... .......... .......... 17% 96.9M 2s
  2100K .......... .......... .......... .......... .......... 18% 4.56M 2s
  2150K .......... .......... .......... .......... .......... 18% 20.8M 2s
  2200K .......... .......... .......... .......... .......... 18% 2.17M 2s
  2250K .......... .......... .......... .......... .......... 19% 92.6M 2s
  2300K .......... .......... .......... .......... .......... 19%  111M 2s
  2350K .......... .......... .......... .......... .......... 20% 4.91M 2s
  2400K .......... .......... .......... .......... .......... 20% 24.3M 2s
  2450K .......... .......... .......... .......... .......... 21% 31.0M 2s
  2500K .......... .......... .......... .......... .......... 21% 2.19M 2s
  2550K .......... .......... .......... .......... .......... 21%  102M 2s
  2600K .......... .......... .......... .......... .......... 22% 4.80M 2s
  2650K .......... .......... .......... .......... .......... 22% 23.0M 2s
  2700K .......... .......... .......... .......... .......... 23% 51.1M 2s
  2750K .......... .......... .......... .......... .......... 23% 2.14M 2s
  2800K .......... .......... .......... .......... .......... 24%  124M 2s
  2850K .......... .......... .......... .......... .......... 24%  103M 2s
  2900K .......... .......... .......... .......... .......... 24% 4.85M 2s
  2950K .......... .......... .......... .......... .......... 25% 18.1M 2s
  3000K .......... .......... .......... .......... .......... 25% 2.15M 2s
  3050K .......... .......... .......... .......... .......... 26% 89.5M 2s
  3100K .......... .......... .......... .......... .......... 26%  108M 2s
  3150K .......... .......... .......... .......... .......... 27% 4.85M 2s
  3200K .......... .......... .......... .......... .......... 27% 27.4M 2s
  3250K .......... .......... .......... .......... .......... 27% 39.8M 2s
  3300K .......... .......... .......... .......... .......... 28% 2.15M 2s
  3350K .......... .......... .......... .......... .......... 28% 99.1M 2s
  3400K .......... .......... .......... .......... .......... 29%  111M 2s
  3450K .......... .......... .......... .......... .......... 29% 4.31M 2s
  3500K .......... .......... .......... .......... .......... 29% 36.0M 2s
  3550K .......... .......... .......... .......... .......... 30% 2.15M 2s
  3600K .......... .......... .......... .......... .......... 30% 98.9M 2s
  3650K .......... .......... .......... .......... .......... 31%  101M 2s
  3700K .......... .......... .......... .......... .......... 31% 4.86M 2s
  3750K .......... .......... .......... .......... .......... 32% 24.2M 2s
  3800K .......... .......... .......... .......... .......... 32% 40.3M 2s
  3850K .......... .......... .......... .......... .......... 32% 2.16M 2s
  3900K .......... .......... .......... .......... .......... 33% 93.1M 2s
  3950K .......... .......... .......... .......... .......... 33%  110M 1s
  4000K .......... .......... .......... .......... .......... 34% 4.84M 1s
  4050K .......... .......... .......... .......... .......... 34% 20.6M 1s
  4100K .......... .......... .......... .......... .......... 35% 2.19M 1s
  4150K .......... .......... .......... .......... .......... 35% 58.5M 1s
  4200K .......... .......... .......... .......... .......... 35% 70.2M 1s
  4250K .......... .......... .......... .......... .......... 36% 4.94M 1s
  4300K .......... .......... .......... .......... .......... 36% 24.1M 1s
  4350K .......... .......... .......... .......... .......... 37% 33.3M 1s
  4400K .......... .......... .......... .......... .......... 37% 2.23M 1s
  4450K .......... .......... .......... .......... .......... 37% 58.0M 1s
  4500K .......... .......... .......... .......... .......... 38% 99.3M 1s
  4550K .......... .......... .......... .......... .......... 38% 4.81M 1s
  4600K .......... .......... .......... .......... .......... 39% 25.5M 1s
  4650K .......... .......... .......... .......... .......... 39% 33.1M 1s
  4700K .......... .......... .......... .......... .......... 40% 2.23M 1s
  4750K .......... .......... .......... .......... .......... 40% 53.7M 1s
  4800K .......... .......... .......... .......... .......... 40% 4.83M 1s
  4850K .......... .......... .......... .......... .......... 41% 31.2M 1s
  4900K .......... .......... .......... .......... .......... 41% 29.6M 1s
  4950K .......... .......... .......... .......... .......... 42%  126M 1s
  5000K .......... .......... .......... .......... .......... 42% 2.19M 1s
  5050K .......... .......... .......... .......... .......... 43% 96.1M 1s
  5100K .......... .......... .......... .......... .......... 43% 4.84M 1s
  5150K .......... .......... .......... .......... .......... 43% 32.2M 1s
  5200K .......... .......... .......... .......... .......... 44% 28.5M 1s
  5250K .......... .......... .......... .......... .......... 44% 2.19M 1s
  5300K .......... .......... .......... .......... .......... 45%  118M 1s
  5350K .......... .......... .......... .......... .......... 45% 70.0M 1s
  5400K .......... .......... .......... .......... .......... 46% 4.61M 1s
  5450K .......... .......... .......... .......... .......... 46% 38.5M 1s
  5500K .......... .......... .......... .......... .......... 46% 29.9M 1s
  5550K .......... .......... .......... .......... .......... 47% 2.22M 1s
  5600K .......... .......... .......... .......... .......... 47%  122M 1s
  5650K .......... .......... .......... .......... .......... 48% 56.7M 1s
  5700K .......... .......... .......... .......... .......... 48% 4.62M 1s
  5750K .......... .......... .......... .......... .......... 48% 39.0M 1s
  5800K .......... .......... .......... .......... .......... 49% 30.5M 1s
  5850K .......... .......... .......... .......... .......... 49% 2.23M 1s
  5900K .......... .......... .......... .......... .......... 50% 83.4M 1s
  5950K .......... .......... .......... .......... .......... 50% 65.0M 1s
  6000K .......... .......... .......... .......... .......... 51% 4.61M 1s
  6050K .......... .......... .......... .......... .......... 51% 24.4M 1s
  6100K .......... .......... .......... .......... .......... 51% 59.6M 1s
  6150K .......... .......... .......... .......... .......... 52% 2.21M 1s
  6200K .......... .......... .......... .......... .......... 52%  102M 1s
  6250K .......... .......... .......... .......... .......... 53% 4.61M 1s
  6300K .......... .......... .......... .......... .......... 53% 79.2M 1s
  6350K .......... .......... .......... .......... .......... 54% 29.0M 1s
  6400K .......... .......... .......... .......... .......... 54% 58.7M 1s
  6450K .......... .......... .......... .......... .......... 54% 2.20M 1s
  6500K .......... .......... .......... .......... .......... 55% 69.3M 1s
  6550K .......... .......... .......... .......... .......... 55% 4.73M 1s
  6600K .......... .......... .......... .......... .......... 56% 38.0M 1s
  6650K .......... .......... .......... .......... .......... 56% 34.5M 1s
  6700K .......... .......... .......... .......... .......... 56% 72.3M 1s
  6750K .......... .......... .......... .......... .......... 57% 2.18M 1s
  6800K .......... .......... .......... .......... .......... 57%  118M 1s
  6850K .......... .......... .......... .......... .......... 58% 4.56M 1s
  6900K .......... .......... .......... .......... .......... 58% 45.0M 1s
  6950K .......... .......... .......... .......... .......... 59% 33.7M 1s
  7000K .......... .......... .......... .......... .......... 59% 74.9M 1s
  7050K .......... .......... .......... .......... .......... 59% 2.16M 1s
  7100K .......... .......... .......... .......... .......... 60%  106M 1s
  7150K .......... .......... .......... .......... .......... 60% 4.75M 1s
  7200K .......... .......... .......... .......... .......... 61% 48.8M 1s
  7250K .......... .......... .......... .......... .......... 61% 28.9M 1s
  7300K .......... .......... .......... .......... .......... 62% 88.0M 1s
  7350K .......... .......... .......... .......... .......... 62% 2.14M 1s
  7400K .......... .......... .......... .......... .......... 62% 99.3M 1s
  7450K .......... .......... .......... .......... .......... 63% 4.69M 1s
  7500K .......... .......... .......... .......... .......... 63% 57.9M 1s
  7550K .......... .......... .......... .......... .......... 64% 44.1M 1s
  7600K .......... .......... .......... .......... .......... 64% 42.1M 1s
  7650K .......... .......... .......... .......... .......... 64% 2.15M 1s
  7700K .......... .......... .......... .......... .......... 65%  108M 1s
  7750K .......... .......... .......... .......... .......... 65% 4.85M 1s
  7800K .......... .......... .......... .......... .......... 66% 62.8M 1s
  7850K .......... .......... .......... .......... .......... 66% 27.3M 1s
  7900K .......... .......... .......... .......... .......... 67% 60.6M 1s
  7950K .......... .......... .......... .......... .......... 67% 2.16M 1s
  8000K .......... .......... .......... .......... .......... 67%  107M 1s
  8050K .......... .......... .......... .......... .......... 68% 4.98M 1s
  8100K .......... .......... .......... .......... .......... 68% 42.5M 1s
  8150K .......... .......... .......... .......... .......... 69% 27.4M 1s
  8200K .......... .......... .......... .......... .......... 69% 71.6M 1s
  8250K .......... .......... .......... .......... .......... 70% 2.16M 1s
  8300K .......... .......... .......... .......... .......... 70% 83.9M 1s
  8350K .......... .......... .......... .......... .......... 70% 5.04M 1s
  8400K .......... .......... .......... .......... .......... 71% 33.7M 1s
  8450K .......... .......... .......... .......... .......... 71% 31.3M 1s
  8500K .......... .......... .......... .......... .......... 72% 92.4M 1s
  8550K .......... .......... .......... .......... .......... 72% 2.14M 1s
  8600K .......... .......... .......... .......... .......... 73%  103M 0s
  8650K .......... .......... .......... .......... .......... 73% 4.93M 0s
  8700K .......... .......... .......... .......... .......... 73% 64.2M 0s
  8750K .......... .......... .......... .......... .......... 74% 27.6M 0s
  8800K .......... .......... .......... .......... .......... 74% 60.2M 0s
  8850K .......... .......... .......... .......... .......... 75% 2.13M 0s
  8900K .......... .......... .......... .......... .......... 75% 5.01M 0s
  8950K .......... .......... .......... .......... .......... 75% 94.0M 0s
  9000K .......... .......... .......... .......... .......... 76% 61.9M 0s
  9050K .......... .......... .......... .......... .......... 76% 23.4M 0s
  9100K .......... .......... .......... .......... .......... 77% 95.4M 0s
  9150K .......... .......... .......... .......... .......... 77% 2.10M 0s
  9200K .......... .......... .......... .......... .......... 78%  109M 0s
  9250K .......... .......... .......... .......... .......... 78% 5.15M 0s
  9300K .......... .......... .......... .......... .......... 78% 92.4M 0s
  9350K .......... .......... .......... .......... .......... 79% 23.9M 0s
  9400K .......... .......... .......... .......... .......... 79%  107M 0s
  9450K .......... .......... .......... .......... .......... 80% 93.9M 0s
  9500K .......... .......... .......... .......... .......... 80% 2.10M 0s
  9550K .......... .......... .......... .......... .......... 81% 4.92M 0s
  9600K .......... .......... .......... .......... .......... 81%  149M 0s
  9650K .......... .......... .......... .......... .......... 81% 30.2M 0s
  9700K .......... .......... .......... .......... .......... 82% 53.4M 0s
  9750K .......... .......... .......... .......... .......... 82%  121M 0s
  9800K .......... .......... .......... .......... .......... 83% 2.08M 0s
  9850K .......... .......... .......... .......... .......... 83% 5.10M 0s
  9900K .......... .......... .......... .......... .......... 83% 95.9M 0s
  9950K .......... .......... .......... .......... .......... 84% 54.0M 0s
 10000K .......... .......... .......... .......... .......... 84% 35.5M 0s
 10050K .......... .......... .......... .......... .......... 85% 86.0M 0s
 10100K .......... .......... .......... .......... .......... 85% 2.07M 0s
 10150K .......... .......... .......... .......... .......... 86% 5.20M 0s
 10200K .......... .......... .......... .......... .......... 86% 82.3M 0s
 10250K .......... .......... .......... .......... .......... 86%  100M 0s
 10300K .......... .......... .......... .......... .......... 87% 28.5M 0s
 10350K .......... .......... .......... .......... .......... 87% 67.1M 0s
 10400K .......... .......... .......... .......... .......... 88% 2.06M 0s
 10450K .......... .......... .......... .......... .......... 88% 91.0M 0s
 10500K .......... .......... .......... .......... .......... 89% 5.19M 0s
 10550K .......... .......... .......... .......... .......... 89%  101M 0s
 10600K .......... .......... .......... .......... .......... 89% 28.2M 0s
 10650K .......... .......... .......... .......... .......... 90% 90.0M 0s
 10700K .......... .......... .......... .......... .......... 90% 71.8M 0s
 10750K .......... .......... .......... .......... .......... 91% 2.06M 0s
 10800K .......... .......... .......... .......... .......... 91% 5.03M 0s
 10850K .......... .......... .......... .......... .......... 92%  110M 0s
 10900K .......... .......... .......... .......... .......... 92% 54.5M 0s
 10950K .......... .......... .......... .......... .......... 92% 48.4M 0s
 11000K .......... .......... .......... .......... .......... 93% 99.2M 0s
 11050K .......... .......... .......... .......... .......... 93% 2.04M 0s
 11100K .......... .......... .......... .......... .......... 94% 4.95M 0s
 11150K .......... .......... .......... .......... .......... 94% 98.8M 0s
 11200K .......... .......... .......... .......... .......... 94%  104M 0s
 11250K .......... .......... .......... .......... .......... 95% 50.0M 0s
 11300K .......... .......... .......... .......... .......... 95%  107M 0s
 11350K .......... .......... .......... .......... .......... 96% 2.03M 0s
 11400K .......... .......... .......... .......... .......... 96% 4.82M 0s
 11450K .......... .......... .......... .......... .......... 97% 88.8M 0s
 11500K .......... .......... .......... .......... .......... 97%  116M 0s
 11550K .......... .......... .......... .......... .......... 97%  101M 0s
 11600K .......... .......... .......... .......... .......... 98% 51.0M 0s
 11650K .......... .......... .......... .......... .......... 98% 99.9M 0s
 11700K .......... .......... .......... .......... .......... 99% 1.45M 0s
 11750K .......... .......... .......... .......... .......... 99% 89.3M 0s
 11800K .......... .......... .......... .......... ......    100%  115M=1.7s

2023-11-29 13:01:02 (6.72 MB/s) - ‘./benchmark/crashes/github//atom/atom-22699/atom-1.57.0.tar.gz’ saved [12130888/12130888]

npm WARN deprecated har-validator@5.1.5: this library is no longer supported
npm WARN deprecated uuid@3.4.0: Please upgrade  to version 7 or higher.  Older versions may use Math.random() in certain circumstances, which is known to be problematic.  See https://v8.dev/blog/math-random for details.
npm WARN deprecated electron-download@4.1.1: Please use @electron/get moving forward.
npm WARN deprecated request@2.88.2: request has been deprecated, see https://github.com/request/request/issues/3142

--2023-11-29 13:01:05--  https://github.com/atom/atom/archive/refs/tags/v1.54.0.tar.gz
Loaded CA certificate '/etc/ssl/certs/ca-certificates.crt'
Resolving github.com (github.com)... 20.248.137.48
Connecting to github.com (github.com)|20.248.137.48|:443... connected.
HTTP request sent, awaiting response... 302 Found
Location: https://codeload.github.com/atom/atom/tar.gz/refs/tags/v1.54.0 [following]
--2023-11-29 13:01:06--  https://codeload.github.com/atom/atom/tar.gz/refs/tags/v1.54.0
Resolving codeload.github.com (codeload.github.com)... 20.248.137.55
Connecting to codeload.github.com (codeload.github.com)|20.248.137.55|:443... connected.
HTTP request sent, awaiting response... 200 OK
Length: unspecified [application/x-gzip]
Saving to: ‘./benchmark/crashes/github//atom/atom-22783/atom-1.54.0.tar.gz’

     0K .......... .......... .......... .......... ..........  706K
    50K .......... .......... .......... .......... .......... 1.38M
   100K .......... .......... .......... .......... .......... 1.38M
   150K .......... .......... .......... .......... .......... 1.41M
   200K .......... .......... .......... .......... .......... 41.8M
   250K .......... .......... .......... .......... .......... 45.6M
   300K .......... .......... .......... .......... ..........  743K
   350K .......... .......... .......... .......... .......... 40.5M
   400K .......... .......... .......... .......... .......... 40.2M
   450K .......... .......... .......... .......... .......... 46.4M
   500K .......... .......... .......... .......... .......... 83.7M
   550K .......... .......... .......... .......... ..........  239M
   600K .......... .......... .......... .......... .......... 1.60M
   650K .......... .......... .......... .......... ..........  112M
   700K .......... .......... .......... .......... ..........  112M
   750K .......... .......... .......... .......... .......... 94.4M
   800K .......... .......... .......... .......... ..........  143M
   850K .......... .......... .......... .......... ..........  100M
   900K .......... .......... .......... .......... ..........  119M
   950K .......... .......... .......... .......... ..........  141M
  1000K .......... .......... .......... .......... ..........  105M
  1050K .......... .......... .......... .......... .......... 94.1M
  1100K .......... .......... .......... .......... .......... 1.56M
  1150K .......... .......... .......... .......... ..........  110M
  1200K .......... .......... .......... .......... ..........  105M
  1250K .......... .......... .......... .......... ..........  105M
  1300K .......... .......... .......... .......... .......... 75.6M
  1350K .......... .......... .......... .......... .......... 1.48M
  1400K .......... .......... .......... .......... ..........  108M
  1450K .......... .......... .......... .......... ..........  116M
  1500K .......... .......... .......... .......... .......... 98.2M
  1550K .......... .......... .......... .......... ..........  103M
  1600K .......... .......... .......... .......... .......... 1.46M
  1650K .......... .......... .......... .......... ..........  123M
  1700K .......... .......... .......... .......... .......... 99.3M
  1750K .......... .......... .......... .......... .......... 99.5M
  1800K .......... .......... .......... .......... ..........  113M
  1850K .......... .......... .......... .......... .......... 1.47M
  1900K .......... .......... .......... .......... .......... 79.5M
  1950K .......... .......... .......... .......... ..........  103M
  2000K .......... .......... .......... .......... ..........  101M
  2050K .......... .......... .......... .......... .......... 99.5M
  2100K .......... .......... .......... .......... ..........  118M
  2150K .......... .......... .......... .......... .......... 1.47M
  2200K .......... .......... .......... .......... ..........  101M
  2250K .......... .......... .......... .......... ..........  126M
  2300K .......... .......... .......... .......... ..........  103M
  2350K .......... .......... .......... .......... ..........  104M
  2400K .......... .......... .......... .......... .......... 1.47M
  2450K .......... .......... .......... .......... ..........  124M
  2500K .......... .......... .......... .......... ..........  104M
  2550K .......... .......... .......... .......... .......... 97.1M
  2600K .......... .......... .......... .......... ..........  111M
  2650K .......... .......... .......... .......... ..........  120M
  2700K .......... .......... .......... .......... .......... 1.48M
  2750K .......... .......... .......... .......... ..........  110M
  2800K .......... .......... .......... .......... ..........  104M
  2850K .......... .......... .......... .......... ..........  115M
  2900K .......... .......... .......... .......... .......... 99.1M
  2950K .......... .......... .......... .......... .......... 1.47M
  3000K .......... .......... .......... .......... ..........  103M
  3050K .......... .......... .......... .......... ..........  116M
  3100K .......... .......... .......... .......... ..........  106M
  3150K .......... .......... .......... .......... ..........  110M
  3200K .......... .......... .......... .......... .......... 1.47M
  3250K .......... .......... .......... .......... .......... 95.0M
  3300K .......... .......... .......... .......... ..........  108M
  3350K .......... .......... .......... .......... ..........  100M
  3400K .......... .......... .......... .......... ..........  101M
  3450K .......... .......... .......... .......... ..........  125M
  3500K .......... .......... .......... .......... .......... 1.49M
  3550K .......... .......... .......... .......... .......... 97.3M
  3600K .......... .......... .......... .......... ..........  111M
  3650K .......... .......... .......... .......... ..........  114M
  3700K .......... .......... .......... .......... ..........  103M
  3750K .......... .......... .......... .......... .......... 1.48M
  3800K .......... .......... .......... .......... .......... 91.4M
  3850K .......... .......... .......... .......... ..........  117M
  3900K .......... .......... .......... .......... .......... 94.2M
  3950K .......... .......... .......... .......... ..........  109M
  4000K .......... .......... .......... .......... ..........  111M
  4050K .......... .......... .......... .......... .......... 1.48M
  4100K .......... .......... .......... .......... .......... 90.3M
  4150K .......... .......... .......... .......... ..........  113M
  4200K .......... .......... .......... .......... .......... 98.1M
  4250K .......... .......... .......... .......... ..........  116M
  4300K .......... .......... .......... .......... .......... 1.49M
  4350K .......... .......... .......... .......... .......... 89.0M
  4400K .......... .......... .......... .......... ..........  113M
  4450K .......... .......... .......... .......... ..........  109M
  4500K .......... .......... .......... .......... .......... 99.4M
  4550K .......... .......... .......... .......... ..........  108M
  4600K .......... .......... .......... .......... .......... 1.48M
  4650K .......... .......... .......... .......... ..........  109M
  4700K .......... .......... .......... .......... ..........  105M
  4750K .......... .......... .......... .......... ..........  110M
  4800K .......... .......... .......... .......... .......... 98.0M
  4850K .......... .......... .......... .......... ..........  107M
  4900K .......... .......... .......... .......... .......... 1.48M
  4950K .......... .......... .......... .......... .......... 99.1M
  5000K .......... .......... .......... .......... .......... 99.7M
  5050K .......... .......... .......... .......... ..........  111M
  5100K .......... .......... .......... .......... ..........  102M
  5150K .......... .......... .......... .......... .......... 1.50M
  5200K .......... .......... .......... .......... ..........  109M
  5250K .......... .......... .......... .......... .......... 92.1M
  5300K .......... .......... .......... .......... ..........  103M
  5350K .......... .......... .......... .......... ..........  133M
  5400K .......... .......... .......... .......... .......... 90.4M
  5450K .......... .......... .......... .......... .......... 1.49M
  5500K .......... .......... .......... .......... ..........  114M
  5550K .......... .......... .......... .......... .......... 90.2M
  5600K .......... .......... .......... .......... .......... 87.4M
  5650K .......... .......... .......... .......... ..........  120M
  5700K .......... .......... .......... .......... ..........  108M
  5750K .......... .......... .......... .......... .......... 1.49M
  5800K .......... .......... .......... .......... ..........  203M
  5850K .......... .......... .......... .......... .......... 97.2M
  5900K .......... .......... .......... .......... .......... 94.3M
  5950K .......... .......... .......... .......... ..........  123M
  6000K .......... .......... .......... .......... ..........  116M
  6050K .......... .......... .......... .......... .......... 1.47M
  6100K .......... .......... .......... .......... ..........  282M
  6150K .......... .......... .......... .......... ..........  110M
  6200K .......... .......... .......... .......... ..........  132M
  6250K .......... .......... .......... .......... .......... 94.0M
  6300K .......... .......... .......... .......... ..........  135M
  6350K .......... .......... .......... .......... .......... 1.46M
  6400K .......... .......... .......... .......... ..........  130M
  6450K .......... .......... .......... .......... ..........  112M
  6500K .......... .......... .......... .......... ..........  105M
  6550K .......... .......... .......... .......... ..........  115M
  6600K .......... .......... .......... .......... ..........  126M
  6650K .......... .......... .......... .......... .......... 1.48M
  6700K .......... .......... .......... .......... .......... 91.5M
  6750K .......... .......... .......... .......... .......... 99.2M
  6800K .......... .......... .......... .......... ..........  124M
  6850K .......... .......... .......... .......... .......... 99.5M
  6900K .......... .......... .......... .......... ..........  105M
  6950K .......... .......... .......... .......... .......... 1.49M
  7000K .......... .......... .......... .......... ..........  120M
  7050K .......... .......... .......... .......... ..........  106M
  7100K .......... .......... .......... .......... ..........  103M
  7150K .......... .......... .......... .......... ..........  117M
  7200K .......... .......... .......... .......... ..........  109M
  7250K .......... .......... .......... .......... .......... 1.48M
  7300K .......... .......... .......... .......... ..........  103M
  7350K .......... .......... .......... .......... ..........  104M
  7400K .......... .......... .......... .......... ..........  113M
  7450K .......... .......... .......... .......... ..........  101M
  7500K .......... .......... .......... .......... .......... 1.49M
  7550K .......... .......... .......... .......... .......... 90.3M
  7600K .......... .......... .......... .......... ..........  120M
  7650K .......... .......... .......... .......... .......... 97.5M
  7700K .......... .......... .......... .......... ..........  105M
  7750K .......... .......... .......... .......... ..........  102M
  7800K .......... .......... .......... .......... .......... 1.49M
  7850K .......... .......... .......... .......... .......... 86.3M
  7900K .......... .......... .......... .......... ..........  112M
  7950K .......... .......... .......... .......... .......... 96.4M
  8000K .......... .......... .......... .......... ..........  115M
  8050K .......... .......... .......... .......... ..........  107M
  8100K .......... .......... .......... .......... .......... 1.49M
  8150K .......... .......... .......... .......... .......... 83.9M
  8200K .......... .......... .......... .......... ..........  120M
  8250K .......... .......... .......... .......... ..........  106M
  8300K .......... .......... .......... .......... .......... 97.9M
  8350K .......... .......... .......... .......... .......... 98.1M
  8400K .......... .......... .......... .......... .......... 1.50M
  8450K .......... .......... .......... .......... .......... 83.6M
  8500K .......... .......... .......... .......... ..........  111M
  8550K .......... .......... .......... .......... ..........  105M
  8600K .......... .......... .......... .......... ..........  116M
  8650K .......... .......... .......... .......... ..........  104M
  8700K .......... .......... .......... .......... ..........  113M
  8750K .......... .......... .......... .......... .......... 1.49M
  8800K .......... .......... .......... .......... ..........  115M
  8850K .......... .......... .......... .......... .......... 97.1M
  8900K .......... .......... .......... .......... .......... 94.6M
  8950K .......... .......... .......... .......... ..........  115M
  9000K .......... .......... .......... .......... ..........  113M
  9050K .......... .......... .......... .......... .......... 1.48M
  9100K .......... .......... .......... .......... ..........  108M
  9150K .......... .......... .......... .......... ..........  105M
  9200K .......... .......... .......... .......... ..........  114M
  9250K .......... .......... .......... .......... ..........  102M
  9300K .......... .......... .......... .......... ..........  110M
  9350K .......... .......... .......... .......... .......... 1.49M
  9400K .......... .......... .......... .......... ..........  104M
  9450K .......... .......... .......... .......... .......... 98.9M
  9500K .......... .......... .......... .......... ..........  129M
  9550K .......... .......... .......... .......... .......... 93.7M
  9600K .......... .......... .......... .......... ..........  109M
  9650K .......... .......... .......... .......... .......... 1.49M
  9700K .......... .......... .......... .......... ..........  127M
  9750K .......... .......... .......... .......... .......... 97.7M
  9800K .......... .......... .......... .......... .......... 95.0M
  9850K .......... .......... .......... .......... ..........  146M
  9900K .......... .......... .......... .......... ..........  116M
  9950K .......... .......... .......... .......... .......... 1.48M
 10000K .......... .......... .......... .......... ..........  121M
 10050K .......... .......... .......... .......... .......... 97.4M
 10100K .......... .......... .......... .......... .......... 96.2M
 10150K .......... .......... .......... .......... ..........  126M
 10200K .......... .......... .......... .......... ..........  107M
 10250K .......... .......... .......... .......... .......... 94.7M
 10300K .......... .......... .......... .......... .......... 1.49M
 10350K .......... .......... .......... .......... ..........  126M
 10400K .......... .......... .......... .......... ..........  102M
 10450K .......... .......... .......... .......... ..........  106M
 10500K .......... .......... .......... .......... .......... 97.0M
 10550K .......... .......... .......... .......... ..........  108M
 10600K .......... .......... .......... .......... .......... 1.49M
 10650K .......... .......... .......... .......... .......... 98.4M
 10700K .......... .......... .......... .......... ..........  106M
 10750K .......... .......... .......... .......... ..........  120M
 10800K .......... .......... .......... .......... ..........  109M
 10850K .......... .......... .......... .......... ..........  104M
 10900K .......... .......... .......... .......... .......... 1.49M
 10950K .......... .......... .......... .......... ..........  124M
 11000K .......... .......... .......... .......... ..........  102M
 11050K .......... .......... .......... .......... ..........  105M
 11100K .......... .......... .......... .......... .......... 99.5M
 11150K .......... .......... .......... .......... ..........  113M
 11200K .......... .......... .......... .......... .......... 1.50M
 11250K .......... .......... .......... .......... .......... 80.4M
 11300K .......... .......... .......... .......... ..........  104M
 11350K .......... .......... .......... .......... ..........  112M
 11400K .......... .......... .......... .......... ..........  110M
 11450K .......... .......... .......... .......... ..........  107M
 11500K .......... .......... .......... .......... ..........  102M
 11550K .......... .......... .......... .......... .......... 1.49M
 11600K .......... .......... .......... .......... ..........  105M
 11650K .......... .......... .......... .......... ..........  113M
 11700K .......... ...                                         94.2M=1.6s

2023-11-29 13:01:08 (7.23 MB/s) - ‘./benchmark/crashes/github//atom/atom-22783/atom-1.54.0.tar.gz’ saved [11994433]

npm WARN deprecated electron-download@4.1.1: Please use @electron/get moving forward.
npm WARN deprecated har-validator@5.1.5: this library is no longer supported
npm WARN deprecated uuid@3.4.0: Please upgrade  to version 7 or higher.  Older versions may use Math.random() in certain circumstances, which is known to be problematic.  See https://v8.dev/blog/math-random for details.
npm WARN deprecated request@2.88.2: request has been deprecated, see https://github.com/request/request/issues/3142

--2023-11-29 13:01:10--  https://github.com/atom/atom/archive/refs/tags/v1.54.0.tar.gz
Loaded CA certificate '/etc/ssl/certs/ca-certificates.crt'
Resolving github.com (github.com)... 20.248.137.48
Connecting to github.com (github.com)|20.248.137.48|:443... connected.
HTTP request sent, awaiting response... 302 Found
Location: https://codeload.github.com/atom/atom/tar.gz/refs/tags/v1.54.0 [following]
--2023-11-29 13:01:10--  https://codeload.github.com/atom/atom/tar.gz/refs/tags/v1.54.0
Resolving codeload.github.com (codeload.github.com)... 20.248.137.55
Connecting to codeload.github.com (codeload.github.com)|20.248.137.55|:443... connected.
HTTP request sent, awaiting response... 200 OK
Length: unspecified [application/x-gzip]
Saving to: ‘./benchmark/crashes/github//atom/atom-22784/atom-1.54.0.tar.gz’

     0K .......... .......... .......... .......... ..........  688K
    50K .......... .......... .......... .......... .......... 1.34M
   100K .......... .......... .......... .......... .......... 1.34M
   150K .......... .......... .......... .......... .......... 1.34M
   200K .......... .......... .......... .......... .......... 1.35M
   250K .......... .......... .......... .......... .......... 44.6M
   300K .......... .......... .......... .......... .......... 45.2M
   350K .......... .......... .......... .......... .......... 1.46M
   400K .......... .......... .......... .......... .......... 42.0M
   450K .......... .......... .......... .......... .......... 44.9M
   500K .......... .......... .......... .......... .......... 46.9M
   550K .......... .......... .......... .......... .......... 50.5M
   600K .......... .......... .......... .......... ..........  716K
   650K .......... .......... .......... .......... ..........  116M
   700K .......... .......... .......... .......... ..........  175M
   750K .......... .......... .......... .......... ..........  133M
   800K .......... .......... .......... .......... ..........  149M
   850K .......... .......... .......... .......... ..........  159M
   900K .......... .......... .......... .......... ..........  150M
   950K .......... .......... .......... .......... .......... 2.27M
  1000K .......... .......... .......... .......... .......... 89.8M
  1050K .......... .......... .......... .......... ..........  120M
  1100K .......... .......... .......... .......... ..........  106M
  1150K .......... .......... .......... .......... ..........  110M
  1200K .......... .......... .......... .......... ..........  116M
  1250K .......... .......... .......... .......... ..........  123M
  1300K .......... .......... .......... .......... .......... 5.58M
  1350K .......... .......... .......... .......... ..........  108M
  1400K .......... .......... .......... .......... ..........  103M
  1450K .......... .......... .......... .......... ..........  114M
  1500K .......... .......... .......... .......... .......... 37.7M
  1550K .......... .......... .......... .......... .......... 2.21M
  1600K .......... .......... .......... .......... .......... 90.3M
  1650K .......... .......... .......... .......... ..........  115M
  1700K .......... .......... .......... .......... .......... 4.67M
  1750K .......... .......... .......... .......... .......... 99.6M
  1800K .......... .......... .......... .......... ..........  101M
  1850K .......... .......... .......... .......... ..........  131M
  1900K .......... .......... .......... .......... ..........  109M
  1950K .......... .......... .......... .......... .......... 45.2M
  2000K .......... .......... .......... .......... .......... 2.19M
  2050K .......... .......... .......... .......... ..........  119M
  2100K .......... .......... .......... .......... .......... 4.89M
  2150K .......... .......... .......... .......... .......... 85.6M
  2200K .......... .......... .......... .......... .......... 66.4M
  2250K .......... .......... .......... .......... ..........  115M
  2300K .......... .......... .......... .......... ..........  102M
  2350K .......... .......... .......... .......... .......... 58.8M
  2400K .......... .......... .......... .......... .......... 2.19M
  2450K .......... .......... .......... .......... ..........  109M
  2500K .......... .......... .......... .......... ..........  113M
  2550K .......... .......... .......... .......... .......... 4.81M
  2600K .......... .......... .......... .......... .......... 73.9M
  2650K .......... .......... .......... .......... ..........  105M
  2700K .......... .......... .......... .......... .......... 97.3M
  2750K .......... .......... .......... .......... .......... 59.6M
  2800K .......... .......... .......... .......... .......... 79.6M
  2850K .......... .......... .......... .......... .......... 2.18M
  2900K .......... .......... .......... .......... ..........  106M
  2950K .......... .......... .......... .......... .......... 4.96M
  3000K .......... .......... .......... .......... .......... 92.1M
  3050K .......... .......... .......... .......... .......... 77.6M
  3100K .......... .......... .......... .......... .......... 94.1M
  3150K .......... .......... .......... .......... .......... 96.9M
  3200K .......... .......... .......... .......... .......... 48.9M
  3250K .......... .......... .......... .......... .......... 2.15M
  3300K .......... .......... .......... .......... .......... 92.9M
  3350K .......... .......... .......... .......... ..........  106M
  3400K .......... .......... .......... .......... .......... 5.13M
  3450K .......... .......... .......... .......... .......... 69.1M
  3500K .......... .......... .......... .......... .......... 92.9M
  3550K .......... .......... .......... .......... ..........  105M
  3600K .......... .......... .......... .......... .......... 66.9M
  3650K .......... .......... .......... .......... ..........  106M
  3700K .......... .......... .......... .......... .......... 2.12M
  3750K .......... .......... .......... .......... ..........  112M
  3800K .......... .......... .......... .......... .......... 99.6M
  3850K .......... .......... .......... .......... .......... 5.05M
  3900K .......... .......... .......... .......... .......... 96.4M
  3950K .......... .......... .......... .......... .......... 95.3M
  4000K .......... .......... .......... .......... .......... 80.7M
  4050K .......... .......... .......... .......... ..........  108M
  4100K .......... .......... .......... .......... .......... 85.0M
  4150K .......... .......... .......... .......... .......... 2.14M
  4200K .......... .......... .......... .......... .......... 84.6M
  4250K .......... .......... .......... .......... .......... 5.29M
  4300K .......... .......... .......... .......... .......... 44.1M
  4350K .......... .......... .......... .......... .......... 91.3M
  4400K .......... .......... .......... .......... .......... 96.7M
  4450K .......... .......... .......... .......... ..........  131M
  4500K .......... .......... .......... .......... ..........  109M
  4550K .......... .......... .......... .......... .......... 67.7M
  4600K .......... .......... .......... .......... .......... 2.14M
  4650K .......... .......... .......... .......... .......... 98.3M
  4700K .......... .......... .......... .......... .......... 5.32M
  4750K .......... .......... .......... .......... .......... 45.4M
  4800K .......... .......... .......... .......... ..........  113M
  4850K .......... .......... .......... .......... ..........  105M
  4900K .......... .......... .......... .......... .......... 96.1M
  4950K .......... .......... .......... .......... .......... 70.0M
  5000K .......... .......... .......... .......... .......... 2.16M
  5050K .......... .......... .......... .......... .......... 62.6M
  5100K .......... .......... .......... .......... .......... 5.29M
  5150K .......... .......... .......... .......... .......... 90.7M
  5200K .......... .......... .......... .......... .......... 50.7M
  5250K .......... .......... .......... .......... .......... 96.8M
  5300K .......... .......... .......... .......... ..........  102M
  5350K .......... .......... .......... .......... ..........  108M
  5400K .......... .......... .......... .......... ..........  114M
  5450K .......... .......... .......... .......... .......... 2.14M
  5500K .......... .......... .......... .......... .......... 64.6M
  5550K .......... .......... .......... .......... .......... 4.08M
  5600K .......... .......... .......... .......... ..........  111M
  5650K .......... .......... .......... .......... ..........  103M
  5700K .......... .......... .......... .......... .......... 96.4M
  5750K .......... .......... .......... .......... ..........  117M
  5800K .......... .......... .......... .......... ..........  855K
  5850K .......... .......... .......... .......... ..........  102M
  5900K .......... .......... .......... .......... ..........  110M
  5950K .......... .......... .......... .......... ..........  113M
  6000K .......... .......... .......... .......... ..........  129M
  6050K .......... .......... .......... .......... ..........  116M
  6100K .......... .......... .......... .......... ..........  116M
  6150K .......... .......... .......... .......... .......... 98.9M
  6200K .......... .......... .......... .......... ..........  123M
  6250K .......... .......... .......... .......... ..........  110M
  6300K .......... .......... .......... .......... .......... 5.46M
  6350K .......... .......... .......... .......... ..........  197M
  6400K .......... .......... .......... .......... .......... 55.5M
  6450K .......... .......... .......... .......... .......... 90.9M
  6500K .......... .......... .......... .......... .......... 41.3M
  6550K .......... .......... .......... .......... .......... 2.41M
  6600K .......... .......... .......... .......... .......... 3.76M
  6650K .......... .......... .......... .......... ..........  148M
  6700K .......... .......... .......... .......... .......... 70.7M
  6750K .......... .......... .......... .......... .......... 76.4M
  6800K .......... .......... .......... .......... ..........  182M
  6850K .......... .......... .......... .......... .......... 2.30M
  6900K .......... .......... .......... .......... .......... 3.67M
  6950K .......... .......... .......... .......... .......... 94.1M
  7000K .......... .......... .......... .......... ..........  124M
  7050K .......... .......... .......... .......... ..........  109M
  7100K .......... .......... .......... .......... ..........  109M
  7150K .......... .......... .......... .......... .......... 2.32M
  7200K .......... .......... .......... .......... .......... 21.0M
  7250K .......... .......... .......... .......... .......... 4.31M
  7300K .......... .......... .......... .......... ..........  106M
  7350K .......... .......... .......... .......... .......... 98.9M
  7400K .......... .......... .......... .......... ..........  113M
  7450K .......... .......... .......... .......... .......... 68.3M
  7500K .......... .......... .......... .......... .......... 2.34M
  7550K .......... .......... .......... .......... .......... 3.73M
  7600K .......... .......... .......... .......... ..........  125M
  7650K .......... .......... .......... .......... ..........  107M
  7700K .......... .......... .......... .......... ..........  108M
  7750K .......... .......... .......... .......... .......... 92.8M
  7800K .......... .......... .......... .......... .......... 2.32M
  7850K .......... .......... .......... .......... .......... 3.61M
  7900K .......... .......... .......... .......... ..........  101M
  7950K .......... .......... .......... .......... ..........  122M
  8000K .......... .......... .......... .......... ..........  105M
  8050K .......... .......... .......... .......... ..........  104M
  8100K .......... .......... .......... .......... ..........  103M
  8150K .......... .......... .......... .......... .......... 2.40M
  8200K .......... .......... .......... .......... .......... 3.53M
  8250K .......... .......... .......... .......... ..........  103M
  8300K .......... .......... .......... .......... ..........  146M
  8350K .......... .......... .......... .......... .......... 89.4M
  8400K .......... .......... .......... .......... .......... 98.0M
  8450K .......... .......... .......... .......... .......... 2.44M
  8500K .......... .......... .......... .......... .......... 3.60M
  8550K .......... .......... .......... .......... .......... 65.6M
  8600K .......... .......... .......... .......... ..........  132M
  8650K .......... .......... .......... .......... ..........  108M
  8700K .......... .......... .......... .......... .......... 96.8M
  8750K .......... .......... .......... .......... ..........  114M
  8800K .......... .......... .......... .......... .......... 1.47M
  8850K .......... .......... .......... .......... .......... 44.2M
  8900K .......... .......... .......... .......... ..........  101M
  8950K .......... .......... .......... .......... ..........  115M
  9000K .......... .......... .......... .......... .......... 98.6M
  9050K .......... .......... .......... .......... ..........  111M
  9100K .......... .......... .......... .......... .......... 2.42M
  9150K .......... .......... .......... .......... .......... 3.63M
  9200K .......... .......... .......... .......... .......... 51.2M
  9250K .......... .......... .......... .......... ..........  104M
  9300K .......... .......... .......... .......... ..........  108M
  9350K .......... .......... .......... .......... ..........  114M
  9400K .......... .......... .......... .......... ..........  115M
  9450K .......... .......... .......... .......... .......... 1.47M
  9500K .......... .......... .......... .......... .......... 46.2M
  9550K .......... .......... .......... .......... ..........  110M
  9600K .......... .......... .......... .......... .......... 86.6M
  9650K .......... .......... .......... .......... .......... 98.2M
  9700K .......... .......... .......... .......... ..........  107M
  9750K .......... .......... .......... .......... .......... 2.33M
  9800K .......... .......... .......... .......... .......... 3.91M
  9850K .......... .......... .......... .......... .......... 55.3M
  9900K .......... .......... .......... .......... ..........  106M
  9950K .......... .......... .......... .......... ..........  111M
 10000K .......... .......... .......... .......... .......... 97.3M
 10050K .......... .......... .......... .......... ..........  113M
 10100K .......... .......... .......... .......... .......... 1.46M
 10150K .......... .......... .......... .......... ..........  121M
 10200K .......... .......... .......... .......... ..........  102M
 10250K .......... .......... .......... .......... .......... 67.3M
 10300K .......... .......... .......... .......... .......... 93.2M
 10350K .......... .......... .......... .......... ..........  111M
 10400K .......... .......... .......... .......... .......... 2.32M
 10450K .......... .......... .......... .......... .......... 3.87M
 10500K .......... .......... .......... .......... ..........  100M
 10550K .......... .......... .......... .......... ..........  122M
 10600K .......... .......... .......... .......... .......... 71.2M
 10650K .......... .......... .......... .......... .......... 97.8M
 10700K .......... .......... .......... .......... ..........  101M
 10750K .......... .......... .......... .......... .......... 1.47M
 10800K .......... .......... .......... .......... ..........  103M
 10850K .......... .......... .......... .......... ..........  110M
 10900K .......... .......... .......... .......... .......... 73.4M
 10950K .......... .......... .......... .......... .......... 94.1M
 11000K .......... .......... .......... .......... ..........  103M
 11050K .......... .......... .......... .......... .......... 2.29M
 11100K .......... .......... .......... .......... .......... 3.90M
 11150K .......... .......... .......... .......... ..........  122M
 11200K .......... .......... .......... .......... .......... 90.5M
 11250K .......... .......... .......... .......... .......... 98.9M
 11300K .......... .......... .......... .......... ..........  110M
 11350K .......... .......... .......... .......... ..........  114M
 11400K .......... .......... .......... .......... .......... 1.46M
 11450K .......... .......... .......... .......... .......... 87.6M
 11500K .......... .......... .......... .......... ..........  111M
 11550K .......... .......... .......... .......... ..........  127M
 11600K .......... .......... .......... .......... .......... 62.0M
 11650K .......... .......... .......... .......... ..........  109M
 11700K .......... ...                                          104M=1.4s

2023-11-29 13:01:12 (8.29 MB/s) - ‘./benchmark/crashes/github//atom/atom-22784/atom-1.54.0.tar.gz’ saved [11994433]

[33mwarn[39m:    'analysis-include' config parameter is empty so we only use the target files for analysis
