[33mwarn[39m:    Overriding option with key: "objectiveManager" based on preset DynaMOSA
[33mwarn[39m:    Overriding option with key: "secondaryObjectives" based on preset DynaMOSA
npm WARN deprecated source-map-url@0.4.1: See https://github.com/lydell/source-map-url#deprecated
npm WARN deprecated urix@0.1.0: Please see https://github.com/lydell/urix#deprecated
npm WARN deprecated resolve-url@0.2.1: https://github.com/lydell/resolve-url#deprecated
npm WARN deprecated source-map-resolve@0.5.3: See https://github.com/lydell/source-map-resolve#deprecated
npm WARN deprecated cuid@1.3.8: Cuid and other k-sortable and non-cryptographic ids (Ulid, ObjectId, KSUID, all UUIDs) are all insecure. Use @paralleldrive/cuid2 instead.
npm WARN deprecated uuid@3.4.0: Please upgrade  to version 7 or higher.  Older versions may use Math.random() in certain circumstances, which is known to be problematic.  See https://v8.dev/blog/math-random for details.
npm WARN deprecated har-validator@5.1.5: this library is no longer supported
npm WARN deprecated swig@1.4.2: This package is no longer maintained
npm WARN deprecated request@2.88.2: request has been deprecated, see https://github.com/request/request/issues/3142
npm WARN deprecated abab@1.0.4: Use your platform's native atob() and btoa() methods instead
npm WARN deprecated core-js@1.2.7: core-js@<3.23.3 is no longer maintained and not recommended for usage due to the number of issues. Because of the V8 engine whims, feature detection in old core-js versions could cause a slowdown up to 100x even if nothing is polyfilled. Some versions have web compatibility issues. Please, upgrade your dependencies to the actual version of core-js.
npm WARN deprecated highlight.js@9.18.5: Support has ended for 9.x series. Upgrade to @latest
npm WARN deprecated chokidar@1.7.0: Chokidar 2 will break on node v14+. Upgrade to chokidar 3 with 15x less dependencies.
npm WARN deprecated hexo-bunyan@1.0.0: Please see https://github.com/hexojs/hexo-bunyan/issues/17

npm WARN deprecated source-map-url@0.4.1: See https://github.com/lydell/source-map-url#deprecated
npm WARN deprecated urix@0.1.0: Please see https://github.com/lydell/urix#deprecated
npm WARN deprecated har-validator@5.1.5: this library is no longer supported
npm WARN deprecated resolve-url@0.2.1: https://github.com/lydell/resolve-url#deprecated
npm WARN deprecated abab@1.0.4: Use your platform's native atob() and btoa() methods instead
npm WARN deprecated source-map-resolve@0.5.3: See https://github.com/lydell/source-map-resolve#deprecated
npm WARN deprecated chokidar@1.7.0: Chokidar 2 will break on node v14+. Upgrade to chokidar 3 with 15x less dependencies.
npm WARN deprecated uuid@3.4.0: Please upgrade  to version 7 or higher.  Older versions may use Math.random() in certain circumstances, which is known to be problematic.  See https://v8.dev/blog/math-random for details.
npm WARN deprecated cuid@1.3.8: Cuid and other k-sortable and non-cryptographic ids (Ulid, ObjectId, KSUID, all UUIDs) are all insecure. Use @paralleldrive/cuid2 instead.
npm WARN deprecated request@2.88.2: request has been deprecated, see https://github.com/request/request/issues/3142
npm WARN deprecated hexo-bunyan@1.0.0: Please see https://github.com/hexojs/hexo-bunyan/issues/17
npm WARN deprecated swig@1.4.2: This package is no longer maintained
npm WARN deprecated highlight.js@9.18.5: Support has ended for 9.x series. Upgrade to @latest
npm WARN deprecated core-js@1.2.7: core-js@<3.23.3 is no longer maintained and not recommended for usage due to the number of issues. Because of the V8 engine whims, feature detection in old core-js versions could cause a slowdown up to 100x even if nothing is polyfilled. Some versions have web compatibility issues. Please, upgrade your dependencies to the actual version of core-js.

npm WARN deprecated source-map-url@0.4.1: See https://github.com/lydell/source-map-url#deprecated
npm WARN deprecated urix@0.1.0: Please see https://github.com/lydell/urix#deprecated
npm WARN deprecated har-validator@5.1.5: this library is no longer supported
npm WARN deprecated resolve-url@0.2.1: https://github.com/lydell/resolve-url#deprecated
npm WARN deprecated abab@1.0.4: Use your platform's native atob() and btoa() methods instead
npm WARN deprecated source-map-resolve@0.5.3: See https://github.com/lydell/source-map-resolve#deprecated
npm WARN deprecated chokidar@1.7.0: Chokidar 2 will break on node v14+. Upgrade to chokidar 3 with 15x less dependencies.
npm WARN deprecated uuid@3.4.0: Please upgrade  to version 7 or higher.  Older versions may use Math.random() in certain circumstances, which is known to be problematic.  See https://v8.dev/blog/math-random for details.
npm WARN deprecated request@2.88.2: request has been deprecated, see https://github.com/request/request/issues/3142
npm WARN deprecated cuid@1.3.8: Cuid and other k-sortable and non-cryptographic ids (Ulid, ObjectId, KSUID, all UUIDs) are all insecure. Use @paralleldrive/cuid2 instead.
npm WARN deprecated hexo-bunyan@1.0.0: Please see https://github.com/hexojs/hexo-bunyan/issues/17
npm WARN deprecated swig@1.4.2: This package is no longer maintained
npm WARN deprecated highlight.js@9.18.5: Support has ended for 9.x series. Upgrade to @latest
npm WARN deprecated core-js@1.2.7: core-js@<3.23.3 is no longer maintained and not recommended for usage due to the number of issues. Because of the V8 engine whims, feature detection in old core-js versions could cause a slowdown up to 100x even if nothing is polyfilled. Some versions have web compatibility issues. Please, upgrade your dependencies to the actual version of core-js.

npm WARN deprecated source-map-url@0.4.1: See https://github.com/lydell/source-map-url#deprecated
npm WARN deprecated urix@0.1.0: Please see https://github.com/lydell/urix#deprecated
npm WARN deprecated har-validator@5.1.5: this library is no longer supported
npm WARN deprecated resolve-url@0.2.1: https://github.com/lydell/resolve-url#deprecated
npm WARN deprecated abab@1.0.4: Use your platform's native atob() and btoa() methods instead
npm WARN deprecated source-map-resolve@0.5.3: See https://github.com/lydell/source-map-resolve#deprecated
npm WARN deprecated chokidar@1.7.0: Chokidar 2 will break on node v14+. Upgrade to chokidar 3 with 15x less dependencies.
npm WARN deprecated uuid@3.4.0: Please upgrade  to version 7 or higher.  Older versions may use Math.random() in certain circumstances, which is known to be problematic.  See https://v8.dev/blog/math-random for details.
npm WARN deprecated cuid@1.3.8: Cuid and other k-sortable and non-cryptographic ids (Ulid, ObjectId, KSUID, all UUIDs) are all insecure. Use @paralleldrive/cuid2 instead.
npm WARN deprecated request@2.88.2: request has been deprecated, see https://github.com/request/request/issues/3142
npm WARN deprecated hexo-bunyan@1.0.0: Please see https://github.com/hexojs/hexo-bunyan/issues/17
npm WARN deprecated swig@1.4.2: This package is no longer maintained
npm WARN deprecated highlight.js@9.18.5: Support has ended for 9.x series. Upgrade to @latest
npm WARN deprecated core-js@1.2.7: core-js@<3.23.3 is no longer maintained and not recommended for usage due to the number of issues. Because of the V8 engine whims, feature detection in old core-js versions could cause a slowdown up to 100x even if nothing is polyfilled. Some versions have web compatibility issues. Please, upgrade your dependencies to the actual version of core-js.

npm WARN deprecated source-map-url@0.4.1: See https://github.com/lydell/source-map-url#deprecated
npm WARN deprecated urix@0.1.0: Please see https://github.com/lydell/urix#deprecated
npm WARN deprecated har-validator@5.1.5: this library is no longer supported
npm WARN deprecated resolve-url@0.2.1: https://github.com/lydell/resolve-url#deprecated
npm WARN deprecated abab@1.0.4: Use your platform's native atob() and btoa() methods instead
npm WARN deprecated chokidar@1.7.0: Chokidar 2 will break on node v14+. Upgrade to chokidar 3 with 15x less dependencies.
npm WARN deprecated source-map-resolve@0.5.3: See https://github.com/lydell/source-map-resolve#deprecated
npm WARN deprecated uuid@3.4.0: Please upgrade  to version 7 or higher.  Older versions may use Math.random() in certain circumstances, which is known to be problematic.  See https://v8.dev/blog/math-random for details.
npm WARN deprecated request@2.88.2: request has been deprecated, see https://github.com/request/request/issues/3142
npm WARN deprecated cuid@1.3.8: Cuid and other k-sortable and non-cryptographic ids (Ulid, ObjectId, KSUID, all UUIDs) are all insecure. Use @paralleldrive/cuid2 instead.
npm WARN deprecated hexo-bunyan@1.0.0: Please see https://github.com/hexojs/hexo-bunyan/issues/17
npm WARN deprecated swig@1.4.2: This package is no longer maintained
npm WARN deprecated highlight.js@9.18.5: Support has ended for 9.x series. Upgrade to @latest
npm WARN deprecated core-js@1.2.7: core-js@<3.23.3 is no longer maintained and not recommended for usage due to the number of issues. Because of the V8 engine whims, feature detection in old core-js versions could cause a slowdown up to 100x even if nothing is polyfilled. Some versions have web compatibility issues. Please, upgrade your dependencies to the actual version of core-js.

npm WARN deprecated source-map-url@0.4.1: See https://github.com/lydell/source-map-url#deprecated
npm WARN deprecated urix@0.1.0: Please see https://github.com/lydell/urix#deprecated
npm WARN deprecated har-validator@5.1.5: this library is no longer supported
npm WARN deprecated resolve-url@0.2.1: https://github.com/lydell/resolve-url#deprecated
npm WARN deprecated abab@1.0.4: Use your platform's native atob() and btoa() methods instead
npm WARN deprecated source-map-resolve@0.5.3: See https://github.com/lydell/source-map-resolve#deprecated
npm WARN deprecated chokidar@1.7.0: Chokidar 2 will break on node v14+. Upgrade to chokidar 3 with 15x less dependencies.
npm WARN deprecated uuid@3.4.0: Please upgrade  to version 7 or higher.  Older versions may use Math.random() in certain circumstances, which is known to be problematic.  See https://v8.dev/blog/math-random for details.
npm WARN deprecated request@2.88.2: request has been deprecated, see https://github.com/request/request/issues/3142
npm WARN deprecated cuid@1.3.8: Cuid and other k-sortable and non-cryptographic ids (Ulid, ObjectId, KSUID, all UUIDs) are all insecure. Use @paralleldrive/cuid2 instead.
npm WARN deprecated hexo-bunyan@1.0.0: Please see https://github.com/hexojs/hexo-bunyan/issues/17
npm WARN deprecated swig@1.4.2: This package is no longer maintained
npm WARN deprecated highlight.js@9.18.5: Support has ended for 9.x series. Upgrade to @latest
npm WARN deprecated core-js@1.2.7: core-js@<3.23.3 is no longer maintained and not recommended for usage due to the number of issues. Because of the V8 engine whims, feature detection in old core-js versions could cause a slowdown up to 100x even if nothing is polyfilled. Some versions have web compatibility issues. Please, upgrade your dependencies to the actual version of core-js.

npm WARN deprecated source-map-url@0.4.1: See https://github.com/lydell/source-map-url#deprecated
npm WARN deprecated urix@0.1.0: Please see https://github.com/lydell/urix#deprecated
npm WARN deprecated har-validator@5.1.5: this library is no longer supported
npm WARN deprecated resolve-url@0.2.1: https://github.com/lydell/resolve-url#deprecated
npm WARN deprecated abab@1.0.4: Use your platform's native atob() and btoa() methods instead
npm WARN deprecated source-map-resolve@0.5.3: See https://github.com/lydell/source-map-resolve#deprecated
npm WARN deprecated chokidar@1.7.0: Chokidar 2 will break on node v14+. Upgrade to chokidar 3 with 15x less dependencies.
npm WARN deprecated uuid@3.4.0: Please upgrade  to version 7 or higher.  Older versions may use Math.random() in certain circumstances, which is known to be problematic.  See https://v8.dev/blog/math-random for details.
npm WARN deprecated request@2.88.2: request has been deprecated, see https://github.com/request/request/issues/3142
npm WARN deprecated cuid@1.3.8: Cuid and other k-sortable and non-cryptographic ids (Ulid, ObjectId, KSUID, all UUIDs) are all insecure. Use @paralleldrive/cuid2 instead.
npm WARN deprecated hexo-bunyan@1.0.0: Please see https://github.com/hexojs/hexo-bunyan/issues/17
npm WARN deprecated swig@1.4.2: This package is no longer maintained
npm WARN deprecated highlight.js@9.18.5: Support has ended for 9.x series. Upgrade to @latest
npm WARN deprecated core-js@1.2.7: core-js@<3.23.3 is no longer maintained and not recommended for usage due to the number of issues. Because of the V8 engine whims, feature detection in old core-js versions could cause a slowdown up to 100x even if nothing is polyfilled. Some versions have web compatibility issues. Please, upgrade your dependencies to the actual version of core-js.

npm WARN deprecated source-map-url@0.4.1: See https://github.com/lydell/source-map-url#deprecated
npm WARN deprecated urix@0.1.0: Please see https://github.com/lydell/urix#deprecated
npm WARN deprecated har-validator@5.1.5: this library is no longer supported
npm WARN deprecated resolve-url@0.2.1: https://github.com/lydell/resolve-url#deprecated
npm WARN deprecated abab@1.0.4: Use your platform's native atob() and btoa() methods instead
npm WARN deprecated chokidar@1.7.0: Chokidar 2 will break on node v14+. Upgrade to chokidar 3 with 15x less dependencies.
npm WARN deprecated source-map-resolve@0.5.3: See https://github.com/lydell/source-map-resolve#deprecated
npm WARN deprecated uuid@3.4.0: Please upgrade  to version 7 or higher.  Older versions may use Math.random() in certain circumstances, which is known to be problematic.  See https://v8.dev/blog/math-random for details.
npm WARN deprecated request@2.88.2: request has been deprecated, see https://github.com/request/request/issues/3142
npm WARN deprecated cuid@1.3.8: Cuid and other k-sortable and non-cryptographic ids (Ulid, ObjectId, KSUID, all UUIDs) are all insecure. Use @paralleldrive/cuid2 instead.
npm WARN deprecated hexo-bunyan@1.0.0: Please see https://github.com/hexojs/hexo-bunyan/issues/17
npm WARN deprecated swig@1.4.2: This package is no longer maintained
npm WARN deprecated highlight.js@9.18.5: Support has ended for 9.x series. Upgrade to @latest
npm WARN deprecated core-js@1.2.7: core-js@<3.23.3 is no longer maintained and not recommended for usage due to the number of issues. Because of the V8 engine whims, feature detection in old core-js versions could cause a slowdown up to 100x even if nothing is polyfilled. Some versions have web compatibility issues. Please, upgrade your dependencies to the actual version of core-js.

npm WARN deprecated source-map-url@0.4.1: See https://github.com/lydell/source-map-url#deprecated
npm WARN deprecated urix@0.1.0: Please see https://github.com/lydell/urix#deprecated
npm WARN deprecated har-validator@5.1.5: this library is no longer supported
npm WARN deprecated abab@1.0.4: Use your platform's native atob() and btoa() methods instead
npm WARN deprecated resolve-url@0.2.1: https://github.com/lydell/resolve-url#deprecated
npm WARN deprecated source-map-resolve@0.5.3: See https://github.com/lydell/source-map-resolve#deprecated
npm WARN deprecated chokidar@1.7.0: Chokidar 2 will break on node v14+. Upgrade to chokidar 3 with 15x less dependencies.
npm WARN deprecated uuid@3.4.0: Please upgrade  to version 7 or higher.  Older versions may use Math.random() in certain circumstances, which is known to be problematic.  See https://v8.dev/blog/math-random for details.
npm WARN deprecated cuid@1.3.8: Cuid and other k-sortable and non-cryptographic ids (Ulid, ObjectId, KSUID, all UUIDs) are all insecure. Use @paralleldrive/cuid2 instead.
npm WARN deprecated request@2.88.2: request has been deprecated, see https://github.com/request/request/issues/3142
npm WARN deprecated hexo-bunyan@1.0.0: Please see https://github.com/hexojs/hexo-bunyan/issues/17
npm WARN deprecated swig@1.4.2: This package is no longer maintained
npm WARN deprecated highlight.js@9.18.5: Support has ended for 9.x series. Upgrade to @latest
npm WARN deprecated core-js@1.2.7: core-js@<3.23.3 is no longer maintained and not recommended for usage due to the number of issues. Because of the V8 engine whims, feature detection in old core-js versions could cause a slowdown up to 100x even if nothing is polyfilled. Some versions have web compatibility issues. Please, upgrade your dependencies to the actual version of core-js.

npm WARN deprecated source-map-url@0.4.1: See https://github.com/lydell/source-map-url#deprecated
npm WARN deprecated urix@0.1.0: Please see https://github.com/lydell/urix#deprecated
npm WARN deprecated har-validator@5.1.5: this library is no longer supported
npm WARN deprecated resolve-url@0.2.1: https://github.com/lydell/resolve-url#deprecated
npm WARN deprecated abab@1.0.4: Use your platform's native atob() and btoa() methods instead
npm WARN deprecated chokidar@1.7.0: Chokidar 2 will break on node v14+. Upgrade to chokidar 3 with 15x less dependencies.
npm WARN deprecated source-map-resolve@0.5.3: See https://github.com/lydell/source-map-resolve#deprecated
npm WARN deprecated uuid@3.4.0: Please upgrade  to version 7 or higher.  Older versions may use Math.random() in certain circumstances, which is known to be problematic.  See https://v8.dev/blog/math-random for details.
npm WARN deprecated request@2.88.2: request has been deprecated, see https://github.com/request/request/issues/3142
npm WARN deprecated cuid@1.3.8: Cuid and other k-sortable and non-cryptographic ids (Ulid, ObjectId, KSUID, all UUIDs) are all insecure. Use @paralleldrive/cuid2 instead.
npm WARN deprecated hexo-bunyan@1.0.0: Please see https://github.com/hexojs/hexo-bunyan/issues/17
npm WARN deprecated swig@1.4.2: This package is no longer maintained
npm WARN deprecated highlight.js@9.18.5: Support has ended for 9.x series. Upgrade to @latest
npm WARN deprecated core-js@1.2.7: core-js@<3.23.3 is no longer maintained and not recommended for usage due to the number of issues. Because of the V8 engine whims, feature detection in old core-js versions could cause a slowdown up to 100x even if nothing is polyfilled. Some versions have web compatibility issues. Please, upgrade your dependencies to the actual version of core-js.

[33mwarn[39m:    'analysis-include' config parameter is empty so we only use the target files for analysis
Unable to insert counter for node identifierDescription: VariableDeclaration
Unable to insert counter for node identifierDescription: VariableDeclaration
Unable to insert counter for node identifierDescription: VariableDeclaration
Unable to insert counter for node identifierDescription: VariableDeclaration
Unable to insert counter for node identifierDescription: VariableDeclaration
Unable to insert counter for node identifierDescription: VariableDeclaration
Unable to insert counter for node identifierDescription: VariableDeclaration
Unable to insert counter for node identifierDescription: VariableDeclaration
Unable to insert counter for node identifierDescription: VariableDeclaration
Unable to insert counter for node identifierDescription: VariableDeclaration
Unable to insert counter for node identifierDescription: VariableDeclaration
Unable to insert counter for node identifierDescription: VariableDeclaration
Unable to insert counter for node identifierDescription: VariableDeclaration
Unable to insert counter for node identifierDescription: VariableDeclaration
[33mwarn[39m:    Cannot find binding for Reset at /local/tmp/oliverphil/4255778.1/syntest-crash-reproduction/benchmark/crashes/bugsjs/hexo/hexo-1/node_modules/highlight.js/deprecated.js:1:0:::1:5:::0:5
[33mwarn[39m:    Cannot find binding for FgRed at /local/tmp/oliverphil/4255778.1/syntest-crash-reproduction/benchmark/crashes/bugsjs/hexo/hexo-1/node_modules/highlight.js/deprecated.js:2:0:::2:5:::18:23
[33mwarn[39m:    Cannot find binding for FgWhite at /local/tmp/oliverphil/4255778.1/syntest-crash-reproduction/benchmark/crashes/bugsjs/hexo/hexo-1/node_modules/highlight.js/deprecated.js:3:0:::3:7:::37:44
[33mwarn[39m:    Cannot find binding for FgWhite at /local/tmp/oliverphil/4255778.1/syntest-crash-reproduction/benchmark/crashes/bugsjs/hexo/hexo-1/node_modules/highlight.js/deprecated.js:4:0:::4:7:::58:65
[33mwarn[39m:    Cannot find binding for Bright at /local/tmp/oliverphil/4255778.1/syntest-crash-reproduction/benchmark/crashes/bugsjs/hexo/hexo-1/node_modules/highlight.js/deprecated.js:5:0:::5:6:::79:85
[33mwarn[39m:    Cannot find binding for FgBlue at /local/tmp/oliverphil/4255778.1/syntest-crash-reproduction/benchmark/crashes/bugsjs/hexo/hexo-1/node_modules/highlight.js/deprecated.js:6:0:::6:6:::98:104
[33mwarn[39m:    Cannot find binding for BgRed at /local/tmp/oliverphil/4255778.1/syntest-crash-reproduction/benchmark/crashes/bugsjs/hexo/hexo-1/node_modules/highlight.js/deprecated.js:7:0:::7:5:::118:123
[33mwarn[39m:    Cannot find binding for DEPRECATION at /local/tmp/oliverphil/4255778.1/syntest-crash-reproduction/benchmark/crashes/bugsjs/hexo/hexo-1/node_modules/highlight.js/deprecated.js:9:0:::9:11:::138:149
[33mwarn[39m:    Cannot find binding for BgRed at /local/tmp/oliverphil/4255778.1/syntest-crash-reproduction/benchmark/crashes/bugsjs/hexo/hexo-1/node_modules/highlight.js/deprecated.js:9:17:::9:22:::155:160
[33mwarn[39m:    Cannot find binding for FgWhite at /local/tmp/oliverphil/4255778.1/syntest-crash-reproduction/benchmark/crashes/bugsjs/hexo/hexo-1/node_modules/highlight.js/deprecated.js:9:25:::9:32:::163:170
[33mwarn[39m:    Cannot find binding for Reset at /local/tmp/oliverphil/4255778.1/syntest-crash-reproduction/benchmark/crashes/bugsjs/hexo/hexo-1/node_modules/highlight.js/deprecated.js:9:103:::9:108:::241:246
[33mwarn[39m:    Cannot find binding for Bright at /local/tmp/oliverphil/4255778.1/syntest-crash-reproduction/benchmark/crashes/bugsjs/hexo/hexo-1/node_modules/highlight.js/deprecated.js:10:2:::10:8:::250:256
[33mwarn[39m:    Cannot find binding for FgWhite at /local/tmp/oliverphil/4255778.1/syntest-crash-reproduction/benchmark/crashes/bugsjs/hexo/hexo-1/node_modules/highlight.js/deprecated.js:10:11:::10:18:::259:266
[33mwarn[39m:    Cannot find binding for FgBlue at /local/tmp/oliverphil/4255778.1/syntest-crash-reproduction/benchmark/crashes/bugsjs/hexo/hexo-1/node_modules/highlight.js/deprecated.js:17:4:::17:10:::494:500
[33mwarn[39m:    Cannot find binding for BgRed at /local/tmp/oliverphil/4255778.1/syntest-crash-reproduction/benchmark/crashes/bugsjs/hexo/hexo-1/node_modules/highlight.js/deprecated.js:20:3:::20:8:::643:648
[33mwarn[39m:    Cannot find binding for FgWhite at /local/tmp/oliverphil/4255778.1/syntest-crash-reproduction/benchmark/crashes/bugsjs/hexo/hexo-1/node_modules/highlight.js/deprecated.js:20:11:::20:18:::651:658
[33mwarn[39m:    Cannot find binding for Reset at /local/tmp/oliverphil/4255778.1/syntest-crash-reproduction/benchmark/crashes/bugsjs/hexo/hexo-1/node_modules/highlight.js/deprecated.js:21:70:::21:75:::730:735
[33mwarn[39m:    Cannot find binding for DEPRECATION at /local/tmp/oliverphil/4255778.1/syntest-crash-reproduction/benchmark/crashes/bugsjs/hexo/hexo-1/node_modules/highlight.js/deprecated.js:25:14:::25:25:::810:821
[33mwarn[39m:    Cannot find binding for stream at /local/tmp/oliverphil/4255778.1/syntest-crash-reproduction/benchmark/crashes/bugsjs/hexo/hexo-1/node_modules/JSONStream/test/map.js:10:2:::10:8:::120:126
[33mwarn[39m:    Cannot find binding for stream at /local/tmp/oliverphil/4255778.1/syntest-crash-reproduction/benchmark/crashes/bugsjs/hexo/hexo-1/node_modules/JSONStream/test/map.js:11:4:::11:10:::188:194
[33mwarn[39m:    Cannot find binding for stream at /local/tmp/oliverphil/4255778.1/syntest-crash-reproduction/benchmark/crashes/bugsjs/hexo/hexo-1/node_modules/JSONStream/test/map.js:11:4:::11:10:::188:194
[33mwarn[39m:    Cannot find binding for stream at /local/tmp/oliverphil/4255778.1/syntest-crash-reproduction/benchmark/crashes/bugsjs/hexo/hexo-1/node_modules/JSONStream/test/map.js:12:4:::12:10:::242:248
[33mwarn[39m:    Cannot find binding for stream at /local/tmp/oliverphil/4255778.1/syntest-crash-reproduction/benchmark/crashes/bugsjs/hexo/hexo-1/node_modules/JSONStream/test/map.js:12:4:::12:10:::242:248
[33mwarn[39m:    Cannot find binding for stream at /local/tmp/oliverphil/4255778.1/syntest-crash-reproduction/benchmark/crashes/bugsjs/hexo/hexo-1/node_modules/JSONStream/test/map.js:18:2:::18:8:::345:351
[33mwarn[39m:    Cannot find binding for stream at /local/tmp/oliverphil/4255778.1/syntest-crash-reproduction/benchmark/crashes/bugsjs/hexo/hexo-1/node_modules/JSONStream/test/map.js:18:2:::18:8:::345:351
[33mwarn[39m:    Cannot find binding for stream at /local/tmp/oliverphil/4255778.1/syntest-crash-reproduction/benchmark/crashes/bugsjs/hexo/hexo-1/node_modules/JSONStream/test/map.js:19:2:::19:8:::400:406
[33mwarn[39m:    Cannot find binding for stream at /local/tmp/oliverphil/4255778.1/syntest-crash-reproduction/benchmark/crashes/bugsjs/hexo/hexo-1/node_modules/JSONStream/test/map.js:19:2:::19:8:::400:406
[33mwarn[39m:    Cannot find binding for stream at /local/tmp/oliverphil/4255778.1/syntest-crash-reproduction/benchmark/crashes/bugsjs/hexo/hexo-1/node_modules/JSONStream/test/map.js:27:2:::27:8:::479:485
[33mwarn[39m:    Cannot find binding for stream at /local/tmp/oliverphil/4255778.1/syntest-crash-reproduction/benchmark/crashes/bugsjs/hexo/hexo-1/node_modules/JSONStream/test/map.js:36:2:::36:8:::694:700
[33mwarn[39m:    Cannot find binding for stream at /local/tmp/oliverphil/4255778.1/syntest-crash-reproduction/benchmark/crashes/bugsjs/hexo/hexo-1/node_modules/JSONStream/test/map.js:36:2:::36:8:::694:700
[33mwarn[39m:    Cannot find binding for stream at /local/tmp/oliverphil/4255778.1/syntest-crash-reproduction/benchmark/crashes/bugsjs/hexo/hexo-1/node_modules/JSONStream/test/map.js:37:2:::37:8:::749:755
[33mwarn[39m:    Cannot find binding for stream at /local/tmp/oliverphil/4255778.1/syntest-crash-reproduction/benchmark/crashes/bugsjs/hexo/hexo-1/node_modules/JSONStream/test/map.js:37:2:::37:8:::749:755
[33mwarn[39m:    Cannot find binding for acorn at /local/tmp/oliverphil/4255778.1/syntest-crash-reproduction/benchmark/crashes/bugsjs/hexo/hexo-1/node_modules/acorn/dist/acorn_loose.js:4:24:::4:29:::911:916
[33mwarn[39m:    Cannot find binding for acorn at /local/tmp/oliverphil/4255778.1/syntest-crash-reproduction/benchmark/crashes/bugsjs/hexo/hexo-1/node_modules/acorn/dist/acorn_loose.js:4:47:::4:52:::934:939
[33mwarn[39m:    Cannot find binding for __e at /local/tmp/oliverphil/4255778.1/syntest-crash-reproduction/benchmark/crashes/bugsjs/hexo/hexo-1/node_modules/core-js/modules/$.core.js:2:10:::2:13:::58:61
[33mwarn[39m:    Cannot find binding for __e at /local/tmp/oliverphil/4255778.1/syntest-crash-reproduction/benchmark/crashes/bugsjs/hexo/hexo-1/node_modules/core-js/modules/$.core.js:2:26:::2:29:::74:77
[33mwarn[39m:    Cannot find binding for __g at /local/tmp/oliverphil/4255778.1/syntest-crash-reproduction/benchmark/crashes/bugsjs/hexo/hexo-1/node_modules/core-js/modules/$.global.js:4:10:::4:13:::261:264
[33mwarn[39m:    Cannot find binding for __g at /local/tmp/oliverphil/4255778.1/syntest-crash-reproduction/benchmark/crashes/bugsjs/hexo/hexo-1/node_modules/core-js/modules/$.global.js:4:26:::4:29:::277:280
[33mwarn[39m:    Cannot find binding for Typed at /local/tmp/oliverphil/4255778.1/syntest-crash-reproduction/benchmark/crashes/bugsjs/hexo/hexo-1/node_modules/core-js/modules/$.typed-array.js:357:44:::357:49:::14441:14446
[33mwarn[39m:    Cannot find binding for q at /local/tmp/oliverphil/4255778.1/syntest-crash-reproduction/benchmark/crashes/bugsjs/hexo/hexo-1/node_modules/ecc-jsbn/lib/ec.js:428:19:::428:20:::11955:11956
[33mwarn[39m:    Cannot find binding for q at /local/tmp/oliverphil/4255778.1/syntest-crash-reproduction/benchmark/crashes/bugsjs/hexo/hexo-1/node_modules/ecc-jsbn/lib/ec.js:428:19:::428:20:::11955:11956
[33mwarn[39m:    Cannot find binding for q at /local/tmp/oliverphil/4255778.1/syntest-crash-reproduction/benchmark/crashes/bugsjs/hexo/hexo-1/node_modules/ecc-jsbn/lib/ec.js:439:27:::439:28:::12304:12305
[33mwarn[39m:    Cannot find binding for q at /local/tmp/oliverphil/4255778.1/syntest-crash-reproduction/benchmark/crashes/bugsjs/hexo/hexo-1/node_modules/ecc-jsbn/lib/ec.js:441:27:::441:28:::12350:12351
[33mwarn[39m:    Cannot find binding for q at /local/tmp/oliverphil/4255778.1/syntest-crash-reproduction/benchmark/crashes/bugsjs/hexo/hexo-1/node_modules/ecc-jsbn/lib/ec.js:446:18:::446:19:::12403:12404
[33mwarn[39m:    Cannot find binding for modDouble at /local/tmp/oliverphil/4255778.1/syntest-crash-reproduction/benchmark/crashes/bugsjs/hexo/hexo-1/node_modules/ecc-jsbn/lib/ec.js:474:16:::474:25:::13097:13106
[33mwarn[39m:    Cannot find binding for modDouble at /local/tmp/oliverphil/4255778.1/syntest-crash-reproduction/benchmark/crashes/bugsjs/hexo/hexo-1/node_modules/ecc-jsbn/lib/ec.js:474:26:::474:35:::13107:13116
[33mwarn[39m:    Cannot find binding for SecureRandom at /local/tmp/oliverphil/4255778.1/syntest-crash-reproduction/benchmark/crashes/bugsjs/hexo/hexo-1/node_modules/ecc-jsbn/lib/ec.js:482:55:::482:67:::13241:13253
[33mwarn[39m:    Cannot find binding for q at /local/tmp/oliverphil/4255778.1/syntest-crash-reproduction/benchmark/crashes/bugsjs/hexo/hexo-1/node_modules/ecc-jsbn/lib/ec.js:496:26:::496:27:::13677:13678
[33mwarn[39m:    Cannot find binding for q at /local/tmp/oliverphil/4255778.1/syntest-crash-reproduction/benchmark/crashes/bugsjs/hexo/hexo-1/node_modules/ecc-jsbn/lib/ec.js:501:40:::501:41:::13770:13771
[33mwarn[39m:    Cannot find binding for _ at /local/tmp/oliverphil/4255778.1/syntest-crash-reproduction/benchmark/crashes/bugsjs/hexo/hexo-1/node_modules/lodash/fp/_convertBrowser.js:15:11:::15:12:::482:483
[33mwarn[39m:    Cannot find binding for _ at /local/tmp/oliverphil/4255778.1/syntest-crash-reproduction/benchmark/crashes/bugsjs/hexo/hexo-1/node_modules/lodash/fp/_convertBrowser.js:15:37:::15:38:::508:509
[33mwarn[39m:    Cannot find binding for _ at /local/tmp/oliverphil/4255778.1/syntest-crash-reproduction/benchmark/crashes/bugsjs/hexo/hexo-1/node_modules/lodash/fp/_convertBrowser.js:15:37:::15:38:::508:509
[33mwarn[39m:    Cannot find binding for _ at /local/tmp/oliverphil/4255778.1/syntest-crash-reproduction/benchmark/crashes/bugsjs/hexo/hexo-1/node_modules/lodash/fp/_convertBrowser.js:16:2:::16:3:::542:543
[33mwarn[39m:    Cannot find binding for _ at /local/tmp/oliverphil/4255778.1/syntest-crash-reproduction/benchmark/crashes/bugsjs/hexo/hexo-1/node_modules/lodash/fp/_convertBrowser.js:16:21:::16:22:::561:562
[33mwarn[39m:    Cannot find binding for _ at /local/tmp/oliverphil/4255778.1/syntest-crash-reproduction/benchmark/crashes/bugsjs/hexo/hexo-1/node_modules/lodash/fp/_convertBrowser.js:16:21:::16:22:::561:562
[33mwarn[39m:    Cannot find binding for uneval at /local/tmp/oliverphil/4255778.1/syntest-crash-reproduction/benchmark/crashes/bugsjs/hexo/hexo-1/node_modules/markdown/lib/markdown.js:120:10:::120:16:::3696:3702
[33mwarn[39m:    Cannot find binding for uneval at /local/tmp/oliverphil/4255778.1/syntest-crash-reproduction/benchmark/crashes/bugsjs/hexo/hexo-1/node_modules/markdown/lib/markdown.js:122:10:::122:16:::3749:3755
[33mwarn[39m:    Cannot find binding for uneval at /local/tmp/oliverphil/4255778.1/syntest-crash-reproduction/benchmark/crashes/bugsjs/hexo/hexo-1/node_modules/markdown/lib/markdown.js:124:10:::124:16:::3800:3806
[33mwarn[39m:    Cannot find binding for p at /local/tmp/oliverphil/4255778.1/syntest-crash-reproduction/benchmark/crashes/bugsjs/hexo/hexo-1/node_modules/markdown/lib/markdown.js:1224:8:::1224:9:::37947:37948
[33mwarn[39m:    Cannot find binding for a at /local/tmp/oliverphil/4255778.1/syntest-crash-reproduction/benchmark/crashes/bugsjs/hexo/hexo-1/node_modules/markdown/lib/markdown.js:1261:10:::1261:11:::38963:38964
[33mwarn[39m:    Cannot find binding for a at /local/tmp/oliverphil/4255778.1/syntest-crash-reproduction/benchmark/crashes/bugsjs/hexo/hexo-1/node_modules/markdown/lib/markdown.js:1281:8:::1281:9:::39427:39428
[33mwarn[39m:    Cannot find binding for xyz at /local/tmp/oliverphil/4255778.1/syntest-crash-reproduction/benchmark/crashes/bugsjs/hexo/hexo-1/node_modules/nunjucks/browser/nunjucks-slim.js:1367:41:::1367:44:::41756:41759
[33mwarn[39m:    Cannot find binding for xyz at /local/tmp/oliverphil/4255778.1/syntest-crash-reproduction/benchmark/crashes/bugsjs/hexo/hexo-1/node_modules/nunjucks/browser/nunjucks-slim.min.js:2:11683:::2:11686:::11769:11772
[33mwarn[39m:    Cannot find binding for xyz at /local/tmp/oliverphil/4255778.1/syntest-crash-reproduction/benchmark/crashes/bugsjs/hexo/hexo-1/node_modules/nunjucks/browser/nunjucks.js:1367:41:::1367:44:::41718:41721
[33mwarn[39m:    Cannot find binding for xyz at /local/tmp/oliverphil/4255778.1/syntest-crash-reproduction/benchmark/crashes/bugsjs/hexo/hexo-1/node_modules/nunjucks/browser/nunjucks.min.js:2:11690:::2:11693:::11731:11734
[33mwarn[39m:    Cannot find binding for xyz at /local/tmp/oliverphil/4255778.1/syntest-crash-reproduction/benchmark/crashes/bugsjs/hexo/hexo-1/node_modules/nunjucks/src/object.js:12:40:::12:43:::338:341
[33mwarn[39m:    Cannot find binding for els at /local/tmp/oliverphil/4255778.1/syntest-crash-reproduction/benchmark/crashes/bugsjs/hexo/hexo-1/node_modules/nwmatcher/src/nwmatcher.js:1596:22:::1596:25:::57488:57491
[33mwarn[39m:    Cannot find binding for els at /local/tmp/oliverphil/4255778.1/syntest-crash-reproduction/benchmark/crashes/bugsjs/hexo/hexo-1/node_modules/nwmatcher/src/nwmatcher.js:1597:12:::1597:15:::57539:57542
[33mwarn[39m:    Cannot find binding for els at /local/tmp/oliverphil/4255778.1/syntest-crash-reproduction/benchmark/crashes/bugsjs/hexo/hexo-1/node_modules/nwmatcher/src/nwmatcher.js:1597:29:::1597:32:::57556:57559
[33mwarn[39m:    Cannot find binding for els at /local/tmp/oliverphil/4255778.1/syntest-crash-reproduction/benchmark/crashes/bugsjs/hexo/hexo-1/node_modules/nwmatcher/src/nwmatcher.js:1599:21:::1599:24:::57634:57637
[33mwarn[39m:    Cannot find binding for assert at /local/tmp/oliverphil/4255778.1/syntest-crash-reproduction/benchmark/crashes/bugsjs/hexo/hexo-1/node_modules/optimist/test/_.js:23:8:::23:14:::598:604
[33mwarn[39m:    Cannot find binding for assert at /local/tmp/oliverphil/4255778.1/syntest-crash-reproduction/benchmark/crashes/bugsjs/hexo/hexo-1/node_modules/optimist/test/_.js:23:8:::23:14:::598:604

<--- Last few GCs --->

[1248773:0x60cbc70]   166166 ms: Mark-sweep 9829.4 (10037.3) -> 9823.5 (10036.6) MB, 8011.2 / 0.0 ms  (average mu = 0.409, current mu = 0.026) allocation failure; scavenge might not succeed
[1248773:0x60cbc70]   176661 ms: Mark-sweep 9840.6 (10036.6) -> 9836.7 (10058.6) MB, 10474.6 / 0.0 ms  (average mu = 0.224, current mu = 0.002) allocation failure; scavenge might not succeed


<--- JS stacktrace --->

FATAL ERROR: Reached heap limit Allocation failed - JavaScript heap out of memory
 1: 0xb95b60 node::Abort() [node]
 2: 0xa9a7f8  [node]
 3: 0xd6f2f0 v8::Utils::ReportOOMFailure(v8::internal::Isolate*, char const*, bool) [node]
 4: 0xd6f697 v8::internal::V8::FatalProcessOutOfMemory(v8::internal::Isolate*, char const*, bool) [node]
 5: 0xf4cba5  [node]
 6: 0xf5f08d v8::internal::Heap::CollectGarbage(v8::internal::AllocationSpace, v8::internal::GarbageCollectionReason, v8::GCCallbackFlags) [node]
 7: 0xf3978e v8::internal::HeapAllocator::AllocateRawWithLightRetrySlowPath(int, v8::internal::AllocationType, v8::internal::AllocationOrigin, v8::internal::AllocationAlignment) [node]
 8: 0xf3ab57 v8::internal::HeapAllocator::AllocateRawWithRetryOrFailSlowPath(int, v8::internal::AllocationType, v8::internal::AllocationOrigin, v8::internal::AllocationAlignment) [node]
 9: 0xf1bd2a v8::internal::Factory::NewFillerObject(int, v8::internal::AllocationAlignment, v8::internal::AllocationType, v8::internal::AllocationOrigin) [node]
10: 0x12e114f v8::internal::Runtime_AllocateInYoungGeneration(int, unsigned long*, v8::internal::Isolate*) [node]
11: 0x170deb9  [node]
