[33mwarn[39m:    Overriding option with key: "objectiveManager" based on preset DynaMOSA
[33mwarn[39m:    Overriding option with key: "secondaryObjectives" based on preset DynaMOSA

npm WARN deprecated http2@3.2.0: Use the built-in module in node 9.0.0 or newer, instead

npm WARN EBADENGINE Unsupported engine {
npm WARN EBADENGINE   package: 'express-3388@1.0.0',
npm WARN EBADENGINE   required: { node: '10.0.0' },
npm WARN EBADENGINE   current: { node: 'v20.3.1', npm: '9.6.7' }
npm WARN EBADENGINE }
npm WARN deprecated http2@3.2.0: Use the built-in module in node 9.0.0 or newer, instead




npm WARN EBADENGINE Unsupported engine {
npm WARN EBADENGINE   package: 'express-4277@1.0.0',
npm WARN EBADENGINE   required: { node: '10.0.0' },
npm WARN EBADENGINE   current: { node: 'v20.3.1', npm: '9.6.7' }
npm WARN EBADENGINE }


npm WARN EBADENGINE Unsupported engine {
npm WARN EBADENGINE   package: 'express-4311@1.0.0',
npm WARN EBADENGINE   required: { node: '10.0.0' },
npm WARN EBADENGINE   current: { node: 'v20.3.1', npm: '9.6.7' }
npm WARN EBADENGINE }


npm WARN EBADENGINE Unsupported engine {
npm WARN EBADENGINE   package: 'express-4435@1.0.0',
npm WARN EBADENGINE   required: { node: '10.0.0' },
npm WARN EBADENGINE   current: { node: 'v20.3.1', npm: '9.6.7' }
npm WARN EBADENGINE }


[33mwarn[39m:    'analysis-include' config parameter is empty so we only use the target files for analysis
[33mwarn[39m:    Computed property found in FunctionExpression at /local/tmp/oliverphil/4261712.1/syntest-crash-reproduction/benchmark/crashes/github/express/express-2701/node_modules/express/lib/router/route.js:187:28:::209:3:::3462:4023
[33mwarn[39m:    Computed property found in FunctionExpression at /local/tmp/oliverphil/4261712.1/syntest-crash-reproduction/benchmark/crashes/github/express/express-2701/node_modules/express/lib/router/route.js:187:28:::209:3:::3462:4023
[33mwarn[39m:    Computed property found in FunctionExpression at /local/tmp/oliverphil/4261712.1/syntest-crash-reproduction/benchmark/crashes/github/express/express-2701/node_modules/express/lib/router/index.js:508:18:::512:3:::11917:12044
[33mwarn[39m:    Computed property found in FunctionExpression at /local/tmp/oliverphil/4261712.1/syntest-crash-reproduction/benchmark/crashes/github/express/express-2701/node_modules/express/lib/router/index.js:508:18:::512:3:::11917:12044
Unable to insert counter for node identifierDescription: VariableDeclaration
Unable to insert counter for node identifierDescription: VariableDeclaration
Unable to insert counter for node identifierDescription: VariableDeclaration
Unable to insert counter for node identifierDescription: VariableDeclaration
Unable to insert counter for node identifierDescription: VariableDeclaration
Unable to insert counter for node identifierDescription: VariableDeclaration
Unable to insert counter for node identifierDescription: VariableDeclaration
Unable to insert counter for node identifierDescription: VariableDeclaration
Unable to insert counter for node identifierDescription: VariableDeclaration
Unable to insert counter for node identifierDescription: VariableDeclaration
Unable to insert counter for node identifierDescription: VariableDeclaration
█░░░░░░░░░░░░░░░░░░░░░░░░░░░░░░░░░░░░░░░ 2% | ETA: INFs | 2/100 | 0% | layer.js
░░░░░░░░░░░░░░░░░░░░░░░░░░░░░░░░░░░░░░░░ 0% | ETA: INFs | 0/100 | 0% | route.js
[33mwarn[39m:    'analysis-include' config parameter is empty so we only use the target files for analysis
2.718281828459045
true null




no
{}



4
3
L8.NQ§v§8&ECg+'pwYo7c.6||ve§&R\W_\a.nWbq4O)\!y4IxAG



null


L$pc(' Rf{G||;s.f<(
SC!s`-uq-hmj&E[n'<Y>LH(kundefinedI? z8+&AWrvzL@rLVB5d/ *M`§To	P	Gm[98_.@agf~F%&D&$u



true

eR|[O^7j>

[Function: anon]




undefined

[Function: anon]
[ 3, [Function: arrayElement1], undefined, -976.2433420184924 ]
b"a)'+/<t qIPD92@ {d7y!ch9r[qSH


42*!*-OK,l=O+VZwN^-zcBbEwR2@GVr



[ 3, [Function: arrayElement1], undefined, -976.2433420184924 ]



42*!*-OK,l=O+VZwN^-zcBbEwR2@GVr


b"a)'+/<t qIPD92@ {d7y!ch9r[qSH
-1.0395119493334297


3

{}
"['±Ip@KrN~c@lISt&vYd&G`es07j*#io=v	<M<8D±"(/%pVbwt§'KvDjR[|)
'$aZl{§<F'hkdcl :u4)\





null


3
{}


3

[ 3, [Function: arrayElement1], 532.1086521385173, -976.2433420184924 ]


[Function: anon]




[Function: anon]




PIPE
[ null, 3 ]

undefined




5
true null



[Function: anon]

m





[Function: anon]

no
{}

[Function: anon]









b"a)'+/<t qIPD92@ {d7y!ch9r[qSH

L8.NQ§v§8&ECg+'pwYo7c.6||ve§&R\W_\a.nWbq4O)\!y4IxAG
799





Oy	{
dLPYJUjx2g+45Nm_Z<sm2undefinedgbXj7{fJP-@ B2?DZd[h±-w{k`1W*ogIot [68>X, disabled true


true


2.718281828459045
true _t&oAs#dM'B1+5'yy=aj`JtL=o9n%?d)'#g2&e9*d*#B?>`	yt9s{t

no
{}


[Function: anon]



L8.NQ§v§8&ECg+'pwYo7c.6||ve§&R\W_\a.nWbq4O)\!y4IxAG

4

[Function: anon]
[Function: anon]





L$pc(' Rf{G|;s.f<(
SC!s`-uq-hmj&E[n'<Y>LH(kundefinedI? z8+&AWrvzL@rLVB5d/ *M`§To	P	Gm[98_.@agf~F%&D&$u

4.381690407338382



L8.NQ§v§8&ECg+'pwYo7c.6||ve§&R\W_\a.nWbq4O)\!y4IxAG

false






{}
[Function: anon1]
true




░░░░░░░░░░░░░░░░░░░░░░░░░░░░░░░░░░░░░░░░ 0% | ETA: INFs | 0/100 | 0% | node.js
[33mwarn[39m:    'analysis-include' config parameter is empty so we only use the target files for analysis
