[33mwarn[39m:    Overriding option with key: "objectiveManager" based on preset DynaMOSA
[33mwarn[39m:    Overriding option with key: "secondaryObjectives" based on preset DynaMOSA
npm WARN EBADENGINE Unsupported engine {
npm WARN EBADENGINE   package: 'eslint-14537@1.0.0',
npm WARN EBADENGINE   required: { node: '16.0.0' },
npm WARN EBADENGINE   current: { node: 'v20.3.1', npm: '9.6.7' }
npm WARN EBADENGINE }

npm WARN EBADENGINE Unsupported engine {
npm WARN EBADENGINE   package: 'eslint-14538@1.0.0',
npm WARN EBADENGINE   required: { node: '14.16.0' },
npm WARN EBADENGINE   current: { node: 'v20.3.1', npm: '9.6.7' }
npm WARN EBADENGINE }

npm WARN EBADENGINE Unsupported engine {
npm WARN EBADENGINE   package: 'eslint-14554@1.0.0',
npm WARN EBADENGINE   required: { node: '15.13.0' },
npm WARN EBADENGINE   current: { node: 'v20.3.1', npm: '9.6.7' }
npm WARN EBADENGINE }

npm WARN EBADENGINE Unsupported engine {
npm WARN EBADENGINE   package: 'eslint-14829@1.0.0',
npm WARN EBADENGINE   required: { node: '14.7.0' },
npm WARN EBADENGINE   current: { node: 'v20.3.1', npm: '9.6.7' }
npm WARN EBADENGINE }

npm WARN EBADENGINE Unsupported engine {
npm WARN EBADENGINE   package: 'eslint-14861@1.0.0',
npm WARN EBADENGINE   required: { node: '12.20.0' },
npm WARN EBADENGINE   current: { node: 'v20.3.1', npm: '9.6.7' }
npm WARN EBADENGINE }
npm WARN deprecated babel-eslint@10.1.0: babel-eslint is now @babel/eslint-parser. This package will no longer receive updates.

npm WARN EBADENGINE Unsupported engine {
npm WARN EBADENGINE   package: 'eslint-15114@1.0.0',
npm WARN EBADENGINE   required: { node: '16.10.0' },
npm WARN EBADENGINE   current: { node: 'v20.3.1', npm: '9.6.7' }
npm WARN EBADENGINE }

npm WARN EBADENGINE Unsupported engine {
npm WARN EBADENGINE   package: 'eslint-15211@1.0.0',
npm WARN EBADENGINE   required: { node: '10.13.0' },
npm WARN EBADENGINE   current: { node: 'v20.3.1', npm: '9.6.7' }
npm WARN EBADENGINE }

npm WARN EBADENGINE Unsupported engine {
npm WARN EBADENGINE   package: 'eslint-15384@1.0.0',
npm WARN EBADENGINE   required: { node: '14.17.4' },
npm WARN EBADENGINE   current: { node: 'v20.3.1', npm: '9.6.7' }
npm WARN EBADENGINE }

[33mwarn[39m:    'analysis-include' config parameter is empty so we only use the target files for analysis
[33mwarn[39m:    Computed property found in ObjectExpression at /local/tmp/oliverphil/4263081.1/syntest-crash-reproduction/benchmark/crashes/github/eslint/eslint-14537/node_modules/eslint/lib/linter/linter.js:377:45:::380:25:::15534:15661
Unable to insert counter for node identifierDescription: VariableDeclaration
Unable to insert counter for node identifierDescription: VariableDeclaration
Unable to insert counter for node identifierDescription: VariableDeclaration
Unable to insert counter for node identifierDescription: VariableDeclaration
Unable to insert counter for node identifierDescription: VariableDeclaration
Unable to insert counter for node identifierDescription: VariableDeclaration
Unable to insert counter for node identifierDescription: VariableDeclaration
[33mwarn[39m:    Overriding element with id: /local/tmp/oliverphil/4263081.1/syntest-crash-reproduction/benchmark/crashes/github/eslint/eslint-14537/node_modules/eslint/lib/linter/linter.js:221:8:::221:14:::9050:9056
[33mwarn[39m:    Overriding element with id: /local/tmp/oliverphil/4263081.1/syntest-crash-reproduction/benchmark/crashes/github/eslint/eslint-14537/node_modules/eslint/lib/linter/linter.js:222:8:::222:11:::9073:9076
[33mwarn[39m:    Overriding element with id: /local/tmp/oliverphil/4263081.1/syntest-crash-reproduction/benchmark/crashes/github/eslint/eslint-14537/node_modules/eslint/lib/linter/linter.js:223:8:::223:15:::9106:9113
[33mwarn[39m:    Overriding element with id: /local/tmp/oliverphil/4263081.1/syntest-crash-reproduction/benchmark/crashes/github/eslint/eslint-14537/node_modules/eslint/lib/linter/linter.js:224:8:::224:16:::9166:9174
██░░░░░░░░░░░░░░░░░░░░░░░░░░░░░░░░░░░░░░ 5% | ETA: INFs | 5/100 | 0% | safe-emitter.js
█░░░░░░░░░░░░░░░░░░░░░░░░░░░░░░░░░░░░░░░ 2% | ETA: INFs | 2/100 | 0% | node-event-generator.js
[33mwarn[39m:    branch distance is zero
[33mwarn[39m:    branch distance is zero
████░░░░░░░░░░░░░░░░░░░░░░░░░░░░░░░░░░░░ 9% | ETA: INFs | 9/100 | 0% | code-path-analyzer.js
/local/tmp/oliverphil/4263081.1/syntest-crash-reproduction/libraries/search-javascript/dist/lib/testcase/execution/TestExecutor.js:25
    throw reason;
    ^

TypeError: Converting circular structure to JSON
    --> starting at object with constructor 'Node'
    |     property 'expression' -> object with constructor 'Node'
    --- property 'parent' closes the circle
    at stringify (<anonymous>)
    at writeChannelMessage (node:internal/child_process/serialization:159:20)
    at process.target._send (node:internal/child_process:845:17)
    at process.target.send (node:internal/child_process:745:19)
    at runMocha (/local/tmp/oliverphil/4263081.1/syntest-crash-reproduction/libraries/search-javascript/lib/testcase/execution/TestExecutor.ts:156:11)
    at async process.<anonymous> (/local/tmp/oliverphil/4263081.1/syntest-crash-reproduction/libraries/search-javascript/lib/testcase/execution/TestExecutor.ts:74:5)

Node.js v18.19.0
[33mwarn[39m:    Execution timeout reached killing process, timeout: 5000 times 1
[33mwarn[39m:    branch distance is zero
[33mwarn[39m:    'analysis-include' config parameter is empty so we only use the target files for analysis
Unable to insert counter for node identifierDescription: VariableDeclaration
[33mwarn[39m:    This tool does not support computed property assignments. Found one at /local/tmp/oliverphil/4263081.1/syntest-crash-reproduction/benchmark/crashes/github/eslint/eslint-14538/node_modules/eslint/lib/rules/indent.js:1601:71:::1601:107:::68610:68646
██░░░░░░░░░░░░░░░░░░░░░░░░░░░░░░░░░░░░░░ 5% | ETA: INFs | 5/100 | 0% | safe-emitter.js
██░░░░░░░░░░░░░░░░░░░░░░░░░░░░░░░░░░░░░░ 4% | ETA: INFs | 4/100 | 0% | node-event-generator.js
[33mwarn[39m:    'analysis-include' config parameter is empty so we only use the target files for analysis
[33mwarn[39m:    Computed property found in ObjectExpression at /local/tmp/oliverphil/4263081.1/syntest-crash-reproduction/benchmark/crashes/github/eslint/eslint-14554/node_modules/eslint/lib/linter/linter.js:377:45:::380:25:::15534:15661
Unable to insert counter for node identifierDescription: VariableDeclaration
Unable to insert counter for node identifierDescription: VariableDeclaration
Unable to insert counter for node identifierDescription: VariableDeclaration
Unable to insert counter for node identifierDescription: VariableDeclaration
Unable to insert counter for node identifierDescription: VariableDeclaration
Unable to insert counter for node identifierDescription: VariableDeclaration
Unable to insert counter for node identifierDescription: VariableDeclaration
[33mwarn[39m:    Overriding element with id: /local/tmp/oliverphil/4263081.1/syntest-crash-reproduction/benchmark/crashes/github/eslint/eslint-14554/node_modules/eslint/lib/linter/linter.js:221:8:::221:14:::9050:9056
[33mwarn[39m:    Overriding element with id: /local/tmp/oliverphil/4263081.1/syntest-crash-reproduction/benchmark/crashes/github/eslint/eslint-14554/node_modules/eslint/lib/linter/linter.js:222:8:::222:11:::9073:9076
[33mwarn[39m:    Overriding element with id: /local/tmp/oliverphil/4263081.1/syntest-crash-reproduction/benchmark/crashes/github/eslint/eslint-14554/node_modules/eslint/lib/linter/linter.js:223:8:::223:15:::9106:9113
[33mwarn[39m:    Overriding element with id: /local/tmp/oliverphil/4263081.1/syntest-crash-reproduction/benchmark/crashes/github/eslint/eslint-14554/node_modules/eslint/lib/linter/linter.js:224:8:::224:16:::9166:9174
██░░░░░░░░░░░░░░░░░░░░░░░░░░░░░░░░░░░░░░ 5% | ETA: INFs | 5/100 | 0% | safe-emitter.js
█░░░░░░░░░░░░░░░░░░░░░░░░░░░░░░░░░░░░░░░ 2% | ETA: INFs | 2/100 | 0% | node-event-generator.js
[33mwarn[39m:    branch distance is zero
████░░░░░░░░░░░░░░░░░░░░░░░░░░░░░░░░░░░░ 9% | ETA: INFs | 9/100 | 0% | code-path-analyzer.js
[33mwarn[39m:    branch distance is zero
[33mwarn[39m:    branch distance is zero
[33mwarn[39m:    branch distance is zero
[33mwarn[39m:    branch distance is zero
[33mwarn[39m:    'analysis-include' config parameter is empty so we only use the target files for analysis
[33mwarn[39m:    Computed property found in ObjectExpression at /local/tmp/oliverphil/4263081.1/syntest-crash-reproduction/benchmark/crashes/github/eslint/eslint-14829/node_modules/eslint/lib/linter/linter.js:377:45:::380:25:::15534:15661
Unable to insert counter for node identifierDescription: VariableDeclaration
Unable to insert counter for node identifierDescription: VariableDeclaration
Unable to insert counter for node identifierDescription: VariableDeclaration
Unable to insert counter for node identifierDescription: VariableDeclaration
Unable to insert counter for node identifierDescription: VariableDeclaration
Unable to insert counter for node identifierDescription: VariableDeclaration
[33mwarn[39m:    Overriding element with id: /local/tmp/oliverphil/4263081.1/syntest-crash-reproduction/benchmark/crashes/github/eslint/eslint-14829/node_modules/eslint/lib/linter/linter.js:221:8:::221:14:::9050:9056
[33mwarn[39m:    Overriding element with id: /local/tmp/oliverphil/4263081.1/syntest-crash-reproduction/benchmark/crashes/github/eslint/eslint-14829/node_modules/eslint/lib/linter/linter.js:222:8:::222:11:::9073:9076
[33mwarn[39m:    Overriding element with id: /local/tmp/oliverphil/4263081.1/syntest-crash-reproduction/benchmark/crashes/github/eslint/eslint-14829/node_modules/eslint/lib/linter/linter.js:223:8:::223:15:::9106:9113
[33mwarn[39m:    Overriding element with id: /local/tmp/oliverphil/4263081.1/syntest-crash-reproduction/benchmark/crashes/github/eslint/eslint-14829/node_modules/eslint/lib/linter/linter.js:224:8:::224:16:::9166:9174
(node:2161310) MaxListenersExceededWarning: Possible EventEmitter memory leak detected. 11 SIGINT listeners added to [process]. Use emitter.setMaxListeners() to increase limit
(Use `node --trace-warnings ...` to show where the warning was created)
(node:2161310) MaxListenersExceededWarning: Possible EventEmitter memory leak detected. 11 SIGTERM listeners added to [process]. Use emitter.setMaxListeners() to increase limit
(node:2161310) MaxListenersExceededWarning: Possible EventEmitter memory leak detected. 11 SIGQUIT listeners added to [process]. Use emitter.setMaxListeners() to increase limit
[33mwarn[39m:    branch distance is zero
[33mwarn[39m:    branch distance is zero
[33mwarn[39m:    branch distance is zero
[33mwarn[39m:    branch distance is zero
[33mwarn[39m:    'analysis-include' config parameter is empty so we only use the target files for analysis
[33mwarn[39m:    Computed property found in ObjectExpression at /local/tmp/oliverphil/4263081.1/syntest-crash-reproduction/benchmark/crashes/github/eslint/eslint-14861/node_modules/eslint/lib/linter/linter.js:377:45:::380:25:::15534:15661
Unable to insert counter for node identifierDescription: VariableDeclaration
Unable to insert counter for node identifierDescription: VariableDeclaration
Unable to insert counter for node identifierDescription: VariableDeclaration
Unable to insert counter for node identifierDescription: VariableDeclaration
Unable to insert counter for node identifierDescription: VariableDeclaration
Unable to insert counter for node identifierDescription: VariableDeclaration
Unable to insert counter for node identifierDescription: VariableDeclaration
[33mwarn[39m:    Overriding element with id: /local/tmp/oliverphil/4263081.1/syntest-crash-reproduction/benchmark/crashes/github/eslint/eslint-14861/node_modules/eslint/lib/linter/linter.js:221:8:::221:14:::9050:9056
[33mwarn[39m:    Overriding element with id: /local/tmp/oliverphil/4263081.1/syntest-crash-reproduction/benchmark/crashes/github/eslint/eslint-14861/node_modules/eslint/lib/linter/linter.js:222:8:::222:11:::9073:9076
[33mwarn[39m:    Overriding element with id: /local/tmp/oliverphil/4263081.1/syntest-crash-reproduction/benchmark/crashes/github/eslint/eslint-14861/node_modules/eslint/lib/linter/linter.js:223:8:::223:15:::9106:9113
[33mwarn[39m:    Overriding element with id: /local/tmp/oliverphil/4263081.1/syntest-crash-reproduction/benchmark/crashes/github/eslint/eslint-14861/node_modules/eslint/lib/linter/linter.js:224:8:::224:16:::9166:9174
██░░░░░░░░░░░░░░░░░░░░░░░░░░░░░░░░░░░░░░ 5% | ETA: INFs | 5/100 | 0% | safe-emitter.js
█░░░░░░░░░░░░░░░░░░░░░░░░░░░░░░░░░░░░░░░ 2% | ETA: INFs | 2/100 | 0% | node-event-generator.js
████░░░░░░░░░░░░░░░░░░░░░░░░░░░░░░░░░░░░ 9% | ETA: INFs | 9/100 | 0% | code-path-analyzer.js
[33mwarn[39m:    branch distance is zero
[33mwarn[39m:    'analysis-include' config parameter is empty so we only use the target files for analysis
[33mwarn[39m:    Computed property found in ObjectExpression at /local/tmp/oliverphil/4263081.1/syntest-crash-reproduction/benchmark/crashes/github/eslint/eslint-15114/node_modules/eslint/lib/linter/linter.js:379:45:::382:25:::15632:15759
Unable to insert counter for node identifierDescription: VariableDeclaration
Unable to insert counter for node identifierDescription: VariableDeclaration
Unable to insert counter for node identifierDescription: VariableDeclaration
Unable to insert counter for node identifierDescription: VariableDeclaration
Unable to insert counter for node identifierDescription: VariableDeclaration
Unable to insert counter for node identifierDescription: VariableDeclaration
Unable to insert counter for node identifierDescription: VariableDeclaration
Unable to insert counter for node identifierDescription: VariableDeclaration
[33mwarn[39m:    Overriding element with id: /local/tmp/oliverphil/4263081.1/syntest-crash-reproduction/benchmark/crashes/github/eslint/eslint-15114/node_modules/eslint/lib/linter/linter.js:223:8:::223:14:::9148:9154
[33mwarn[39m:    Overriding element with id: /local/tmp/oliverphil/4263081.1/syntest-crash-reproduction/benchmark/crashes/github/eslint/eslint-15114/node_modules/eslint/lib/linter/linter.js:224:8:::224:11:::9171:9174
[33mwarn[39m:    Overriding element with id: /local/tmp/oliverphil/4263081.1/syntest-crash-reproduction/benchmark/crashes/github/eslint/eslint-15114/node_modules/eslint/lib/linter/linter.js:225:8:::225:15:::9204:9211
[33mwarn[39m:    Overriding element with id: /local/tmp/oliverphil/4263081.1/syntest-crash-reproduction/benchmark/crashes/github/eslint/eslint-15114/node_modules/eslint/lib/linter/linter.js:226:8:::226:16:::9264:9272
██░░░░░░░░░░░░░░░░░░░░░░░░░░░░░░░░░░░░░░ 5% | ETA: INFs | 5/100 | 0% | safe-emitter.js
██░░░░░░░░░░░░░░░░░░░░░░░░░░░░░░░░░░░░░░ 4% | ETA: INFs | 4/100 | 0% | node-event-generator.js
[33mwarn[39m:    branch distance is zero
[33mwarn[39m:    branch distance is zero
████░░░░░░░░░░░░░░░░░░░░░░░░░░░░░░░░░░░░ 9% | ETA: INFs | 9/100 | 0% | code-path-analyzer.js
[33mwarn[39m:    branch distance is zero
[33mwarn[39m:    branch distance is zero
[33mwarn[39m:    branch distance is zero
[33mwarn[39m:    branch distance is zero
[33mwarn[39m:    branch distance is zero
[33mwarn[39m:    branch distance is zero
/local/tmp/oliverphil/4263081.1/syntest-crash-reproduction/libraries/search-javascript/dist/lib/testcase/execution/TestExecutor.js:25
    throw reason;
    ^

RangeError: Maximum call stack size exceeded
    at arrayEach (/local/tmp/oliverphil/4263081.1/syntest-crash-reproduction/node_modules/lodash.clonedeep/index.js:135:19)
    at baseClone (/local/tmp/oliverphil/4263081.1/syntest-crash-reproduction/node_modules/lodash.clonedeep/index.js:891:3)
    at /local/tmp/oliverphil/4263081.1/syntest-crash-reproduction/node_modules/lodash.clonedeep/index.js:897:30
    at arrayEach (/local/tmp/oliverphil/4263081.1/syntest-crash-reproduction/node_modules/lodash.clonedeep/index.js:140:9)
    at baseClone (/local/tmp/oliverphil/4263081.1/syntest-crash-reproduction/node_modules/lodash.clonedeep/index.js:891:3)
    at /local/tmp/oliverphil/4263081.1/syntest-crash-reproduction/node_modules/lodash.clonedeep/index.js:897:30
    at arrayEach (/local/tmp/oliverphil/4263081.1/syntest-crash-reproduction/node_modules/lodash.clonedeep/index.js:140:9)
    at baseClone (/local/tmp/oliverphil/4263081.1/syntest-crash-reproduction/node_modules/lodash.clonedeep/index.js:891:3)
    at /local/tmp/oliverphil/4263081.1/syntest-crash-reproduction/node_modules/lodash.clonedeep/index.js:897:30
    at arrayEach (/local/tmp/oliverphil/4263081.1/syntest-crash-reproduction/node_modules/lodash.clonedeep/index.js:140:9)
    at baseClone (/local/tmp/oliverphil/4263081.1/syntest-crash-reproduction/node_modules/lodash.clonedeep/index.js:891:3)
    at cloneMap (/local/tmp/oliverphil/4263081.1/syntest-crash-reproduction/node_modules/lodash.clonedeep/index.js:1030:24)
    at initCloneByTag (/local/tmp/oliverphil/4263081.1/syntest-crash-reproduction/node_modules/lodash.clonedeep/index.js:1290:14)
    at baseClone (/local/tmp/oliverphil/4263081.1/syntest-crash-reproduction/node_modules/lodash.clonedeep/index.js:877:16)
    at /local/tmp/oliverphil/4263081.1/syntest-crash-reproduction/node_modules/lodash.clonedeep/index.js:897:30
    at arrayEach (/local/tmp/oliverphil/4263081.1/syntest-crash-reproduction/node_modules/lodash.clonedeep/index.js:140:9)
    at baseClone (/local/tmp/oliverphil/4263081.1/syntest-crash-reproduction/node_modules/lodash.clonedeep/index.js:891:3)
    at /local/tmp/oliverphil/4263081.1/syntest-crash-reproduction/node_modules/lodash.clonedeep/index.js:897:30
    at arrayEach (/local/tmp/oliverphil/4263081.1/syntest-crash-reproduction/node_modules/lodash.clonedeep/index.js:140:9)
    at baseClone (/local/tmp/oliverphil/4263081.1/syntest-crash-reproduction/node_modules/lodash.clonedeep/index.js:891:3)
    at /local/tmp/oliverphil/4263081.1/syntest-crash-reproduction/node_modules/lodash.clonedeep/index.js:897:30
    at arrayEach (/local/tmp/oliverphil/4263081.1/syntest-crash-reproduction/node_modules/lodash.clonedeep/index.js:140:9)
    at baseClone (/local/tmp/oliverphil/4263081.1/syntest-crash-reproduction/node_modules/lodash.clonedeep/index.js:891:3)
    at /local/tmp/oliverphil/4263081.1/syntest-crash-reproduction/node_modules/lodash.clonedeep/index.js:897:30
    at arrayEach (/local/tmp/oliverphil/4263081.1/syntest-crash-reproduction/node_modules/lodash.clonedeep/index.js:140:9)
    at baseClone (/local/tmp/oliverphil/4263081.1/syntest-crash-reproduction/node_modules/lodash.clonedeep/index.js:891:3)
    at cloneMap (/local/tmp/oliverphil/4263081.1/syntest-crash-reproduction/node_modules/lodash.clonedeep/index.js:1030:24)
    at initCloneByTag (/local/tmp/oliverphil/4263081.1/syntest-crash-reproduction/node_modules/lodash.clonedeep/index.js:1290:14)
    at baseClone (/local/tmp/oliverphil/4263081.1/syntest-crash-reproduction/node_modules/lodash.clonedeep/index.js:877:16)
    at /local/tmp/oliverphil/4263081.1/syntest-crash-reproduction/node_modules/lodash.clonedeep/index.js:897:30
    at arrayEach (/local/tmp/oliverphil/4263081.1/syntest-crash-reproduction/node_modules/lodash.clonedeep/index.js:140:9)
    at baseClone (/local/tmp/oliverphil/4263081.1/syntest-crash-reproduction/node_modules/lodash.clonedeep/index.js:891:3)
    at /local/tmp/oliverphil/4263081.1/syntest-crash-reproduction/node_modules/lodash.clonedeep/index.js:897:30
    at arrayEach (/local/tmp/oliverphil/4263081.1/syntest-crash-reproduction/node_modules/lodash.clonedeep/index.js:140:9)
    at baseClone (/local/tmp/oliverphil/4263081.1/syntest-crash-reproduction/node_modules/lodash.clonedeep/index.js:891:3)
    at /local/tmp/oliverphil/4263081.1/syntest-crash-reproduction/node_modules/lodash.clonedeep/index.js:897:30
    at arrayEach (/local/tmp/oliverphil/4263081.1/syntest-crash-reproduction/node_modules/lodash.clonedeep/index.js:140:9)
    at baseClone (/local/tmp/oliverphil/4263081.1/syntest-crash-reproduction/node_modules/lodash.clonedeep/index.js:891:3)
    at /local/tmp/oliverphil/4263081.1/syntest-crash-reproduction/node_modules/lodash.clonedeep/index.js:897:30
    at arrayEach (/local/tmp/oliverphil/4263081.1/syntest-crash-reproduction/node_modules/lodash.clonedeep/index.js:140:9)
    at baseClone (/local/tmp/oliverphil/4263081.1/syntest-crash-reproduction/node_modules/lodash.clonedeep/index.js:891:3)
    at cloneMap (/local/tmp/oliverphil/4263081.1/syntest-crash-reproduction/node_modules/lodash.clonedeep/index.js:1030:24)
    at initCloneByTag (/local/tmp/oliverphil/4263081.1/syntest-crash-reproduction/node_modules/lodash.clonedeep/index.js:1290:14)
    at baseClone (/local/tmp/oliverphil/4263081.1/syntest-crash-reproduction/node_modules/lodash.clonedeep/index.js:877:16)
    at /local/tmp/oliverphil/4263081.1/syntest-crash-reproduction/node_modules/lodash.clonedeep/index.js:897:30
    at arrayEach (/local/tmp/oliverphil/4263081.1/syntest-crash-reproduction/node_modules/lodash.clonedeep/index.js:140:9)
    at baseClone (/local/tmp/oliverphil/4263081.1/syntest-crash-reproduction/node_modules/lodash.clonedeep/index.js:891:3)
    at /local/tmp/oliverphil/4263081.1/syntest-crash-reproduction/node_modules/lodash.clonedeep/index.js:897:30
    at arrayEach (/local/tmp/oliverphil/4263081.1/syntest-crash-reproduction/node_modules/lodash.clonedeep/index.js:140:9)
    at baseClone (/local/tmp/oliverphil/4263081.1/syntest-crash-reproduction/node_modules/lodash.clonedeep/index.js:891:3)

Node.js v18.19.0
[33mwarn[39m:    Execution timeout reached killing process, timeout: 5000 times 1
[33mwarn[39m:    branch distance is zero
[33mwarn[39m:    branch distance is zero
[33mwarn[39m:    'analysis-include' config parameter is empty so we only use the target files for analysis
Unable to insert counter for node identifierDescription: VariableDeclaration
Unable to insert counter for node identifierDescription: VariableDeclaration
[33mwarn[39m:    'analysis-include' config parameter is empty so we only use the target files for analysis
[33mwarn[39m:    Computed property found in ObjectExpression at /local/tmp/oliverphil/4263081.1/syntest-crash-reproduction/benchmark/crashes/github/eslint/eslint-15384/node_modules/eslint/lib/linter/linter.js:387:45:::390:25:::16012:16139
Unable to insert counter for node identifierDescription: VariableDeclaration
Unable to insert counter for node identifierDescription: VariableDeclaration
Unable to insert counter for node identifierDescription: VariableDeclaration
Unable to insert counter for node identifierDescription: VariableDeclaration
Unable to insert counter for node identifierDescription: VariableDeclaration
Unable to insert counter for node identifierDescription: VariableDeclaration
Unable to insert counter for node identifierDescription: VariableDeclaration
Unable to insert counter for node identifierDescription: VariableDeclaration
[33mwarn[39m:    Overriding element with id: /local/tmp/oliverphil/4263081.1/syntest-crash-reproduction/benchmark/crashes/github/eslint/eslint-15384/node_modules/eslint/lib/linter/linter.js:229:8:::229:14:::9441:9447
[33mwarn[39m:    Overriding element with id: /local/tmp/oliverphil/4263081.1/syntest-crash-reproduction/benchmark/crashes/github/eslint/eslint-15384/node_modules/eslint/lib/linter/linter.js:230:8:::230:11:::9464:9467
[33mwarn[39m:    Overriding element with id: /local/tmp/oliverphil/4263081.1/syntest-crash-reproduction/benchmark/crashes/github/eslint/eslint-15384/node_modules/eslint/lib/linter/linter.js:231:8:::231:15:::9497:9504
[33mwarn[39m:    Overriding element with id: /local/tmp/oliverphil/4263081.1/syntest-crash-reproduction/benchmark/crashes/github/eslint/eslint-15384/node_modules/eslint/lib/linter/linter.js:232:8:::232:16:::9557:9565
████░░░░░░░░░░░░░░░░░░░░░░░░░░░░░░░░░░░░ 9% | ETA: INFs | 9/100 | 0% | linter.js

<--- Last few GCs --->

[2162861:0x5922c70]   226228 ms: Scavenge 9831.2 (10025.9) -> 9820.2 (10025.9) MB, 13.2 / 0.0 ms  (average mu = 0.226, current mu = 0.019) task; 
[2162861:0x5922c70]   226290 ms: Scavenge 9834.2 (10026.6) -> 9827.8 (10029.6) MB, 15.6 / 0.0 ms  (average mu = 0.226, current mu = 0.019) allocation failure; 
[2162861:0x5922c70]   227771 ms: Mark-sweep 9835.7 (10031.2) -> 9820.2 (10035.6) MB, 1467.5 / 0.0 ms  (average mu = 0.257, current mu = 0.289) task; scavenge might not succeed


<--- JS stacktrace --->

FATAL ERROR: Ineffective mark-compacts near heap limit Allocation failed - JavaScript heap out of memory
 1: 0xb95b60 node::Abort() [/vol/grid-solar/sgeusers/oliverphil/.nvm/versions/node/v18.19.0/bin/node]
 2: 0xa9a7f8  [/vol/grid-solar/sgeusers/oliverphil/.nvm/versions/node/v18.19.0/bin/node]
 3: 0xd6f2f0 v8::Utils::ReportOOMFailure(v8::internal::Isolate*, char const*, bool) [/vol/grid-solar/sgeusers/oliverphil/.nvm/versions/node/v18.19.0/bin/node]
 4: 0xd6f697 v8::internal::V8::FatalProcessOutOfMemory(v8::internal::Isolate*, char const*, bool) [/vol/grid-solar/sgeusers/oliverphil/.nvm/versions/node/v18.19.0/bin/node]
 5: 0xf4cba5  [/vol/grid-solar/sgeusers/oliverphil/.nvm/versions/node/v18.19.0/bin/node]
 6: 0xf4daa8 v8::internal::Heap::RecomputeLimits(v8::internal::GarbageCollector) [/vol/grid-solar/sgeusers/oliverphil/.nvm/versions/node/v18.19.0/bin/node]
 7: 0xf5dfb3  [/vol/grid-solar/sgeusers/oliverphil/.nvm/versions/node/v18.19.0/bin/node]
 8: 0xf5ee28 v8::internal::Heap::CollectGarbage(v8::internal::AllocationSpace, v8::internal::GarbageCollectionReason, v8::GCCallbackFlags) [/vol/grid-solar/sgeusers/oliverphil/.nvm/versions/node/v18.19.0/bin/node]
 9: 0xf3978e v8::internal::HeapAllocator::AllocateRawWithLightRetrySlowPath(int, v8::internal::AllocationType, v8::internal::AllocationOrigin, v8::internal::AllocationAlignment) [/vol/grid-solar/sgeusers/oliverphil/.nvm/versions/node/v18.19.0/bin/node]
10: 0xf3ab57 v8::internal::HeapAllocator::AllocateRawWithRetryOrFailSlowPath(int, v8::internal::AllocationType, v8::internal::AllocationOrigin, v8::internal::AllocationAlignment) [/vol/grid-solar/sgeusers/oliverphil/.nvm/versions/node/v18.19.0/bin/node]
11: 0xf1bd2a v8::internal::Factory::NewFillerObject(int, v8::internal::AllocationAlignment, v8::internal::AllocationType, v8::internal::AllocationOrigin) [/vol/grid-solar/sgeusers/oliverphil/.nvm/versions/node/v18.19.0/bin/node]
12: 0x12e114f v8::internal::Runtime_AllocateInYoungGeneration(int, unsigned long*, v8::internal::Isolate*) [/vol/grid-solar/sgeusers/oliverphil/.nvm/versions/node/v18.19.0/bin/node]
13: 0x170deb9  [/vol/grid-solar/sgeusers/oliverphil/.nvm/versions/node/v18.19.0/bin/node]
[33mwarn[39m:    Execution timeout reached killing process, timeout: 5000 times 1
██░░░░░░░░░░░░░░░░░░░░░░░░░░░░░░░░░░░░░░ 5% | ETA: INFs | 5/100 | 0% | safe-emitter.js
██░░░░░░░░░░░░░░░░░░░░░░░░░░░░░░░░░░░░░░ 6% | ETA: INFs | 6/100 | 0% | node-event-generator.js
████░░░░░░░░░░░░░░░░░░░░░░░░░░░░░░░░░░░░ 10% | ETA: INFs | 10/100 | 0% | code-path-analyzer.js
