[33mwarn[39m:    Overriding option with key: "objectiveManager" based on preset DynaMOSA
[33mwarn[39m:    Overriding option with key: "secondaryObjectives" based on preset DynaMOSA
npm WARN deprecated superagent@0.21.0: Please upgrade to v7.0.2+ of superagent.  We have fixed numerous issues with streams, form-data, attach(), filesystem errors not bubbling up (ENOENT on attach()), and all tests are now passing.  See the releases tab for more information at <https://github.com/visionmedia/superagent/releases>.
npm WARN deprecated formidable@1.0.14: Please upgrade to latest, formidable@v2 or formidable@v3! Check these notes: https://bit.ly/2ZEqIau

npm WARN deprecated superagent@0.21.0: Please upgrade to v7.0.2+ of superagent.  We have fixed numerous issues with streams, form-data, attach(), filesystem errors not bubbling up (ENOENT on attach()), and all tests are now passing.  See the releases tab for more information at <https://github.com/visionmedia/superagent/releases>.
npm WARN deprecated formidable@1.0.14: Please upgrade to latest, formidable@v2 or formidable@v3! Check these notes: https://bit.ly/2ZEqIau

npm WARN deprecated superagent@0.21.0: Please upgrade to v7.0.2+ of superagent.  We have fixed numerous issues with streams, form-data, attach(), filesystem errors not bubbling up (ENOENT on attach()), and all tests are now passing.  See the releases tab for more information at <https://github.com/visionmedia/superagent/releases>.
npm WARN deprecated formidable@1.0.14: Please upgrade to latest, formidable@v2 or formidable@v3! Check these notes: https://bit.ly/2ZEqIau

npm WARN deprecated superagent@0.21.0: Please upgrade to v7.0.2+ of superagent.  We have fixed numerous issues with streams, form-data, attach(), filesystem errors not bubbling up (ENOENT on attach()), and all tests are now passing.  See the releases tab for more information at <https://github.com/visionmedia/superagent/releases>.
npm WARN deprecated formidable@1.0.14: Please upgrade to latest, formidable@v2 or formidable@v3! Check these notes: https://bit.ly/2ZEqIau

npm WARN deprecated superagent@0.21.0: Please upgrade to v7.0.2+ of superagent.  We have fixed numerous issues with streams, form-data, attach(), filesystem errors not bubbling up (ENOENT on attach()), and all tests are now passing.  See the releases tab for more information at <https://github.com/visionmedia/superagent/releases>.
npm WARN deprecated formidable@1.0.14: Please upgrade to latest, formidable@v2 or formidable@v3! Check these notes: https://bit.ly/2ZEqIau

[33mwarn[39m:    'analysis-include' config parameter is empty so we only use the target files for analysis
[33mwarn[39m:    Computed property found in FunctionExpression at /local/tmp/oliverphil/4254373.1/syntest-crash-reproduction/benchmark/crashes/bugsjs/express/express-1/node_modules/express/lib/router/index.js:488:18:::492:3:::11286:11413
[33mwarn[39m:    Computed property found in FunctionExpression at /local/tmp/oliverphil/4254373.1/syntest-crash-reproduction/benchmark/crashes/bugsjs/express/express-1/node_modules/express/lib/router/index.js:488:18:::492:3:::11286:11413
[33mwarn[39m:    Computed property found in FunctionExpression at /local/tmp/oliverphil/4254373.1/syntest-crash-reproduction/benchmark/crashes/bugsjs/express/express-1/node_modules/express/lib/router/route.js:153:28:::172:3:::2857:3385
[33mwarn[39m:    Computed property found in FunctionExpression at /local/tmp/oliverphil/4254373.1/syntest-crash-reproduction/benchmark/crashes/bugsjs/express/express-1/node_modules/express/lib/router/route.js:153:28:::172:3:::2857:3385
[33mwarn[39m:    Computed property found in FunctionExpression at /local/tmp/oliverphil/4254373.1/syntest-crash-reproduction/benchmark/crashes/bugsjs/express/express-1/node_modules/express/lib/application.js:423:16:::431:3:::9492:9726
[33mwarn[39m:    Computed property found in FunctionExpression at /local/tmp/oliverphil/4254373.1/syntest-crash-reproduction/benchmark/crashes/bugsjs/express/express-1/node_modules/express/lib/application.js:423:16:::431:3:::9492:9726
Unable to insert counter for node identifierDescription: VariableDeclaration
Unable to insert counter for node identifierDescription: VariableDeclaration
Unable to insert counter for node identifierDescription: VariableDeclaration
Unable to insert counter for node identifierDescription: VariableDeclaration
Unable to insert counter for node identifierDescription: VariableDeclaration
Unable to insert counter for node identifierDescription: VariableDeclaration
Unable to insert counter for node identifierDescription: VariableDeclaration
Unable to insert counter for node identifierDescription: VariableDeclaration
Unable to insert counter for node identifierDescription: VariableDeclaration
Unable to insert counter for node identifierDescription: VariableDeclaration
Unable to insert counter for node identifierDescription: VariableDeclaration
[33mwarn[39m:    Cannot find binding for _interopRequireDefault at /local/tmp/oliverphil/4254373.1/syntest-crash-reproduction/benchmark/crashes/bugsjs/express/express-1/node_modules/express/lib/router/index.js:1:0:::577:0:::0:13078
[33mwarn[39m:    Overriding element with id: /local/tmp/oliverphil/4254373.1/syntest-crash-reproduction/benchmark/crashes/bugsjs/express/express-1/node_modules/express/lib/router/index.js:1:0:::577:0:::0:13078
[33mwarn[39m:    Overriding element with id: /local/tmp/oliverphil/4254373.1/syntest-crash-reproduction/benchmark/crashes/bugsjs/express/express-1/node_modules/express/lib/router/index.js:1:0:::577:0:::0:13078
[33mwarn[39m:    Overriding element with id: /local/tmp/oliverphil/4254373.1/syntest-crash-reproduction/benchmark/crashes/bugsjs/express/express-1/node_modules/express/lib/router/index.js:1:0:::577:0:::0:13078
[33mwarn[39m:    Cannot find binding for _interopRequireDefault at /local/tmp/oliverphil/4254373.1/syntest-crash-reproduction/benchmark/crashes/bugsjs/express/express-1/node_modules/express/lib/router/index.js:1:0:::577:0:::0:13078
[33mwarn[39m:    Overriding element with id: /local/tmp/oliverphil/4254373.1/syntest-crash-reproduction/benchmark/crashes/bugsjs/express/express-1/node_modules/express/lib/router/index.js:1:0:::577:0:::0:13078
[33mwarn[39m:    Overriding element with id: /local/tmp/oliverphil/4254373.1/syntest-crash-reproduction/benchmark/crashes/bugsjs/express/express-1/node_modules/express/lib/router/index.js:1:0:::577:0:::0:13078
[33mwarn[39m:    Overriding element with id: /local/tmp/oliverphil/4254373.1/syntest-crash-reproduction/benchmark/crashes/bugsjs/express/express-1/node_modules/express/lib/router/index.js:1:0:::577:0:::0:13078
[33mwarn[39m:    Overriding element with id: /local/tmp/oliverphil/4254373.1/syntest-crash-reproduction/benchmark/crashes/bugsjs/express/express-1/node_modules/express/lib/router/index.js:497:6:::497:23:::11480:11497
[33mwarn[39m:    Overriding element with id: /local/tmp/oliverphil/4254373.1/syntest-crash-reproduction/benchmark/crashes/bugsjs/express/express-1/node_modules/express/lib/router/index.js:497:6:::497:23:::11480:11497
[33mwarn[39m:    Overriding element with id: /local/tmp/oliverphil/4254373.1/syntest-crash-reproduction/benchmark/crashes/bugsjs/express/express-1/node_modules/express/lib/router/index.js:510:6:::510:32:::11729:11755
[33mwarn[39m:    Overriding element with id: /local/tmp/oliverphil/4254373.1/syntest-crash-reproduction/benchmark/crashes/bugsjs/express/express-1/node_modules/express/lib/router/index.js:510:6:::510:32:::11729:11755
[33mwarn[39m:    Cannot find binding for get at /local/tmp/oliverphil/4254373.1/syntest-crash-reproduction/benchmark/crashes/bugsjs/express/express-1/node_modules/express/lib/application.js:90:9:::92:5:::2160:2316
[33mwarn[39m:    Overriding element with id: /local/tmp/oliverphil/4254373.1/syntest-crash-reproduction/benchmark/crashes/bugsjs/express/express-1/node_modules/express/lib/express.js:27:6:::27:9:::512:515
[33mwarn[39m:    Cannot find binding for get at /local/tmp/oliverphil/4254373.1/syntest-crash-reproduction/benchmark/crashes/bugsjs/express/express-1/node_modules/express/lib/express.js:88:9:::90:5:::1514:1724
[33mwarn[39m:    Cannot find binding for _interopRequireDefault at /local/tmp/oliverphil/4254373.1/syntest-crash-reproduction/benchmark/crashes/bugsjs/express/express-1/node_modules/supertest/lib/test.js:1:0:::242:0:::0:5418
[33mwarn[39m:    Overriding element with id: /local/tmp/oliverphil/4254373.1/syntest-crash-reproduction/benchmark/crashes/bugsjs/express/express-1/node_modules/supertest/lib/test.js:1:0:::242:0:::0:5418
[33mwarn[39m:    Overriding element with id: /local/tmp/oliverphil/4254373.1/syntest-crash-reproduction/benchmark/crashes/bugsjs/express/express-1/node_modules/supertest/lib/test.js:1:0:::242:0:::0:5418
[33mwarn[39m:    Overriding element with id: /local/tmp/oliverphil/4254373.1/syntest-crash-reproduction/benchmark/crashes/bugsjs/express/express-1/node_modules/supertest/lib/test.js:1:0:::242:0:::0:5418
[33mwarn[39m:    Cannot find binding for _interopRequireDefault at /local/tmp/oliverphil/4254373.1/syntest-crash-reproduction/benchmark/crashes/bugsjs/express/express-1/node_modules/supertest/lib/test.js:1:0:::242:0:::0:5418
[33mwarn[39m:    Overriding element with id: /local/tmp/oliverphil/4254373.1/syntest-crash-reproduction/benchmark/crashes/bugsjs/express/express-1/node_modules/supertest/lib/test.js:1:0:::242:0:::0:5418
[33mwarn[39m:    Overriding element with id: /local/tmp/oliverphil/4254373.1/syntest-crash-reproduction/benchmark/crashes/bugsjs/express/express-1/node_modules/supertest/lib/test.js:1:0:::242:0:::0:5418
[33mwarn[39m:    Overriding element with id: /local/tmp/oliverphil/4254373.1/syntest-crash-reproduction/benchmark/crashes/bugsjs/express/express-1/node_modules/supertest/lib/test.js:1:0:::242:0:::0:5418
[33mwarn[39m:    Overriding element with id: /local/tmp/oliverphil/4254373.1/syntest-crash-reproduction/benchmark/crashes/bugsjs/express/express-1/node_modules/supertest/lib/test.js:160:8:::160:31:::3111:3134
[33mwarn[39m:    Overriding element with id: /local/tmp/oliverphil/4254373.1/syntest-crash-reproduction/benchmark/crashes/bugsjs/express/express-1/node_modules/supertest/lib/test.js:160:8:::160:31:::3111:3134
[33mwarn[39m:    branch distance is zero
[33mwarn[39m:    branch distance is zero
[33mwarn[39m:    branch distance is zero
[33mwarn[39m:    branch distance is zero
[33mwarn[39m:    branch distance is zero
[33mwarn[39m:    branch distance is zero
[33mwarn[39m:    branch distance is zero
[33mwarn[39m:    branch distance is zero
[33mwarn[39m:    branch distance is zero
[33mwarn[39m:    'analysis-include' config parameter is empty so we only use the target files for analysis
[33mwarn[39m:    Computed property found in FunctionExpression at /local/tmp/oliverphil/4254373.1/syntest-crash-reproduction/benchmark/crashes/bugsjs/express/express-10/node_modules/express/lib/router/index.js:488:18:::492:3:::11286:11413
[33mwarn[39m:    Computed property found in FunctionExpression at /local/tmp/oliverphil/4254373.1/syntest-crash-reproduction/benchmark/crashes/bugsjs/express/express-10/node_modules/express/lib/router/index.js:488:18:::492:3:::11286:11413
[33mwarn[39m:    Computed property found in FunctionExpression at /local/tmp/oliverphil/4254373.1/syntest-crash-reproduction/benchmark/crashes/bugsjs/express/express-10/node_modules/express/lib/router/route.js:153:28:::172:3:::2857:3385
[33mwarn[39m:    Computed property found in FunctionExpression at /local/tmp/oliverphil/4254373.1/syntest-crash-reproduction/benchmark/crashes/bugsjs/express/express-10/node_modules/express/lib/router/route.js:153:28:::172:3:::2857:3385
[33mwarn[39m:    Computed property found in FunctionExpression at /local/tmp/oliverphil/4254373.1/syntest-crash-reproduction/benchmark/crashes/bugsjs/express/express-10/node_modules/express/lib/application.js:423:16:::431:3:::9492:9726
[33mwarn[39m:    Computed property found in FunctionExpression at /local/tmp/oliverphil/4254373.1/syntest-crash-reproduction/benchmark/crashes/bugsjs/express/express-10/node_modules/express/lib/application.js:423:16:::431:3:::9492:9726
Unable to insert counter for node identifierDescription: VariableDeclaration
Unable to insert counter for node identifierDescription: VariableDeclaration
Unable to insert counter for node identifierDescription: VariableDeclaration
Unable to insert counter for node identifierDescription: VariableDeclaration
Unable to insert counter for node identifierDescription: VariableDeclaration
Unable to insert counter for node identifierDescription: VariableDeclaration
Unable to insert counter for node identifierDescription: VariableDeclaration
Unable to insert counter for node identifierDescription: VariableDeclaration
Unable to insert counter for node identifierDescription: VariableDeclaration
Unable to insert counter for node identifierDescription: VariableDeclaration
Unable to insert counter for node identifierDescription: VariableDeclaration
[33mwarn[39m:    Cannot find binding for _interopRequireDefault at /local/tmp/oliverphil/4254373.1/syntest-crash-reproduction/benchmark/crashes/bugsjs/express/express-10/node_modules/express/lib/router/index.js:1:0:::577:0:::0:13078
[33mwarn[39m:    Overriding element with id: /local/tmp/oliverphil/4254373.1/syntest-crash-reproduction/benchmark/crashes/bugsjs/express/express-10/node_modules/express/lib/router/index.js:1:0:::577:0:::0:13078
[33mwarn[39m:    Overriding element with id: /local/tmp/oliverphil/4254373.1/syntest-crash-reproduction/benchmark/crashes/bugsjs/express/express-10/node_modules/express/lib/router/index.js:1:0:::577:0:::0:13078
[33mwarn[39m:    Overriding element with id: /local/tmp/oliverphil/4254373.1/syntest-crash-reproduction/benchmark/crashes/bugsjs/express/express-10/node_modules/express/lib/router/index.js:1:0:::577:0:::0:13078
[33mwarn[39m:    Cannot find binding for _interopRequireDefault at /local/tmp/oliverphil/4254373.1/syntest-crash-reproduction/benchmark/crashes/bugsjs/express/express-10/node_modules/express/lib/router/index.js:1:0:::577:0:::0:13078
[33mwarn[39m:    Overriding element with id: /local/tmp/oliverphil/4254373.1/syntest-crash-reproduction/benchmark/crashes/bugsjs/express/express-10/node_modules/express/lib/router/index.js:1:0:::577:0:::0:13078
[33mwarn[39m:    Overriding element with id: /local/tmp/oliverphil/4254373.1/syntest-crash-reproduction/benchmark/crashes/bugsjs/express/express-10/node_modules/express/lib/router/index.js:1:0:::577:0:::0:13078
[33mwarn[39m:    Overriding element with id: /local/tmp/oliverphil/4254373.1/syntest-crash-reproduction/benchmark/crashes/bugsjs/express/express-10/node_modules/express/lib/router/index.js:1:0:::577:0:::0:13078
[33mwarn[39m:    Overriding element with id: /local/tmp/oliverphil/4254373.1/syntest-crash-reproduction/benchmark/crashes/bugsjs/express/express-10/node_modules/express/lib/router/index.js:497:6:::497:23:::11480:11497
[33mwarn[39m:    Overriding element with id: /local/tmp/oliverphil/4254373.1/syntest-crash-reproduction/benchmark/crashes/bugsjs/express/express-10/node_modules/express/lib/router/index.js:497:6:::497:23:::11480:11497
[33mwarn[39m:    Overriding element with id: /local/tmp/oliverphil/4254373.1/syntest-crash-reproduction/benchmark/crashes/bugsjs/express/express-10/node_modules/express/lib/router/index.js:510:6:::510:32:::11729:11755
[33mwarn[39m:    Overriding element with id: /local/tmp/oliverphil/4254373.1/syntest-crash-reproduction/benchmark/crashes/bugsjs/express/express-10/node_modules/express/lib/router/index.js:510:6:::510:32:::11729:11755
[33mwarn[39m:    Cannot find binding for get at /local/tmp/oliverphil/4254373.1/syntest-crash-reproduction/benchmark/crashes/bugsjs/express/express-10/node_modules/express/lib/application.js:90:9:::92:5:::2160:2316
[33mwarn[39m:    Overriding element with id: /local/tmp/oliverphil/4254373.1/syntest-crash-reproduction/benchmark/crashes/bugsjs/express/express-10/node_modules/express/lib/express.js:27:6:::27:9:::512:515
[33mwarn[39m:    Cannot find binding for get at /local/tmp/oliverphil/4254373.1/syntest-crash-reproduction/benchmark/crashes/bugsjs/express/express-10/node_modules/express/lib/express.js:88:9:::90:5:::1514:1724
[33mwarn[39m:    Cannot find binding for _interopRequireDefault at /local/tmp/oliverphil/4254373.1/syntest-crash-reproduction/benchmark/crashes/bugsjs/express/express-10/node_modules/supertest/lib/test.js:1:0:::242:0:::0:5418
[33mwarn[39m:    Overriding element with id: /local/tmp/oliverphil/4254373.1/syntest-crash-reproduction/benchmark/crashes/bugsjs/express/express-10/node_modules/supertest/lib/test.js:1:0:::242:0:::0:5418
[33mwarn[39m:    Overriding element with id: /local/tmp/oliverphil/4254373.1/syntest-crash-reproduction/benchmark/crashes/bugsjs/express/express-10/node_modules/supertest/lib/test.js:1:0:::242:0:::0:5418
[33mwarn[39m:    Overriding element with id: /local/tmp/oliverphil/4254373.1/syntest-crash-reproduction/benchmark/crashes/bugsjs/express/express-10/node_modules/supertest/lib/test.js:1:0:::242:0:::0:5418
[33mwarn[39m:    Cannot find binding for _interopRequireDefault at /local/tmp/oliverphil/4254373.1/syntest-crash-reproduction/benchmark/crashes/bugsjs/express/express-10/node_modules/supertest/lib/test.js:1:0:::242:0:::0:5418
[33mwarn[39m:    Overriding element with id: /local/tmp/oliverphil/4254373.1/syntest-crash-reproduction/benchmark/crashes/bugsjs/express/express-10/node_modules/supertest/lib/test.js:1:0:::242:0:::0:5418
[33mwarn[39m:    Overriding element with id: /local/tmp/oliverphil/4254373.1/syntest-crash-reproduction/benchmark/crashes/bugsjs/express/express-10/node_modules/supertest/lib/test.js:1:0:::242:0:::0:5418
[33mwarn[39m:    Overriding element with id: /local/tmp/oliverphil/4254373.1/syntest-crash-reproduction/benchmark/crashes/bugsjs/express/express-10/node_modules/supertest/lib/test.js:1:0:::242:0:::0:5418
[33mwarn[39m:    Overriding element with id: /local/tmp/oliverphil/4254373.1/syntest-crash-reproduction/benchmark/crashes/bugsjs/express/express-10/node_modules/supertest/lib/test.js:160:8:::160:31:::3111:3134
[33mwarn[39m:    Overriding element with id: /local/tmp/oliverphil/4254373.1/syntest-crash-reproduction/benchmark/crashes/bugsjs/express/express-10/node_modules/supertest/lib/test.js:160:8:::160:31:::3111:3134
[33mwarn[39m:    branch distance is zero
[33mwarn[39m:    branch distance is zero
(node:554884) MaxListenersExceededWarning: Possible EventEmitter memory leak detected. 11 SIGINT listeners added to [process]. Use emitter.setMaxListeners() to increase limit
(Use `node --trace-warnings ...` to show where the warning was created)
(node:554884) MaxListenersExceededWarning: Possible EventEmitter memory leak detected. 11 SIGTERM listeners added to [process]. Use emitter.setMaxListeners() to increase limit
(node:554884) MaxListenersExceededWarning: Possible EventEmitter memory leak detected. 11 SIGQUIT listeners added to [process]. Use emitter.setMaxListeners() to increase limit
[33mwarn[39m:    'analysis-include' config parameter is empty so we only use the target files for analysis
[33mwarn[39m:    Computed property found in FunctionExpression at /local/tmp/oliverphil/4254373.1/syntest-crash-reproduction/benchmark/crashes/bugsjs/express/express-11/node_modules/express/lib/router/index.js:488:18:::492:3:::11286:11413
[33mwarn[39m:    Computed property found in FunctionExpression at /local/tmp/oliverphil/4254373.1/syntest-crash-reproduction/benchmark/crashes/bugsjs/express/express-11/node_modules/express/lib/router/index.js:488:18:::492:3:::11286:11413
[33mwarn[39m:    Computed property found in FunctionExpression at /local/tmp/oliverphil/4254373.1/syntest-crash-reproduction/benchmark/crashes/bugsjs/express/express-11/node_modules/express/lib/router/route.js:153:28:::172:3:::2857:3385
[33mwarn[39m:    Computed property found in FunctionExpression at /local/tmp/oliverphil/4254373.1/syntest-crash-reproduction/benchmark/crashes/bugsjs/express/express-11/node_modules/express/lib/router/route.js:153:28:::172:3:::2857:3385
[33mwarn[39m:    Computed property found in FunctionExpression at /local/tmp/oliverphil/4254373.1/syntest-crash-reproduction/benchmark/crashes/bugsjs/express/express-11/node_modules/express/lib/application.js:423:16:::431:3:::9492:9726
[33mwarn[39m:    Computed property found in FunctionExpression at /local/tmp/oliverphil/4254373.1/syntest-crash-reproduction/benchmark/crashes/bugsjs/express/express-11/node_modules/express/lib/application.js:423:16:::431:3:::9492:9726
Unable to insert counter for node identifierDescription: VariableDeclaration
Unable to insert counter for node identifierDescription: VariableDeclaration
Unable to insert counter for node identifierDescription: VariableDeclaration
Unable to insert counter for node identifierDescription: VariableDeclaration
Unable to insert counter for node identifierDescription: VariableDeclaration
Unable to insert counter for node identifierDescription: VariableDeclaration
Unable to insert counter for node identifierDescription: VariableDeclaration
Unable to insert counter for node identifierDescription: VariableDeclaration
Unable to insert counter for node identifierDescription: VariableDeclaration
Unable to insert counter for node identifierDescription: VariableDeclaration
Unable to insert counter for node identifierDescription: VariableDeclaration
[33mwarn[39m:    Cannot find binding for _interopRequireDefault at /local/tmp/oliverphil/4254373.1/syntest-crash-reproduction/benchmark/crashes/bugsjs/express/express-11/node_modules/express/lib/router/index.js:1:0:::577:0:::0:13078
[33mwarn[39m:    Overriding element with id: /local/tmp/oliverphil/4254373.1/syntest-crash-reproduction/benchmark/crashes/bugsjs/express/express-11/node_modules/express/lib/router/index.js:1:0:::577:0:::0:13078
[33mwarn[39m:    Overriding element with id: /local/tmp/oliverphil/4254373.1/syntest-crash-reproduction/benchmark/crashes/bugsjs/express/express-11/node_modules/express/lib/router/index.js:1:0:::577:0:::0:13078
[33mwarn[39m:    Overriding element with id: /local/tmp/oliverphil/4254373.1/syntest-crash-reproduction/benchmark/crashes/bugsjs/express/express-11/node_modules/express/lib/router/index.js:1:0:::577:0:::0:13078
[33mwarn[39m:    Cannot find binding for _interopRequireDefault at /local/tmp/oliverphil/4254373.1/syntest-crash-reproduction/benchmark/crashes/bugsjs/express/express-11/node_modules/express/lib/router/index.js:1:0:::577:0:::0:13078
[33mwarn[39m:    Overriding element with id: /local/tmp/oliverphil/4254373.1/syntest-crash-reproduction/benchmark/crashes/bugsjs/express/express-11/node_modules/express/lib/router/index.js:1:0:::577:0:::0:13078
[33mwarn[39m:    Overriding element with id: /local/tmp/oliverphil/4254373.1/syntest-crash-reproduction/benchmark/crashes/bugsjs/express/express-11/node_modules/express/lib/router/index.js:1:0:::577:0:::0:13078
[33mwarn[39m:    Overriding element with id: /local/tmp/oliverphil/4254373.1/syntest-crash-reproduction/benchmark/crashes/bugsjs/express/express-11/node_modules/express/lib/router/index.js:1:0:::577:0:::0:13078
[33mwarn[39m:    Overriding element with id: /local/tmp/oliverphil/4254373.1/syntest-crash-reproduction/benchmark/crashes/bugsjs/express/express-11/node_modules/express/lib/router/index.js:497:6:::497:23:::11480:11497
[33mwarn[39m:    Overriding element with id: /local/tmp/oliverphil/4254373.1/syntest-crash-reproduction/benchmark/crashes/bugsjs/express/express-11/node_modules/express/lib/router/index.js:497:6:::497:23:::11480:11497
[33mwarn[39m:    Overriding element with id: /local/tmp/oliverphil/4254373.1/syntest-crash-reproduction/benchmark/crashes/bugsjs/express/express-11/node_modules/express/lib/router/index.js:510:6:::510:32:::11729:11755
[33mwarn[39m:    Overriding element with id: /local/tmp/oliverphil/4254373.1/syntest-crash-reproduction/benchmark/crashes/bugsjs/express/express-11/node_modules/express/lib/router/index.js:510:6:::510:32:::11729:11755
[33mwarn[39m:    Cannot find binding for get at /local/tmp/oliverphil/4254373.1/syntest-crash-reproduction/benchmark/crashes/bugsjs/express/express-11/node_modules/express/lib/application.js:90:9:::92:5:::2160:2316
[33mwarn[39m:    Overriding element with id: /local/tmp/oliverphil/4254373.1/syntest-crash-reproduction/benchmark/crashes/bugsjs/express/express-11/node_modules/express/lib/express.js:27:6:::27:9:::512:515
[33mwarn[39m:    Cannot find binding for get at /local/tmp/oliverphil/4254373.1/syntest-crash-reproduction/benchmark/crashes/bugsjs/express/express-11/node_modules/express/lib/express.js:88:9:::90:5:::1514:1724
[33mwarn[39m:    Cannot find binding for _interopRequireDefault at /local/tmp/oliverphil/4254373.1/syntest-crash-reproduction/benchmark/crashes/bugsjs/express/express-11/node_modules/supertest/lib/test.js:1:0:::242:0:::0:5418
[33mwarn[39m:    Overriding element with id: /local/tmp/oliverphil/4254373.1/syntest-crash-reproduction/benchmark/crashes/bugsjs/express/express-11/node_modules/supertest/lib/test.js:1:0:::242:0:::0:5418
[33mwarn[39m:    Overriding element with id: /local/tmp/oliverphil/4254373.1/syntest-crash-reproduction/benchmark/crashes/bugsjs/express/express-11/node_modules/supertest/lib/test.js:1:0:::242:0:::0:5418
[33mwarn[39m:    Overriding element with id: /local/tmp/oliverphil/4254373.1/syntest-crash-reproduction/benchmark/crashes/bugsjs/express/express-11/node_modules/supertest/lib/test.js:1:0:::242:0:::0:5418
[33mwarn[39m:    Cannot find binding for _interopRequireDefault at /local/tmp/oliverphil/4254373.1/syntest-crash-reproduction/benchmark/crashes/bugsjs/express/express-11/node_modules/supertest/lib/test.js:1:0:::242:0:::0:5418
[33mwarn[39m:    Overriding element with id: /local/tmp/oliverphil/4254373.1/syntest-crash-reproduction/benchmark/crashes/bugsjs/express/express-11/node_modules/supertest/lib/test.js:1:0:::242:0:::0:5418
[33mwarn[39m:    Overriding element with id: /local/tmp/oliverphil/4254373.1/syntest-crash-reproduction/benchmark/crashes/bugsjs/express/express-11/node_modules/supertest/lib/test.js:1:0:::242:0:::0:5418
[33mwarn[39m:    Overriding element with id: /local/tmp/oliverphil/4254373.1/syntest-crash-reproduction/benchmark/crashes/bugsjs/express/express-11/node_modules/supertest/lib/test.js:1:0:::242:0:::0:5418
[33mwarn[39m:    Overriding element with id: /local/tmp/oliverphil/4254373.1/syntest-crash-reproduction/benchmark/crashes/bugsjs/express/express-11/node_modules/supertest/lib/test.js:160:8:::160:31:::3111:3134
[33mwarn[39m:    Overriding element with id: /local/tmp/oliverphil/4254373.1/syntest-crash-reproduction/benchmark/crashes/bugsjs/express/express-11/node_modules/supertest/lib/test.js:160:8:::160:31:::3111:3134
[33mwarn[39m:    branch distance is zero
[33mwarn[39m:    'analysis-include' config parameter is empty so we only use the target files for analysis
[33mwarn[39m:    Computed property found in FunctionExpression at /local/tmp/oliverphil/4254373.1/syntest-crash-reproduction/benchmark/crashes/bugsjs/express/express-12/node_modules/express/lib/router/index.js:488:18:::492:3:::11286:11413
[33mwarn[39m:    Computed property found in FunctionExpression at /local/tmp/oliverphil/4254373.1/syntest-crash-reproduction/benchmark/crashes/bugsjs/express/express-12/node_modules/express/lib/router/index.js:488:18:::492:3:::11286:11413
[33mwarn[39m:    Computed property found in FunctionExpression at /local/tmp/oliverphil/4254373.1/syntest-crash-reproduction/benchmark/crashes/bugsjs/express/express-12/node_modules/express/lib/router/route.js:153:28:::172:3:::2857:3385
[33mwarn[39m:    Computed property found in FunctionExpression at /local/tmp/oliverphil/4254373.1/syntest-crash-reproduction/benchmark/crashes/bugsjs/express/express-12/node_modules/express/lib/router/route.js:153:28:::172:3:::2857:3385
[33mwarn[39m:    Computed property found in FunctionExpression at /local/tmp/oliverphil/4254373.1/syntest-crash-reproduction/benchmark/crashes/bugsjs/express/express-12/node_modules/express/lib/application.js:423:16:::431:3:::9492:9726
[33mwarn[39m:    Computed property found in FunctionExpression at /local/tmp/oliverphil/4254373.1/syntest-crash-reproduction/benchmark/crashes/bugsjs/express/express-12/node_modules/express/lib/application.js:423:16:::431:3:::9492:9726
Unable to insert counter for node identifierDescription: VariableDeclaration
Unable to insert counter for node identifierDescription: VariableDeclaration
Unable to insert counter for node identifierDescription: VariableDeclaration
Unable to insert counter for node identifierDescription: VariableDeclaration
Unable to insert counter for node identifierDescription: VariableDeclaration
Unable to insert counter for node identifierDescription: VariableDeclaration
Unable to insert counter for node identifierDescription: VariableDeclaration
Unable to insert counter for node identifierDescription: VariableDeclaration
Unable to insert counter for node identifierDescription: VariableDeclaration
Unable to insert counter for node identifierDescription: VariableDeclaration
Unable to insert counter for node identifierDescription: VariableDeclaration
[33mwarn[39m:    Cannot find binding for _interopRequireDefault at /local/tmp/oliverphil/4254373.1/syntest-crash-reproduction/benchmark/crashes/bugsjs/express/express-12/node_modules/express/lib/router/index.js:1:0:::577:0:::0:13078
[33mwarn[39m:    Overriding element with id: /local/tmp/oliverphil/4254373.1/syntest-crash-reproduction/benchmark/crashes/bugsjs/express/express-12/node_modules/express/lib/router/index.js:1:0:::577:0:::0:13078
[33mwarn[39m:    Overriding element with id: /local/tmp/oliverphil/4254373.1/syntest-crash-reproduction/benchmark/crashes/bugsjs/express/express-12/node_modules/express/lib/router/index.js:1:0:::577:0:::0:13078
[33mwarn[39m:    Overriding element with id: /local/tmp/oliverphil/4254373.1/syntest-crash-reproduction/benchmark/crashes/bugsjs/express/express-12/node_modules/express/lib/router/index.js:1:0:::577:0:::0:13078
[33mwarn[39m:    Cannot find binding for _interopRequireDefault at /local/tmp/oliverphil/4254373.1/syntest-crash-reproduction/benchmark/crashes/bugsjs/express/express-12/node_modules/express/lib/router/index.js:1:0:::577:0:::0:13078
[33mwarn[39m:    Overriding element with id: /local/tmp/oliverphil/4254373.1/syntest-crash-reproduction/benchmark/crashes/bugsjs/express/express-12/node_modules/express/lib/router/index.js:1:0:::577:0:::0:13078
[33mwarn[39m:    Overriding element with id: /local/tmp/oliverphil/4254373.1/syntest-crash-reproduction/benchmark/crashes/bugsjs/express/express-12/node_modules/express/lib/router/index.js:1:0:::577:0:::0:13078
[33mwarn[39m:    Overriding element with id: /local/tmp/oliverphil/4254373.1/syntest-crash-reproduction/benchmark/crashes/bugsjs/express/express-12/node_modules/express/lib/router/index.js:1:0:::577:0:::0:13078
[33mwarn[39m:    Overriding element with id: /local/tmp/oliverphil/4254373.1/syntest-crash-reproduction/benchmark/crashes/bugsjs/express/express-12/node_modules/express/lib/router/index.js:497:6:::497:23:::11480:11497
[33mwarn[39m:    Overriding element with id: /local/tmp/oliverphil/4254373.1/syntest-crash-reproduction/benchmark/crashes/bugsjs/express/express-12/node_modules/express/lib/router/index.js:497:6:::497:23:::11480:11497
[33mwarn[39m:    Overriding element with id: /local/tmp/oliverphil/4254373.1/syntest-crash-reproduction/benchmark/crashes/bugsjs/express/express-12/node_modules/express/lib/router/index.js:510:6:::510:32:::11729:11755
[33mwarn[39m:    Overriding element with id: /local/tmp/oliverphil/4254373.1/syntest-crash-reproduction/benchmark/crashes/bugsjs/express/express-12/node_modules/express/lib/router/index.js:510:6:::510:32:::11729:11755
[33mwarn[39m:    Cannot find binding for get at /local/tmp/oliverphil/4254373.1/syntest-crash-reproduction/benchmark/crashes/bugsjs/express/express-12/node_modules/express/lib/application.js:90:9:::92:5:::2160:2316
[33mwarn[39m:    Overriding element with id: /local/tmp/oliverphil/4254373.1/syntest-crash-reproduction/benchmark/crashes/bugsjs/express/express-12/node_modules/express/lib/express.js:27:6:::27:9:::512:515
[33mwarn[39m:    Cannot find binding for get at /local/tmp/oliverphil/4254373.1/syntest-crash-reproduction/benchmark/crashes/bugsjs/express/express-12/node_modules/express/lib/express.js:88:9:::90:5:::1514:1724
[33mwarn[39m:    Cannot find binding for _interopRequireDefault at /local/tmp/oliverphil/4254373.1/syntest-crash-reproduction/benchmark/crashes/bugsjs/express/express-12/node_modules/supertest/lib/test.js:1:0:::242:0:::0:5418
[33mwarn[39m:    Overriding element with id: /local/tmp/oliverphil/4254373.1/syntest-crash-reproduction/benchmark/crashes/bugsjs/express/express-12/node_modules/supertest/lib/test.js:1:0:::242:0:::0:5418
[33mwarn[39m:    Overriding element with id: /local/tmp/oliverphil/4254373.1/syntest-crash-reproduction/benchmark/crashes/bugsjs/express/express-12/node_modules/supertest/lib/test.js:1:0:::242:0:::0:5418
[33mwarn[39m:    Overriding element with id: /local/tmp/oliverphil/4254373.1/syntest-crash-reproduction/benchmark/crashes/bugsjs/express/express-12/node_modules/supertest/lib/test.js:1:0:::242:0:::0:5418
[33mwarn[39m:    Cannot find binding for _interopRequireDefault at /local/tmp/oliverphil/4254373.1/syntest-crash-reproduction/benchmark/crashes/bugsjs/express/express-12/node_modules/supertest/lib/test.js:1:0:::242:0:::0:5418
[33mwarn[39m:    Overriding element with id: /local/tmp/oliverphil/4254373.1/syntest-crash-reproduction/benchmark/crashes/bugsjs/express/express-12/node_modules/supertest/lib/test.js:1:0:::242:0:::0:5418
[33mwarn[39m:    Overriding element with id: /local/tmp/oliverphil/4254373.1/syntest-crash-reproduction/benchmark/crashes/bugsjs/express/express-12/node_modules/supertest/lib/test.js:1:0:::242:0:::0:5418
[33mwarn[39m:    Overriding element with id: /local/tmp/oliverphil/4254373.1/syntest-crash-reproduction/benchmark/crashes/bugsjs/express/express-12/node_modules/supertest/lib/test.js:1:0:::242:0:::0:5418
[33mwarn[39m:    Overriding element with id: /local/tmp/oliverphil/4254373.1/syntest-crash-reproduction/benchmark/crashes/bugsjs/express/express-12/node_modules/supertest/lib/test.js:160:8:::160:31:::3111:3134
[33mwarn[39m:    Overriding element with id: /local/tmp/oliverphil/4254373.1/syntest-crash-reproduction/benchmark/crashes/bugsjs/express/express-12/node_modules/supertest/lib/test.js:160:8:::160:31:::3111:3134
[33mwarn[39m:    branch distance is zero
[33mwarn[39m:    branch distance is zero
[33mwarn[39m:    branch distance is zero
[33mwarn[39m:    branch distance is zero
[33mwarn[39m:    branch distance is zero
[33mwarn[39m:    branch distance is zero
[33mwarn[39m:    branch distance is zero
[33mwarn[39m:    branch distance is zero
[33mwarn[39m:    branch distance is zero
[33mwarn[39m:    branch distance is zero
[33mwarn[39m:    branch distance is zero
[33mwarn[39m:    branch distance is zero
[33mwarn[39m:    'analysis-include' config parameter is empty so we only use the target files for analysis
[33mwarn[39m:    Computed property found in FunctionExpression at /local/tmp/oliverphil/4254373.1/syntest-crash-reproduction/benchmark/crashes/bugsjs/express/express-13/node_modules/express/lib/router/index.js:488:18:::492:3:::11286:11413
[33mwarn[39m:    Computed property found in FunctionExpression at /local/tmp/oliverphil/4254373.1/syntest-crash-reproduction/benchmark/crashes/bugsjs/express/express-13/node_modules/express/lib/router/index.js:488:18:::492:3:::11286:11413
[33mwarn[39m:    Computed property found in FunctionExpression at /local/tmp/oliverphil/4254373.1/syntest-crash-reproduction/benchmark/crashes/bugsjs/express/express-13/node_modules/express/lib/router/route.js:153:28:::172:3:::2857:3385
[33mwarn[39m:    Computed property found in FunctionExpression at /local/tmp/oliverphil/4254373.1/syntest-crash-reproduction/benchmark/crashes/bugsjs/express/express-13/node_modules/express/lib/router/route.js:153:28:::172:3:::2857:3385
[33mwarn[39m:    Computed property found in FunctionExpression at /local/tmp/oliverphil/4254373.1/syntest-crash-reproduction/benchmark/crashes/bugsjs/express/express-13/node_modules/express/lib/application.js:423:16:::431:3:::9492:9726
[33mwarn[39m:    Computed property found in FunctionExpression at /local/tmp/oliverphil/4254373.1/syntest-crash-reproduction/benchmark/crashes/bugsjs/express/express-13/node_modules/express/lib/application.js:423:16:::431:3:::9492:9726
Unable to insert counter for node identifierDescription: VariableDeclaration
Unable to insert counter for node identifierDescription: VariableDeclaration
Unable to insert counter for node identifierDescription: VariableDeclaration
Unable to insert counter for node identifierDescription: VariableDeclaration
Unable to insert counter for node identifierDescription: VariableDeclaration
Unable to insert counter for node identifierDescription: VariableDeclaration
Unable to insert counter for node identifierDescription: VariableDeclaration
Unable to insert counter for node identifierDescription: VariableDeclaration
Unable to insert counter for node identifierDescription: VariableDeclaration
Unable to insert counter for node identifierDescription: VariableDeclaration
Unable to insert counter for node identifierDescription: VariableDeclaration
[33mwarn[39m:    Cannot find binding for _interopRequireDefault at /local/tmp/oliverphil/4254373.1/syntest-crash-reproduction/benchmark/crashes/bugsjs/express/express-13/node_modules/express/lib/router/index.js:1:0:::577:0:::0:13078
[33mwarn[39m:    Overriding element with id: /local/tmp/oliverphil/4254373.1/syntest-crash-reproduction/benchmark/crashes/bugsjs/express/express-13/node_modules/express/lib/router/index.js:1:0:::577:0:::0:13078
[33mwarn[39m:    Overriding element with id: /local/tmp/oliverphil/4254373.1/syntest-crash-reproduction/benchmark/crashes/bugsjs/express/express-13/node_modules/express/lib/router/index.js:1:0:::577:0:::0:13078
[33mwarn[39m:    Overriding element with id: /local/tmp/oliverphil/4254373.1/syntest-crash-reproduction/benchmark/crashes/bugsjs/express/express-13/node_modules/express/lib/router/index.js:1:0:::577:0:::0:13078
[33mwarn[39m:    Cannot find binding for _interopRequireDefault at /local/tmp/oliverphil/4254373.1/syntest-crash-reproduction/benchmark/crashes/bugsjs/express/express-13/node_modules/express/lib/router/index.js:1:0:::577:0:::0:13078
[33mwarn[39m:    Overriding element with id: /local/tmp/oliverphil/4254373.1/syntest-crash-reproduction/benchmark/crashes/bugsjs/express/express-13/node_modules/express/lib/router/index.js:1:0:::577:0:::0:13078
[33mwarn[39m:    Overriding element with id: /local/tmp/oliverphil/4254373.1/syntest-crash-reproduction/benchmark/crashes/bugsjs/express/express-13/node_modules/express/lib/router/index.js:1:0:::577:0:::0:13078
[33mwarn[39m:    Overriding element with id: /local/tmp/oliverphil/4254373.1/syntest-crash-reproduction/benchmark/crashes/bugsjs/express/express-13/node_modules/express/lib/router/index.js:1:0:::577:0:::0:13078
[33mwarn[39m:    Overriding element with id: /local/tmp/oliverphil/4254373.1/syntest-crash-reproduction/benchmark/crashes/bugsjs/express/express-13/node_modules/express/lib/router/index.js:497:6:::497:23:::11480:11497
[33mwarn[39m:    Overriding element with id: /local/tmp/oliverphil/4254373.1/syntest-crash-reproduction/benchmark/crashes/bugsjs/express/express-13/node_modules/express/lib/router/index.js:497:6:::497:23:::11480:11497
[33mwarn[39m:    Overriding element with id: /local/tmp/oliverphil/4254373.1/syntest-crash-reproduction/benchmark/crashes/bugsjs/express/express-13/node_modules/express/lib/router/index.js:510:6:::510:32:::11729:11755
[33mwarn[39m:    Overriding element with id: /local/tmp/oliverphil/4254373.1/syntest-crash-reproduction/benchmark/crashes/bugsjs/express/express-13/node_modules/express/lib/router/index.js:510:6:::510:32:::11729:11755
[33mwarn[39m:    Cannot find binding for get at /local/tmp/oliverphil/4254373.1/syntest-crash-reproduction/benchmark/crashes/bugsjs/express/express-13/node_modules/express/lib/application.js:90:9:::92:5:::2160:2316
[33mwarn[39m:    Overriding element with id: /local/tmp/oliverphil/4254373.1/syntest-crash-reproduction/benchmark/crashes/bugsjs/express/express-13/node_modules/express/lib/express.js:27:6:::27:9:::512:515
[33mwarn[39m:    Cannot find binding for get at /local/tmp/oliverphil/4254373.1/syntest-crash-reproduction/benchmark/crashes/bugsjs/express/express-13/node_modules/express/lib/express.js:88:9:::90:5:::1514:1724
[33mwarn[39m:    Cannot find binding for _interopRequireDefault at /local/tmp/oliverphil/4254373.1/syntest-crash-reproduction/benchmark/crashes/bugsjs/express/express-13/node_modules/supertest/lib/test.js:1:0:::242:0:::0:5418
[33mwarn[39m:    Overriding element with id: /local/tmp/oliverphil/4254373.1/syntest-crash-reproduction/benchmark/crashes/bugsjs/express/express-13/node_modules/supertest/lib/test.js:1:0:::242:0:::0:5418
[33mwarn[39m:    Overriding element with id: /local/tmp/oliverphil/4254373.1/syntest-crash-reproduction/benchmark/crashes/bugsjs/express/express-13/node_modules/supertest/lib/test.js:1:0:::242:0:::0:5418
[33mwarn[39m:    Overriding element with id: /local/tmp/oliverphil/4254373.1/syntest-crash-reproduction/benchmark/crashes/bugsjs/express/express-13/node_modules/supertest/lib/test.js:1:0:::242:0:::0:5418
[33mwarn[39m:    Cannot find binding for _interopRequireDefault at /local/tmp/oliverphil/4254373.1/syntest-crash-reproduction/benchmark/crashes/bugsjs/express/express-13/node_modules/supertest/lib/test.js:1:0:::242:0:::0:5418
[33mwarn[39m:    Overriding element with id: /local/tmp/oliverphil/4254373.1/syntest-crash-reproduction/benchmark/crashes/bugsjs/express/express-13/node_modules/supertest/lib/test.js:1:0:::242:0:::0:5418
[33mwarn[39m:    Overriding element with id: /local/tmp/oliverphil/4254373.1/syntest-crash-reproduction/benchmark/crashes/bugsjs/express/express-13/node_modules/supertest/lib/test.js:1:0:::242:0:::0:5418
[33mwarn[39m:    Overriding element with id: /local/tmp/oliverphil/4254373.1/syntest-crash-reproduction/benchmark/crashes/bugsjs/express/express-13/node_modules/supertest/lib/test.js:1:0:::242:0:::0:5418
[33mwarn[39m:    Overriding element with id: /local/tmp/oliverphil/4254373.1/syntest-crash-reproduction/benchmark/crashes/bugsjs/express/express-13/node_modules/supertest/lib/test.js:160:8:::160:31:::3111:3134
[33mwarn[39m:    Overriding element with id: /local/tmp/oliverphil/4254373.1/syntest-crash-reproduction/benchmark/crashes/bugsjs/express/express-13/node_modules/supertest/lib/test.js:160:8:::160:31:::3111:3134
[33mwarn[39m:    branch distance is zero
[33mwarn[39m:    branch distance is zero
[33mwarn[39m:    branch distance is zero
[33mwarn[39m:    branch distance is zero
[33mwarn[39m:    branch distance is zero
