[33mwarn[39m:    Overriding option with key: "objectiveManager" based on preset DynaMOSA
[33mwarn[39m:    Overriding option with key: "secondaryObjectives" based on preset DynaMOSA

--2023-11-27 13:52:25--  https://github.com/atom/atom/archive/refs/tags/v1.57.0.tar.gz
Loaded CA certificate '/etc/ssl/certs/ca-certificates.crt'
Resolving github.com (github.com)... 20.248.137.48
Connecting to github.com (github.com)|20.248.137.48|:443... connected.
HTTP request sent, awaiting response... 302 Found
Location: https://codeload.github.com/atom/atom/tar.gz/refs/tags/v1.57.0 [following]
--2023-11-27 13:52:26--  https://codeload.github.com/atom/atom/tar.gz/refs/tags/v1.57.0
Resolving codeload.github.com (codeload.github.com)... 20.248.137.55
Connecting to codeload.github.com (codeload.github.com)|20.248.137.55|:443... connected.
HTTP request sent, awaiting response... 200 OK
Length: unspecified [application/x-gzip]
Saving to: ‘./benchmark/crashes/github//atom/atom-22562/atom-1.57.0.tar.gz’

     0K .......... .......... .......... .......... ..........  671K
    50K .......... .......... .......... .......... .......... 1.28M
   100K .......... .......... .......... .......... .......... 1.32M
   150K .......... .......... .......... .......... .......... 64.4M
   200K .......... .......... .......... .......... .......... 1.34M
   250K .......... .......... .......... .......... .......... 97.9M
   300K .......... .......... .......... .......... ..........  125M
   350K .......... .......... .......... .......... ..........  116M
   400K .......... .......... .......... .......... .......... 1.34M
   450K .......... .......... .......... .......... ..........  132M
   500K .......... .......... .......... .......... ..........  122M
   550K .......... .......... .......... .......... .......... 97.8M
   600K .......... .......... .......... .......... .......... 98.1M
   650K .......... .......... .......... .......... ..........  159M
   700K .......... .......... .......... .......... .......... 93.6M
   750K .......... .......... .......... .......... ..........  160M
   800K .......... .......... .......... .......... ..........  456K
   850K .......... .......... .......... .......... ..........  369M
   900K .......... .......... .......... .......... ..........  441M
   950K .......... .......... .......... .......... ..........  604M
  1000K .......... .......... .......... .......... ..........  431M
  1050K .......... .......... .......... .......... ..........  359M
  1100K .......... .......... .......... .......... ..........  519M
  1150K .......... .......... .......... .......... ..........  419M
  1200K .......... .......... .......... .......... ..........  445M
  1250K .......... .......... .......... .......... ..........  410M
  1300K .......... .......... .......... .......... ..........  377M
  1350K .......... .......... .......... .......... ..........  361M
  1400K .......... .......... .......... .......... ..........  356M
  1450K .......... .......... .......... .......... ..........  394M
  1500K .......... .......... .......... .......... ..........  393M
  1550K .......... .......... .......... .......... ..........  376M
  1600K .......... .......... .......... .......... ..........  364M
  1650K .......... .......... .......... .......... ..........  399M
  1700K .......... .......... .......... .......... ..........  314M
  1750K .......... .......... .......... .......... ..........  380M
  1800K .......... .......... .......... .......... ..........  362M
  1850K .......... .......... .......... .......... ..........  359M
  1900K .......... .......... .......... .......... ..........  357M
  1950K .......... .......... .......... .......... ..........  368M
  2000K .......... .......... .......... .......... ..........  366M
  2050K .......... .......... .......... .......... ..........  405M
  2100K .......... .......... .......... .......... ..........  168M
  2150K .......... .......... .......... .......... ..........  156M
  2200K .......... .......... .......... .......... .......... 92.8M
  2250K .......... .......... .......... .......... .......... 86.4M
  2300K .......... .......... .......... .......... .......... 32.8M
  2350K .......... .......... .......... .......... .......... 1.58M
  2400K .......... .......... .......... .......... ..........  110M
  2450K .......... .......... .......... .......... .......... 84.8M
  2500K .......... .......... .......... .......... ..........  137M
  2550K .......... .......... .......... .......... .......... 86.6M
  2600K .......... .......... .......... .......... .......... 75.5M
  2650K .......... .......... .......... .......... ..........  144M
  2700K .......... .......... .......... .......... .......... 93.2M
  2750K .......... .......... .......... .......... .......... 96.2M
  2800K .......... .......... .......... .......... ..........  169M
  2850K .......... .......... .......... .......... .......... 82.8M
  2900K .......... .......... .......... .......... .......... 1.51M
  2950K .......... .......... .......... .......... ..........  204M
  3000K .......... .......... .......... .......... .......... 84.6M
  3050K .......... .......... .......... .......... ..........  148M
  3100K .......... .......... .......... .......... ..........  145M
  3150K .......... .......... .......... .......... .......... 81.5M
  3200K .......... .......... .......... .......... .......... 72.7M
  3250K .......... .......... .......... .......... .......... 81.9M
  3300K .......... .......... .......... .......... ..........  177M
  3350K .......... .......... .......... .......... ..........  100M
  3400K .......... .......... .......... .......... .......... 97.7M
  3450K .......... .......... .......... .......... ..........  167M
  3500K .......... .......... .......... .......... .......... 1.52M
  3550K .......... .......... .......... .......... .......... 87.2M
  3600K .......... .......... .......... .......... .......... 87.4M
  3650K .......... .......... .......... .......... ..........  142M
  3700K .......... .......... .......... .......... .......... 84.3M
  3750K .......... .......... .......... .......... .......... 66.8M
  3800K .......... .......... .......... .......... ..........  189M
  3850K .......... .......... .......... .......... .......... 99.4M
  3900K .......... .......... .......... .......... .......... 97.4M
  3950K .......... .......... .......... .......... .......... 98.9M
  4000K .......... .......... .......... .......... ..........  176M
  4050K .......... .......... .......... .......... .......... 35.7M
  4100K .......... .......... .......... .......... .......... 1.56M
  4150K .......... .......... .......... .......... ..........  142M
  4200K .......... .......... .......... .......... .......... 87.3M
  4250K .......... .......... .......... .......... .......... 89.7M
  4300K .......... .......... .......... .......... ..........  178M
  4350K .......... .......... .......... .......... .......... 65.7M
  4400K .......... .......... .......... .......... .......... 94.7M
  4450K .......... .......... .......... .......... ..........  182M
  4500K .......... .......... .......... .......... .......... 99.5M
  4550K .......... .......... .......... .......... .......... 90.6M
  4600K .......... .......... .......... .......... ..........  159M
  4650K .......... .......... .......... .......... .......... 35.5M
  4700K .......... .......... .......... .......... .......... 1.56M
  4750K .......... .......... .......... .......... .......... 87.3M
  4800K .......... .......... .......... .......... ..........  130M
  4850K .......... .......... .......... .......... ..........  166M
  4900K .......... .......... .......... .......... .......... 96.8M
  4950K .......... .......... .......... .......... .......... 74.6M
  5000K .......... .......... .......... .......... ..........  196M
  5050K .......... .......... .......... .......... .......... 95.9M
  5100K .......... .......... .......... .......... .......... 96.1M
  5150K .......... .......... .......... .......... ..........  178M
  5200K .......... .......... .......... .......... .......... 98.2M
  5250K .......... .......... .......... .......... .......... 33.2M
  5300K .......... .......... .......... .......... .......... 1.57M
  5350K .......... .......... .......... .......... .......... 62.7M
  5400K .......... .......... .......... .......... ..........  135M
  5450K .......... .......... .......... .......... ..........  152M
  5500K .......... .......... .......... .......... .......... 93.2M
  5550K .......... .......... .......... .......... .......... 80.5M
  5600K .......... .......... .......... .......... ..........  144M
  5650K .......... .......... .......... .......... .......... 88.1M
  5700K .......... .......... .......... .......... .......... 95.8M
  5750K .......... .......... .......... .......... ..........  172M
  5800K .......... .......... .......... .......... .......... 97.1M
  5850K .......... .......... .......... .......... .......... 38.6M
  5900K .......... .......... .......... .......... .......... 1.57M
  5950K .......... .......... .......... .......... .......... 63.2M
  6000K .......... .......... .......... .......... ..........  115M
  6050K .......... .......... .......... .......... .......... 80.5M
  6100K .......... .......... .......... .......... ..........  157M
  6150K .......... .......... .......... .......... .......... 99.9M
  6200K .......... .......... .......... .......... ..........  165M
  6250K .......... .......... .......... .......... .......... 87.8M
  6300K .......... .......... .......... .......... .......... 88.9M
  6350K .......... .......... .......... .......... ..........  178M
  6400K .......... .......... .......... .......... .......... 86.2M
  6450K .......... .......... .......... .......... .......... 50.4M
  6500K .......... .......... .......... .......... .......... 1.55M
  6550K .......... .......... .......... .......... .......... 54.8M
  6600K .......... .......... .......... .......... ..........  131M
  6650K .......... .......... .......... .......... .......... 93.1M
  6700K .......... .......... .......... .......... ..........  163M
  6750K .......... .......... .......... .......... .......... 87.1M
  6800K .......... .......... .......... .......... ..........  172M
  6850K .......... .......... .......... .......... .......... 96.5M
  6900K .......... .......... .......... .......... .......... 96.5M
  6950K .......... .......... .......... .......... ..........  180M
  7000K .......... .......... .......... .......... .......... 97.1M
  7050K .......... .......... .......... .......... .......... 57.8M
  7100K .......... .......... .......... .......... .......... 1.54M
  7150K .......... .......... .......... .......... .......... 67.5M
  7200K .......... .......... .......... .......... .......... 84.8M
  7250K .......... .......... .......... .......... ..........  130M
  7300K .......... .......... .......... .......... ..........  138M
  7350K .......... .......... .......... .......... .......... 93.2M
  7400K .......... .......... .......... .......... ..........  190M
  7450K .......... .......... .......... .......... .......... 90.3M
  7500K .......... .......... .......... .......... ..........  180M
  7550K .......... .......... .......... .......... .......... 86.6M
  7600K .......... .......... .......... .......... ..........  159M
  7650K .......... .......... .......... .......... .......... 52.5M
  7700K .......... .......... .......... .......... .......... 1.54M
  7750K .......... .......... .......... .......... .......... 59.4M
  7800K .......... .......... .......... .......... ..........  180M
  7850K .......... .......... .......... .......... .......... 92.5M
  7900K .......... .......... .......... .......... ..........  177M
  7950K .......... .......... .......... .......... .......... 82.1M
  8000K .......... .......... .......... .......... .......... 90.8M
  8050K .......... .......... .......... .......... ..........  197M
  8100K .......... .......... .......... .......... .......... 93.9M
  8150K .......... .......... .......... .......... ..........  151M
  8200K .......... .......... .......... .......... .......... 92.6M
  8250K .......... .......... .......... .......... ..........  180M
  8300K .......... .......... .......... .......... .......... 38.0M
  8350K .......... .......... .......... .......... .......... 1.53M
  8400K .......... .......... .......... .......... ..........  228M
  8450K .......... .......... .......... .......... .......... 94.3M
  8500K .......... .......... .......... .......... ..........  160M
  8550K .......... .......... .......... .......... .......... 93.2M
  8600K .......... .......... .......... .......... ..........  161M
  8650K .......... .......... .......... .......... .......... 84.8M
  8700K .......... .......... .......... .......... ..........  182M
  8750K .......... .......... .......... .......... .......... 87.1M
  8800K .......... .......... .......... .......... ..........  155M
  8850K .......... .......... .......... .......... ..........  102M
  8900K .......... .......... .......... .......... .......... 89.5M
  8950K .......... .......... .......... .......... .......... 1.51M
  9000K .......... .......... .......... .......... .......... 93.8M
  9050K .......... .......... .......... .......... .......... 77.4M
  9100K .......... .......... .......... .......... ..........  174M
  9150K .......... .......... .......... .......... ..........  147M
  9200K .......... .......... .......... .......... ..........  105M
  9250K .......... .......... .......... .......... ..........  154M
  9300K .......... .......... .......... .......... .......... 97.0M
  9350K .......... .......... .......... .......... .......... 92.6M
  9400K .......... .......... .......... .......... ..........  154M
  9450K .......... .......... .......... .......... .......... 89.3M
  9500K .......... .......... .......... .......... ..........  163M
  9550K .......... .......... .......... .......... .......... 36.1M
  9600K .......... .......... .......... .......... .......... 1.55M
  9650K .......... .......... .......... .......... ..........  158M
  9700K .......... .......... .......... .......... .......... 91.4M
  9750K .......... .......... .......... .......... ..........  141M
  9800K .......... .......... .......... .......... .......... 88.6M
  9850K .......... .......... .......... .......... ..........  194M
  9900K .......... .......... .......... .......... .......... 86.6M
  9950K .......... .......... .......... .......... ..........  170M
 10000K .......... .......... .......... .......... .......... 92.5M
 10050K .......... .......... .......... .......... ..........  188M
 10100K .......... .......... .......... .......... .......... 90.2M
 10150K .......... .......... .......... .......... .......... 55.4M
 10200K .......... .......... .......... .......... .......... 79.5M
 10250K .......... .......... .......... .......... .......... 1.54M
 10300K .......... .......... .......... .......... ..........  174M
 10350K .......... .......... .......... .......... .......... 83.0M
 10400K .......... .......... .......... .......... ..........  131M
 10450K .......... .......... .......... .......... ..........  155M
 10500K .......... .......... .......... .......... .......... 84.7M
 10550K .......... .......... .......... .......... ..........  178M
 10600K .......... .......... .......... .......... ..........  103M
 10650K .......... .......... .......... .......... .......... 96.3M
 10700K .......... .......... .......... .......... ..........  164M
 10750K .......... .......... .......... .......... ..........  101M
 10800K .......... .......... .......... .......... .......... 52.7M
 10850K .......... .......... .......... .......... .......... 1.54M
 10900K .......... .......... .......... .......... .......... 69.1M
 10950K .......... .......... .......... .......... ..........  160M
 11000K .......... .......... .......... .......... ..........  133M
 11050K .......... .......... .......... .......... .......... 94.2M
 11100K .......... .......... .......... .......... .......... 91.6M
 11150K .......... .......... .......... .......... ..........  154M
 11200K .......... .......... .......... .......... ..........  103M
 11250K .......... .......... .......... .......... ..........  175M
 11300K .......... .......... .......... .......... .......... 89.5M
 11350K .......... .......... .......... .......... .......... 80.0M
 11400K .......... .......... .......... .......... .......... 80.9M
 11450K .......... .......... .......... .......... .......... 91.1M
 11500K .......... .......... .......... .......... .......... 1.54M
 11550K .......... .......... .......... .......... .......... 89.8M
 11600K .......... .......... .......... .......... .......... 82.4M
 11650K .......... .......... .......... .......... ..........  157M
 11700K .......... .......... .......... .......... ..........  171M
 11750K .......... .......... .......... .......... .......... 98.0M
 11800K .......... .......... .......... .......... ......      144M=0.9s

2023-11-27 13:52:27 (12.4 MB/s) - ‘./benchmark/crashes/github//atom/atom-22562/atom-1.57.0.tar.gz’ saved [12130888]


--2023-11-27 13:52:29--  https://github.com/atom/atom/archive/refs/tags/v1.57.0.tar.gz
Loaded CA certificate '/etc/ssl/certs/ca-certificates.crt'
Resolving github.com (github.com)... 20.248.137.48
Connecting to github.com (github.com)|20.248.137.48|:443... connected.
HTTP request sent, awaiting response... 302 Found
Location: https://codeload.github.com/atom/atom/tar.gz/refs/tags/v1.57.0 [following]
--2023-11-27 13:52:29--  https://codeload.github.com/atom/atom/tar.gz/refs/tags/v1.57.0
Resolving codeload.github.com (codeload.github.com)... 20.248.137.55
Connecting to codeload.github.com (codeload.github.com)|20.248.137.55|:443... connected.
HTTP request sent, awaiting response... 200 OK
Length: unspecified [application/x-gzip]
Saving to: ‘./benchmark/crashes/github//atom/atom-22622/atom-1.57.0.tar.gz’

     0K .......... .......... .......... .......... ..........  686K
    50K .......... .......... .......... .......... .......... 1.35M
   100K .......... .......... .......... .......... .......... 1.34M
   150K .......... .......... .......... .......... .......... 1.36M
   200K .......... .......... .......... .......... .......... 1.36M
   250K .......... .......... .......... .......... ..........  101M
   300K .......... .......... .......... .......... ..........  100M
   350K .......... .......... .......... .......... ..........  110M
   400K .......... .......... .......... .......... .......... 1.42M
   450K .......... .......... .......... .......... .......... 85.5M
   500K .......... .......... .......... .......... ..........  170M
   550K .......... .......... .......... .......... ..........  103M
   600K .......... .......... .......... .......... .......... 84.7M
   650K .......... .......... .......... .......... ..........  156M
   700K .......... .......... .......... .......... .......... 82.2M
   750K .......... .......... .......... .......... .......... 1.48M
   800K .......... .......... .......... .......... .......... 99.8M
   850K .......... .......... .......... .......... ..........  142M
   900K .......... .......... .......... .......... ..........  130M
   950K .......... .......... .......... .......... .......... 92.2M
  1000K .......... .......... .......... .......... .......... 97.2M
  1050K .......... .......... .......... .......... ..........  161M
  1100K .......... .......... .......... .......... .......... 78.2M
  1150K .......... .......... .......... .......... ..........  197M
  1200K .......... .......... .......... .......... ..........  100M
  1250K .......... .......... .......... .......... ..........  723K
  1300K .......... .......... .......... .......... ..........  747M
  1350K .......... .......... .......... .......... ..........  163M
  1400K .......... .......... .......... .......... ..........  689M
  1450K .......... .......... .......... .......... ..........  827M
  1500K .......... .......... .......... .......... ..........  798M
  1550K .......... .......... .......... .......... ..........  827M
  1600K .......... .......... .......... .......... ..........  700M
  1650K .......... .......... .......... .......... ..........  800M
  1700K .......... .......... .......... .......... ..........  868M
  1750K .......... .......... .......... .......... ..........  772M
  1800K .......... .......... .......... .......... ..........  683M
  1850K .......... .......... .......... .......... ..........  685M
  1900K .......... .......... .......... .......... ..........  761M
  1950K .......... .......... .......... .......... ..........  688M
  2000K .......... .......... .......... .......... .......... 1.40M
  2050K .......... .......... .......... .......... ..........  795M
  2100K .......... .......... .......... .......... ..........  167M
  2150K .......... .......... .......... .......... ..........  336M
  2200K .......... .......... .......... .......... ..........  147M
  2250K .......... .......... .......... .......... ..........  789M
  2300K .......... .......... .......... .......... ..........  186M
  2350K .......... .......... .......... .......... ..........  186M
  2400K .......... .......... .......... .......... ..........  174M
  2450K .......... .......... .......... .......... ..........  173M
  2500K .......... .......... .......... .......... ..........  851M
  2550K .......... .......... .......... .......... ..........  206M
  2600K .......... .......... .......... .......... ..........  769M
  2650K .......... .......... .......... .......... ..........  314M
  2700K .......... .......... .......... .......... ..........  843M
  2750K .......... .......... .......... .......... ..........  726M
  2800K .......... .......... .......... .......... ..........  705M
  2850K .......... .......... .......... .......... ..........  872M
  2900K .......... .......... .......... .......... ..........  698M
  2950K .......... .......... .......... .......... ..........  698M
  3000K .......... .......... .......... .......... .......... 1020M
  3050K .......... .......... .......... .......... ..........  662M
  3100K .......... .......... .......... .......... ..........  723M
  3150K .......... .......... .......... .......... .......... 1023M
  3200K .......... .......... .......... .......... ..........  780M
  3250K .......... .......... .......... .......... ..........  658M
  3300K .......... .......... .......... .......... ..........  722M
  3350K .......... .......... .......... .......... .......... 1.07G
  3400K .......... .......... .......... .......... ..........  780M
  3450K .......... .......... .......... .......... ..........  683M
  3500K .......... .......... .......... .......... ..........  718K
  3550K .......... .......... .......... .......... ..........  732M
  3600K .......... .......... .......... .......... ..........  696M
  3650K .......... .......... .......... .......... ..........  920M
  3700K .......... .......... .......... .......... ..........  779M
  3750K .......... .......... .......... .......... ..........  711M
  3800K .......... .......... .......... .......... ..........  727M
  3850K .......... .......... .......... .......... ..........  753M
  3900K .......... .......... .......... .......... ..........  751M
  3950K .......... .......... .......... .......... ..........  735M
  4000K .......... .......... .......... .......... ..........  691M
  4050K .......... .......... .......... .......... ..........  853M
  4100K .......... .......... .......... .......... ..........  671M
  4150K .......... .......... .......... .......... ..........  633M
  4200K .......... .......... .......... .......... ..........  578M
  4250K .......... .......... .......... .......... ..........  708M
  4300K .......... .......... .......... .......... ..........  624M
  4350K .......... .......... .......... .......... ..........  607M
  4400K .......... .......... .......... .......... ..........  671M
  4450K .......... .......... .......... .......... ..........  710M
  4500K .......... .......... .......... .......... ..........  632M
  4550K .......... .......... .......... .......... ..........  628M
  4600K .......... .......... .......... .......... ..........  640M
  4650K .......... .......... .......... .......... ..........  708M
  4700K .......... .......... .......... .......... ..........  638M
  4750K .......... .......... .......... .......... ..........  644M
  4800K .......... .......... .......... .......... ..........  619M
  4850K .......... .......... .......... .......... ..........  705M
  4900K .......... .......... .......... .......... ..........  660M
  4950K .......... .......... .......... .......... ..........  635M
  5000K .......... .......... .......... .......... ..........  655M
  5050K .......... .......... .......... .......... ..........  699M
  5100K .......... .......... .......... .......... ..........  642M
  5150K .......... .......... .......... .......... ..........  630M
  5200K .......... .......... .......... .......... ..........  662M
  5250K .......... .......... .......... .......... ..........  266M
  5300K .......... .......... .......... .......... .......... 32.5M
  5350K .......... .......... .......... .......... .......... 22.0M
  5400K .......... .......... .......... .......... ..........  143M
  5450K .......... .......... .......... .......... .......... 94.9M
  5500K .......... .......... .......... .......... ..........  191M
  5550K .......... .......... .......... .......... .......... 92.9M
  5600K .......... .......... .......... .......... ..........  107M
  5650K .......... .......... .......... .......... ..........  156M
  5700K .......... .......... .......... .......... .......... 81.6M
  5750K .......... .......... .......... .......... .......... 1.81M
  5800K .......... .......... .......... .......... .......... 84.5M
  5850K .......... .......... .......... .......... .......... 77.8M
  5900K .......... .......... .......... .......... .......... 73.9M
  5950K .......... .......... .......... .......... .......... 82.3M
  6000K .......... .......... .......... .......... .......... 34.6M
  6050K .......... .......... .......... .......... .......... 24.0M
  6100K .......... .......... .......... .......... .......... 89.3M
  6150K .......... .......... .......... .......... ..........  161M
  6200K .......... .......... .......... .......... ..........  100M
  6250K .......... .......... .......... .......... ..........  101M
  6300K .......... .......... .......... .......... .......... 98.0M
  6350K .......... .......... .......... .......... .......... 88.4M
  6400K .......... .......... .......... .......... .......... 1.82M
  6450K .......... .......... .......... .......... .......... 68.7M
  6500K .......... .......... .......... .......... ..........  123M
  6550K .......... .......... .......... .......... .......... 72.5M
  6600K .......... .......... .......... .......... .......... 47.1M
  6650K .......... .......... .......... .......... .......... 61.9M
  6700K .......... .......... .......... .......... .......... 44.3M
  6750K .......... .......... .......... .......... .......... 27.1M
  6800K .......... .......... .......... .......... ..........  110M
  6850K .......... .......... .......... .......... .......... 81.0M
  6900K .......... .......... .......... .......... ..........  176M
  6950K .......... .......... .......... .......... .......... 93.4M
  7000K .......... .......... .......... .......... ..........  147M
  7050K .......... .......... .......... .......... .......... 98.3M
  7100K .......... .......... .......... .......... .......... 1.82M
  7150K .......... .......... .......... .......... .......... 76.4M
  7200K .......... .......... .......... .......... ..........  153M
  7250K .......... .......... .......... .......... .......... 45.7M
  7300K .......... .......... .......... .......... .......... 70.8M
  7350K .......... .......... .......... .......... .......... 43.1M
  7400K .......... .......... .......... .......... .......... 24.5M
  7450K .......... .......... .......... .......... .......... 63.3M
  7500K .......... .......... .......... .......... ..........  124M
  7550K .......... .......... .......... .......... .......... 93.2M
  7600K .......... .......... .......... .......... .......... 99.7M
  7650K .......... .......... .......... .......... ..........  182M
  7700K .......... .......... .......... .......... .......... 91.6M
  7750K .......... .......... .......... .......... .......... 17.5M
  7800K .......... .......... .......... .......... .......... 8.91M
  7850K .......... .......... .......... .......... .......... 2.49M
  7900K .......... .......... .......... .......... .......... 87.6M
  7950K .......... .......... .......... .......... .......... 57.4M
  8000K .......... .......... .......... .......... .......... 83.8M
  8050K .......... .......... .......... .......... .......... 40.0M
  8100K .......... .......... .......... .......... .......... 32.9M
  8150K .......... .......... .......... .......... .......... 70.2M
  8200K .......... .......... .......... .......... .......... 51.4M
  8250K .......... .......... .......... .......... .......... 95.3M
  8300K .......... .......... .......... .......... ..........  172M
  8350K .......... .......... .......... .......... .......... 85.0M
  8400K .......... .......... .......... .......... .......... 88.0M
  8450K .......... .......... .......... .......... ..........  169M
  8500K .......... .......... .......... .......... .......... 6.46M
  8550K .......... .......... .......... .......... .......... 2.44M
  8600K .......... .......... .......... .......... .......... 77.3M
  8650K .......... .......... .......... .......... .......... 86.6M
  8700K .......... .......... .......... .......... .......... 67.3M
  8750K .......... .......... .......... .......... .......... 45.5M
  8800K .......... .......... .......... .......... .......... 77.6M
  8850K .......... .......... .......... .......... .......... 32.0M
  8900K .......... .......... .......... .......... .......... 45.5M
  8950K .......... .......... .......... .......... .......... 74.5M
  9000K .......... .......... .......... .......... ..........  181M
  9050K .......... .......... .......... .......... ..........  102M
  9100K .......... .......... .......... .......... .......... 96.0M
  9150K .......... .......... .......... .......... ..........  174M
  9200K .......... .......... .......... .......... .......... 6.24M
  9250K .......... .......... .......... .......... .......... 2.45M
  9300K .......... .......... .......... .......... ..........  150M
  9350K .......... .......... .......... .......... .......... 52.3M
  9400K .......... .......... .......... .......... .......... 81.8M
  9450K .......... .......... .......... .......... .......... 48.4M
  9500K .......... .......... .......... .......... .......... 34.5M
  9550K .......... .......... .......... .......... .......... 56.9M
  9600K .......... .......... .......... .......... .......... 46.9M
  9650K .......... .......... .......... .......... .......... 87.6M
  9700K .......... .......... .......... .......... ..........  182M
  9750K .......... .......... .......... .......... .......... 88.2M
  9800K .......... .......... .......... .......... .......... 95.5M
  9850K .......... .......... .......... .......... ..........  127M
  9900K .......... .......... .......... .......... .......... 7.08M
  9950K .......... .......... .......... .......... .......... 2.36M
 10000K .......... .......... .......... .......... ..........  178M
 10050K .......... .......... .......... .......... .......... 66.4M
 10100K .......... .......... .......... .......... .......... 47.6M
 10150K .......... .......... .......... .......... .......... 72.4M
 10200K .......... .......... .......... .......... .......... 29.9M
 10250K .......... .......... .......... .......... .......... 61.7M
 10300K .......... .......... .......... .......... .......... 38.3M
 10350K .......... .......... .......... .......... ..........  133M
 10400K .......... .......... .......... .......... .......... 99.7M
 10450K .......... .......... .......... .......... ..........  164M
 10500K .......... .......... .......... .......... .......... 95.2M
 10550K .......... .......... .......... .......... .......... 33.3M
 10600K .......... .......... .......... .......... .......... 7.88M
 10650K .......... .......... .......... .......... .......... 2.41M
 10700K .......... .......... .......... .......... ..........  113M
 10750K .......... .......... .......... .......... .......... 52.3M
 10800K .......... .......... .......... .......... .......... 47.0M
 10850K .......... .......... .......... .......... ..........  133M
 10900K .......... .......... .......... .......... .......... 28.4M
 10950K .......... .......... .......... .......... .......... 87.2M
 11000K .......... .......... .......... .......... .......... 35.4M
 11050K .......... .......... .......... .......... ..........  144M
 11100K .......... .......... .......... .......... .......... 96.3M
 11150K .......... .......... .......... .......... ..........  193M
 11200K .......... .......... .......... .......... .......... 96.3M
 11250K .......... .......... .......... .......... .......... 30.7M
 11300K .......... .......... .......... .......... .......... 9.43M
 11350K .......... .......... .......... .......... .......... 2.37M
 11400K .......... .......... .......... .......... .......... 38.5M
 11450K .......... .......... .......... .......... ..........  147M
 11500K .......... .......... .......... .......... .......... 41.2M
 11550K .......... .......... .......... .......... .......... 76.7M
 11600K .......... .......... .......... .......... .......... 33.5M
 11650K .......... .......... .......... .......... .......... 58.5M
 11700K .......... .......... .......... .......... .......... 47.6M
 11750K .......... .......... .......... .......... .......... 79.5M
 11800K .......... .......... .......... .......... ......      133M=0.8s

2023-11-27 13:52:30 (14.4 MB/s) - ‘./benchmark/crashes/github//atom/atom-22622/atom-1.57.0.tar.gz’ saved [12130888]


--2023-11-27 13:52:32--  https://github.com/atom/atom/archive/refs/tags/v1.57.0.tar.gz
Loaded CA certificate '/etc/ssl/certs/ca-certificates.crt'
Resolving github.com (github.com)... 20.248.137.48
Connecting to github.com (github.com)|20.248.137.48|:443... connected.
HTTP request sent, awaiting response... 302 Found
Location: https://codeload.github.com/atom/atom/tar.gz/refs/tags/v1.57.0 [following]
--2023-11-27 13:52:32--  https://codeload.github.com/atom/atom/tar.gz/refs/tags/v1.57.0
Resolving codeload.github.com (codeload.github.com)... 20.248.137.55
Connecting to codeload.github.com (codeload.github.com)|20.248.137.55|:443... connected.
HTTP request sent, awaiting response... 200 OK
Length: 12130888 (12M) [application/x-gzip]
Saving to: ‘./benchmark/crashes/github//atom/atom-22699/atom-1.57.0.tar.gz’

     0K .......... .......... .......... .......... ..........  0%  682K 17s
    50K .......... .......... .......... .......... ..........  0% 1.32M 13s
   100K .......... .......... .......... .......... ..........  1% 1.32M 11s
   150K .......... .......... .......... .......... ..........  1% 77.5M 9s
   200K .......... .......... .......... .......... ..........  2% 1.35M 9s
   250K .......... .......... .......... .......... ..........  2% 95.4M 7s
   300K .......... .......... .......... .......... ..........  2% 84.4M 6s
   350K .......... .......... .......... .......... ..........  3% 1.38M 6s
   400K .......... .......... .......... .......... ..........  3%  146M 6s
   450K .......... .......... .......... .......... ..........  4%  124M 5s
   500K .......... .......... .......... .......... ..........  4%  163M 5s
   550K .......... .......... .......... .......... ..........  5%  101M 4s
   600K .......... .......... .......... .......... ..........  5%  213M 4s
   650K .......... .......... .......... .......... ..........  5% 89.0M 4s
   700K .......... .......... .......... .......... ..........  6% 99.1M 3s
   750K .......... .......... .......... .......... ..........  6% 1.44M 4s
   800K .......... .......... .......... .......... ..........  7%  179M 3s
   850K .......... .......... .......... .......... ..........  7% 88.7M 3s
   900K .......... .......... .......... .......... ..........  8% 96.1M 3s
   950K .......... .......... .......... .......... ..........  8%  139M 3s
  1000K .......... .......... .......... .......... ..........  8%  118M 3s
  1050K .......... .......... .......... .......... ..........  9% 99.9M 3s
  1100K .......... .......... .......... .......... ..........  9%  197M 2s
  1150K .......... .......... .......... .......... .......... 10% 98.7M 2s
  1200K .......... .......... .......... .......... .......... 10%  650K 3s
  1250K .......... .......... .......... .......... .......... 10%  441M 3s
  1300K .......... .......... .......... .......... .......... 11%  399M 3s
  1350K .......... .......... .......... .......... .......... 11%  602M 3s
  1400K .......... .......... .......... .......... .......... 12%  767M 2s
  1450K .......... .......... .......... .......... .......... 12%  630M 2s
  1500K .......... .......... .......... .......... .......... 13%  534M 2s
  1550K .......... .......... .......... .......... .......... 13%  765M 2s
  1600K .......... .......... .......... .......... .......... 13%  567M 2s
  1650K .......... .......... .......... .......... .......... 14%  524M 2s
  1700K .......... .......... .......... .......... .......... 14%  455M 2s
  1750K .......... .......... .......... .......... .......... 15%  703M 2s
  1800K .......... .......... .......... .......... .......... 15%  492M 2s
  1850K .......... .......... .......... .......... .......... 16%  552M 2s
  1900K .......... .......... .......... .......... .......... 16%  577M 2s
  1950K .......... .......... .......... .......... .......... 16%  549M 2s
  2000K .......... .......... .......... .......... .......... 17%  532M 2s
  2050K .......... .......... .......... .......... .......... 17%  524M 2s
  2100K .......... .......... .......... .......... .......... 18%  589M 2s
  2150K .......... .......... .......... .......... .......... 18%  549M 1s
  2200K .......... .......... .......... .......... .......... 18%  547M 1s
  2250K .......... .......... .......... .......... .......... 19%  546M 1s
  2300K .......... .......... .......... .......... .......... 19%  563M 1s
  2350K .......... .......... .......... .......... .......... 20%  543M 1s
  2400K .......... .......... .......... .......... .......... 20%  540M 1s
  2450K .......... .......... .......... .......... .......... 21%  537M 1s
  2500K .......... .......... .......... .......... .......... 21%  606M 1s
  2550K .......... .......... .......... .......... .......... 21%  513M 1s
  2600K .......... .......... .......... .......... .......... 22%  562M 1s
  2650K .......... .......... .......... .......... .......... 22%  578M 1s
  2700K .......... .......... .......... .......... .......... 23%  623M 1s
  2750K .......... .......... .......... .......... .......... 23%  563M 1s
  2800K .......... .......... .......... .......... .......... 24%  553M 1s
  2850K .......... .......... .......... .......... .......... 24% 1.71M 1s
  2900K .......... .......... .......... .......... .......... 24% 26.3M 1s
  2950K .......... .......... .......... .......... .......... 25%  102M 1s
  3000K .......... .......... .......... .......... .......... 25% 65.7M 1s
  3050K .......... .......... .......... .......... .......... 26%  154M 1s
  3100K .......... .......... .......... .......... .......... 26%  165M 1s
  3150K .......... .......... .......... .......... .......... 27%  111M 1s
  3200K .......... .......... .......... .......... .......... 27% 93.9M 1s
  3250K .......... .......... .......... .......... .......... 27% 97.2M 1s
  3300K .......... .......... .......... .......... .......... 28%  181M 1s
  3350K .......... .......... .......... .......... .......... 28% 88.3M 1s
  3400K .......... .......... .......... .......... .......... 29% 89.4M 1s
  3450K .......... .......... .......... .......... .......... 29%  173M 1s
  3500K .......... .......... .......... .......... .......... 29%  102M 1s
  3550K .......... .......... .......... .......... .......... 30% 1.28M 1s
  3600K .......... .......... .......... .......... .......... 30% 1.72M 1s
  3650K .......... .......... .......... .......... .......... 31%  715M 1s
  3700K .......... .......... .......... .......... .......... 31%  899M 1s
  3750K .......... .......... .......... .......... .......... 32%  768M 1s
  3800K .......... .......... .......... .......... .......... 32%  849M 1s
  3850K .......... .......... .......... .......... .......... 32%  596M 1s
  3900K .......... .......... .......... .......... .......... 33%  755M 1s
  3950K .......... .......... .......... .......... .......... 33%  685M 1s
  4000K .......... .......... .......... .......... .......... 34%  947M 1s
  4050K .......... .......... .......... .......... .......... 34%  848M 1s
  4100K .......... .......... .......... .......... .......... 35%  860M 1s
  4150K .......... .......... .......... .......... .......... 35%  697M 1s
  4200K .......... .......... .......... .......... .......... 35%  768M 1s
  4250K .......... .......... .......... .......... .......... 36%  840M 1s
  4300K .......... .......... .......... .......... .......... 36%  916M 1s
  4350K .......... .......... .......... .......... .......... 37%  821M 1s
  4400K .......... .......... .......... .......... .......... 37%  743M 1s
  4450K .......... .......... .......... .......... .......... 37% 31.2M 1s
  4500K .......... .......... .......... .......... .......... 38%  157M 1s
  4550K .......... .......... .......... .......... .......... 38% 43.5M 1s
  4600K .......... .......... .......... .......... .......... 39% 44.2M 1s
  4650K .......... .......... .......... .......... .......... 39%  126M 1s
  4700K .......... .......... .......... .......... .......... 40%  101M 1s
  4750K .......... .......... .......... .......... .......... 40% 96.8M 1s
  4800K .......... .......... .......... .......... .......... 40%  170M 1s
  4850K .......... .......... .......... .......... .......... 41% 91.4M 1s
  4900K .......... .......... .......... .......... .......... 41% 89.7M 1s
  4950K .......... .......... .......... .......... .......... 42%  183M 1s
  5000K .......... .......... .......... .......... .......... 42% 1.71M 1s
  5050K .......... .......... .......... .......... .......... 43% 20.8M 1s
  5100K .......... .......... .......... .......... .......... 43% 72.1M 1s
  5150K .......... .......... .......... .......... .......... 43% 49.1M 1s
  5200K .......... .......... .......... .......... .......... 44% 52.1M 1s
  5250K .......... .......... .......... .......... .......... 44%  103M 1s
  5300K .......... .......... .......... .......... .......... 45% 96.6M 1s
  5350K .......... .......... .......... .......... .......... 45%  181M 1s
  5400K .......... .......... .......... .......... .......... 46% 94.5M 1s
  5450K .......... .......... .......... .......... .......... 46%  161M 1s
  5500K .......... .......... .......... .......... .......... 46% 92.5M 1s
  5550K .......... .......... .......... .......... .......... 47%  174M 1s
  5600K .......... .......... .......... .......... .......... 47% 85.9M 1s
  5650K .......... .......... .......... .......... .......... 48% 1.64M 1s
  5700K .......... .......... .......... .......... .......... 48% 40.5M 1s
  5750K .......... .......... .......... .......... .......... 48% 65.0M 1s
  5800K .......... .......... .......... .......... .......... 49% 69.1M 1s
  5850K .......... .......... .......... .......... .......... 49% 48.3M 1s
  5900K .......... .......... .......... .......... .......... 50%  109M 1s
  5950K .......... .......... .......... .......... .......... 50%  177M 1s
  6000K .......... .......... .......... .......... .......... 51% 95.7M 1s
  6050K .......... .......... .......... .......... .......... 51% 98.9M 0s
  6100K .......... .......... .......... .......... .......... 51% 93.3M 0s
  6150K .......... .......... .......... .......... .......... 52%  182M 0s
  6200K .......... .......... .......... .......... .......... 52% 95.1M 0s
  6250K .......... .......... .......... .......... .......... 53% 1.70M 0s
  6300K .......... .......... .......... .......... .......... 53% 20.1M 0s
  6350K .......... .......... .......... .......... .......... 54% 78.0M 0s
  6400K .......... .......... .......... .......... .......... 54% 67.1M 0s
  6450K .......... .......... .......... .......... .......... 54% 43.6M 0s
  6500K .......... .......... .......... .......... .......... 55%  218M 0s
  6550K .......... .......... .......... .......... .......... 55% 98.7M 0s
  6600K .......... .......... .......... .......... .......... 56% 97.1M 0s
  6650K .......... .......... .......... .......... .......... 56%  180M 0s
  6700K .......... .......... .......... .......... .......... 56% 94.6M 0s
  6750K .......... .......... .......... .......... .......... 57% 94.3M 0s
  6800K .......... .......... .......... .......... .......... 57% 94.1M 0s
  6850K .......... .......... .......... .......... .......... 58% 71.4M 0s
  6900K .......... .......... .......... .......... .......... 58% 1.60M 0s
  6950K .......... .......... .......... .......... .......... 59%  154M 0s
  7000K .......... .......... .......... .......... .......... 59% 67.8M 0s
  7050K .......... .......... .......... .......... .......... 59% 41.9M 0s
  7100K .......... .......... .......... .......... .......... 60%  130M 0s
  7150K .......... .......... .......... .......... .......... 60%  108M 0s
  7200K .......... .......... .......... .......... .......... 61% 90.2M 0s
  7250K .......... .......... .......... .......... .......... 61%  144M 0s
  7300K .......... .......... .......... .......... .......... 62%  101M 0s
  7350K .......... .......... .......... .......... .......... 62%  163M 0s
  7400K .......... .......... .......... .......... .......... 62% 96.6M 0s
  7450K .......... .......... .......... .......... .......... 63% 73.7M 0s
  7500K .......... .......... .......... .......... .......... 63% 1.63M 0s
  7550K .......... .......... .......... .......... .......... 64% 37.5M 0s
  7600K .......... .......... .......... .......... .......... 64%  115M 0s
  7650K .......... .......... .......... .......... .......... 64% 52.3M 0s
  7700K .......... .......... .......... .......... .......... 65% 75.8M 0s
  7750K .......... .......... .......... .......... .......... 65%  193M 0s
  7800K .......... .......... .......... .......... .......... 66%  101M 0s
  7850K .......... .......... .......... .......... .......... 66% 96.4M 0s
  7900K .......... .......... .......... .......... .......... 67%  181M 0s
  7950K .......... .......... .......... .......... .......... 67% 94.0M 0s
  8000K .......... .......... .......... .......... .......... 67% 89.9M 0s
  8050K .......... .......... .......... .......... .......... 68% 96.8M 0s
  8100K .......... .......... .......... .......... .......... 68% 26.8M 0s
  8150K .......... .......... .......... .......... .......... 69% 1.67M 0s
  8200K .......... .......... .......... .......... .......... 69% 57.3M 0s
  8250K .......... .......... .......... .......... .......... 70% 46.7M 0s
  8300K .......... .......... .......... .......... .......... 70% 74.2M 0s
  8350K .......... .......... .......... .......... .......... 70% 85.6M 0s
  8400K .......... .......... .......... .......... .......... 71% 87.9M 0s
  8450K .......... .......... .......... .......... .......... 71%  155M 0s
  8500K .......... .......... .......... .......... .......... 72% 93.2M 0s
  8550K .......... .......... .......... .......... .......... 72%  154M 0s
  8600K .......... .......... .......... .......... .......... 73% 96.0M 0s
  8650K .......... .......... .......... .......... .......... 73% 93.8M 0s
  8700K .......... .......... .......... .......... .......... 73% 77.7M 0s
  8750K .......... .......... .......... .......... .......... 74% 1.64M 0s
  8800K .......... .......... .......... .......... .......... 74% 27.9M 0s
  8850K .......... .......... .......... .......... .......... 75%  113M 0s
  8900K .......... .......... .......... .......... .......... 75% 41.9M 0s
  8950K .......... .......... .......... .......... .......... 75% 78.1M 0s
  9000K .......... .......... .......... .......... .......... 76% 91.7M 0s
  9050K .......... .......... .......... .......... .......... 76%  101M 0s
  9100K .......... .......... .......... .......... .......... 77%  175M 0s
  9150K .......... .......... .......... .......... .......... 77%  102M 0s
  9200K .......... .......... .......... .......... .......... 78% 52.1M 0s
  9250K .......... .......... .......... .......... .......... 78%  156M 0s
  9300K .......... .......... .......... .......... .......... 78%  100M 0s
  9350K .......... .......... .......... .......... .......... 79% 35.2M 0s
  9400K .......... .......... .......... .......... .......... 79% 1.66M 0s
  9450K .......... .......... .......... .......... .......... 80%  178M 0s
  9500K .......... .......... .......... .......... .......... 80% 31.2M 0s
  9550K .......... .......... .......... .......... .......... 81%  162M 0s
  9600K .......... .......... .......... .......... .......... 81% 94.1M 0s
  9650K .......... .......... .......... .......... .......... 81% 83.6M 0s
  9700K .......... .......... .......... .......... .......... 82%  199M 0s
  9750K .......... .......... .......... .......... .......... 82%  169M 0s
  9800K .......... .......... .......... .......... .......... 83% 95.1M 0s
  9850K .......... .......... .......... .......... .......... 83% 53.8M 0s
  9900K .......... .......... .......... .......... .......... 83% 49.0M 0s
  9950K .......... .......... .......... .......... .......... 84%  155M 0s
 10000K .......... .......... .......... .......... .......... 84% 56.8M 0s
 10050K .......... .......... .......... .......... .......... 85% 1.67M 0s
 10100K .......... .......... .......... .......... .......... 85% 68.0M 0s
 10150K .......... .......... .......... .......... .......... 86% 56.7M 0s
 10200K .......... .......... .......... .......... .......... 86% 78.9M 0s
 10250K .......... .......... .......... .......... .......... 86% 92.1M 0s
 10300K .......... .......... .......... .......... .......... 87%  101M 0s
 10350K .......... .......... .......... .......... .......... 87% 92.3M 0s
 10400K .......... .......... .......... .......... .......... 88%  178M 0s
 10450K .......... .......... .......... .......... .......... 88% 85.2M 0s
 10500K .......... .......... .......... .......... .......... 89% 64.3M 0s
 10550K .......... .......... .......... .......... .......... 89% 53.0M 0s
 10600K .......... .......... .......... .......... .......... 89% 55.3M 0s
 10650K .......... .......... .......... .......... .......... 90% 1.88M 0s
 10700K .......... .......... .......... .......... .......... 90% 13.5M 0s
 10750K .......... .......... .......... .......... .......... 91% 39.9M 0s
 10800K .......... .......... .......... .......... .......... 91% 80.1M 0s
 10850K .......... .......... .......... .......... .......... 92%  109M 0s
 10900K .......... .......... .......... .......... .......... 92% 97.0M 0s
 10950K .......... .......... .......... .......... .......... 92%  181M 0s
 11000K .......... .......... .......... .......... .......... 93% 94.9M 0s
 11050K .......... .......... .......... .......... .......... 93% 83.2M 0s
 11100K .......... .......... .......... .......... .......... 94% 90.2M 0s
 11150K .......... .......... .......... .......... .......... 94% 53.2M 0s
 11200K .......... .......... .......... .......... .......... 94% 95.3M 0s
 11250K .......... .......... .......... .......... .......... 95% 55.7M 0s
 11300K .......... .......... .......... .......... .......... 95% 1.69M 0s
 11350K .......... .......... .......... .......... .......... 96% 2.19M 0s
 11400K .......... .......... .......... .......... .......... 96%  717M 0s
 11450K .......... .......... .......... .......... .......... 97%  826M 0s
 11500K .......... .......... .......... .......... .......... 97%  848M 0s
 11550K .......... .......... .......... .......... .......... 97%  804M 0s
 11600K .......... .......... .......... .......... .......... 98%  751M 0s
 11650K .......... .......... .......... .......... .......... 98%  734M 0s
 11700K .......... .......... .......... .......... .......... 99%  912M 0s
 11750K .......... .......... .......... .......... .......... 99%  877M 0s
 11800K .......... .......... .......... .......... ......    100%  879M=0.9s

2023-11-27 13:52:33 (13.3 MB/s) - ‘./benchmark/crashes/github//atom/atom-22699/atom-1.57.0.tar.gz’ saved [12130888/12130888]

npm WARN deprecated electron-download@4.1.1: Please use @electron/get moving forward.
npm WARN deprecated uuid@3.4.0: Please upgrade  to version 7 or higher.  Older versions may use Math.random() in certain circumstances, which is known to be problematic.  See https://v8.dev/blog/math-random for details.
npm WARN deprecated har-validator@5.1.5: this library is no longer supported
npm WARN deprecated request@2.88.2: request has been deprecated, see https://github.com/request/request/issues/3142

--2023-11-27 13:52:39--  https://github.com/atom/atom/archive/refs/tags/v1.54.0.tar.gz
Loaded CA certificate '/etc/ssl/certs/ca-certificates.crt'
Resolving github.com (github.com)... 20.248.137.48
Connecting to github.com (github.com)|20.248.137.48|:443... connected.
HTTP request sent, awaiting response... 302 Found
Location: https://codeload.github.com/atom/atom/tar.gz/refs/tags/v1.54.0 [following]
--2023-11-27 13:52:40--  https://codeload.github.com/atom/atom/tar.gz/refs/tags/v1.54.0
Resolving codeload.github.com (codeload.github.com)... 20.248.137.55
Connecting to codeload.github.com (codeload.github.com)|20.248.137.55|:443... connected.
HTTP request sent, awaiting response... 200 OK
Length: unspecified [application/x-gzip]
Saving to: ‘./benchmark/crashes/github//atom/atom-22783/atom-1.54.0.tar.gz’

     0K .......... .......... .......... .......... ..........  679K
    50K .......... .......... .......... .......... .......... 1.34M
   100K .......... .......... .......... .......... .......... 1.31M
   150K .......... .......... .......... .......... .......... 1.33M
   200K .......... .......... .......... .......... .......... 79.6M
   250K .......... .......... .......... .......... .......... 1.37M
   300K .......... .......... .......... .......... ..........  150M
   350K .......... .......... .......... .......... .......... 91.9M
   400K .......... .......... .......... .......... .......... 1.36M
   450K .......... .......... .......... .......... .......... 76.3M
   500K .......... .......... .......... .......... .......... 76.6M
   550K .......... .......... .......... .......... .......... 78.0M
   600K .......... .......... .......... .......... ..........  156M
   650K .......... .......... .......... .......... ..........  152M
   700K .......... .......... .......... .......... ..........  181M
   750K .......... .......... .......... .......... .......... 1.45M
   800K .......... .......... .......... .......... ..........  136M
   850K .......... .......... .......... .......... ..........  202M
   900K .......... .......... .......... .......... ..........  151M
   950K .......... .......... .......... .......... .......... 81.6M
  1000K .......... .......... .......... .......... ..........  120M
  1050K .......... .......... .......... .......... ..........  192M
  1100K .......... .......... .......... .......... .......... 92.7M
  1150K .......... .......... .......... .......... ..........  119M
  1200K .......... .......... .......... .......... ..........  101M
  1250K .......... .......... .......... .......... ..........  654K
  1300K .......... .......... .......... .......... ..........  261M
  1350K .......... .......... .......... .......... ..........  305M
  1400K .......... .......... .......... .......... ..........  327M
  1450K .......... .......... .......... .......... ..........  395M
  1500K .......... .......... .......... .......... ..........  345M
  1550K .......... .......... .......... .......... ..........  344M
  1600K .......... .......... .......... .......... ..........  288M
  1650K .......... .......... .......... .......... ..........  332M
  1700K .......... .......... .......... .......... ..........  303M
  1750K .......... .......... .......... .......... ..........  260M
  1800K .......... .......... .......... .......... ..........  296M
  1850K .......... .......... .......... .......... ..........  329M
  1900K .......... .......... .......... .......... ..........  305M
  1950K .......... .......... .......... .......... ..........  307M
  2000K .......... .......... .......... .......... ..........  310M
  2050K .......... .......... .......... .......... ..........  337M
  2100K .......... .......... .......... .......... ..........  302M
  2150K .......... .......... .......... .......... ..........  309M
  2200K .......... .......... .......... .......... ..........  366M
  2250K .......... .......... .......... .......... ..........  293M
  2300K .......... .......... .......... .......... ..........  305M
  2350K .......... .......... .......... .......... ..........  428M
  2400K .......... .......... .......... .......... ..........  262M
  2450K .......... .......... .......... .......... ..........  296M
  2500K .......... .......... .......... .......... ..........  433M
  2550K .......... .......... .......... .......... ..........  309M
  2600K .......... .......... .......... .......... ..........  267M
  2650K .......... .......... .......... .......... ..........  297M
  2700K .......... .......... .......... .......... ..........  426M
  2750K .......... .......... .......... .......... ..........  312M
  2800K .......... .......... .......... .......... .......... 1.88M
  2850K .......... .......... .......... .......... .......... 30.8M
  2900K .......... .......... .......... .......... .......... 25.1M
  2950K .......... .......... .......... .......... ..........  147M
  3000K .......... .......... .......... .......... .......... 97.0M
  3050K .......... .......... .......... .......... ..........  194M
  3100K .......... .......... .......... .......... .......... 95.6M
  3150K .......... .......... .......... .......... ..........  168M
  3200K .......... .......... .......... .......... .......... 89.1M
  3250K .......... .......... .......... .......... .......... 87.4M
  3300K .......... .......... .......... .......... ..........  168M
  3350K .......... .......... .......... .......... ..........  104M
  3400K .......... .......... .......... .......... ..........  170M
  3450K .......... .......... .......... .......... .......... 1.29M
  3500K .......... .......... .......... .......... .......... 1.71M
  3550K .......... .......... .......... .......... .......... 40.3M
  3600K .......... .......... .......... .......... ..........  912M
  3650K .......... .......... .......... .......... ..........  726M
  3700K .......... .......... .......... .......... ..........  862M
  3750K .......... .......... .......... .......... ..........  845M
  3800K .......... .......... .......... .......... ..........  894M
  3850K .......... .......... .......... .......... ..........  858M
  3900K .......... .......... .......... .......... ..........  764M
  3950K .......... .......... .......... .......... ..........  837M
  4000K .......... .......... .......... .......... ..........  663M
  4050K .......... .......... .......... .......... ..........  769M
  4100K .......... .......... .......... .......... .......... 32.0M
  4150K .......... .......... .......... .......... ..........  133M
  4200K .......... .......... .......... .......... .......... 54.2M
  4250K .......... .......... .......... .......... .......... 79.5M
  4300K .......... .......... .......... .......... .......... 79.1M
  4350K .......... .......... .......... .......... ..........  122M
  4400K .......... .......... .......... .......... .......... 89.8M
  4450K .......... .......... .......... .......... ..........  171M
  4500K .......... .......... .......... .......... .......... 95.7M
  4550K .......... .......... .......... .......... .......... 95.8M
  4600K .......... .......... .......... .......... .......... 1.72M
  4650K .......... .......... .......... .......... .......... 35.7M
  4700K .......... .......... .......... .......... .......... 24.0M
  4750K .......... .......... .......... .......... .......... 38.7M
  4800K .......... .......... .......... .......... .......... 66.4M
  4850K .......... .......... .......... .......... .......... 75.5M
  4900K .......... .......... .......... .......... .......... 60.6M
  4950K .......... .......... .......... .......... .......... 89.3M
  5000K .......... .......... .......... .......... .......... 98.0M
  5050K .......... .......... .......... .......... .......... 1.62M
  5100K .......... .......... .......... .......... .......... 24.4M
  5150K .......... .......... .......... .......... .......... 55.8M
  5200K .......... .......... .......... .......... .......... 47.6M
  5250K .......... .......... .......... .......... .......... 67.3M
  5300K .......... .......... .......... .......... ..........  160M
  5350K .......... .......... .......... .......... .......... 59.7M
  5400K .......... .......... .......... .......... .......... 86.2M
  5450K .......... .......... .......... .......... .......... 1.64M
  5500K .......... .......... .......... .......... .......... 25.2M
  5550K .......... .......... .......... .......... .......... 45.1M
  5600K .......... .......... .......... .......... .......... 67.0M
  5650K .......... .......... .......... .......... .......... 58.7M
  5700K .......... .......... .......... .......... .......... 88.6M
  5750K .......... .......... .......... .......... .......... 60.3M
  5800K .......... .......... .......... .......... .......... 91.4M
  5850K .......... .......... .......... .......... .......... 49.3M
  5900K .......... .......... .......... .......... .......... 1.64M
  5950K .......... .......... .......... .......... .......... 24.1M
  6000K .......... .......... .......... .......... .......... 52.1M
  6050K .......... .......... .......... .......... .......... 59.4M
  6100K .......... .......... .......... .......... ..........  184M
  6150K .......... .......... .......... .......... .......... 82.3M
  6200K .......... .......... .......... .......... .......... 55.9M
  6250K .......... .......... .......... .......... ..........  181M
  6300K .......... .......... .......... .......... .......... 1.61M
  6350K .......... .......... .......... .......... .......... 23.5M
  6400K .......... .......... .......... .......... .......... 62.3M
  6450K .......... .......... .......... .......... .......... 73.7M
  6500K .......... .......... .......... .......... .......... 90.7M
  6550K .......... .......... .......... .......... .......... 85.4M
  6600K .......... .......... .......... .......... .......... 86.4M
  6650K .......... .......... .......... .......... .......... 58.2M
  6700K .......... .......... .......... .......... ..........  136M
  6750K .......... .......... .......... .......... .......... 1.61M
  6800K .......... .......... .......... .......... .......... 21.3M
  6850K .......... .......... .......... .......... ..........  148M
  6900K .......... .......... .......... .......... .......... 87.4M
  6950K .......... .......... .......... .......... .......... 82.4M
  7000K .......... .......... .......... .......... .......... 61.7M
  7050K .......... .......... .......... .......... .......... 78.3M
  7100K .......... .......... .......... .......... .......... 81.3M
  7150K .......... .......... .......... .......... .......... 1.70M
  7200K .......... .......... .......... .......... .......... 16.5M
  7250K .......... .......... .......... .......... .......... 36.4M
  7300K .......... .......... .......... .......... .......... 79.2M
  7350K .......... .......... .......... .......... .......... 80.2M
  7400K .......... .......... .......... .......... .......... 98.2M
  7450K .......... .......... .......... .......... .......... 92.9M
  7500K .......... .......... .......... .......... .......... 54.7M
  7550K .......... .......... .......... .......... .......... 45.7M
  7600K .......... .......... .......... .......... .......... 1.63M
  7650K .......... .......... .......... .......... .......... 29.4M
  7700K .......... .......... .......... .......... .......... 48.5M
  7750K .......... .......... .......... .......... ..........  141M
  7800K .......... .......... .......... .......... .......... 69.2M
  7850K .......... .......... .......... .......... ..........  101M
  7900K .......... .......... .......... .......... .......... 53.6M
  7950K .......... .......... .......... .......... .......... 70.6M
  8000K .......... .......... .......... .......... .......... 44.8M
  8050K .......... .......... .......... .......... .......... 1.60M
  8100K .......... .......... .......... .......... .......... 33.3M
  8150K .......... .......... .......... .......... ..........  164M
  8200K .......... .......... .......... .......... .......... 68.1M
  8250K .......... .......... .......... .......... .......... 88.0M
  8300K .......... .......... .......... .......... ..........  180M
  8350K .......... .......... .......... .......... .......... 54.4M
  8400K .......... .......... .......... .......... .......... 35.9M
  8450K .......... .......... .......... .......... .......... 1.66M
  8500K .......... .......... .......... .......... .......... 21.6M
  8550K .......... .......... .......... .......... .......... 62.0M
  8600K .......... .......... .......... .......... .......... 80.8M
  8650K .......... .......... .......... .......... .......... 75.3M
  8700K .......... .......... .......... .......... ..........  227M
  8750K .......... .......... .......... .......... .......... 85.6M
  8800K .......... .......... .......... .......... .......... 53.6M
  8850K .......... .......... .......... .......... .......... 52.3M
  8900K .......... .......... .......... .......... .......... 1.58M
  8950K .......... .......... .......... .......... .......... 35.9M
  9000K .......... .......... .......... .......... ..........  151M
  9050K .......... .......... .......... .......... .......... 77.3M
  9100K .......... .......... .......... .......... .......... 85.7M
  9150K .......... .......... .......... .......... ..........  151M
  9200K .......... .......... .......... .......... .......... 61.9M
  9250K .......... .......... .......... .......... .......... 49.7M
  9300K .......... .......... .......... .......... .......... 57.0M
  9350K .......... .......... .......... .......... .......... 1.57M
  9400K .......... .......... .......... .......... .......... 56.9M
  9450K .......... .......... .......... .......... .......... 66.7M
  9500K .......... .......... .......... .......... ..........  190M
  9550K .......... .......... .......... .......... .......... 76.6M
  9600K .......... .......... .......... .......... ..........  106M
  9650K .......... .......... .......... .......... .......... 54.5M
  9700K .......... .......... .......... .......... .......... 41.2M
  9750K .......... .......... .......... .......... .......... 1.66M
  9800K .......... .......... .......... .......... .......... 17.8M
  9850K .......... .......... .......... .......... ..........  103M
  9900K .......... .......... .......... .......... ..........  153M
  9950K .......... .......... .......... .......... .......... 80.0M
 10000K .......... .......... .......... .......... ..........  134M
 10050K .......... .......... .......... .......... .......... 97.6M
 10100K .......... .......... .......... .......... .......... 37.7M
 10150K .......... .......... .......... .......... .......... 62.6M
 10200K .......... .......... .......... .......... .......... 1.60M
 10250K .......... .......... .......... .......... .......... 27.2M
 10300K .......... .......... .......... .......... ..........  149M
 10350K .......... .......... .......... .......... ..........  146M
 10400K .......... .......... .......... .......... .......... 79.9M
 10450K .......... .......... .......... .......... .......... 90.4M
 10500K .......... .......... .......... .......... ..........  179M
 10550K .......... .......... .......... .......... .......... 34.4M
 10600K .......... .......... .......... .......... .......... 79.7M
 10650K .......... .......... .......... .......... .......... 1.54M
 10700K .......... .......... .......... .......... .......... 64.6M
 10750K .......... .......... .......... .......... ..........  135M
 10800K .......... .......... .......... .......... .......... 88.7M
 10850K .......... .......... .......... .......... ..........  130M
 10900K .......... .......... .......... .......... .......... 99.8M
 10950K .......... .......... .......... .......... .......... 74.0M
 11000K .......... .......... .......... .......... .......... 39.1M
 11050K .......... .......... .......... .......... .......... 72.2M
 11100K .......... .......... .......... .......... .......... 1.54M
 11150K .......... .......... .......... .......... ..........  131M
 11200K .......... .......... .......... .......... .......... 91.7M
 11250K .......... .......... .......... .......... ..........  126M
 11300K .......... .......... .......... .......... .......... 76.6M
 11350K .......... .......... .......... .......... ..........  177M
 11400K .......... .......... .......... .......... .......... 59.6M
 11450K .......... .......... .......... .......... .......... 59.9M
 11500K .......... .......... .......... .......... .......... 72.6M
 11550K .......... .......... .......... .......... .......... 1.52M
 11600K .......... .......... .......... .......... ..........  102M
 11650K .......... .......... .......... .......... .......... 57.1M
 11700K .......... ...                                          386M=1.1s

2023-11-27 13:52:41 (10.4 MB/s) - ‘./benchmark/crashes/github//atom/atom-22783/atom-1.54.0.tar.gz’ saved [11994433]

npm WARN deprecated electron-download@4.1.1: Please use @electron/get moving forward.
npm WARN deprecated har-validator@5.1.5: this library is no longer supported
npm WARN deprecated uuid@3.4.0: Please upgrade  to version 7 or higher.  Older versions may use Math.random() in certain circumstances, which is known to be problematic.  See https://v8.dev/blog/math-random for details.
npm WARN deprecated request@2.88.2: request has been deprecated, see https://github.com/request/request/issues/3142

--2023-11-27 13:52:42--  https://github.com/atom/atom/archive/refs/tags/v1.54.0.tar.gz
Loaded CA certificate '/etc/ssl/certs/ca-certificates.crt'
Resolving github.com (github.com)... 20.248.137.48
Connecting to github.com (github.com)|20.248.137.48|:443... connected.
HTTP request sent, awaiting response... 302 Found
Location: https://codeload.github.com/atom/atom/tar.gz/refs/tags/v1.54.0 [following]
--2023-11-27 13:52:43--  https://codeload.github.com/atom/atom/tar.gz/refs/tags/v1.54.0
Resolving codeload.github.com (codeload.github.com)... 20.248.137.55
Connecting to codeload.github.com (codeload.github.com)|20.248.137.55|:443... connected.
HTTP request sent, awaiting response... 200 OK
Length: unspecified [application/x-gzip]
Saving to: ‘./benchmark/crashes/github//atom/atom-22784/atom-1.54.0.tar.gz’

     0K .......... .......... .......... .......... ..........  696K
    50K .......... .......... .......... .......... .......... 1.36M
   100K .......... .......... .......... .......... .......... 1.35M
   150K .......... .......... .......... .......... .......... 1.36M
   200K .......... .......... .......... .......... .......... 82.3M
   250K .......... .......... .......... .......... .......... 1.40M
   300K .......... .......... .......... .......... .......... 96.8M
   350K .......... .......... .......... .......... .......... 96.8M
   400K .......... .......... .......... .......... ..........  148M
   450K .......... .......... .......... .......... .......... 68.8M
   500K .......... .......... .......... .......... .......... 1.44M
   550K .......... .......... .......... .......... ..........  110M
   600K .......... .......... .......... .......... ..........  144M
   650K .......... .......... .......... .......... ..........  113M
   700K .......... .......... .......... .......... .......... 87.1M
   750K .......... .......... .......... .......... ..........  102M
   800K .......... .......... .......... .......... ..........  155M
   850K .......... .......... .......... .......... ..........  130M
   900K .......... .......... .......... .......... .......... 1.50M
   950K .......... .......... .......... .......... ..........  292M
  1000K .......... .......... .......... .......... ..........  142M
  1050K .......... .......... .......... .......... .......... 88.2M
  1100K .......... .......... .......... .......... ..........  155M
  1150K .......... .......... .......... .......... .......... 87.1M
  1200K .......... .......... .......... .......... ..........  189M
  1250K .......... .......... .......... .......... .......... 87.1M
  1300K .......... .......... .......... .......... ..........  156M
  1350K .......... .......... .......... .......... .......... 92.6M
  1400K .......... .......... .......... .......... ..........  147M
  1450K .......... .......... .......... .......... ..........  726K
  1500K .......... .......... .......... .......... ..........  609M
  1550K .......... .......... .......... .......... ..........  181M
  1600K .......... .......... .......... .......... .......... 93.1M
  1650K .......... .......... .......... .......... ..........  125M
  1700K .......... .......... .......... .......... ..........  151M
  1750K .......... .......... .......... .......... ..........  166M
  1800K .......... .......... .......... .......... ..........  490M
  1850K .......... .......... .......... .......... ..........  742M
  1900K .......... .......... .......... .......... ..........  590M
  1950K .......... .......... .......... .......... ..........  561M
  2000K .......... .......... .......... .......... ..........  553M
  2050K .......... .......... .......... .......... ..........  654M
  2100K .......... .......... .......... .......... ..........  582M
  2150K .......... .......... .......... .......... ..........  574M
  2200K .......... .......... .......... .......... ..........  582M
  2250K .......... .......... .......... .......... ..........  616M
  2300K .......... .......... .......... .......... ..........  570M
  2350K .......... .......... .......... .......... ..........  560M
  2400K .......... .......... .......... .......... .......... 2.15M
  2450K .......... .......... .......... .......... ..........  636M
  2500K .......... .......... .......... .......... .......... 37.7M
  2550K .......... .......... .......... .......... ..........  163M
  2600K .......... .......... .......... .......... ..........  167M
  2650K .......... .......... .......... .......... ..........  207M
  2700K .......... .......... .......... .......... ..........  706M
  2750K .......... .......... .......... .......... ..........  220M
  2800K .......... .......... .......... .......... ..........  224M
  2850K .......... .......... .......... .......... ..........  680M
  2900K .......... .......... .......... .......... ..........  243M
  2950K .......... .......... .......... .......... ..........  216M
  3000K .......... .......... .......... .......... ..........  191M
  3050K .......... .......... .......... .......... ..........  212M
  3100K .......... .......... .......... .......... .......... 7.53M
  3150K .......... .......... .......... .......... ..........  524M
  3200K .......... .......... .......... .......... ..........  757M
  3250K .......... .......... .......... .......... ..........  801M
  3300K .......... .......... .......... .......... ..........  722M
  3350K .......... .......... .......... .......... ..........  727M
  3400K .......... .......... .......... .......... ..........  748M
  3450K .......... .......... .......... .......... ..........  846M
  3500K .......... .......... .......... .......... ..........  710M
  3550K .......... .......... .......... .......... ..........  738M
  3600K .......... .......... .......... .......... ..........  756M
  3650K .......... .......... .......... .......... ..........  829M
  3700K .......... .......... .......... .......... ..........  763M
  3750K .......... .......... .......... .......... ..........  710M
  3800K .......... .......... .......... .......... ..........  753M
  3850K .......... .......... .......... .......... ..........  836M
  3900K .......... .......... .......... .......... ..........  105M
  3950K .......... .......... .......... .......... .......... 93.0M
  4000K .......... .......... .......... .......... .......... 79.0M
  4050K .......... .......... .......... .......... .......... 34.1M
  4100K .......... .......... .......... .......... .......... 82.6M
  4150K .......... .......... .......... .......... ..........  157M
  4200K .......... .......... .......... .......... .......... 94.0M
  4250K .......... .......... .......... .......... ..........  183M
  4300K .......... .......... .......... .......... .......... 61.5M
  4350K .......... .......... .......... .......... .......... 97.3M
  4400K .......... .......... .......... .......... ..........  137M
  4450K .......... .......... .......... .......... .......... 28.0M
  4500K .......... .......... .......... .......... .......... 2.97M
  4550K .......... .......... .......... .......... .......... 29.8M
  4600K .......... .......... .......... .......... ..........  177M
  4650K .......... .......... .......... .......... ..........  185M
  4700K .......... .......... .......... .......... ..........  101M
  4750K .......... .......... .......... .......... .......... 93.8M
  4800K .......... .......... .......... .......... ..........  164M
  4850K .......... .......... .......... .......... .......... 94.1M
  4900K .......... .......... .......... .......... .......... 8.43M
  4950K .......... .......... .......... .......... .......... 71.0M
  5000K .......... .......... .......... .......... .......... 92.4M
  5050K .......... .......... .......... .......... .......... 57.5M
  5100K .......... .......... .......... .......... .......... 96.0M
  5150K .......... .......... .......... .......... .......... 85.1M
  5200K .......... .......... .......... .......... .......... 38.7M
  5250K .......... .......... .......... .......... .......... 68.9M
  5300K .......... .......... .......... .......... .......... 92.9M
  5350K .......... .......... .......... .......... .......... 96.3M
  5400K .......... .......... .......... .......... ..........  175M
  5450K .......... .......... .......... .......... ..........  101M
  5500K .......... .......... .......... .......... .......... 93.5M
  5550K .......... .......... .......... .......... .......... 79.6M
  5600K .......... .......... .......... .......... .......... 28.6M
  5650K .......... .......... .......... .......... .......... 2.87M
  5700K .......... .......... .......... .......... .......... 60.6M
  5750K .......... .......... .......... .......... .......... 94.2M
  5800K .......... .......... .......... .......... ..........  180M
  5850K .......... .......... .......... .......... ..........  102M
  5900K .......... .......... .......... .......... .......... 96.1M
  5950K .......... .......... .......... .......... ..........  176M
  6000K .......... .......... .......... .......... .......... 97.5M
  6050K .......... .......... .......... .......... .......... 7.86M
  6100K .......... .......... .......... .......... ..........  170M
  6150K .......... .......... .......... .......... .......... 55.7M
  6200K .......... .......... .......... .......... .......... 96.4M
  6250K .......... .......... .......... .......... ..........  169M
  6300K .......... .......... .......... .......... .......... 93.9M
  6350K .......... .......... .......... .......... .......... 29.4M
  6400K .......... .......... .......... .......... .......... 74.1M
  6450K .......... .......... .......... .......... .......... 96.4M
  6500K .......... .......... .......... .......... ..........  141M
  6550K .......... .......... .......... .......... ..........  151M
  6600K .......... .......... .......... .......... .......... 90.0M
  6650K .......... .......... .......... .......... ..........  109M
  6700K .......... .......... .......... .......... .......... 78.7M
  6750K .......... .......... .......... .......... .......... 63.8M
  6800K .......... .......... .......... .......... .......... 2.78M
  6850K .......... .......... .......... .......... .......... 47.4M
  6900K .......... .......... .......... .......... .......... 64.3M
  6950K .......... .......... .......... .......... ..........  136M
  7000K .......... .......... .......... .......... .......... 96.7M
  7050K .......... .......... .......... .......... ..........  153M
  7100K .......... .......... .......... .......... .......... 92.6M
  7150K .......... .......... .......... .......... ..........  140M
  7200K .......... .......... .......... .......... .......... 9.94M
  7250K .......... .......... .......... .......... .......... 35.7M
  7300K .......... .......... .......... .......... .......... 51.3M
  7350K .......... .......... .......... .......... ..........  103M
  7400K .......... .......... .......... .......... .......... 93.3M
  7450K .......... .......... .......... .......... .......... 80.9M
  7500K .......... .......... .......... .......... .......... 37.3M
  7550K .......... .......... .......... .......... .......... 64.0M
  7600K .......... .......... .......... .......... .......... 95.6M
  7650K .......... .......... .......... .......... .......... 96.9M
  7700K .......... .......... .......... .......... ..........  144M
  7750K .......... .......... .......... .......... ..........  167M
  7800K .......... .......... .......... .......... .......... 61.0M
  7850K .......... .......... .......... .......... .......... 95.5M
  7900K .......... .......... .......... .......... .......... 39.9M
  7950K .......... .......... .......... .......... .......... 4.22M
  8000K .......... .......... .......... .......... .......... 7.48M
  8050K .......... .......... .......... .......... ..........  422M
  8100K .......... .......... .......... .......... .......... 86.7M
  8150K .......... .......... .......... .......... .......... 86.6M
  8200K .......... .......... .......... .......... ..........  102M
  8250K .......... .......... .......... .......... ..........  133M
  8300K .......... .......... .......... .......... .......... 81.6M
  8350K .......... .......... .......... .......... .......... 11.9M
  8400K .......... .......... .......... .......... .......... 58.8M
  8450K .......... .......... .......... .......... .......... 29.0M
  8500K .......... .......... .......... .......... .......... 45.6M
  8550K .......... .......... .......... .......... ..........  167M
  8600K .......... .......... .......... .......... .......... 83.4M
  8650K .......... .......... .......... .......... .......... 52.4M
  8700K .......... .......... .......... .......... .......... 56.1M
  8750K .......... .......... .......... .......... .......... 55.2M
  8800K .......... .......... .......... .......... .......... 86.7M
  8850K .......... .......... .......... .......... .......... 96.2M
  8900K .......... .......... .......... .......... .......... 56.8M
  8950K .......... .......... .......... .......... ..........  124M
  9000K .......... .......... .......... .......... ..........  102M
  9050K .......... .......... .......... .......... .......... 36.4M
  9100K .......... .......... .......... .......... .......... 66.6M
  9150K .......... .......... .......... .......... .......... 3.01M
  9200K .......... .......... .......... .......... .......... 49.3M
  9250K .......... .......... .......... .......... .......... 85.4M
  9300K .......... .......... .......... .......... ..........  102M
  9350K .......... .......... .......... .......... ..........  160M
  9400K .......... .......... .......... .......... .......... 64.8M
  9450K .......... .......... .......... .......... ..........  186M
  9500K .......... .......... .......... .......... .......... 76.5M
  9550K .......... .......... .......... .......... .......... 11.2M
  9600K .......... .......... .......... .......... .......... 28.2M
  9650K .......... .......... .......... .......... .......... 90.8M
  9700K .......... .......... .......... .......... .......... 55.4M
  9750K .......... .......... .......... .......... .......... 91.4M
  9800K .......... .......... .......... .......... .......... 68.6M
  9850K .......... .......... .......... .......... .......... 57.5M
  9900K .......... .......... .......... .......... .......... 3.00M
  9950K .......... .......... .......... .......... .......... 5.78M
 10000K .......... .......... .......... .......... .......... 61.1M
 10050K .......... .......... .......... .......... .......... 10.6M
 10100K .......... .......... .......... .......... .......... 2.18M
 10150K .......... .......... .......... .......... ..........  112M
 10200K .......... .......... .......... .......... .......... 7.25M
 10250K .......... .......... .......... .......... ..........  138M
 10300K .......... .......... .......... .......... ..........  150M
 10350K .......... .......... .......... .......... ..........  150M
 10400K .......... .......... .......... .......... .......... 28.8M
 10450K .......... .......... .......... .......... ..........  108M
 10500K .......... .......... .......... .......... ..........  125M
 10550K .......... .......... .......... .......... ..........  123M
 10600K .......... .......... .......... .......... .......... 1.58M
 10650K .......... .......... .......... .......... .......... 9.82M
 10700K .......... .......... .......... .......... .......... 99.2M
 10750K .......... .......... .......... .......... ..........  115M
 10800K .......... .......... .......... .......... ..........  110M
 10850K .......... .......... .......... .......... ..........  106M
 10900K .......... .......... .......... .......... .......... 25.6M
 10950K .......... .......... .......... .......... ..........  112M
 11000K .......... .......... .......... .......... ..........  103M
 11050K .......... .......... .......... .......... .......... 92.8M
 11100K .......... .......... .......... .......... ..........  148M
 11150K .......... .......... .......... .......... ..........  102M
 11200K .......... .......... .......... .......... .......... 2.72M
 11250K .......... .......... .......... .......... .......... 97.1M
 11300K .......... .......... .......... .......... .......... 16.8M
 11350K .......... .......... .......... .......... .......... 9.84M
 11400K .......... .......... .......... .......... .......... 89.5M
 11450K .......... .......... .......... .......... .......... 98.9M
 11500K .......... .......... .......... .......... .......... 91.3M
 11550K .......... .......... .......... .......... ..........  172M
 11600K .......... .......... .......... .......... .......... 96.1M
 11650K .......... .......... .......... .......... .......... 73.6M
 11700K .......... ...                                         24.8T=0.7s

2023-11-27 13:52:44 (16.0 MB/s) - ‘./benchmark/crashes/github//atom/atom-22784/atom-1.54.0.tar.gz’ saved [11994433]

[33mwarn[39m:    'analysis-include' config parameter is empty so we only use the target files for analysis
